program=ml.DeveloperApiExample
SPARKLORD_MODE=CONFIG_INJECTION
cpu_cores=2
cpu_util=200
memory=4g
config_file_name=spark-defaults.conf
config_key=spark.eventLog.enabled
config_value=True

2025-03-25 09:19:59,037 INFO [main] org.apache.spark.util.SignalUtils: Registering signal handler for TERM
2025-03-25 09:19:59,041 INFO [main] org.apache.spark.util.SignalUtils: Registering signal handler for HUP
2025-03-25 09:19:59,041 INFO [main] org.apache.spark.util.SignalUtils: Registering signal handler for INT
2025-03-25 09:19:59,277 DEBUG [main] org.apache.hadoop.util.Shell: setsid exited with exit code 0
2025-03-25 09:19:59,399 INFO [main] org.apache.spark.SecurityManager: Changing view acls to: root
2025-03-25 09:19:59,400 INFO [main] org.apache.spark.SecurityManager: Changing modify acls to: root
2025-03-25 09:19:59,402 INFO [main] org.apache.spark.SecurityManager: Changing view acls groups to: 
2025-03-25 09:19:59,402 INFO [main] org.apache.spark.SecurityManager: Changing modify acls groups to: 
2025-03-25 09:19:59,403 INFO [main] org.apache.spark.SecurityManager: SecurityManager: authentication disabled; ui acls disabled; users  with view permissions: Set(root); groups with view permissions: Set(); users  with modify permissions: Set(root); groups with modify permissions: Set()
2025-03-25 09:19:59,459 DEBUG [main] org.apache.hadoop.metrics2.lib.MutableMetricsFactory: field org.apache.hadoop.metrics2.lib.MutableRate org.apache.hadoop.security.UserGroupInformation$UgiMetrics.getGroups with annotation @org.apache.hadoop.metrics2.annotation.Metric(sampleName=Ops, always=false, valueName=Time, about=, interval=10, type=DEFAULT, value=[GetGroups])
2025-03-25 09:19:59,464 DEBUG [main] org.apache.hadoop.metrics2.lib.MutableMetricsFactory: field org.apache.hadoop.metrics2.lib.MutableRate org.apache.hadoop.security.UserGroupInformation$UgiMetrics.loginFailure with annotation @org.apache.hadoop.metrics2.annotation.Metric(sampleName=Ops, always=false, valueName=Time, about=, interval=10, type=DEFAULT, value=[Rate of failed kerberos logins and latency (milliseconds)])
2025-03-25 09:19:59,464 DEBUG [main] org.apache.hadoop.metrics2.lib.MutableMetricsFactory: field org.apache.hadoop.metrics2.lib.MutableRate org.apache.hadoop.security.UserGroupInformation$UgiMetrics.loginSuccess with annotation @org.apache.hadoop.metrics2.annotation.Metric(sampleName=Ops, always=false, valueName=Time, about=, interval=10, type=DEFAULT, value=[Rate of successful kerberos logins and latency (milliseconds)])
2025-03-25 09:19:59,464 DEBUG [main] org.apache.hadoop.metrics2.lib.MutableMetricsFactory: field private org.apache.hadoop.metrics2.lib.MutableGaugeInt org.apache.hadoop.security.UserGroupInformation$UgiMetrics.renewalFailures with annotation @org.apache.hadoop.metrics2.annotation.Metric(sampleName=Ops, always=false, valueName=Time, about=, interval=10, type=DEFAULT, value=[Renewal failures since last successful login])
2025-03-25 09:19:59,464 DEBUG [main] org.apache.hadoop.metrics2.lib.MutableMetricsFactory: field private org.apache.hadoop.metrics2.lib.MutableGaugeLong org.apache.hadoop.security.UserGroupInformation$UgiMetrics.renewalFailuresTotal with annotation @org.apache.hadoop.metrics2.annotation.Metric(sampleName=Ops, always=false, valueName=Time, about=, interval=10, type=DEFAULT, value=[Renewal failures since startup])
2025-03-25 09:19:59,465 DEBUG [main] org.apache.hadoop.metrics2.impl.MetricsSystemImpl: UgiMetrics, User and group related metrics
2025-03-25 09:19:59,478 DEBUG [main] org.apache.hadoop.security.SecurityUtil: Setting hadoop.security.token.service.use_ip to true
2025-03-25 09:19:59,483 DEBUG [main] org.apache.hadoop.security.Groups:  Creating new Groups object
2025-03-25 09:19:59,483 DEBUG [main] org.apache.hadoop.util.NativeCodeLoader: Trying to load the custom-built native-hadoop library...
2025-03-25 09:19:59,484 DEBUG [main] org.apache.hadoop.util.NativeCodeLoader: Failed to load native-hadoop with error: java.lang.UnsatisfiedLinkError: no hadoop in java.library.path
2025-03-25 09:19:59,484 DEBUG [main] org.apache.hadoop.util.NativeCodeLoader: java.library.path=/usr/java/packages/lib/amd64:/usr/lib/x86_64-linux-gnu/jni:/lib/x86_64-linux-gnu:/usr/lib/x86_64-linux-gnu:/usr/lib/jni:/lib:/usr/lib
2025-03-25 09:19:59,484 WARN [main] org.apache.hadoop.util.NativeCodeLoader: Unable to load native-hadoop library for your platform... using builtin-java classes where applicable
2025-03-25 09:19:59,484 DEBUG [main] org.apache.hadoop.util.PerformanceAdvisory: Falling back to shell based
2025-03-25 09:19:59,485 DEBUG [main] org.apache.hadoop.security.JniBasedUnixGroupsMappingWithFallback: Group mapping impl=org.apache.hadoop.security.ShellBasedUnixGroupsMapping
2025-03-25 09:19:59,528 DEBUG [main] org.apache.hadoop.security.Groups: Group mapping impl=org.apache.hadoop.security.JniBasedUnixGroupsMappingWithFallback; cacheTimeout=300000; warningDeltaMs=5000
2025-03-25 09:19:59,604 DEBUG [main] org.apache.spark.deploy.SparkHadoopUtil: creating UGI for user: root
2025-03-25 09:19:59,608 DEBUG [main] org.apache.hadoop.security.UserGroupInformation: Hadoop login
2025-03-25 09:19:59,608 DEBUG [main] org.apache.hadoop.security.UserGroupInformation: hadoop login commit
2025-03-25 09:19:59,610 DEBUG [main] org.apache.hadoop.security.UserGroupInformation: Using local user: UnixPrincipal: root
2025-03-25 09:19:59,611 DEBUG [main] org.apache.hadoop.security.UserGroupInformation: Using user: "UnixPrincipal: root" with name: root
2025-03-25 09:19:59,611 DEBUG [main] org.apache.hadoop.security.UserGroupInformation: User entry: "root"
2025-03-25 09:19:59,611 DEBUG [main] org.apache.hadoop.security.UserGroupInformation: Reading credentials from location /data/tmp/nm-local-dir/usercache/root/appcache/application_1742894333247_0001/container_1742894333247_0001_01_000001/container_tokens
2025-03-25 09:19:59,614 DEBUG [main] org.apache.hadoop.security.UserGroupInformation: Loaded 1 tokens from /data/tmp/nm-local-dir/usercache/root/appcache/application_1742894333247_0001/container_1742894333247_0001_01_000001/container_tokens
2025-03-25 09:19:59,615 DEBUG [main] org.apache.hadoop.security.UserGroupInformation: UGI loginUser: root (auth:SIMPLE)
2025-03-25 09:19:59,615 DEBUG [main] org.apache.hadoop.security.UserGroupInformation: PrivilegedAction [as: root (auth:SIMPLE)][action: org.apache.spark.deploy.yarn.ApplicationMaster$$anon$3@1522d8a0]
java.lang.Exception
	at org.apache.hadoop.security.UserGroupInformation.doAs(UserGroupInformation.java:1875)
	at org.apache.spark.deploy.yarn.ApplicationMaster$.main(ApplicationMaster.scala:925)
	at org.apache.spark.deploy.yarn.ApplicationMaster.main(ApplicationMaster.scala)
2025-03-25 09:19:59,620 INFO [main] org.apache.spark.deploy.yarn.ApplicationMaster: ApplicationAttemptId: appattempt_1742894333247_0001_000001
2025-03-25 09:19:59,622 DEBUG [main] org.apache.spark.util.ShutdownHookManager: Adding shutdown hook
2025-03-25 09:19:59,644 INFO [main] org.apache.spark.deploy.yarn.ApplicationMaster: Starting the user application in a separate Thread
2025-03-25 09:19:59,645 INFO [main] org.apache.spark.deploy.yarn.ApplicationMaster: Waiting for spark context initialization...
2025-03-25 09:19:59,686 INFO [Driver] org.apache.spark.SparkContext: Running Spark version 3.3.2
2025-03-25 09:19:59,707 INFO [Driver] org.apache.spark.resource.ResourceUtils: ==============================================================
2025-03-25 09:19:59,707 INFO [Driver] org.apache.spark.resource.ResourceUtils: No custom resources configured for spark.driver.
2025-03-25 09:19:59,707 INFO [Driver] org.apache.spark.resource.ResourceUtils: ==============================================================
2025-03-25 09:19:59,708 INFO [Driver] org.apache.spark.SparkContext: Submitted application: DeveloperApiExample
2025-03-25 09:19:59,723 INFO [Driver] org.apache.spark.resource.ResourceProfile: Default ResourceProfile created, executor resources: Map(cores -> name: cores, amount: 2, script: , vendor: , memory -> name: memory, amount: 2048, script: , vendor: , offHeap -> name: offHeap, amount: 0, script: , vendor: ), task resources: Map(cpus -> name: cpus, amount: 1.0)
2025-03-25 09:19:59,727 INFO [Driver] org.apache.spark.resource.ResourceProfile: Limiting resource is cpus at 2 tasks per executor
2025-03-25 09:19:59,729 INFO [Driver] org.apache.spark.resource.ResourceProfileManager: Added ResourceProfile id: 0
2025-03-25 09:19:59,756 INFO [Driver] org.apache.spark.SecurityManager: Changing view acls to: root
2025-03-25 09:19:59,756 INFO [Driver] org.apache.spark.SecurityManager: Changing modify acls to: root
2025-03-25 09:19:59,756 INFO [Driver] org.apache.spark.SecurityManager: Changing view acls groups to: 
2025-03-25 09:19:59,756 INFO [Driver] org.apache.spark.SecurityManager: Changing modify acls groups to: 
2025-03-25 09:19:59,756 INFO [Driver] org.apache.spark.SecurityManager: SecurityManager: authentication disabled; ui acls disabled; users  with view permissions: Set(root); groups with view permissions: Set(); users  with modify permissions: Set(root); groups with modify permissions: Set()
2025-03-25 09:19:59,792 DEBUG [Driver] io.netty.util.internal.logging.InternalLoggerFactory: Using SLF4J as the default logging framework
2025-03-25 09:19:59,795 DEBUG [Driver] io.netty.util.internal.InternalThreadLocalMap: -Dio.netty.threadLocalMap.stringBuilder.initialSize: 1024
2025-03-25 09:19:59,795 DEBUG [Driver] io.netty.util.internal.InternalThreadLocalMap: -Dio.netty.threadLocalMap.stringBuilder.maxSize: 4096
2025-03-25 09:19:59,800 DEBUG [Driver] io.netty.channel.MultithreadEventLoopGroup: -Dio.netty.eventLoopThreads: 4
2025-03-25 09:19:59,821 DEBUG [Driver] io.netty.util.internal.PlatformDependent0: -Dio.netty.noUnsafe: false
2025-03-25 09:19:59,821 DEBUG [Driver] io.netty.util.internal.PlatformDependent0: Java version: 8
2025-03-25 09:19:59,821 DEBUG [Driver] io.netty.util.internal.PlatformDependent0: sun.misc.Unsafe.theUnsafe: available
2025-03-25 09:19:59,822 DEBUG [Driver] io.netty.util.internal.PlatformDependent0: sun.misc.Unsafe.copyMemory: available
2025-03-25 09:19:59,822 DEBUG [Driver] io.netty.util.internal.PlatformDependent0: java.nio.Buffer.address: available
2025-03-25 09:19:59,822 DEBUG [Driver] io.netty.util.internal.PlatformDependent0: direct buffer constructor: available
2025-03-25 09:19:59,822 DEBUG [Driver] io.netty.util.internal.PlatformDependent0: java.nio.Bits.unaligned: available, true
2025-03-25 09:19:59,822 DEBUG [Driver] io.netty.util.internal.PlatformDependent0: jdk.internal.misc.Unsafe.allocateUninitializedArray(int): unavailable prior to Java9
2025-03-25 09:19:59,822 DEBUG [Driver] io.netty.util.internal.PlatformDependent0: java.nio.DirectByteBuffer.<init>(long, int): available
2025-03-25 09:19:59,822 DEBUG [Driver] io.netty.util.internal.PlatformDependent: sun.misc.Unsafe: available
2025-03-25 09:19:59,823 DEBUG [Driver] io.netty.util.internal.PlatformDependent: -Dio.netty.tmpdir: /data/tmp/nm-local-dir/usercache/root/appcache/application_1742894333247_0001/container_1742894333247_0001_01_000001/tmp (java.io.tmpdir)
2025-03-25 09:19:59,823 DEBUG [Driver] io.netty.util.internal.PlatformDependent: -Dio.netty.bitMode: 64 (sun.arch.data.model)
2025-03-25 09:19:59,823 DEBUG [Driver] io.netty.util.internal.PlatformDependent: -Dio.netty.maxDirectMemory: 3817865216 bytes
2025-03-25 09:19:59,823 DEBUG [Driver] io.netty.util.internal.PlatformDependent: -Dio.netty.uninitializedArrayAllocationThreshold: -1
2025-03-25 09:19:59,824 DEBUG [Driver] io.netty.util.internal.CleanerJava6: java.nio.ByteBuffer.cleaner(): available
2025-03-25 09:19:59,824 DEBUG [Driver] io.netty.util.internal.PlatformDependent: -Dio.netty.noPreferDirect: false
2025-03-25 09:19:59,824 DEBUG [Driver] io.netty.channel.nio.NioEventLoop: -Dio.netty.noKeySetOptimization: false
2025-03-25 09:19:59,825 DEBUG [Driver] io.netty.channel.nio.NioEventLoop: -Dio.netty.selectorAutoRebuildThreshold: 512
2025-03-25 09:19:59,828 DEBUG [Driver] io.netty.util.internal.PlatformDependent: org.jctools-core.MpscChunkedArrayQueue: available
2025-03-25 09:19:59,838 DEBUG [Driver] io.netty.util.ResourceLeakDetector: -Dio.netty.leakDetection.level: simple
2025-03-25 09:19:59,838 DEBUG [Driver] io.netty.util.ResourceLeakDetector: -Dio.netty.leakDetection.targetRecords: 4
2025-03-25 09:19:59,839 DEBUG [Driver] io.netty.buffer.PooledByteBufAllocator: -Dio.netty.allocator.numHeapArenas: 4
2025-03-25 09:19:59,839 DEBUG [Driver] io.netty.buffer.PooledByteBufAllocator: -Dio.netty.allocator.numDirectArenas: 4
2025-03-25 09:19:59,839 DEBUG [Driver] io.netty.buffer.PooledByteBufAllocator: -Dio.netty.allocator.pageSize: 8192
2025-03-25 09:19:59,840 DEBUG [Driver] io.netty.buffer.PooledByteBufAllocator: -Dio.netty.allocator.maxOrder: 11
2025-03-25 09:19:59,840 DEBUG [Driver] io.netty.buffer.PooledByteBufAllocator: -Dio.netty.allocator.chunkSize: 16777216
2025-03-25 09:19:59,840 DEBUG [Driver] io.netty.buffer.PooledByteBufAllocator: -Dio.netty.allocator.smallCacheSize: 256
2025-03-25 09:19:59,840 DEBUG [Driver] io.netty.buffer.PooledByteBufAllocator: -Dio.netty.allocator.normalCacheSize: 64
2025-03-25 09:19:59,840 DEBUG [Driver] io.netty.buffer.PooledByteBufAllocator: -Dio.netty.allocator.maxCachedBufferCapacity: 32768
2025-03-25 09:19:59,840 DEBUG [Driver] io.netty.buffer.PooledByteBufAllocator: -Dio.netty.allocator.cacheTrimInterval: 8192
2025-03-25 09:19:59,840 DEBUG [Driver] io.netty.buffer.PooledByteBufAllocator: -Dio.netty.allocator.cacheTrimIntervalMillis: 0
2025-03-25 09:19:59,840 DEBUG [Driver] io.netty.buffer.PooledByteBufAllocator: -Dio.netty.allocator.useCacheForAllThreads: true
2025-03-25 09:19:59,840 DEBUG [Driver] io.netty.buffer.PooledByteBufAllocator: -Dio.netty.allocator.maxCachedByteBuffersPerChunk: 1023
2025-03-25 09:19:59,857 DEBUG [Driver] io.netty.channel.DefaultChannelId: -Dio.netty.processId: 1502 (auto-detected)
2025-03-25 09:19:59,858 DEBUG [Driver] io.netty.util.NetUtil: -Djava.net.preferIPv4Stack: false
2025-03-25 09:19:59,858 DEBUG [Driver] io.netty.util.NetUtil: -Djava.net.preferIPv6Addresses: false
2025-03-25 09:19:59,859 DEBUG [Driver] io.netty.util.NetUtilInitializations: Loopback interface: lo (lo, 0:0:0:0:0:0:0:1%lo)
2025-03-25 09:19:59,860 DEBUG [Driver] io.netty.util.NetUtil: /proc/sys/net/core/somaxconn: 4096
2025-03-25 09:19:59,860 DEBUG [Driver] io.netty.channel.DefaultChannelId: -Dio.netty.machineId: 02:42:ac:ff:fe:14:01:0d (auto-detected)
2025-03-25 09:19:59,869 DEBUG [Driver] io.netty.buffer.ByteBufUtil: -Dio.netty.allocator.type: pooled
2025-03-25 09:19:59,869 DEBUG [Driver] io.netty.buffer.ByteBufUtil: -Dio.netty.threadLocalDirectBufferSize: 0
2025-03-25 09:19:59,869 DEBUG [Driver] io.netty.buffer.ByteBufUtil: -Dio.netty.maxThreadLocalCharBufferSize: 16384
2025-03-25 09:19:59,878 DEBUG [Driver] org.apache.spark.network.server.TransportServer: Shuffle server started on port: 42329
2025-03-25 09:19:59,885 INFO [Driver] org.apache.spark.util.Utils: Successfully started service 'sparkDriver' on port 42329.
2025-03-25 09:19:59,886 DEBUG [Driver] org.apache.spark.SparkEnv: Using serializer: class org.apache.spark.serializer.JavaSerializer
2025-03-25 09:19:59,901 INFO [Driver] org.apache.spark.SparkEnv: Registering MapOutputTracker
2025-03-25 09:19:59,902 DEBUG [Driver] org.apache.spark.MapOutputTrackerMasterEndpoint: init
2025-03-25 09:19:59,923 INFO [Driver] org.apache.spark.SparkEnv: Registering BlockManagerMaster
2025-03-25 09:19:59,933 INFO [Driver] org.apache.spark.storage.BlockManagerMasterEndpoint: Using org.apache.spark.storage.DefaultTopologyMapper for getting topology information
2025-03-25 09:19:59,934 INFO [Driver] org.apache.spark.storage.BlockManagerMasterEndpoint: BlockManagerMasterEndpoint up
2025-03-25 09:19:59,969 INFO [Driver] org.apache.spark.SparkEnv: Registering BlockManagerMasterHeartbeat
2025-03-25 09:19:59,990 INFO [Driver] org.apache.spark.storage.DiskBlockManager: Created local directory at /data/tmp/nm-local-dir/usercache/root/appcache/application_1742894333247_0001/blockmgr-ccae9d2b-459a-46cd-ae7f-ab182d228fc5
2025-03-25 09:19:59,992 DEBUG [Driver] org.apache.spark.storage.DiskBlockManager: Adding shutdown hook
2025-03-25 09:20:00,003 INFO [Driver] org.apache.spark.storage.memory.MemoryStore: MemoryStore started with capacity 2004.6 MiB
2025-03-25 09:20:00,037 INFO [Driver] org.apache.spark.SparkEnv: Registering OutputCommitCoordinator
2025-03-25 09:20:00,037 DEBUG [Driver] org.apache.spark.scheduler.OutputCommitCoordinator$OutputCommitCoordinatorEndpoint: init
2025-03-25 09:20:00,044 DEBUG [Driver] org.apache.spark.SecurityManager: Created SSL options for ui: SSLOptions{enabled=false, port=None, keyStore=None, keyStorePassword=None, trustStore=None, trustStorePassword=None, protocol=None, enabledAlgorithms=Set()}
2025-03-25 09:20:00,186 DEBUG [Driver] org.apache.spark.ui.JettyUtils: Using requestHeaderSize: 8192
2025-03-25 09:20:00,202 INFO [Driver] org.apache.spark.util.Utils: Successfully started service 'SparkUI' on port 37749.
2025-03-25 09:20:00,203 INFO [Driver] org.apache.spark.ui.ServerInfo: Adding filter to /: org.apache.hadoop.yarn.server.webproxy.amfilter.AmIpFilter
2025-03-25 09:20:00,257 INFO [Driver] org.apache.spark.scheduler.cluster.YarnClusterScheduler: Created YarnClusterScheduler
2025-03-25 09:20:00,301 DEBUG [Driver] org.apache.spark.network.server.TransportServer: Shuffle server started on port: 43781
2025-03-25 09:20:00,301 INFO [Driver] org.apache.spark.util.Utils: Successfully started service 'org.apache.spark.network.netty.NettyBlockTransferService' on port 43781.
2025-03-25 09:20:00,301 INFO [Driver] org.apache.spark.network.netty.NettyBlockTransferService: Server created on slave2:43781
2025-03-25 09:20:00,302 INFO [Driver] org.apache.spark.storage.BlockManager: Using org.apache.spark.storage.RandomBlockReplicationPolicy for block replication policy
2025-03-25 09:20:00,306 INFO [Driver] org.apache.spark.storage.BlockManagerMaster: Registering BlockManager BlockManagerId(driver, slave2, 43781, None)
2025-03-25 09:20:00,307 DEBUG [dispatcher-BlockManagerMaster] org.apache.spark.storage.DefaultTopologyMapper: Got a request for slave2
2025-03-25 09:20:00,308 INFO [dispatcher-BlockManagerMaster] org.apache.spark.storage.BlockManagerMasterEndpoint: Registering block manager slave2:43781 with 2004.6 MiB RAM, BlockManagerId(driver, slave2, 43781, None)
2025-03-25 09:20:00,309 INFO [Driver] org.apache.spark.storage.BlockManagerMaster: Registered BlockManager BlockManagerId(driver, slave2, 43781, None)
2025-03-25 09:20:00,310 INFO [Driver] org.apache.spark.storage.BlockManager: Initialized BlockManager: BlockManagerId(driver, slave2, 43781, None)
2025-03-25 09:20:00,386 DEBUG [Driver] org.apache.hadoop.fs.FileSystem: Starting: Acquiring creator semaphore for file:/tmp/spark-events
2025-03-25 09:20:00,386 DEBUG [Driver] org.apache.hadoop.fs.FileSystem: Acquiring creator semaphore for file:/tmp/spark-events: duration 0:00.000s
2025-03-25 09:20:00,387 DEBUG [Driver] org.apache.hadoop.fs.FileSystem: Starting: Creating FS file:/tmp/spark-events
2025-03-25 09:20:00,387 DEBUG [Driver] org.apache.hadoop.fs.FileSystem: Loading filesystems
2025-03-25 09:20:00,392 DEBUG [Driver] org.apache.hadoop.fs.FileSystem: file:// = class org.apache.hadoop.fs.LocalFileSystem from /data/tmp/nm-local-dir/usercache/root/filecache/10/__spark_libs__5317301670652572514.zip/hadoop-client-api-3.3.2.jar
2025-03-25 09:20:00,395 DEBUG [Driver] org.apache.hadoop.fs.FileSystem: viewfs:// = class org.apache.hadoop.fs.viewfs.ViewFileSystem from /data/tmp/nm-local-dir/usercache/root/filecache/10/__spark_libs__5317301670652572514.zip/hadoop-client-api-3.3.2.jar
2025-03-25 09:20:00,396 DEBUG [Driver] org.apache.hadoop.fs.FileSystem: har:// = class org.apache.hadoop.fs.HarFileSystem from /data/tmp/nm-local-dir/usercache/root/filecache/10/__spark_libs__5317301670652572514.zip/hadoop-client-api-3.3.2.jar
2025-03-25 09:20:00,396 DEBUG [Driver] org.apache.hadoop.fs.FileSystem: http:// = class org.apache.hadoop.fs.http.HttpFileSystem from /data/tmp/nm-local-dir/usercache/root/filecache/10/__spark_libs__5317301670652572514.zip/hadoop-client-api-3.3.2.jar
2025-03-25 09:20:00,396 DEBUG [Driver] org.apache.hadoop.fs.FileSystem: https:// = class org.apache.hadoop.fs.http.HttpsFileSystem from /data/tmp/nm-local-dir/usercache/root/filecache/10/__spark_libs__5317301670652572514.zip/hadoop-client-api-3.3.2.jar
2025-03-25 09:20:00,400 DEBUG [Driver] org.apache.hadoop.fs.FileSystem: hdfs:// = class org.apache.hadoop.hdfs.DistributedFileSystem from /data/tmp/nm-local-dir/usercache/root/filecache/10/__spark_libs__5317301670652572514.zip/hadoop-client-api-3.3.2.jar
2025-03-25 09:20:00,403 DEBUG [Driver] org.apache.hadoop.fs.FileSystem: webhdfs:// = class org.apache.hadoop.hdfs.web.WebHdfsFileSystem from /data/tmp/nm-local-dir/usercache/root/filecache/10/__spark_libs__5317301670652572514.zip/hadoop-client-api-3.3.2.jar
2025-03-25 09:20:00,403 DEBUG [Driver] org.apache.hadoop.fs.FileSystem: swebhdfs:// = class org.apache.hadoop.hdfs.web.SWebHdfsFileSystem from /data/tmp/nm-local-dir/usercache/root/filecache/10/__spark_libs__5317301670652572514.zip/hadoop-client-api-3.3.2.jar
2025-03-25 09:20:00,403 DEBUG [Driver] org.apache.hadoop.fs.FileSystem: nullscan:// = class org.apache.hadoop.hive.ql.io.NullScanFileSystem from /data/tmp/nm-local-dir/usercache/root/filecache/10/__spark_libs__5317301670652572514.zip/hive-exec-2.3.9-core.jar
2025-03-25 09:20:00,404 DEBUG [Driver] org.apache.hadoop.fs.FileSystem: file:// = class org.apache.hadoop.hive.ql.io.ProxyLocalFileSystem from /data/tmp/nm-local-dir/usercache/root/filecache/10/__spark_libs__5317301670652572514.zip/hive-exec-2.3.9-core.jar
2025-03-25 09:20:00,404 DEBUG [Driver] org.apache.hadoop.fs.FileSystem: Looking for FS supporting file
2025-03-25 09:20:00,404 DEBUG [Driver] org.apache.hadoop.fs.FileSystem: looking for configuration option fs.file.impl
2025-03-25 09:20:00,415 DEBUG [Driver] org.apache.hadoop.fs.FileSystem: Looking in service filesystems for implementation class
2025-03-25 09:20:00,415 DEBUG [Driver] org.apache.hadoop.fs.FileSystem: FS for file is class org.apache.hadoop.hive.ql.io.ProxyLocalFileSystem
2025-03-25 09:20:00,417 DEBUG [Driver] org.apache.hadoop.fs.FileSystem: Creating FS file:/tmp/spark-events: duration 0:00.030s
2025-03-25 09:20:00,418 ERROR [Driver] org.apache.spark.SparkContext: Error initializing SparkContext.
java.io.FileNotFoundException: File file:/tmp/spark-events does not exist
	at org.apache.hadoop.fs.RawLocalFileSystem.deprecatedGetFileStatus(RawLocalFileSystem.java:779)
	at org.apache.hadoop.fs.RawLocalFileSystem.getFileLinkStatusInternal(RawLocalFileSystem.java:1100)
	at org.apache.hadoop.fs.RawLocalFileSystem.getFileStatus(RawLocalFileSystem.java:769)
	at org.apache.hadoop.fs.FilterFileSystem.getFileStatus(FilterFileSystem.java:462)
	at org.apache.spark.deploy.history.EventLogFileWriter.requireLogBaseDirAsDirectory(EventLogFileWriters.scala:77)
	at org.apache.spark.deploy.history.SingleEventLogFileWriter.start(EventLogFileWriters.scala:221)
	at org.apache.spark.scheduler.EventLoggingListener.start(EventLoggingListener.scala:83)
	at org.apache.spark.SparkContext.<init>(SparkContext.scala:622)
	at org.apache.spark.SparkContext$.getOrCreate(SparkContext.scala:2714)
	at org.apache.spark.sql.SparkSession$Builder.$anonfun$getOrCreate$2(SparkSession.scala:953)
	at scala.Option.getOrElse(Option.scala:189)
	at org.apache.spark.sql.SparkSession$Builder.getOrCreate(SparkSession.scala:947)
	at org.apache.spark.examples.ml.DeveloperApiExample$.main(DeveloperApiExample.scala:42)
	at org.apache.spark.examples.ml.DeveloperApiExample.main(DeveloperApiExample.scala)
	at sun.reflect.NativeMethodAccessorImpl.invoke0(Native Method)
	at sun.reflect.NativeMethodAccessorImpl.invoke(NativeMethodAccessorImpl.java:62)
	at sun.reflect.DelegatingMethodAccessorImpl.invoke(DelegatingMethodAccessorImpl.java:43)
	at java.lang.reflect.Method.invoke(Method.java:498)
	at org.apache.spark.deploy.yarn.ApplicationMaster$$anon$2.run(ApplicationMaster.scala:739)
2025-03-25 09:20:00,426 INFO [Driver] org.apache.spark.ui.SparkUI: Stopped Spark web UI at http://slave2:37749
2025-03-25 09:20:00,432 WARN [dispatcher-event-loop-1] org.apache.spark.scheduler.cluster.YarnSchedulerBackend$YarnSchedulerEndpoint: Attempted to request executors before the AM has registered!
2025-03-25 09:20:00,433 INFO [Driver] org.apache.spark.scheduler.cluster.YarnClusterSchedulerBackend: Shutting down all executors
2025-03-25 09:20:00,435 INFO [dispatcher-CoarseGrainedScheduler] org.apache.spark.scheduler.cluster.YarnSchedulerBackend$YarnDriverEndpoint: Asking each executor to shut down
2025-03-25 09:20:00,446 INFO [dispatcher-event-loop-1] org.apache.spark.MapOutputTrackerMasterEndpoint: MapOutputTrackerMasterEndpoint stopped!
2025-03-25 09:20:00,454 INFO [Driver] org.apache.spark.storage.memory.MemoryStore: MemoryStore cleared
2025-03-25 09:20:00,454 INFO [Driver] org.apache.spark.storage.BlockManager: BlockManager stopped
2025-03-25 09:20:00,460 INFO [Driver] org.apache.spark.storage.BlockManagerMaster: BlockManagerMaster stopped
2025-03-25 09:20:00,462 INFO [dispatcher-event-loop-0] org.apache.spark.scheduler.OutputCommitCoordinator$OutputCommitCoordinatorEndpoint: OutputCommitCoordinator stopped!
2025-03-25 09:20:00,463 INFO [Driver] org.apache.spark.SparkContext: Successfully stopped SparkContext
2025-03-25 09:20:00,464 ERROR [Driver] org.apache.spark.deploy.yarn.ApplicationMaster: User class threw exception: java.io.FileNotFoundException: File file:/tmp/spark-events does not exist
java.io.FileNotFoundException: File file:/tmp/spark-events does not exist
	at org.apache.hadoop.fs.RawLocalFileSystem.deprecatedGetFileStatus(RawLocalFileSystem.java:779)
	at org.apache.hadoop.fs.RawLocalFileSystem.getFileLinkStatusInternal(RawLocalFileSystem.java:1100)
	at org.apache.hadoop.fs.RawLocalFileSystem.getFileStatus(RawLocalFileSystem.java:769)
	at org.apache.hadoop.fs.FilterFileSystem.getFileStatus(FilterFileSystem.java:462)
	at org.apache.spark.deploy.history.EventLogFileWriter.requireLogBaseDirAsDirectory(EventLogFileWriters.scala:77)
	at org.apache.spark.deploy.history.SingleEventLogFileWriter.start(EventLogFileWriters.scala:221)
	at org.apache.spark.scheduler.EventLoggingListener.start(EventLoggingListener.scala:83)
	at org.apache.spark.SparkContext.<init>(SparkContext.scala:622)
	at org.apache.spark.SparkContext$.getOrCreate(SparkContext.scala:2714)
	at org.apache.spark.sql.SparkSession$Builder.$anonfun$getOrCreate$2(SparkSession.scala:953)
	at scala.Option.getOrElse(Option.scala:189)
	at org.apache.spark.sql.SparkSession$Builder.getOrCreate(SparkSession.scala:947)
	at org.apache.spark.examples.ml.DeveloperApiExample$.main(DeveloperApiExample.scala:42)
	at org.apache.spark.examples.ml.DeveloperApiExample.main(DeveloperApiExample.scala)
	at sun.reflect.NativeMethodAccessorImpl.invoke0(Native Method)
	at sun.reflect.NativeMethodAccessorImpl.invoke(NativeMethodAccessorImpl.java:62)
	at sun.reflect.DelegatingMethodAccessorImpl.invoke(DelegatingMethodAccessorImpl.java:43)
	at java.lang.reflect.Method.invoke(Method.java:498)
	at org.apache.spark.deploy.yarn.ApplicationMaster$$anon$2.run(ApplicationMaster.scala:739)
2025-03-25 09:20:00,464 INFO [Driver] org.apache.spark.deploy.yarn.ApplicationMaster: Final app status: FAILED, exitCode: 13, (reason: User class threw exception: java.io.FileNotFoundException: File file:/tmp/spark-events does not exist
	at org.apache.hadoop.fs.RawLocalFileSystem.deprecatedGetFileStatus(RawLocalFileSystem.java:779)
	at org.apache.hadoop.fs.RawLocalFileSystem.getFileLinkStatusInternal(RawLocalFileSystem.java:1100)
	at org.apache.hadoop.fs.RawLocalFileSystem.getFileStatus(RawLocalFileSystem.java:769)
	at org.apache.hadoop.fs.FilterFileSystem.getFileStatus(FilterFileSystem.java:462)
	at org.apache.spark.deploy.history.EventLogFileWriter.requireLogBaseDirAsDirectory(EventLogFileWriters.scala:77)
	at org.apache.spark.deploy.history.SingleEventLogFileWriter.start(EventLogFileWriters.scala:221)
	at org.apache.spark.scheduler.EventLoggingListener.start(EventLoggingListener.scala:83)
	at org.apache.spark.SparkContext.<init>(SparkContext.scala:622)
	at org.apache.spark.SparkContext$.getOrCreate(SparkContext.scala:2714)
	at org.apache.spark.sql.SparkSession$Builder.$anonfun$getOrCreate$2(SparkSession.scala:953)
	at scala.Option.getOrElse(Option.scala:189)
	at org.apache.spark.sql.SparkSession$Builder.getOrCreate(SparkSession.scala:947)
	at org.apache.spark.examples.ml.DeveloperApiExample$.main(DeveloperApiExample.scala:42)
	at org.apache.spark.examples.ml.DeveloperApiExample.main(DeveloperApiExample.scala)
	at sun.reflect.NativeMethodAccessorImpl.invoke0(Native Method)
	at sun.reflect.NativeMethodAccessorImpl.invoke(NativeMethodAccessorImpl.java:62)
	at sun.reflect.DelegatingMethodAccessorImpl.invoke(DelegatingMethodAccessorImpl.java:43)
	at java.lang.reflect.Method.invoke(Method.java:498)
	at org.apache.spark.deploy.yarn.ApplicationMaster$$anon$2.run(ApplicationMaster.scala:739)
)
2025-03-25 09:20:00,468 ERROR [main] org.apache.spark.deploy.yarn.ApplicationMaster: Uncaught exception: 
org.apache.spark.SparkException: Exception thrown in awaitResult: 
	at org.apache.spark.util.ThreadUtils$.awaitResult(ThreadUtils.scala:301)
	at org.apache.spark.deploy.yarn.ApplicationMaster.runDriver(ApplicationMaster.scala:511)
	at org.apache.spark.deploy.yarn.ApplicationMaster.run(ApplicationMaster.scala:275)
	at org.apache.spark.deploy.yarn.ApplicationMaster$$anon$3.run(ApplicationMaster.scala:926)
	at org.apache.spark.deploy.yarn.ApplicationMaster$$anon$3.run(ApplicationMaster.scala:925)
	at java.security.AccessController.doPrivileged(Native Method)
	at javax.security.auth.Subject.doAs(Subject.java:422)
	at org.apache.hadoop.security.UserGroupInformation.doAs(UserGroupInformation.java:1878)
	at org.apache.spark.deploy.yarn.ApplicationMaster$.main(ApplicationMaster.scala:925)
	at org.apache.spark.deploy.yarn.ApplicationMaster.main(ApplicationMaster.scala)
Caused by: java.io.FileNotFoundException: File file:/tmp/spark-events does not exist
	at org.apache.hadoop.fs.RawLocalFileSystem.deprecatedGetFileStatus(RawLocalFileSystem.java:779)
	at org.apache.hadoop.fs.RawLocalFileSystem.getFileLinkStatusInternal(RawLocalFileSystem.java:1100)
	at org.apache.hadoop.fs.RawLocalFileSystem.getFileStatus(RawLocalFileSystem.java:769)
	at org.apache.hadoop.fs.FilterFileSystem.getFileStatus(FilterFileSystem.java:462)
	at org.apache.spark.deploy.history.EventLogFileWriter.requireLogBaseDirAsDirectory(EventLogFileWriters.scala:77)
	at org.apache.spark.deploy.history.SingleEventLogFileWriter.start(EventLogFileWriters.scala:221)
	at org.apache.spark.scheduler.EventLoggingListener.start(EventLoggingListener.scala:83)
	at org.apache.spark.SparkContext.<init>(SparkContext.scala:622)
	at org.apache.spark.SparkContext$.getOrCreate(SparkContext.scala:2714)
	at org.apache.spark.sql.SparkSession$Builder.$anonfun$getOrCreate$2(SparkSession.scala:953)
	at scala.Option.getOrElse(Option.scala:189)
	at org.apache.spark.sql.SparkSession$Builder.getOrCreate(SparkSession.scala:947)
	at org.apache.spark.examples.ml.DeveloperApiExample$.main(DeveloperApiExample.scala:42)
	at org.apache.spark.examples.ml.DeveloperApiExample.main(DeveloperApiExample.scala)
	at sun.reflect.NativeMethodAccessorImpl.invoke0(Native Method)
	at sun.reflect.NativeMethodAccessorImpl.invoke(NativeMethodAccessorImpl.java:62)
	at sun.reflect.DelegatingMethodAccessorImpl.invoke(DelegatingMethodAccessorImpl.java:43)
	at java.lang.reflect.Method.invoke(Method.java:498)
	at org.apache.spark.deploy.yarn.ApplicationMaster$$anon$2.run(ApplicationMaster.scala:739)
2025-03-25 09:20:00,489 INFO [shutdown-hook-0] org.apache.spark.util.ShutdownHookManager: Shutdown hook called
2025-03-25 09:20:00,489 INFO [shutdown-hook-0] org.apache.spark.util.ShutdownHookManager: Deleting directory /data/tmp/nm-local-dir/usercache/root/appcache/application_1742894333247_0001/spark-6ec57b38-5640-44e4-bada-e1cbf3b9907d
2025-03-25 09:20:00,491 DEBUG [shutdown-hook-0] org.apache.hadoop.fs.FileSystem: FileSystem.close() by method: org.apache.hadoop.fs.FilterFileSystem.close(FilterFileSystem.java:529)); Key: (root (auth:SIMPLE))@file://; URI: file:///; Object Identity Hash: 1e8cccc0
2025-03-25 09:20:00,491 DEBUG [shutdown-hook-0] org.apache.hadoop.fs.FileSystem: FileSystem.close() by method: org.apache.hadoop.fs.RawLocalFileSystem.close(RawLocalFileSystem.java:759)); Key: null; URI: file:///; Object Identity Hash: 25035473
2025-03-25 09:20:00,491 DEBUG [Thread-2] org.apache.hadoop.util.ShutdownHookManager: Completed shutdown in 0.022 seconds; Timeouts: 0
2025-03-25 09:20:00,499 DEBUG [Thread-2] org.apache.hadoop.util.ShutdownHookManager: ShutdownHookManager completed shutdown.
