program=ml.DeveloperApiExample
SPARKLORD_MODE=CONFIG_INJECTION
cpu_cores=2
cpu_util=200
memory=4g
config_file_name=spark-defaults.conf
config_key=spark.io.compression.codec
config_value=lz4

2025-03-25 10:14:05,720 INFO [main] org.apache.hadoop.yarn.server.resourcemanager.ResourceManager: STARTUP_MSG: 
/************************************************************
STARTUP_MSG: Starting ResourceManager
STARTUP_MSG:   host = master/172.20.1.10
STARTUP_MSG:   args = []
STARTUP_MSG:   version = 3.3.4
STARTUP_MSG:   classpath = /hadoop/etc/hadoop:/hadoop/share/hadoop/common/lib/jetty-io-9.4.43.v20210629.jar:/hadoop/share/hadoop/common/lib/jersey-core-1.19.jar:/hadoop/share/hadoop/common/lib/kerb-admin-1.0.1.jar:/hadoop/share/hadoop/common/lib/avro-1.7.7.jar:/hadoop/share/hadoop/common/lib/jetty-servlet-9.4.43.v20210629.jar:/hadoop/share/hadoop/common/lib/jackson-jaxrs-1.9.13.jar:/hadoop/share/hadoop/common/lib/listenablefuture-9999.0-empty-to-avoid-conflict-with-guava.jar:/hadoop/share/hadoop/common/lib/kerby-config-1.0.1.jar:/hadoop/share/hadoop/common/lib/commons-logging-1.1.3.jar:/hadoop/share/hadoop/common/lib/jackson-core-asl-1.9.13.jar:/hadoop/share/hadoop/common/lib/curator-recipes-4.2.0.jar:/hadoop/share/hadoop/common/lib/jetty-util-9.4.43.v20210629.jar:/hadoop/share/hadoop/common/lib/animal-sniffer-annotations-1.17.jar:/hadoop/share/hadoop/common/lib/curator-framework-4.2.0.jar:/hadoop/share/hadoop/common/lib/zookeeper-3.5.6.jar:/hadoop/share/hadoop/common/lib/commons-daemon-1.0.13.jar:/hadoop/share/hadoop/common/lib/jsr305-3.0.2.jar:/hadoop/share/hadoop/common/lib/hadoop-shaded-protobuf_3_7-1.1.1.jar:/hadoop/share/hadoop/common/lib/curator-client-4.2.0.jar:/hadoop/share/hadoop/common/lib/kerb-client-1.0.1.jar:/hadoop/share/hadoop/common/lib/kerby-util-1.0.1.jar:/hadoop/share/hadoop/common/lib/j2objc-annotations-1.1.jar:/hadoop/share/hadoop/common/lib/jetty-util-ajax-9.4.43.v20210629.jar:/hadoop/share/hadoop/common/lib/jackson-core-2.12.7.jar:/hadoop/share/hadoop/common/lib/jackson-databind-2.12.7.jar:/hadoop/share/hadoop/common/lib/jetty-xml-9.4.43.v20210629.jar:/hadoop/share/hadoop/common/lib/kerb-common-1.0.1.jar:/hadoop/share/hadoop/common/lib/jackson-xc-1.9.13.jar:/hadoop/share/hadoop/common/lib/jaxb-impl-2.2.3-1.jar:/hadoop/share/hadoop/common/lib/metrics-core-3.2.4.jar:/hadoop/share/hadoop/common/lib/reload4j-1.2.22.jar:/hadoop/share/hadoop/common/lib/commons-text-1.4.jar:/hadoop/share/hadoop/common/lib/commons-cli-1.2.jar:/hadoop/share/hadoop/common/lib/commons-collections-3.2.2.jar:/hadoop/share/hadoop/common/lib/token-provider-1.0.1.jar:/hadoop/share/hadoop/common/lib/snappy-java-1.1.8.2.jar:/hadoop/share/hadoop/common/lib/commons-math3-3.1.1.jar:/hadoop/share/hadoop/common/lib/jackson-annotations-2.12.7.jar:/hadoop/share/hadoop/common/lib/jetty-security-9.4.43.v20210629.jar:/hadoop/share/hadoop/common/lib/commons-codec-1.15.jar:/hadoop/share/hadoop/common/lib/checker-qual-2.5.2.jar:/hadoop/share/hadoop/common/lib/httpclient-4.5.13.jar:/hadoop/share/hadoop/common/lib/woodstox-core-5.3.0.jar:/hadoop/share/hadoop/common/lib/netty-3.10.6.Final.jar:/hadoop/share/hadoop/common/lib/hadoop-annotations-3.3.4.jar:/hadoop/share/hadoop/common/lib/jsp-api-2.1.jar:/hadoop/share/hadoop/common/lib/jetty-server-9.4.43.v20210629.jar:/hadoop/share/hadoop/common/lib/slf4j-reload4j-1.7.36.jar:/hadoop/share/hadoop/common/lib/commons-beanutils-1.9.4.jar:/hadoop/share/hadoop/common/lib/accessors-smart-2.4.7.jar:/hadoop/share/hadoop/common/lib/jersey-server-1.19.jar:/hadoop/share/hadoop/common/lib/dnsjava-2.1.7.jar:/hadoop/share/hadoop/common/lib/httpcore-4.4.13.jar:/hadoop/share/hadoop/common/lib/jetty-webapp-9.4.43.v20210629.jar:/hadoop/share/hadoop/common/lib/kerb-simplekdc-1.0.1.jar:/hadoop/share/hadoop/common/lib/jaxb-api-2.2.11.jar:/hadoop/share/hadoop/common/lib/jsr311-api-1.1.1.jar:/hadoop/share/hadoop/common/lib/hadoop-shaded-guava-1.1.1.jar:/hadoop/share/hadoop/common/lib/failureaccess-1.0.jar:/hadoop/share/hadoop/common/lib/gson-2.8.9.jar:/hadoop/share/hadoop/common/lib/commons-lang3-3.12.0.jar:/hadoop/share/hadoop/common/lib/kerby-xdr-1.0.1.jar:/hadoop/share/hadoop/common/lib/guava-27.0-jre.jar:/hadoop/share/hadoop/common/lib/jcip-annotations-1.0-1.jar:/hadoop/share/hadoop/common/lib/commons-io-2.8.0.jar:/hadoop/share/hadoop/common/lib/javax.servlet-api-3.1.0.jar:/hadoop/share/hadoop/common/lib/slf4j-api-1.7.36.jar:/hadoop/share/hadoop/common/lib/re2j-1.1.jar:/hadoop/share/hadoop/common/lib/nimbus-jose-jwt-9.8.1.jar:/hadoop/share/hadoop/common/lib/jersey-servlet-1.19.jar:/hadoop/share/hadoop/common/lib/kerb-util-1.0.1.jar:/hadoop/share/hadoop/common/lib/jakarta.activation-api-1.2.1.jar:/hadoop/share/hadoop/common/lib/commons-net-3.6.jar:/hadoop/share/hadoop/common/lib/kerb-core-1.0.1.jar:/hadoop/share/hadoop/common/lib/jackson-mapper-asl-1.9.13.jar:/hadoop/share/hadoop/common/lib/hadoop-auth-3.3.4.jar:/hadoop/share/hadoop/common/lib/kerby-asn1-1.0.1.jar:/hadoop/share/hadoop/common/lib/protobuf-java-2.5.0.jar:/hadoop/share/hadoop/common/lib/jul-to-slf4j-1.7.36.jar:/hadoop/share/hadoop/common/lib/stax2-api-4.2.1.jar:/hadoop/share/hadoop/common/lib/commons-configuration2-2.1.1.jar:/hadoop/share/hadoop/common/lib/commons-compress-1.21.jar:/hadoop/share/hadoop/common/lib/json-smart-2.4.7.jar:/hadoop/share/hadoop/common/lib/kerby-pkix-1.0.1.jar:/hadoop/share/hadoop/common/lib/asm-5.0.4.jar:/hadoop/share/hadoop/common/lib/paranamer-2.3.jar:/hadoop/share/hadoop/common/lib/kerb-server-1.0.1.jar:/hadoop/share/hadoop/common/lib/kerb-crypto-1.0.1.jar:/hadoop/share/hadoop/common/lib/kerb-identity-1.0.1.jar:/hadoop/share/hadoop/common/lib/jetty-http-9.4.43.v20210629.jar:/hadoop/share/hadoop/common/lib/jersey-json-1.19.jar:/hadoop/share/hadoop/common/lib/zookeeper-jute-3.5.6.jar:/hadoop/share/hadoop/common/lib/jettison-1.1.jar:/hadoop/share/hadoop/common/lib/jsch-0.1.55.jar:/hadoop/share/hadoop/common/lib/audience-annotations-0.5.0.jar:/hadoop/share/hadoop/common/hadoop-common-3.3.4.jar:/hadoop/share/hadoop/common/hadoop-kms-3.3.4.jar:/hadoop/share/hadoop/common/hadoop-registry-3.3.4.jar:/hadoop/share/hadoop/common/hadoop-nfs-3.3.4.jar:/hadoop/share/hadoop/common/hadoop-common-3.3.4-tests.jar:/hadoop/share/hadoop/hdfs:/hadoop/share/hadoop/hdfs/lib/jetty-io-9.4.43.v20210629.jar:/hadoop/share/hadoop/hdfs/lib/jersey-core-1.19.jar:/hadoop/share/hadoop/hdfs/lib/kerb-admin-1.0.1.jar:/hadoop/share/hadoop/hdfs/lib/avro-1.7.7.jar:/hadoop/share/hadoop/hdfs/lib/jetty-servlet-9.4.43.v20210629.jar:/hadoop/share/hadoop/hdfs/lib/netty-codec-memcache-4.1.77.Final.jar:/hadoop/share/hadoop/hdfs/lib/jackson-jaxrs-1.9.13.jar:/hadoop/share/hadoop/hdfs/lib/listenablefuture-9999.0-empty-to-avoid-conflict-with-guava.jar:/hadoop/share/hadoop/hdfs/lib/kerby-config-1.0.1.jar:/hadoop/share/hadoop/hdfs/lib/commons-logging-1.1.3.jar:/hadoop/share/hadoop/hdfs/lib/jackson-core-asl-1.9.13.jar:/hadoop/share/hadoop/hdfs/lib/curator-recipes-4.2.0.jar:/hadoop/share/hadoop/hdfs/lib/jetty-util-9.4.43.v20210629.jar:/hadoop/share/hadoop/hdfs/lib/netty-codec-http2-4.1.77.Final.jar:/hadoop/share/hadoop/hdfs/lib/netty-codec-mqtt-4.1.77.Final.jar:/hadoop/share/hadoop/hdfs/lib/animal-sniffer-annotations-1.17.jar:/hadoop/share/hadoop/hdfs/lib/netty-codec-socks-4.1.77.Final.jar:/hadoop/share/hadoop/hdfs/lib/netty-buffer-4.1.77.Final.jar:/hadoop/share/hadoop/hdfs/lib/curator-framework-4.2.0.jar:/hadoop/share/hadoop/hdfs/lib/netty-transport-rxtx-4.1.77.Final.jar:/hadoop/share/hadoop/hdfs/lib/zookeeper-3.5.6.jar:/hadoop/share/hadoop/hdfs/lib/commons-daemon-1.0.13.jar:/hadoop/share/hadoop/hdfs/lib/netty-common-4.1.77.Final.jar:/hadoop/share/hadoop/hdfs/lib/jsr305-3.0.2.jar:/hadoop/share/hadoop/hdfs/lib/hadoop-shaded-protobuf_3_7-1.1.1.jar:/hadoop/share/hadoop/hdfs/lib/curator-client-4.2.0.jar:/hadoop/share/hadoop/hdfs/lib/netty-codec-dns-4.1.77.Final.jar:/hadoop/share/hadoop/hdfs/lib/netty-transport-classes-epoll-4.1.77.Final.jar:/hadoop/share/hadoop/hdfs/lib/kerb-client-1.0.1.jar:/hadoop/share/hadoop/hdfs/lib/netty-codec-xml-4.1.77.Final.jar:/hadoop/share/hadoop/hdfs/lib/netty-transport-native-epoll-4.1.77.Final-linux-x86_64.jar:/hadoop/share/hadoop/hdfs/lib/netty-transport-native-kqueue-4.1.77.Final-osx-aarch_64.jar:/hadoop/share/hadoop/hdfs/lib/kerby-util-1.0.1.jar:/hadoop/share/hadoop/hdfs/lib/j2objc-annotations-1.1.jar:/hadoop/share/hadoop/hdfs/lib/netty-transport-4.1.77.Final.jar:/hadoop/share/hadoop/hdfs/lib/jetty-util-ajax-9.4.43.v20210629.jar:/hadoop/share/hadoop/hdfs/lib/jackson-core-2.12.7.jar:/hadoop/share/hadoop/hdfs/lib/jackson-databind-2.12.7.jar:/hadoop/share/hadoop/hdfs/lib/jetty-xml-9.4.43.v20210629.jar:/hadoop/share/hadoop/hdfs/lib/kerb-common-1.0.1.jar:/hadoop/share/hadoop/hdfs/lib/jackson-xc-1.9.13.jar:/hadoop/share/hadoop/hdfs/lib/jaxb-impl-2.2.3-1.jar:/hadoop/share/hadoop/hdfs/lib/netty-codec-haproxy-4.1.77.Final.jar:/hadoop/share/hadoop/hdfs/lib/netty-codec-http-4.1.77.Final.jar:/hadoop/share/hadoop/hdfs/lib/reload4j-1.2.22.jar:/hadoop/share/hadoop/hdfs/lib/netty-codec-stomp-4.1.77.Final.jar:/hadoop/share/hadoop/hdfs/lib/netty-transport-native-unix-common-4.1.77.Final.jar:/hadoop/share/hadoop/hdfs/lib/commons-text-1.4.jar:/hadoop/share/hadoop/hdfs/lib/commons-cli-1.2.jar:/hadoop/share/hadoop/hdfs/lib/commons-collections-3.2.2.jar:/hadoop/share/hadoop/hdfs/lib/token-provider-1.0.1.jar:/hadoop/share/hadoop/hdfs/lib/snappy-java-1.1.8.2.jar:/hadoop/share/hadoop/hdfs/lib/netty-all-4.1.77.Final.jar:/hadoop/share/hadoop/hdfs/lib/commons-math3-3.1.1.jar:/hadoop/share/hadoop/hdfs/lib/jackson-annotations-2.12.7.jar:/hadoop/share/hadoop/hdfs/lib/jetty-security-9.4.43.v20210629.jar:/hadoop/share/hadoop/hdfs/lib/netty-resolver-dns-native-macos-4.1.77.Final-osx-aarch_64.jar:/hadoop/share/hadoop/hdfs/lib/netty-resolver-dns-4.1.77.Final.jar:/hadoop/share/hadoop/hdfs/lib/commons-codec-1.15.jar:/hadoop/share/hadoop/hdfs/lib/checker-qual-2.5.2.jar:/hadoop/share/hadoop/hdfs/lib/httpclient-4.5.13.jar:/hadoop/share/hadoop/hdfs/lib/woodstox-core-5.3.0.jar:/hadoop/share/hadoop/hdfs/lib/kotlin-stdlib-1.4.10.jar:/hadoop/share/hadoop/hdfs/lib/netty-3.10.6.Final.jar:/hadoop/share/hadoop/hdfs/lib/hadoop-annotations-3.3.4.jar:/hadoop/share/hadoop/hdfs/lib/netty-codec-redis-4.1.77.Final.jar:/hadoop/share/hadoop/hdfs/lib/jetty-server-9.4.43.v20210629.jar:/hadoop/share/hadoop/hdfs/lib/netty-transport-classes-kqueue-4.1.77.Final.jar:/hadoop/share/hadoop/hdfs/lib/commons-beanutils-1.9.4.jar:/hadoop/share/hadoop/hdfs/lib/json-simple-1.1.1.jar:/hadoop/share/hadoop/hdfs/lib/okio-2.8.0.jar:/hadoop/share/hadoop/hdfs/lib/accessors-smart-2.4.7.jar:/hadoop/share/hadoop/hdfs/lib/jersey-server-1.19.jar:/hadoop/share/hadoop/hdfs/lib/dnsjava-2.1.7.jar:/hadoop/share/hadoop/hdfs/lib/httpcore-4.4.13.jar:/hadoop/share/hadoop/hdfs/lib/jetty-webapp-9.4.43.v20210629.jar:/hadoop/share/hadoop/hdfs/lib/kerb-simplekdc-1.0.1.jar:/hadoop/share/hadoop/hdfs/lib/jaxb-api-2.2.11.jar:/hadoop/share/hadoop/hdfs/lib/jsr311-api-1.1.1.jar:/hadoop/share/hadoop/hdfs/lib/netty-resolver-dns-classes-macos-4.1.77.Final.jar:/hadoop/share/hadoop/hdfs/lib/okhttp-4.9.3.jar:/hadoop/share/hadoop/hdfs/lib/hadoop-shaded-guava-1.1.1.jar:/hadoop/share/hadoop/hdfs/lib/failureaccess-1.0.jar:/hadoop/share/hadoop/hdfs/lib/gson-2.8.9.jar:/hadoop/share/hadoop/hdfs/lib/commons-lang3-3.12.0.jar:/hadoop/share/hadoop/hdfs/lib/kerby-xdr-1.0.1.jar:/hadoop/share/hadoop/hdfs/lib/guava-27.0-jre.jar:/hadoop/share/hadoop/hdfs/lib/jcip-annotations-1.0-1.jar:/hadoop/share/hadoop/hdfs/lib/netty-codec-smtp-4.1.77.Final.jar:/hadoop/share/hadoop/hdfs/lib/commons-io-2.8.0.jar:/hadoop/share/hadoop/hdfs/lib/javax.servlet-api-3.1.0.jar:/hadoop/share/hadoop/hdfs/lib/netty-resolver-dns-native-macos-4.1.77.Final-osx-x86_64.jar:/hadoop/share/hadoop/hdfs/lib/netty-transport-sctp-4.1.77.Final.jar:/hadoop/share/hadoop/hdfs/lib/netty-handler-proxy-4.1.77.Final.jar:/hadoop/share/hadoop/hdfs/lib/netty-transport-native-kqueue-4.1.77.Final-osx-x86_64.jar:/hadoop/share/hadoop/hdfs/lib/re2j-1.1.jar:/hadoop/share/hadoop/hdfs/lib/nimbus-jose-jwt-9.8.1.jar:/hadoop/share/hadoop/hdfs/lib/jersey-servlet-1.19.jar:/hadoop/share/hadoop/hdfs/lib/kerb-util-1.0.1.jar:/hadoop/share/hadoop/hdfs/lib/jakarta.activation-api-1.2.1.jar:/hadoop/share/hadoop/hdfs/lib/commons-net-3.6.jar:/hadoop/share/hadoop/hdfs/lib/kerb-core-1.0.1.jar:/hadoop/share/hadoop/hdfs/lib/jackson-mapper-asl-1.9.13.jar:/hadoop/share/hadoop/hdfs/lib/hadoop-auth-3.3.4.jar:/hadoop/share/hadoop/hdfs/lib/netty-transport-native-epoll-4.1.77.Final-linux-aarch_64.jar:/hadoop/share/hadoop/hdfs/lib/kerby-asn1-1.0.1.jar:/hadoop/share/hadoop/hdfs/lib/netty-codec-4.1.77.Final.jar:/hadoop/share/hadoop/hdfs/lib/protobuf-java-2.5.0.jar:/hadoop/share/hadoop/hdfs/lib/stax2-api-4.2.1.jar:/hadoop/share/hadoop/hdfs/lib/commons-configuration2-2.1.1.jar:/hadoop/share/hadoop/hdfs/lib/commons-compress-1.21.jar:/hadoop/share/hadoop/hdfs/lib/kotlin-stdlib-common-1.4.10.jar:/hadoop/share/hadoop/hdfs/lib/netty-transport-udt-4.1.77.Final.jar:/hadoop/share/hadoop/hdfs/lib/json-smart-2.4.7.jar:/hadoop/share/hadoop/hdfs/lib/kerby-pkix-1.0.1.jar:/hadoop/share/hadoop/hdfs/lib/asm-5.0.4.jar:/hadoop/share/hadoop/hdfs/lib/netty-resolver-4.1.77.Final.jar:/hadoop/share/hadoop/hdfs/lib/paranamer-2.3.jar:/hadoop/share/hadoop/hdfs/lib/kerb-server-1.0.1.jar:/hadoop/share/hadoop/hdfs/lib/kerb-crypto-1.0.1.jar:/hadoop/share/hadoop/hdfs/lib/kerb-identity-1.0.1.jar:/hadoop/share/hadoop/hdfs/lib/netty-handler-4.1.77.Final.jar:/hadoop/share/hadoop/hdfs/lib/jetty-http-9.4.43.v20210629.jar:/hadoop/share/hadoop/hdfs/lib/jersey-json-1.19.jar:/hadoop/share/hadoop/hdfs/lib/zookeeper-jute-3.5.6.jar:/hadoop/share/hadoop/hdfs/lib/jettison-1.1.jar:/hadoop/share/hadoop/hdfs/lib/jsch-0.1.55.jar:/hadoop/share/hadoop/hdfs/lib/audience-annotations-0.5.0.jar:/hadoop/share/hadoop/hdfs/lib/leveldbjni-all-1.8.jar:/hadoop/share/hadoop/hdfs/hadoop-hdfs-rbf-3.3.4-tests.jar:/hadoop/share/hadoop/hdfs/hadoop-hdfs-client-3.3.4.jar:/hadoop/share/hadoop/hdfs/hadoop-hdfs-native-client-3.3.4-tests.jar:/hadoop/share/hadoop/hdfs/hadoop-hdfs-native-client-3.3.4.jar:/hadoop/share/hadoop/hdfs/hadoop-hdfs-httpfs-3.3.4.jar:/hadoop/share/hadoop/hdfs/hadoop-hdfs-nfs-3.3.4.jar:/hadoop/share/hadoop/hdfs/hadoop-hdfs-3.3.4.jar:/hadoop/share/hadoop/hdfs/hadoop-hdfs-client-3.3.4-tests.jar:/hadoop/share/hadoop/hdfs/hadoop-hdfs-rbf-3.3.4.jar:/hadoop/share/hadoop/hdfs/hadoop-hdfs-3.3.4-tests.jar:/hadoop/share/hadoop/mapreduce/hadoop-mapreduce-client-nativetask-3.3.4.jar:/hadoop/share/hadoop/mapreduce/hadoop-mapreduce-client-uploader-3.3.4.jar:/hadoop/share/hadoop/mapreduce/hadoop-mapreduce-examples-3.3.4.jar:/hadoop/share/hadoop/mapreduce/hadoop-mapreduce-client-hs-plugins-3.3.4.jar:/hadoop/share/hadoop/mapreduce/hadoop-mapreduce-client-common-3.3.4.jar:/hadoop/share/hadoop/mapreduce/hadoop-mapreduce-client-hs-3.3.4.jar:/hadoop/share/hadoop/mapreduce/hadoop-mapreduce-client-core-3.3.4.jar:/hadoop/share/hadoop/mapreduce/hadoop-mapreduce-client-app-3.3.4.jar:/hadoop/share/hadoop/mapreduce/hadoop-mapreduce-client-jobclient-3.3.4-tests.jar:/hadoop/share/hadoop/mapreduce/hadoop-mapreduce-client-jobclient-3.3.4.jar:/hadoop/share/hadoop/mapreduce/hadoop-mapreduce-client-shuffle-3.3.4.jar:/hadoop/share/hadoop/yarn:/hadoop/share/hadoop/yarn/lib/jline-3.9.0.jar:/hadoop/share/hadoop/yarn/lib/jetty-jndi-9.4.43.v20210629.jar:/hadoop/share/hadoop/yarn/lib/javax.websocket-client-api-1.0.jar:/hadoop/share/hadoop/yarn/lib/jakarta.xml.bind-api-2.3.2.jar:/hadoop/share/hadoop/yarn/lib/javax-websocket-server-impl-9.4.43.v20210629.jar:/hadoop/share/hadoop/yarn/lib/jetty-client-9.4.43.v20210629.jar:/hadoop/share/hadoop/yarn/lib/jna-5.2.0.jar:/hadoop/share/hadoop/yarn/lib/asm-commons-9.1.jar:/hadoop/share/hadoop/yarn/lib/jersey-guice-1.19.jar:/hadoop/share/hadoop/yarn/lib/websocket-servlet-9.4.43.v20210629.jar:/hadoop/share/hadoop/yarn/lib/swagger-annotations-1.5.4.jar:/hadoop/share/hadoop/yarn/lib/javax.websocket-api-1.0.jar:/hadoop/share/hadoop/yarn/lib/metrics-core-3.2.4.jar:/hadoop/share/hadoop/yarn/lib/jackson-module-jaxb-annotations-2.12.7.jar:/hadoop/share/hadoop/yarn/lib/jetty-annotations-9.4.43.v20210629.jar:/hadoop/share/hadoop/yarn/lib/aopalliance-1.0.jar:/hadoop/share/hadoop/yarn/lib/bcpkix-jdk15on-1.60.jar:/hadoop/share/hadoop/yarn/lib/jersey-client-1.19.jar:/hadoop/share/hadoop/yarn/lib/websocket-api-9.4.43.v20210629.jar:/hadoop/share/hadoop/yarn/lib/json-io-2.5.1.jar:/hadoop/share/hadoop/yarn/lib/HikariCP-java7-2.4.12.jar:/hadoop/share/hadoop/yarn/lib/java-util-1.9.0.jar:/hadoop/share/hadoop/yarn/lib/geronimo-jcache_1.0_spec-1.0-alpha-1.jar:/hadoop/share/hadoop/yarn/lib/guice-4.0.jar:/hadoop/share/hadoop/yarn/lib/javax.inject-1.jar:/hadoop/share/hadoop/yarn/lib/websocket-client-9.4.43.v20210629.jar:/hadoop/share/hadoop/yarn/lib/javax-websocket-client-impl-9.4.43.v20210629.jar:/hadoop/share/hadoop/yarn/lib/jetty-plus-9.4.43.v20210629.jar:/hadoop/share/hadoop/yarn/lib/snakeyaml-1.26.jar:/hadoop/share/hadoop/yarn/lib/guice-servlet-4.0.jar:/hadoop/share/hadoop/yarn/lib/bcprov-jdk15on-1.60.jar:/hadoop/share/hadoop/yarn/lib/objenesis-2.6.jar:/hadoop/share/hadoop/yarn/lib/jackson-jaxrs-base-2.12.7.jar:/hadoop/share/hadoop/yarn/lib/websocket-common-9.4.43.v20210629.jar:/hadoop/share/hadoop/yarn/lib/jackson-jaxrs-json-provider-2.12.7.jar:/hadoop/share/hadoop/yarn/lib/asm-analysis-9.1.jar:/hadoop/share/hadoop/yarn/lib/mssql-jdbc-6.2.1.jre7.jar:/hadoop/share/hadoop/yarn/lib/websocket-server-9.4.43.v20210629.jar:/hadoop/share/hadoop/yarn/lib/asm-tree-9.1.jar:/hadoop/share/hadoop/yarn/lib/ehcache-3.3.1.jar:/hadoop/share/hadoop/yarn/lib/fst-2.50.jar:/hadoop/share/hadoop/yarn/hadoop-yarn-server-tests-3.3.4.jar:/hadoop/share/hadoop/yarn/hadoop-yarn-applications-mawo-core-3.3.4.jar:/hadoop/share/hadoop/yarn/hadoop-yarn-server-common-3.3.4.jar:/hadoop/share/hadoop/yarn/hadoop-yarn-services-core-3.3.4.jar:/hadoop/share/hadoop/yarn/hadoop-yarn-applications-unmanaged-am-launcher-3.3.4.jar:/hadoop/share/hadoop/yarn/hadoop-yarn-server-sharedcachemanager-3.3.4.jar:/hadoop/share/hadoop/yarn/hadoop-yarn-server-applicationhistoryservice-3.3.4.jar:/hadoop/share/hadoop/yarn/hadoop-yarn-services-api-3.3.4.jar:/hadoop/share/hadoop/yarn/hadoop-yarn-server-resourcemanager-3.3.4.jar:/hadoop/share/hadoop/yarn/hadoop-yarn-api-3.3.4.jar:/hadoop/share/hadoop/yarn/hadoop-yarn-server-nodemanager-3.3.4.jar:/hadoop/share/hadoop/yarn/hadoop-yarn-server-timeline-pluginstorage-3.3.4.jar:/hadoop/share/hadoop/yarn/hadoop-yarn-client-3.3.4.jar:/hadoop/share/hadoop/yarn/hadoop-yarn-server-router-3.3.4.jar:/hadoop/share/hadoop/yarn/hadoop-yarn-applications-distributedshell-3.3.4.jar:/hadoop/share/hadoop/yarn/hadoop-yarn-server-web-proxy-3.3.4.jar:/hadoop/share/hadoop/yarn/hadoop-yarn-registry-3.3.4.jar:/hadoop/share/hadoop/yarn/hadoop-yarn-common-3.3.4.jar:/hadoop/share/hadoop/yarn/timelineservice/hadoop-yarn-server-timelineservice-hbase-client-3.3.4.jar:/hadoop/share/hadoop/yarn/timelineservice/hadoop-yarn-server-timelineservice-hbase-common-3.3.4.jar:/hadoop/share/hadoop/yarn/timelineservice/hadoop-yarn-server-timelineservice-hbase-coprocessor-3.3.4.jar:/hadoop/share/hadoop/yarn/timelineservice/hadoop-yarn-server-timelineservice-documentstore-3.3.4.jar:/hadoop/share/hadoop/yarn/timelineservice/hadoop-yarn-server-timelineservice-3.3.4.jar:/hadoop/share/hadoop/yarn/timelineservice/lib/rxjava-extras-0.8.0.17.jar:/hadoop/share/hadoop/yarn/timelineservice/lib/jcodings-1.0.13.jar:/hadoop/share/hadoop/yarn/timelineservice/lib/azure-cosmosdb-2.4.5.jar:/hadoop/share/hadoop/yarn/timelineservice/lib/commons-validator-1.6.jar:/hadoop/share/hadoop/yarn/timelineservice/lib/commons-digester-1.8.1.jar:/hadoop/share/hadoop/yarn/timelineservice/lib/commons-collections4-4.2.jar:/hadoop/share/hadoop/yarn/timelineservice/lib/rxjava-1.3.8.jar:/hadoop/share/hadoop/yarn/timelineservice/lib/azure-cosmosdb-commons-2.4.5.jar:/hadoop/share/hadoop/yarn/timelineservice/lib/azure-cosmosdb-gateway-2.4.5.jar:/hadoop/share/hadoop/yarn/timelineservice/lib/commons-csv-1.0.jar:/hadoop/share/hadoop/yarn/timelineservice/lib/hbase-client-1.4.8.jar:/hadoop/share/hadoop/yarn/timelineservice/lib/hbase-annotations-1.4.8.jar:/hadoop/share/hadoop/yarn/timelineservice/lib/metrics-core-2.2.0.jar:/hadoop/share/hadoop/yarn/timelineservice/lib/rxjava-string-1.1.1.jar:/hadoop/share/hadoop/yarn/timelineservice/lib/joni-2.1.2.jar:/hadoop/share/hadoop/yarn/timelineservice/lib/commons-lang-2.6.jar:/hadoop/share/hadoop/yarn/timelineservice/lib/azure-cosmosdb-direct-2.4.5.jar:/hadoop/share/hadoop/yarn/timelineservice/lib/rxnetty-0.4.20.jar:/hadoop/share/hadoop/yarn/timelineservice/lib/java-uuid-generator-3.1.4.jar:/hadoop/share/hadoop/yarn/timelineservice/lib/hbase-common-1.4.8.jar:/hadoop/share/hadoop/yarn/timelineservice/lib/htrace-core-3.1.0-incubating.jar:/hadoop/share/hadoop/yarn/timelineservice/lib/hbase-protocol-1.4.8.jar
STARTUP_MSG:   build = https://github.com/apache/hadoop.git -r a585a73c3e02ac62350c136643a5e7f6095a3dbb; compiled by 'stevel' on 2022-07-29T12:32Z
STARTUP_MSG:   java = 1.8.0_432
************************************************************/
2025-03-25 10:14:05,726 INFO [main] org.apache.hadoop.yarn.server.resourcemanager.ResourceManager: registered UNIX signal handlers for [TERM, HUP, INT]
2025-03-25 10:14:05,987 INFO [main] org.apache.hadoop.yarn.server.resourcemanager.RMNMInfo: Registered RMInfo MBean
2025-03-25 10:14:05,991 INFO [main] org.apache.hadoop.conf.Configuration: found resource core-site.xml at file:/hadoop/etc/hadoop/core-site.xml
2025-03-25 10:14:06,027 INFO [main] org.apache.hadoop.conf.Configuration: resource-types.xml not found
2025-03-25 10:14:06,027 INFO [main] org.apache.hadoop.yarn.util.resource.ResourceUtils: Unable to find 'resource-types.xml'.
2025-03-25 10:14:06,051 INFO [main] org.apache.hadoop.conf.Configuration: found resource yarn-site.xml at file:/hadoop/etc/hadoop/yarn-site.xml
2025-03-25 10:14:06,056 INFO [main] org.apache.hadoop.yarn.metrics.GenericEventTypeMetrics: Registering GenericEventTypeMetrics
2025-03-25 10:14:06,058 INFO [main] org.apache.hadoop.yarn.event.AsyncDispatcher: Registering class org.apache.hadoop.yarn.server.resourcemanager.RMFatalEventType for class org.apache.hadoop.yarn.server.resourcemanager.ResourceManager$RMFatalEventDispatcher
2025-03-25 10:14:06,092 INFO [main] org.apache.hadoop.yarn.server.resourcemanager.security.NMTokenSecretManagerInRM: NMTokenKeyRollingInterval: 86400000ms and NMTokenKeyActivationDelay: 900000ms
2025-03-25 10:14:06,096 INFO [main] org.apache.hadoop.yarn.server.resourcemanager.security.RMContainerTokenSecretManager: ContainerTokenKeyRollingInterval: 86400000ms and ContainerTokenKeyActivationDelay: 900000ms
2025-03-25 10:14:06,104 INFO [main] org.apache.hadoop.yarn.server.resourcemanager.security.AMRMTokenSecretManager: AMRMTokenKeyRollingInterval: 86400000ms and AMRMTokenKeyActivationDelay: 900000 ms
2025-03-25 10:14:06,127 INFO [main] org.apache.hadoop.yarn.event.AsyncDispatcher: Registering class org.apache.hadoop.yarn.server.resourcemanager.recovery.RMStateStoreEventType for class org.apache.hadoop.yarn.server.resourcemanager.recovery.RMStateStore$ForwardingEventHandler
2025-03-25 10:14:06,128 INFO [main] org.apache.hadoop.yarn.event.AsyncDispatcher: Registering class org.apache.hadoop.yarn.server.resourcemanager.NodesListManagerEventType for class org.apache.hadoop.yarn.server.resourcemanager.NodesListManager
2025-03-25 10:14:06,128 INFO [main] org.apache.hadoop.yarn.server.resourcemanager.ResourceManager: Using Scheduler: org.apache.hadoop.yarn.server.resourcemanager.scheduler.capacity.CapacityScheduler
2025-03-25 10:14:06,150 INFO [main] org.apache.hadoop.yarn.event.AsyncDispatcher: Registering class org.apache.hadoop.yarn.server.resourcemanager.scheduler.event.SchedulerEventType for class org.apache.hadoop.yarn.server.resourcemanager.ResourceManager$SchedulerEventDispatcher
2025-03-25 10:14:06,151 INFO [main] org.apache.hadoop.yarn.event.AsyncDispatcher: Registering class org.apache.hadoop.yarn.server.resourcemanager.rmapp.RMAppEventType for class org.apache.hadoop.yarn.server.resourcemanager.ResourceManager$ApplicationEventDispatcher
2025-03-25 10:14:06,151 INFO [main] org.apache.hadoop.yarn.event.AsyncDispatcher: Registering class org.apache.hadoop.yarn.server.resourcemanager.rmapp.attempt.RMAppAttemptEventType for class org.apache.hadoop.yarn.server.resourcemanager.ResourceManager$ApplicationAttemptEventDispatcher
2025-03-25 10:14:06,152 INFO [main] org.apache.hadoop.yarn.event.AsyncDispatcher: Registering class org.apache.hadoop.yarn.server.resourcemanager.rmnode.RMNodeEventType for class org.apache.hadoop.yarn.server.resourcemanager.ResourceManager$NodeEventDispatcher
2025-03-25 10:14:06,186 INFO [main] org.apache.hadoop.metrics2.impl.MetricsConfig: Loaded properties from hadoop-metrics2.properties
2025-03-25 10:14:06,193 INFO [main] org.apache.hadoop.metrics2.impl.MetricsSystemImpl: Scheduled Metric snapshot period at 10 second(s).
2025-03-25 10:14:06,193 INFO [main] org.apache.hadoop.metrics2.impl.MetricsSystemImpl: ResourceManager metrics system started
2025-03-25 10:14:06,214 INFO [main] org.apache.hadoop.yarn.security.YarnAuthorizationProvider: org.apache.hadoop.yarn.security.ConfiguredYarnAuthorizer is instantiated.
2025-03-25 10:14:06,216 INFO [main] org.apache.hadoop.yarn.event.AsyncDispatcher: Registering class org.apache.hadoop.yarn.server.resourcemanager.RMAppManagerEventType for class org.apache.hadoop.yarn.server.resourcemanager.RMAppManager
2025-03-25 10:14:06,221 INFO [main] org.apache.hadoop.yarn.event.AsyncDispatcher: Registering class org.apache.hadoop.yarn.server.resourcemanager.amlauncher.AMLauncherEventType for class org.apache.hadoop.yarn.server.resourcemanager.amlauncher.ApplicationMasterLauncher
2025-03-25 10:14:06,476 INFO [main] org.apache.hadoop.yarn.server.resourcemanager.RMNMInfo: Registered RMNMInfo MBean
2025-03-25 10:14:06,476 INFO [main] org.apache.hadoop.yarn.server.resourcemanager.rmapp.monitor.RMAppLifetimeMonitor: Application lifelime monitor interval set to 3000 ms.
2025-03-25 10:14:06,479 INFO [main] org.apache.hadoop.yarn.server.resourcemanager.scheduler.placement.MultiNodeSortingManager: Initializing NodeSortingService=MultiNodeSortingManager
2025-03-25 10:14:06,480 INFO [main] org.apache.hadoop.util.HostsFileReader: Refreshing hosts (include/exclude) list
2025-03-25 10:14:06,480 INFO [main] org.apache.hadoop.util.HostsFileReader: Adding a node "172.20.1.11" to the list of included hosts from /hadoop/etc/hadoop/workers
2025-03-25 10:14:06,480 INFO [main] org.apache.hadoop.util.HostsFileReader: Adding a node "172.20.1.12" to the list of included hosts from /hadoop/etc/hadoop/workers
2025-03-25 10:14:06,480 INFO [main] org.apache.hadoop.util.HostsFileReader: Adding a node "172.20.1.13" to the list of included hosts from /hadoop/etc/hadoop/workers
2025-03-25 10:14:06,483 INFO [main] org.apache.hadoop.conf.Configuration: found resource capacity-scheduler.xml at file:/hadoop/etc/hadoop/capacity-scheduler.xml
2025-03-25 10:14:06,488 INFO [main] org.apache.hadoop.yarn.server.resourcemanager.scheduler.AbstractYarnScheduler: Minimum allocation = <memory:1024, vCores:1>
2025-03-25 10:14:06,489 INFO [main] org.apache.hadoop.yarn.server.resourcemanager.scheduler.AbstractYarnScheduler: Maximum allocation = <memory:8192, vCores:4>
2025-03-25 10:14:06,529 INFO [main] org.apache.hadoop.yarn.server.resourcemanager.scheduler.capacity.ParentQueue: root, capacity=1.0, absoluteCapacity=1.0, maxCapacity=1.0, absoluteMaxCapacity=1.0, state=RUNNING, acls=ADMINISTER_QUEUE:*SUBMIT_APP:*, labels=*,
, reservationsContinueLooking=true, orderingPolicy=utilization, priority=0
2025-03-25 10:14:06,529 INFO [main] org.apache.hadoop.yarn.server.resourcemanager.scheduler.capacity.ParentQueue: Initialized parent-queue root name=root, fullname=root
2025-03-25 10:14:06,540 INFO [main] org.apache.hadoop.yarn.server.resourcemanager.scheduler.capacity.LeafQueue: Initializing root.default
capacity = 1.0 [= (float) configuredCapacity / 100 ]
absoluteCapacity = 1.0 [= parentAbsoluteCapacity * capacity ]
maxCapacity = 1.0 [= configuredMaxCapacity ]
absoluteMaxCapacity = 1.0 [= 1.0 maximumCapacity undefined, (parentAbsoluteMaxCapacity * maximumCapacity) / 100 otherwise ]
effectiveMinResource=<memory:0, vCores:0>
 , effectiveMaxResource=<memory:0, vCores:0>
userLimit = 100 [= configuredUserLimit ]
userLimitFactor = 1.0 [= configuredUserLimitFactor ]
maxApplications = 10000 [= configuredMaximumSystemApplicationsPerQueue or (int)(configuredMaximumSystemApplications * absoluteCapacity)]
maxApplicationsPerUser = 10000 [= (int)(maxApplications * (userLimit / 100.0f) * userLimitFactor) ]
maxParallelApps = 2147483647
usedCapacity = 0.0 [= usedResourcesMemory / (clusterResourceMemory * absoluteCapacity)]
absoluteUsedCapacity = 0.0 [= usedResourcesMemory / clusterResourceMemory]
maxAMResourcePerQueuePercent = 0.1 [= configuredMaximumAMResourcePercent ]
minimumAllocationFactor = 0.875 [= (float)(maximumAllocationMemory - minimumAllocationMemory) / maximumAllocationMemory ]
maximumAllocation = <memory:8192, vCores:4> [= configuredMaxAllocation ]
numContainers = 0 [= currentNumContainers ]
state = RUNNING [= configuredState ]
acls = ADMINISTER_QUEUE:*SUBMIT_APP:* [= configuredAcls ]
nodeLocalityDelay = 40
rackLocalityAdditionalDelay = -1
labels=*,
reservationsContinueLooking = true
preemptionDisabled = true
defaultAppPriorityPerQueue = 0
priority = 0
maxLifetime = -1 seconds
defaultLifetime = -1 seconds
2025-03-25 10:14:06,540 INFO [main] org.apache.hadoop.yarn.server.resourcemanager.scheduler.capacity.CapacitySchedulerQueueManager: Initialized queue: root.default
2025-03-25 10:14:06,540 INFO [main] org.apache.hadoop.yarn.server.resourcemanager.scheduler.capacity.CapacitySchedulerQueueManager: Initialized queue: root
2025-03-25 10:14:06,542 INFO [main] org.apache.hadoop.yarn.server.resourcemanager.scheduler.capacity.CapacitySchedulerQueueManager: Initialized root queue root: numChildQueue= 1, capacity=1.0, absoluteCapacity=1.0, usedResources=<memory:0, vCores:0>usedCapacity=0.0, numApps=0, numContainers=0
2025-03-25 10:14:06,542 INFO [main] org.apache.hadoop.yarn.server.resourcemanager.placement.UserGroupMappingPlacementRule: Initialized queue mappings, override: false
2025-03-25 10:14:06,542 INFO [main] org.apache.hadoop.yarn.server.resourcemanager.scheduler.capacity.WorkflowPriorityMappingsManager: Initialized workflow priority mappings, override: false
2025-03-25 10:14:06,543 INFO [main] org.apache.hadoop.yarn.server.resourcemanager.scheduler.placement.MultiNodeSortingManager: MultiNode scheduling is 'false', and configured policies are 
2025-03-25 10:14:06,543 INFO [main] org.apache.hadoop.yarn.server.resourcemanager.scheduler.capacity.CapacityScheduler: Initialized CapacityScheduler with calculator=class org.apache.hadoop.yarn.util.resource.DefaultResourceCalculator, minimumAllocation=<<memory:1024, vCores:1>>, maximumAllocation=<<memory:8192, vCores:4>>, asynchronousScheduling=false, asyncScheduleInterval=5ms,multiNodePlacementEnabled=false, assignMultipleEnabled=true, maxAssignPerHeartbeat=100, offswitchPerHeartbeatLimit=1
2025-03-25 10:14:06,557 INFO [main] org.apache.hadoop.conf.Configuration: dynamic-resources.xml not found
2025-03-25 10:14:06,559 INFO [main] org.apache.hadoop.yarn.server.resourcemanager.AMSProcessingChain: Initializing AMS Processing chain. Root Processor=[org.apache.hadoop.yarn.server.resourcemanager.DefaultAMSProcessor].
2025-03-25 10:14:06,559 INFO [main] org.apache.hadoop.yarn.server.resourcemanager.ApplicationMasterService: disabled placement handler will be used, all scheduling requests will be rejected.
2025-03-25 10:14:06,562 INFO [main] org.apache.hadoop.yarn.server.resourcemanager.AMSProcessingChain: Adding [org.apache.hadoop.yarn.server.resourcemanager.scheduler.constraint.processor.DisabledPlacementProcessor] tp top of AMS Processing chain. 
2025-03-25 10:14:06,568 INFO [main] org.apache.hadoop.yarn.server.resourcemanager.ResourceManager: TimelineServicePublisher is not configured
2025-03-25 10:14:06,594 INFO [main] org.eclipse.jetty.util.log: Logging initialized @1154ms to org.eclipse.jetty.util.log.Slf4jLog
2025-03-25 10:14:06,674 WARN [main] org.apache.hadoop.security.authentication.server.AuthenticationFilter: Unable to initialize FileSignerSecretProvider, falling back to use random secrets. Reason: Could not read signature secret file: /root/hadoop-http-auth-signature-secret
2025-03-25 10:14:06,676 INFO [main] org.apache.hadoop.http.HttpRequestLog: Http request log for http.requests.resourcemanager is not defined
2025-03-25 10:14:06,680 INFO [main] org.apache.hadoop.http.HttpServer2: Added global filter 'safety' (class=org.apache.hadoop.http.HttpServer2$QuotingInputFilter)
2025-03-25 10:14:06,682 INFO [main] org.apache.hadoop.http.HttpServer2: Added filter RMAuthenticationFilter (class=org.apache.hadoop.yarn.server.security.http.RMAuthenticationFilter) to context cluster
2025-03-25 10:14:06,682 INFO [main] org.apache.hadoop.http.HttpServer2: Added filter RMAuthenticationFilter (class=org.apache.hadoop.yarn.server.security.http.RMAuthenticationFilter) to context logs
2025-03-25 10:14:06,682 INFO [main] org.apache.hadoop.http.HttpServer2: Added filter RMAuthenticationFilter (class=org.apache.hadoop.yarn.server.security.http.RMAuthenticationFilter) to context static
2025-03-25 10:14:06,682 INFO [main] org.apache.hadoop.http.HttpServer2: Added filter static_user_filter (class=org.apache.hadoop.http.lib.StaticUserWebFilter$StaticUserFilter) to context cluster
2025-03-25 10:14:06,682 INFO [main] org.apache.hadoop.http.HttpServer2: Added filter static_user_filter (class=org.apache.hadoop.http.lib.StaticUserWebFilter$StaticUserFilter) to context logs
2025-03-25 10:14:06,682 INFO [main] org.apache.hadoop.http.HttpServer2: Added filter static_user_filter (class=org.apache.hadoop.http.lib.StaticUserWebFilter$StaticUserFilter) to context static
2025-03-25 10:14:06,901 INFO [main] org.apache.hadoop.yarn.webapp.WebApps: Registered webapp guice modules
2025-03-25 10:14:06,904 INFO [main] org.apache.hadoop.http.HttpServer2: Jetty bound to port 8088
2025-03-25 10:14:06,905 INFO [main] org.eclipse.jetty.server.Server: jetty-9.4.43.v20210629; built: 2021-06-30T11:07:22.254Z; git: 526006ecfa3af7f1a27ef3a288e2bef7ea9dd7e8; jvm 1.8.0_432-8u432-ga~us1-0ubuntu2~24.04-ga
2025-03-25 10:14:06,925 INFO [main] org.eclipse.jetty.server.session: DefaultSessionIdManager workerName=node0
2025-03-25 10:14:06,925 INFO [main] org.eclipse.jetty.server.session: No SessionScavenger set, using defaults
2025-03-25 10:14:06,926 INFO [main] org.eclipse.jetty.server.session: node0 Scavenging every 600000ms
2025-03-25 10:14:06,933 WARN [main] org.apache.hadoop.security.authentication.server.AuthenticationFilter: Unable to initialize FileSignerSecretProvider, falling back to use random secrets. Reason: Could not read signature secret file: /root/hadoop-http-auth-signature-secret
2025-03-25 10:14:06,937 INFO [main] org.apache.hadoop.security.token.delegation.AbstractDelegationTokenSecretManager: Updating the current master key for generating delegation tokens
2025-03-25 10:14:06,937 INFO [Thread[Thread-20,5,main]] org.apache.hadoop.security.token.delegation.AbstractDelegationTokenSecretManager: Starting expired delegation token remover thread, tokenRemoverScanInterval=60 min(s)
2025-03-25 10:14:06,937 INFO [Thread[Thread-20,5,main]] org.apache.hadoop.security.token.delegation.AbstractDelegationTokenSecretManager: Updating the current master key for generating delegation tokens
2025-03-25 10:14:06,949 INFO [main] org.eclipse.jetty.server.handler.ContextHandler: Started o.e.j.s.ServletContextHandler@305a0c5f{logs,/logs,file:///hadoop/logs/,AVAILABLE}
2025-03-25 10:14:06,950 INFO [main] org.eclipse.jetty.server.handler.ContextHandler: Started o.e.j.s.ServletContextHandler@232a7d73{static,/static,jar:file:/hadoop/share/hadoop/yarn/hadoop-yarn-common-3.3.4.jar!/webapps/static,AVAILABLE}
2025-03-25 10:14:07,546 INFO [main] org.eclipse.jetty.server.handler.ContextHandler: Started o.e.j.w.WebAppContext@7add323c{cluster,/,file:///tmp/jetty-master-8088-hadoop-yarn-common-3_3_4_jar-_-any-7280130552333833878/webapp/,AVAILABLE}{jar:file:/hadoop/share/hadoop/yarn/hadoop-yarn-common-3.3.4.jar!/webapps/cluster}
2025-03-25 10:14:07,555 INFO [main] org.eclipse.jetty.server.AbstractConnector: Started ServerConnector@5b068087{HTTP/1.1, (http/1.1)}{master:8088}
2025-03-25 10:14:07,555 INFO [main] org.eclipse.jetty.server.Server: Started @2115ms
2025-03-25 10:14:07,555 INFO [main] org.apache.hadoop.yarn.webapp.WebApps: Web app cluster started at 8088
2025-03-25 10:14:07,668 INFO [main] org.apache.hadoop.ipc.CallQueueManager: Using callQueue: class java.util.concurrent.LinkedBlockingQueue, queueCapacity: 100, scheduler: class org.apache.hadoop.ipc.DefaultRpcScheduler, ipcBackoff: false.
2025-03-25 10:14:07,689 INFO [Socket Reader #1 for port 8033] org.apache.hadoop.ipc.Server: Starting Socket Reader #1 for port 8033
2025-03-25 10:14:07,911 INFO [Listener at master/8033] org.apache.hadoop.yarn.factories.impl.pb.RpcServerFactoryPBImpl: Adding protocol org.apache.hadoop.yarn.server.api.ResourceManagerAdministrationProtocolPB to the server
2025-03-25 10:14:07,911 INFO [IPC Server Responder] org.apache.hadoop.ipc.Server: IPC Server Responder: starting
2025-03-25 10:14:07,913 INFO [IPC Server listener on 8033] org.apache.hadoop.ipc.Server: IPC Server listener on 8033: starting
2025-03-25 10:14:07,913 INFO [Listener at master/8033] org.apache.hadoop.yarn.server.resourcemanager.ResourceManager: Transitioning to active state
2025-03-25 10:14:07,923 INFO [Listener at master/8033] org.apache.hadoop.yarn.server.resourcemanager.recovery.RMStateStore: Updating AMRMToken
2025-03-25 10:14:07,923 INFO [Listener at master/8033] org.apache.hadoop.yarn.server.resourcemanager.security.RMContainerTokenSecretManager: Rolling master-key for container-tokens
2025-03-25 10:14:07,923 INFO [Listener at master/8033] org.apache.hadoop.yarn.server.resourcemanager.security.NMTokenSecretManagerInRM: Rolling master-key for nm-tokens
2025-03-25 10:14:07,923 INFO [Listener at master/8033] org.apache.hadoop.security.token.delegation.AbstractDelegationTokenSecretManager: Updating the current master key for generating delegation tokens
2025-03-25 10:14:07,923 INFO [Listener at master/8033] org.apache.hadoop.yarn.server.resourcemanager.security.RMDelegationTokenSecretManager: storing master key with keyID 1
2025-03-25 10:14:07,923 INFO [Listener at master/8033] org.apache.hadoop.yarn.server.resourcemanager.recovery.RMStateStore: Storing RMDTMasterKey.
2025-03-25 10:14:07,924 INFO [Thread[Thread-28,5,main]] org.apache.hadoop.security.token.delegation.AbstractDelegationTokenSecretManager: Starting expired delegation token remover thread, tokenRemoverScanInterval=60 min(s)
2025-03-25 10:14:07,924 INFO [Thread[Thread-28,5,main]] org.apache.hadoop.security.token.delegation.AbstractDelegationTokenSecretManager: Updating the current master key for generating delegation tokens
2025-03-25 10:14:07,924 INFO [Thread[Thread-28,5,main]] org.apache.hadoop.yarn.server.resourcemanager.security.RMDelegationTokenSecretManager: storing master key with keyID 2
2025-03-25 10:14:07,924 INFO [Thread[Thread-28,5,main]] org.apache.hadoop.yarn.server.resourcemanager.recovery.RMStateStore: Storing RMDTMasterKey.
2025-03-25 10:14:07,926 INFO [Listener at master/8033] org.apache.hadoop.yarn.event.AsyncDispatcher: Registering class org.apache.hadoop.yarn.nodelabels.event.NodeLabelsStoreEventType for class org.apache.hadoop.yarn.nodelabels.CommonNodeLabelsManager$ForwardingEventHandler
2025-03-25 10:14:08,037 INFO [Listener at master/8033] org.apache.hadoop.yarn.nodelabels.store.AbstractFSNodeStore: Created store directory :file:/tmp/hadoop-yarn-root/node-attribute
2025-03-25 10:14:08,057 INFO [Listener at master/8033] org.apache.hadoop.yarn.nodelabels.store.AbstractFSNodeStore: Finished write mirror at:file:/tmp/hadoop-yarn-root/node-attribute/nodeattribute.mirror
2025-03-25 10:14:08,057 INFO [Listener at master/8033] org.apache.hadoop.yarn.nodelabels.store.AbstractFSNodeStore: Finished create editlog file at:file:/tmp/hadoop-yarn-root/node-attribute/nodeattribute.editlog
2025-03-25 10:14:08,074 INFO [Listener at master/8033] org.apache.hadoop.yarn.event.AsyncDispatcher: Registering class org.apache.hadoop.yarn.server.resourcemanager.nodelabels.NodeAttributesStoreEventType for class org.apache.hadoop.yarn.server.resourcemanager.nodelabels.NodeAttributesManagerImpl$ForwardingEventHandler
2025-03-25 10:14:08,074 INFO [Listener at master/8033] org.apache.hadoop.yarn.server.resourcemanager.scheduler.placement.MultiNodeSortingManager: Starting NodeSortingService=MultiNodeSortingManager
2025-03-25 10:14:08,084 INFO [Listener at master/8033] org.apache.hadoop.ipc.CallQueueManager: Using callQueue: class java.util.concurrent.LinkedBlockingQueue, queueCapacity: 5000, scheduler: class org.apache.hadoop.ipc.DefaultRpcScheduler, ipcBackoff: false.
2025-03-25 10:14:08,088 INFO [Socket Reader #1 for port 8031] org.apache.hadoop.ipc.Server: Starting Socket Reader #1 for port 8031
2025-03-25 10:14:08,090 INFO [Listener at master/8031] org.apache.hadoop.yarn.factories.impl.pb.RpcServerFactoryPBImpl: Adding protocol org.apache.hadoop.yarn.server.api.ResourceTrackerPB to the server
2025-03-25 10:14:08,090 INFO [IPC Server Responder] org.apache.hadoop.ipc.Server: IPC Server Responder: starting
2025-03-25 10:14:08,090 INFO [IPC Server listener on 8031] org.apache.hadoop.ipc.Server: IPC Server listener on 8031: starting
2025-03-25 10:14:08,103 INFO [org.apache.hadoop.util.JvmPauseMonitor$Monitor@221a2068] org.apache.hadoop.util.JvmPauseMonitor: Starting JVM pause monitor
2025-03-25 10:14:08,111 INFO [Listener at master/8031] org.apache.hadoop.ipc.CallQueueManager: Using callQueue: class java.util.concurrent.LinkedBlockingQueue, queueCapacity: 5000, scheduler: class org.apache.hadoop.ipc.DefaultRpcScheduler, ipcBackoff: false.
2025-03-25 10:14:08,114 INFO [Socket Reader #1 for port 8030] org.apache.hadoop.ipc.Server: Starting Socket Reader #1 for port 8030
2025-03-25 10:14:08,117 INFO [Listener at master/8030] org.apache.hadoop.yarn.factories.impl.pb.RpcServerFactoryPBImpl: Adding protocol org.apache.hadoop.yarn.api.ApplicationMasterProtocolPB to the server
2025-03-25 10:14:08,120 INFO [IPC Server Responder] org.apache.hadoop.ipc.Server: IPC Server Responder: starting
2025-03-25 10:14:08,124 INFO [IPC Server listener on 8030] org.apache.hadoop.ipc.Server: IPC Server listener on 8030: starting
2025-03-25 10:14:08,184 INFO [Listener at master/8030] org.apache.hadoop.ipc.CallQueueManager: Using callQueue: class java.util.concurrent.LinkedBlockingQueue, queueCapacity: 5000, scheduler: class org.apache.hadoop.ipc.DefaultRpcScheduler, ipcBackoff: false.
2025-03-25 10:14:08,184 INFO [Socket Reader #1 for port 8032] org.apache.hadoop.ipc.Server: Starting Socket Reader #1 for port 8032
2025-03-25 10:14:08,187 INFO [Listener at master/8032] org.apache.hadoop.yarn.factories.impl.pb.RpcServerFactoryPBImpl: Adding protocol org.apache.hadoop.yarn.api.ApplicationClientProtocolPB to the server
2025-03-25 10:14:08,187 INFO [IPC Server Responder] org.apache.hadoop.ipc.Server: IPC Server Responder: starting
2025-03-25 10:14:08,190 INFO [IPC Server listener on 8032] org.apache.hadoop.ipc.Server: IPC Server listener on 8032: starting
2025-03-25 10:14:08,451 INFO [Listener at master/8032] org.apache.hadoop.yarn.server.webproxy.ProxyCA: Created Certificate for OU=YARN-5b6f7288-2a9c-4c36-bf77-776203f6464b
2025-03-25 10:14:08,498 INFO [Listener at master/8032] org.apache.hadoop.yarn.server.resourcemanager.recovery.RMStateStore: Storing CA Certificate and Private Key
2025-03-25 10:14:08,498 INFO [Listener at master/8032] org.apache.hadoop.yarn.server.resourcemanager.ResourceManager: Transitioned to active state
2025-03-25 10:14:10,545 INFO [IPC Server handler 1 on default port 8031] org.apache.hadoop.yarn.server.resourcemanager.ResourceTrackerService: NodeManager from node slave1(cmPort: 40123 httpPort: 8042) registered with capability: <memory:8192, vCores:8>, assigned nodeId slave1:40123
2025-03-25 10:14:10,551 INFO [RM Event dispatcher] org.apache.hadoop.yarn.server.resourcemanager.rmnode.RMNodeImpl: slave0:44629 Node Transitioned from NEW to RUNNING
2025-03-25 10:14:10,551 INFO [RM Event dispatcher] org.apache.hadoop.yarn.server.resourcemanager.rmnode.RMNodeImpl: slave1:40123 Node Transitioned from NEW to RUNNING
2025-03-25 10:14:10,553 INFO [IPC Server handler 2 on default port 8031] org.apache.hadoop.yarn.server.resourcemanager.ResourceTrackerService: NodeManager from node slave0(cmPort: 44629 httpPort: 8042) registered with capability: <memory:8192, vCores:8>, assigned nodeId slave0:44629
2025-03-25 10:14:10,564 INFO [IPC Server handler 0 on default port 8031] org.apache.hadoop.yarn.server.resourcemanager.ResourceTrackerService: NodeManager from node slave2(cmPort: 46445 httpPort: 8042) registered with capability: <memory:8192, vCores:8>, assigned nodeId slave2:46445
2025-03-25 10:14:10,568 INFO [RM Event dispatcher] org.apache.hadoop.yarn.server.resourcemanager.rmnode.RMNodeImpl: slave2:46445 Node Transitioned from NEW to RUNNING
2025-03-25 10:14:10,601 INFO [SchedulerEventDispatcher:Event Processor] org.apache.hadoop.yarn.server.resourcemanager.scheduler.capacity.CapacityScheduler: Added node slave0:44629 clusterResource: <memory:8192, vCores:8>
2025-03-25 10:14:10,605 INFO [SchedulerEventDispatcher:Event Processor] org.apache.hadoop.yarn.server.resourcemanager.scheduler.capacity.CapacityScheduler: Added node slave1:40123 clusterResource: <memory:16384, vCores:16>
2025-03-25 10:14:10,635 INFO [SchedulerEventDispatcher:Event Processor] org.apache.hadoop.yarn.server.resourcemanager.scheduler.capacity.CapacityScheduler: Added node slave2:46445 clusterResource: <memory:24576, vCores:24>
2025-03-25 10:14:52,214 INFO [IPC Server handler 3 on default port 8032] org.apache.hadoop.yarn.server.resourcemanager.ClientRMService: Allocated new applicationId: 1
2025-03-25 10:14:55,511 INFO [IPC Server handler 2 on default port 8032] org.apache.hadoop.yarn.server.resourcemanager.scheduler.capacity.CapacityScheduler: Application 'application_1742897647914_0001' is submitted without priority hence considering default queue/cluster priority: 0
2025-03-25 10:14:55,512 INFO [IPC Server handler 2 on default port 8032] org.apache.hadoop.yarn.server.resourcemanager.scheduler.capacity.CapacityScheduler: Priority '0' is acceptable in queue : default for application: application_1742897647914_0001
2025-03-25 10:14:55,525 WARN [IPC Server handler 2 on default port 8032] org.apache.hadoop.yarn.server.resourcemanager.rmapp.RMAppImpl: The specific max attempts: 0 for application: 1 is invalid, because it is less than or equal to zero. Use the rm max attempts instead.
2025-03-25 10:14:55,526 INFO [IPC Server handler 2 on default port 8032] org.apache.hadoop.yarn.server.resourcemanager.ClientRMService: Application with id 1 submitted by user root
2025-03-25 10:14:55,526 INFO [RM Event dispatcher] org.apache.hadoop.yarn.server.resourcemanager.rmapp.RMAppImpl: Storing application with id application_1742897647914_0001
2025-03-25 10:14:55,533 INFO [RM StateStore dispatcher] org.apache.hadoop.yarn.server.resourcemanager.recovery.RMStateStore: Storing info for app: application_1742897647914_0001
2025-03-25 10:14:55,534 INFO [RM Event dispatcher] org.apache.hadoop.yarn.server.resourcemanager.rmapp.RMAppImpl: application_1742897647914_0001 State change from NEW to NEW_SAVING on event = START
2025-03-25 10:14:55,535 INFO [RM Event dispatcher] org.apache.hadoop.yarn.server.resourcemanager.rmapp.RMAppImpl: application_1742897647914_0001 State change from NEW_SAVING to SUBMITTED on event = APP_NEW_SAVED
2025-03-25 10:14:55,536 INFO [SchedulerEventDispatcher:Event Processor] org.apache.hadoop.yarn.server.resourcemanager.scheduler.capacity.ParentQueue: Application added - appId: application_1742897647914_0001 user: root leaf-queue of parent: root #applications: 1
2025-03-25 10:14:55,537 INFO [SchedulerEventDispatcher:Event Processor] org.apache.hadoop.yarn.server.resourcemanager.scheduler.capacity.CapacityScheduler: Accepted application application_1742897647914_0001 from user: root, in queue: default
2025-03-25 10:14:55,548 INFO [RM Event dispatcher] org.apache.hadoop.yarn.server.resourcemanager.rmapp.RMAppImpl: application_1742897647914_0001 State change from SUBMITTED to ACCEPTED on event = APP_ACCEPTED
2025-03-25 10:14:55,562 INFO [RM Event dispatcher] org.apache.hadoop.yarn.server.resourcemanager.ApplicationMasterService: Registering app attempt : appattempt_1742897647914_0001_000001
2025-03-25 10:14:55,562 INFO [RM Event dispatcher] org.apache.hadoop.yarn.server.resourcemanager.rmapp.attempt.RMAppAttemptImpl: appattempt_1742897647914_0001_000001 State change from NEW to SUBMITTED on event = START
2025-03-25 10:14:55,607 WARN [SchedulerEventDispatcher:Event Processor] org.apache.hadoop.yarn.server.resourcemanager.scheduler.capacity.LeafQueue: maximum-am-resource-percent is insufficient to start a single application in queue, it is likely set too low. skipping enforcement to allow at least one application to start
2025-03-25 10:14:55,607 WARN [SchedulerEventDispatcher:Event Processor] org.apache.hadoop.yarn.server.resourcemanager.scheduler.capacity.LeafQueue: maximum-am-resource-percent is insufficient to start a single application in queue for user, it is likely set too low. skipping enforcement to allow at least one application to start
2025-03-25 10:14:55,608 INFO [SchedulerEventDispatcher:Event Processor] org.apache.hadoop.yarn.server.resourcemanager.scheduler.capacity.LeafQueue: Application application_1742897647914_0001 from user: root activated in queue: root.default
2025-03-25 10:14:55,608 INFO [SchedulerEventDispatcher:Event Processor] org.apache.hadoop.yarn.server.resourcemanager.scheduler.capacity.LeafQueue: Application added - appId: application_1742897647914_0001 user: root, leaf-queue: root.default #user-pending-applications: 0 #user-active-applications: 1 #queue-pending-applications: 0 #queue-active-applications: 1 #queue-nonrunnable-applications: 0
2025-03-25 10:14:55,608 INFO [SchedulerEventDispatcher:Event Processor] org.apache.hadoop.yarn.server.resourcemanager.scheduler.capacity.CapacityScheduler: Added Application Attempt appattempt_1742897647914_0001_000001 to scheduler from user root in queue root.default
2025-03-25 10:14:55,615 INFO [RM Event dispatcher] org.apache.hadoop.yarn.server.resourcemanager.rmapp.attempt.RMAppAttemptImpl: appattempt_1742897647914_0001_000001 State change from SUBMITTED to SCHEDULED on event = ATTEMPT_ADDED
2025-03-25 10:14:55,687 INFO [SchedulerEventDispatcher:Event Processor] org.apache.hadoop.yarn.server.resourcemanager.scheduler.capacity.allocator.AbstractContainerAllocator: assignedContainer application attempt=appattempt_1742897647914_0001_000001 container=null queue=default clusterResource=<memory:24576, vCores:24> type=OFF_SWITCH requestedPartition=
2025-03-25 10:14:55,689 INFO [SchedulerEventDispatcher:Event Processor] org.apache.hadoop.yarn.server.resourcemanager.rmcontainer.RMContainerImpl: container_1742897647914_0001_01_000001 Container Transitioned from NEW to ALLOCATED
2025-03-25 10:14:55,690 INFO [SchedulerEventDispatcher:Event Processor] org.apache.hadoop.yarn.server.resourcemanager.scheduler.common.fica.FiCaSchedulerNode: Assigned container container_1742897647914_0001_01_000001 of capacity <memory:5120, vCores:1> on host slave0:44629, which has 1 containers, <memory:5120, vCores:1> used and <memory:3072, vCores:7> available after allocation
2025-03-25 10:14:55,690 INFO [SchedulerEventDispatcher:Event Processor] org.apache.hadoop.yarn.server.resourcemanager.scheduler.capacity.ParentQueue: assignedContainer queue=root usedCapacity=0.20833333 absoluteUsedCapacity=0.20833333 used=<memory:5120, vCores:1> cluster=<memory:24576, vCores:24>
2025-03-25 10:14:55,690 INFO [SchedulerEventDispatcher:Event Processor] org.apache.hadoop.yarn.server.resourcemanager.scheduler.capacity.CapacityScheduler: Allocation proposal accepted
2025-03-25 10:14:55,701 INFO [RM Event dispatcher] org.apache.hadoop.yarn.server.resourcemanager.rmcontainer.RMContainerImpl: container_1742897647914_0001_01_000001 Container Transitioned from ALLOCATED to ACQUIRED
2025-03-25 10:14:55,702 INFO [RM Event dispatcher] org.apache.hadoop.yarn.server.resourcemanager.security.NMTokenSecretManagerInRM: Clear node set for appattempt_1742897647914_0001_000001
2025-03-25 10:14:55,702 INFO [RM Event dispatcher] org.apache.hadoop.yarn.server.resourcemanager.rmapp.attempt.RMAppAttemptImpl: Storing attempt: AppId: application_1742897647914_0001 AttemptId: appattempt_1742897647914_0001_000001 MasterContainer: Container: [ContainerId: container_1742897647914_0001_01_000001, AllocationRequestId: -1, Version: 0, NodeId: slave0:44629, NodeHttpAddress: slave0:8042, Resource: <memory:5120, vCores:1>, Priority: 0, Token: Token { kind: ContainerToken, service: 172.20.1.11:44629 }, ExecutionType: GUARANTEED, ]
2025-03-25 10:14:55,730 INFO [RM Event dispatcher] org.apache.hadoop.yarn.server.resourcemanager.rmapp.attempt.RMAppAttemptImpl: appattempt_1742897647914_0001_000001 State change from SCHEDULED to ALLOCATED_SAVING on event = CONTAINER_ALLOCATED
2025-03-25 10:14:55,733 INFO [RM Event dispatcher] org.apache.hadoop.yarn.server.resourcemanager.rmapp.attempt.RMAppAttemptImpl: appattempt_1742897647914_0001_000001 State change from ALLOCATED_SAVING to ALLOCATED on event = ATTEMPT_NEW_SAVED
2025-03-25 10:14:55,751 INFO [ApplicationMasterLauncher #0] org.apache.hadoop.yarn.server.resourcemanager.amlauncher.AMLauncher: Launching masterappattempt_1742897647914_0001_000001
2025-03-25 10:14:55,787 INFO [ApplicationMasterLauncher #0] org.apache.hadoop.yarn.server.resourcemanager.amlauncher.AMLauncher: Setting up container Container: [ContainerId: container_1742897647914_0001_01_000001, AllocationRequestId: -1, Version: 0, NodeId: slave0:44629, NodeHttpAddress: slave0:8042, Resource: <memory:5120, vCores:1>, Priority: 0, Token: Token { kind: ContainerToken, service: 172.20.1.11:44629 }, ExecutionType: GUARANTEED, ] for AM appattempt_1742897647914_0001_000001
2025-03-25 10:14:55,787 INFO [ApplicationMasterLauncher #0] org.apache.hadoop.yarn.server.resourcemanager.security.AMRMTokenSecretManager: Create AMRMToken for ApplicationAttempt: appattempt_1742897647914_0001_000001
2025-03-25 10:14:55,789 INFO [ApplicationMasterLauncher #0] org.apache.hadoop.yarn.server.resourcemanager.security.AMRMTokenSecretManager: Creating password for appattempt_1742897647914_0001_000001
2025-03-25 10:14:55,941 INFO [ApplicationMasterLauncher #0] org.apache.hadoop.yarn.server.resourcemanager.amlauncher.AMLauncher: Done launching container Container: [ContainerId: container_1742897647914_0001_01_000001, AllocationRequestId: -1, Version: 0, NodeId: slave0:44629, NodeHttpAddress: slave0:8042, Resource: <memory:5120, vCores:1>, Priority: 0, Token: Token { kind: ContainerToken, service: 172.20.1.11:44629 }, ExecutionType: GUARANTEED, ] for AM appattempt_1742897647914_0001_000001
2025-03-25 10:14:55,941 INFO [RM Event dispatcher] org.apache.hadoop.yarn.server.resourcemanager.rmapp.attempt.RMAppAttemptImpl: appattempt_1742897647914_0001_000001 State change from ALLOCATED to LAUNCHED on event = LAUNCHED
2025-03-25 10:14:55,941 INFO [RM Event dispatcher] org.apache.hadoop.yarn.server.resourcemanager.rmapp.RMAppImpl: update the launch time for applicationId: application_1742897647914_0001, attemptId: appattempt_1742897647914_0001_000001launchTime: 1742897695941
2025-03-25 10:14:55,942 INFO [RM StateStore dispatcher] org.apache.hadoop.yarn.server.resourcemanager.recovery.RMStateStore: Updating info for app: application_1742897647914_0001
2025-03-25 10:14:56,686 INFO [SchedulerEventDispatcher:Event Processor] org.apache.hadoop.yarn.server.resourcemanager.rmcontainer.RMContainerImpl: container_1742897647914_0001_01_000001 Container Transitioned from ACQUIRED to RUNNING
2025-03-25 10:15:00,027 INFO [Socket Reader #1 for port 8030] SecurityLogger.org.apache.hadoop.ipc.Server: Auth successful for appattempt_1742897647914_0001_000001 (auth:SIMPLE) from 172.20.1.11:54638
2025-03-25 10:15:00,041 INFO [IPC Server handler 31 on default port 8030] org.apache.hadoop.yarn.server.resourcemanager.DefaultAMSProcessor: AM registration appattempt_1742897647914_0001_000001
2025-03-25 10:15:00,042 INFO [RM Event dispatcher] org.apache.hadoop.yarn.server.resourcemanager.rmapp.attempt.RMAppAttemptImpl: appattempt_1742897647914_0001_000001 State change from LAUNCHED to RUNNING on event = REGISTERED
2025-03-25 10:15:00,042 INFO [RM Event dispatcher] org.apache.hadoop.yarn.server.resourcemanager.rmapp.RMAppImpl: application_1742897647914_0001 State change from ACCEPTED to RUNNING on event = ATTEMPT_REGISTERED
2025-03-25 10:15:00,682 INFO [SchedulerEventDispatcher:Event Processor] org.apache.hadoop.yarn.server.resourcemanager.scheduler.capacity.allocator.AbstractContainerAllocator: assignedContainer application attempt=appattempt_1742897647914_0001_000001 container=null queue=default clusterResource=<memory:24576, vCores:24> type=OFF_SWITCH requestedPartition=
2025-03-25 10:15:00,683 INFO [SchedulerEventDispatcher:Event Processor] org.apache.hadoop.yarn.server.resourcemanager.rmcontainer.RMContainerImpl: container_1742897647914_0001_01_000002 Container Transitioned from NEW to ALLOCATED
2025-03-25 10:15:00,683 INFO [SchedulerEventDispatcher:Event Processor] org.apache.hadoop.yarn.server.resourcemanager.scheduler.common.fica.FiCaSchedulerNode: Assigned container container_1742897647914_0001_01_000002 of capacity <memory:3072, vCores:1> on host slave2:46445, which has 1 containers, <memory:3072, vCores:1> used and <memory:5120, vCores:7> available after allocation
2025-03-25 10:15:00,683 INFO [SchedulerEventDispatcher:Event Processor] org.apache.hadoop.yarn.server.resourcemanager.scheduler.capacity.ParentQueue: assignedContainer queue=root usedCapacity=0.33333334 absoluteUsedCapacity=0.33333334 used=<memory:8192, vCores:2> cluster=<memory:24576, vCores:24>
2025-03-25 10:15:00,683 INFO [SchedulerEventDispatcher:Event Processor] org.apache.hadoop.yarn.server.resourcemanager.scheduler.capacity.CapacityScheduler: Allocation proposal accepted
2025-03-25 10:15:00,688 INFO [SchedulerEventDispatcher:Event Processor] org.apache.hadoop.yarn.server.resourcemanager.scheduler.capacity.allocator.AbstractContainerAllocator: assignedContainer application attempt=appattempt_1742897647914_0001_000001 container=null queue=default clusterResource=<memory:24576, vCores:24> type=OFF_SWITCH requestedPartition=
2025-03-25 10:15:00,689 INFO [SchedulerEventDispatcher:Event Processor] org.apache.hadoop.yarn.server.resourcemanager.rmcontainer.RMContainerImpl: container_1742897647914_0001_01_000003 Container Transitioned from NEW to ALLOCATED
2025-03-25 10:15:00,689 INFO [SchedulerEventDispatcher:Event Processor] org.apache.hadoop.yarn.server.resourcemanager.scheduler.common.fica.FiCaSchedulerNode: Assigned container container_1742897647914_0001_01_000003 of capacity <memory:3072, vCores:1> on host slave1:40123, which has 1 containers, <memory:3072, vCores:1> used and <memory:5120, vCores:7> available after allocation
2025-03-25 10:15:00,689 INFO [SchedulerEventDispatcher:Event Processor] org.apache.hadoop.yarn.server.resourcemanager.scheduler.capacity.ParentQueue: assignedContainer queue=root usedCapacity=0.45833334 absoluteUsedCapacity=0.45833334 used=<memory:11264, vCores:3> cluster=<memory:24576, vCores:24>
2025-03-25 10:15:00,689 INFO [SchedulerEventDispatcher:Event Processor] org.apache.hadoop.yarn.server.resourcemanager.scheduler.capacity.CapacityScheduler: Allocation proposal accepted
2025-03-25 10:15:00,711 INFO [SchedulerEventDispatcher:Event Processor] org.apache.hadoop.yarn.server.resourcemanager.scheduler.capacity.allocator.AbstractContainerAllocator: assignedContainer application attempt=appattempt_1742897647914_0001_000001 container=null queue=default clusterResource=<memory:24576, vCores:24> type=OFF_SWITCH requestedPartition=
2025-03-25 10:15:00,711 INFO [SchedulerEventDispatcher:Event Processor] org.apache.hadoop.yarn.server.resourcemanager.rmcontainer.RMContainerImpl: container_1742897647914_0001_01_000004 Container Transitioned from NEW to ALLOCATED
2025-03-25 10:15:00,711 INFO [SchedulerEventDispatcher:Event Processor] org.apache.hadoop.yarn.server.resourcemanager.scheduler.common.fica.FiCaSchedulerNode: Assigned container container_1742897647914_0001_01_000004 of capacity <memory:3072, vCores:1> on host slave0:44629, which has 2 containers, <memory:8192, vCores:2> used and <memory:0, vCores:6> available after allocation
2025-03-25 10:15:00,712 INFO [SchedulerEventDispatcher:Event Processor] org.apache.hadoop.yarn.server.resourcemanager.scheduler.capacity.ParentQueue: assignedContainer queue=root usedCapacity=0.5833333 absoluteUsedCapacity=0.5833333 used=<memory:14336, vCores:4> cluster=<memory:24576, vCores:24>
2025-03-25 10:15:00,712 INFO [SchedulerEventDispatcher:Event Processor] org.apache.hadoop.yarn.server.resourcemanager.scheduler.capacity.CapacityScheduler: Allocation proposal accepted
2025-03-25 10:15:01,029 INFO [IPC Server handler 11 on default port 8030] org.apache.hadoop.yarn.server.resourcemanager.rmcontainer.RMContainerImpl: container_1742897647914_0001_01_000002 Container Transitioned from ALLOCATED to ACQUIRED
2025-03-25 10:15:01,031 INFO [IPC Server handler 11 on default port 8030] org.apache.hadoop.yarn.server.resourcemanager.rmcontainer.RMContainerImpl: container_1742897647914_0001_01_000003 Container Transitioned from ALLOCATED to ACQUIRED
2025-03-25 10:15:01,031 INFO [IPC Server handler 11 on default port 8030] org.apache.hadoop.yarn.server.resourcemanager.rmcontainer.RMContainerImpl: container_1742897647914_0001_01_000004 Container Transitioned from ALLOCATED to ACQUIRED
2025-03-25 10:15:01,691 INFO [SchedulerEventDispatcher:Event Processor] org.apache.hadoop.yarn.server.resourcemanager.rmcontainer.RMContainerImpl: container_1742897647914_0001_01_000003 Container Transitioned from ACQUIRED to RUNNING
2025-03-25 10:15:01,691 INFO [SchedulerEventDispatcher:Event Processor] org.apache.hadoop.yarn.server.resourcemanager.rmcontainer.RMContainerImpl: container_1742897647914_0001_01_000002 Container Transitioned from ACQUIRED to RUNNING
2025-03-25 10:15:01,713 INFO [SchedulerEventDispatcher:Event Processor] org.apache.hadoop.yarn.server.resourcemanager.rmcontainer.RMContainerImpl: container_1742897647914_0001_01_000004 Container Transitioned from ACQUIRED to RUNNING
2025-03-25 10:15:04,056 INFO [IPC Server handler 7 on default port 8030] org.apache.hadoop.yarn.server.resourcemanager.scheduler.AppSchedulingInfo: checking for deactivate of application :application_1742897647914_0001
2025-03-25 10:15:10,318 INFO [SchedulerEventDispatcher:Event Processor] org.apache.hadoop.yarn.server.resourcemanager.rmcontainer.RMContainerImpl: container_1742897647914_0001_01_000002 Container Transitioned from RUNNING to COMPLETED
2025-03-25 10:15:10,334 INFO [SchedulerEventDispatcher:Event Processor] org.apache.hadoop.yarn.server.resourcemanager.rmcontainer.RMContainerImpl: container_1742897647914_0001_01_000003 Container Transitioned from RUNNING to COMPLETED
2025-03-25 10:15:10,346 INFO [RM Event dispatcher] org.apache.hadoop.yarn.server.resourcemanager.rmapp.attempt.RMAppAttemptImpl: Updating application attempt appattempt_1742897647914_0001_000001 with final state: FINISHING, and exit status: -1000
2025-03-25 10:15:10,347 INFO [RM Event dispatcher] org.apache.hadoop.yarn.server.resourcemanager.rmapp.attempt.RMAppAttemptImpl: appattempt_1742897647914_0001_000001 State change from RUNNING to FINAL_SAVING on event = UNREGISTERED
2025-03-25 10:15:10,347 INFO [RM Event dispatcher] org.apache.hadoop.yarn.server.resourcemanager.rmapp.RMAppImpl: Updating application application_1742897647914_0001 with final state: FINISHING
2025-03-25 10:15:10,347 INFO [RM StateStore dispatcher] org.apache.hadoop.yarn.server.resourcemanager.recovery.RMStateStore: Updating info for app: application_1742897647914_0001
2025-03-25 10:15:10,347 INFO [RM Event dispatcher] org.apache.hadoop.yarn.server.resourcemanager.rmapp.RMAppImpl: application_1742897647914_0001 State change from RUNNING to FINAL_SAVING on event = ATTEMPT_UNREGISTERED
2025-03-25 10:15:10,348 INFO [RM Event dispatcher] org.apache.hadoop.yarn.server.resourcemanager.rmapp.attempt.RMAppAttemptImpl: appattempt_1742897647914_0001_000001 State change from FINAL_SAVING to FINISHING on event = ATTEMPT_UPDATE_SAVED
2025-03-25 10:15:10,348 INFO [RM Event dispatcher] org.apache.hadoop.yarn.server.resourcemanager.rmapp.RMAppImpl: application_1742897647914_0001 State change from FINAL_SAVING to FINISHING on event = APP_UPDATE_SAVED
2025-03-25 10:15:10,356 INFO [SchedulerEventDispatcher:Event Processor] org.apache.hadoop.yarn.server.resourcemanager.rmcontainer.RMContainerImpl: container_1742897647914_0001_01_000004 Container Transitioned from RUNNING to COMPLETED
2025-03-25 10:15:10,447 INFO [IPC Server handler 29 on default port 8030] org.apache.hadoop.yarn.server.resourcemanager.ApplicationMasterService: application_1742897647914_0001 unregistered successfully. 
2025-03-25 10:15:10,570 INFO [SchedulerEventDispatcher:Event Processor] org.apache.hadoop.yarn.server.resourcemanager.rmcontainer.RMContainerImpl: container_1742897647914_0001_01_000001 Container Transitioned from RUNNING to COMPLETED
2025-03-25 10:15:10,570 INFO [RM Event dispatcher] org.apache.hadoop.yarn.server.resourcemanager.ApplicationMasterService: Unregistering app attempt : appattempt_1742897647914_0001_000001
2025-03-25 10:15:10,571 INFO [RM Event dispatcher] org.apache.hadoop.yarn.server.resourcemanager.security.AMRMTokenSecretManager: Application finished, removing password for appattempt_1742897647914_0001_000001
2025-03-25 10:15:10,572 INFO [RM Event dispatcher] org.apache.hadoop.yarn.server.resourcemanager.rmapp.attempt.RMAppAttemptImpl: appattempt_1742897647914_0001_000001 State change from FINISHING to FINISHED on event = CONTAINER_FINISHED
2025-03-25 10:15:10,574 INFO [RM Event dispatcher] org.apache.hadoop.yarn.server.resourcemanager.rmapp.RMAppImpl: application_1742897647914_0001 State change from FINISHING to FINISHED on event = ATTEMPT_FINISHED
2025-03-25 10:15:10,574 INFO [SchedulerEventDispatcher:Event Processor] org.apache.hadoop.yarn.server.resourcemanager.scheduler.capacity.CapacityScheduler: Application Attempt appattempt_1742897647914_0001_000001 is done. finalState=FINISHED
2025-03-25 10:15:10,574 INFO [SchedulerEventDispatcher:Event Processor] org.apache.hadoop.yarn.server.resourcemanager.scheduler.AppSchedulingInfo: Application application_1742897647914_0001 requests cleared
2025-03-25 10:15:10,574 INFO [SchedulerEventDispatcher:Event Processor] org.apache.hadoop.yarn.server.resourcemanager.scheduler.capacity.LeafQueue: Application removed - appId: application_1742897647914_0001 user: root queue: root.default #user-pending-applications: 0 #user-active-applications: 0 #queue-pending-applications: 0 #queue-active-applications: 0
2025-03-25 10:15:10,575 INFO [SchedulerEventDispatcher:Event Processor] org.apache.hadoop.yarn.server.resourcemanager.scheduler.capacity.ParentQueue: Application removed - appId: application_1742897647914_0001 user: root leaf-queue of parent: root #applications: 0
2025-03-25 10:15:10,575 INFO [ApplicationMasterLauncher #1] org.apache.hadoop.yarn.server.resourcemanager.amlauncher.AMLauncher: Cleaning master appattempt_1742897647914_0001_000001
2025-03-25 10:15:10,578 INFO [RM Event dispatcher] org.apache.hadoop.yarn.server.resourcemanager.RMAppManager$ApplicationSummary: appId=application_1742897647914_0001,name=org.apache.spark.examples.ml.DeveloperApiExample,user=root,queue=default,state=FINISHED,trackingUrl=http://master:8088/proxy/application_1742897647914_0001/,appMasterHost=slave0,submitTime=1742897695468,startTime=1742897695525,launchTime=1742897695941,finishTime=1742897710347,finalStatus=SUCCEEDED,memorySeconds=165059,vcoreSeconds=41,preemptedMemorySeconds=0,preemptedVcoreSeconds=0,preemptedAMContainers=0,preemptedNonAMContainers=0,preemptedResources=<memory:0\, vCores:0>,applicationType=SPARK,resourceSeconds=165059 MB-seconds\, 41 vcore-seconds,preemptedResourceSeconds=0 MB-seconds\, 0 vcore-seconds,applicationTags=,applicationNodeLabel=,diagnostics=,totalAllocatedContainers=4
