program=ml.DeveloperApiExample
SPARKLORD_MODE=CONFIG_INJECTION
cpu_cores=2
cpu_util=200
memory=4g
config_file_name=spark-defaults.conf
config_key=spark.archives
config_value=s3://my-bucket/scripts.tar.gz

2025-03-25 08:21:43,971 INFO [main] org.apache.hadoop.yarn.server.resourcemanager.ResourceManager: STARTUP_MSG: 
/************************************************************
STARTUP_MSG: Starting ResourceManager
STARTUP_MSG:   host = master/172.20.1.14
STARTUP_MSG:   args = []
STARTUP_MSG:   version = 3.3.4
STARTUP_MSG:   classpath = /hadoop/etc/hadoop:/hadoop/share/hadoop/common/lib/jetty-io-9.4.43.v20210629.jar:/hadoop/share/hadoop/common/lib/jersey-core-1.19.jar:/hadoop/share/hadoop/common/lib/kerb-admin-1.0.1.jar:/hadoop/share/hadoop/common/lib/avro-1.7.7.jar:/hadoop/share/hadoop/common/lib/jetty-servlet-9.4.43.v20210629.jar:/hadoop/share/hadoop/common/lib/jackson-jaxrs-1.9.13.jar:/hadoop/share/hadoop/common/lib/listenablefuture-9999.0-empty-to-avoid-conflict-with-guava.jar:/hadoop/share/hadoop/common/lib/kerby-config-1.0.1.jar:/hadoop/share/hadoop/common/lib/commons-logging-1.1.3.jar:/hadoop/share/hadoop/common/lib/jackson-core-asl-1.9.13.jar:/hadoop/share/hadoop/common/lib/curator-recipes-4.2.0.jar:/hadoop/share/hadoop/common/lib/jetty-util-9.4.43.v20210629.jar:/hadoop/share/hadoop/common/lib/animal-sniffer-annotations-1.17.jar:/hadoop/share/hadoop/common/lib/curator-framework-4.2.0.jar:/hadoop/share/hadoop/common/lib/zookeeper-3.5.6.jar:/hadoop/share/hadoop/common/lib/commons-daemon-1.0.13.jar:/hadoop/share/hadoop/common/lib/jsr305-3.0.2.jar:/hadoop/share/hadoop/common/lib/hadoop-shaded-protobuf_3_7-1.1.1.jar:/hadoop/share/hadoop/common/lib/curator-client-4.2.0.jar:/hadoop/share/hadoop/common/lib/kerb-client-1.0.1.jar:/hadoop/share/hadoop/common/lib/kerby-util-1.0.1.jar:/hadoop/share/hadoop/common/lib/j2objc-annotations-1.1.jar:/hadoop/share/hadoop/common/lib/jetty-util-ajax-9.4.43.v20210629.jar:/hadoop/share/hadoop/common/lib/jackson-core-2.12.7.jar:/hadoop/share/hadoop/common/lib/jackson-databind-2.12.7.jar:/hadoop/share/hadoop/common/lib/jetty-xml-9.4.43.v20210629.jar:/hadoop/share/hadoop/common/lib/kerb-common-1.0.1.jar:/hadoop/share/hadoop/common/lib/jackson-xc-1.9.13.jar:/hadoop/share/hadoop/common/lib/jaxb-impl-2.2.3-1.jar:/hadoop/share/hadoop/common/lib/metrics-core-3.2.4.jar:/hadoop/share/hadoop/common/lib/reload4j-1.2.22.jar:/hadoop/share/hadoop/common/lib/commons-text-1.4.jar:/hadoop/share/hadoop/common/lib/commons-cli-1.2.jar:/hadoop/share/hadoop/common/lib/commons-collections-3.2.2.jar:/hadoop/share/hadoop/common/lib/token-provider-1.0.1.jar:/hadoop/share/hadoop/common/lib/snappy-java-1.1.8.2.jar:/hadoop/share/hadoop/common/lib/commons-math3-3.1.1.jar:/hadoop/share/hadoop/common/lib/jackson-annotations-2.12.7.jar:/hadoop/share/hadoop/common/lib/jetty-security-9.4.43.v20210629.jar:/hadoop/share/hadoop/common/lib/commons-codec-1.15.jar:/hadoop/share/hadoop/common/lib/checker-qual-2.5.2.jar:/hadoop/share/hadoop/common/lib/httpclient-4.5.13.jar:/hadoop/share/hadoop/common/lib/woodstox-core-5.3.0.jar:/hadoop/share/hadoop/common/lib/netty-3.10.6.Final.jar:/hadoop/share/hadoop/common/lib/hadoop-annotations-3.3.4.jar:/hadoop/share/hadoop/common/lib/jsp-api-2.1.jar:/hadoop/share/hadoop/common/lib/jetty-server-9.4.43.v20210629.jar:/hadoop/share/hadoop/common/lib/slf4j-reload4j-1.7.36.jar:/hadoop/share/hadoop/common/lib/commons-beanutils-1.9.4.jar:/hadoop/share/hadoop/common/lib/accessors-smart-2.4.7.jar:/hadoop/share/hadoop/common/lib/jersey-server-1.19.jar:/hadoop/share/hadoop/common/lib/dnsjava-2.1.7.jar:/hadoop/share/hadoop/common/lib/httpcore-4.4.13.jar:/hadoop/share/hadoop/common/lib/jetty-webapp-9.4.43.v20210629.jar:/hadoop/share/hadoop/common/lib/kerb-simplekdc-1.0.1.jar:/hadoop/share/hadoop/common/lib/jaxb-api-2.2.11.jar:/hadoop/share/hadoop/common/lib/jsr311-api-1.1.1.jar:/hadoop/share/hadoop/common/lib/hadoop-shaded-guava-1.1.1.jar:/hadoop/share/hadoop/common/lib/failureaccess-1.0.jar:/hadoop/share/hadoop/common/lib/gson-2.8.9.jar:/hadoop/share/hadoop/common/lib/commons-lang3-3.12.0.jar:/hadoop/share/hadoop/common/lib/kerby-xdr-1.0.1.jar:/hadoop/share/hadoop/common/lib/guava-27.0-jre.jar:/hadoop/share/hadoop/common/lib/jcip-annotations-1.0-1.jar:/hadoop/share/hadoop/common/lib/commons-io-2.8.0.jar:/hadoop/share/hadoop/common/lib/javax.servlet-api-3.1.0.jar:/hadoop/share/hadoop/common/lib/slf4j-api-1.7.36.jar:/hadoop/share/hadoop/common/lib/re2j-1.1.jar:/hadoop/share/hadoop/common/lib/nimbus-jose-jwt-9.8.1.jar:/hadoop/share/hadoop/common/lib/jersey-servlet-1.19.jar:/hadoop/share/hadoop/common/lib/kerb-util-1.0.1.jar:/hadoop/share/hadoop/common/lib/jakarta.activation-api-1.2.1.jar:/hadoop/share/hadoop/common/lib/commons-net-3.6.jar:/hadoop/share/hadoop/common/lib/kerb-core-1.0.1.jar:/hadoop/share/hadoop/common/lib/jackson-mapper-asl-1.9.13.jar:/hadoop/share/hadoop/common/lib/hadoop-auth-3.3.4.jar:/hadoop/share/hadoop/common/lib/kerby-asn1-1.0.1.jar:/hadoop/share/hadoop/common/lib/protobuf-java-2.5.0.jar:/hadoop/share/hadoop/common/lib/jul-to-slf4j-1.7.36.jar:/hadoop/share/hadoop/common/lib/stax2-api-4.2.1.jar:/hadoop/share/hadoop/common/lib/commons-configuration2-2.1.1.jar:/hadoop/share/hadoop/common/lib/commons-compress-1.21.jar:/hadoop/share/hadoop/common/lib/json-smart-2.4.7.jar:/hadoop/share/hadoop/common/lib/kerby-pkix-1.0.1.jar:/hadoop/share/hadoop/common/lib/asm-5.0.4.jar:/hadoop/share/hadoop/common/lib/paranamer-2.3.jar:/hadoop/share/hadoop/common/lib/kerb-server-1.0.1.jar:/hadoop/share/hadoop/common/lib/kerb-crypto-1.0.1.jar:/hadoop/share/hadoop/common/lib/kerb-identity-1.0.1.jar:/hadoop/share/hadoop/common/lib/jetty-http-9.4.43.v20210629.jar:/hadoop/share/hadoop/common/lib/jersey-json-1.19.jar:/hadoop/share/hadoop/common/lib/zookeeper-jute-3.5.6.jar:/hadoop/share/hadoop/common/lib/jettison-1.1.jar:/hadoop/share/hadoop/common/lib/jsch-0.1.55.jar:/hadoop/share/hadoop/common/lib/audience-annotations-0.5.0.jar:/hadoop/share/hadoop/common/hadoop-common-3.3.4.jar:/hadoop/share/hadoop/common/hadoop-kms-3.3.4.jar:/hadoop/share/hadoop/common/hadoop-registry-3.3.4.jar:/hadoop/share/hadoop/common/hadoop-nfs-3.3.4.jar:/hadoop/share/hadoop/common/hadoop-common-3.3.4-tests.jar:/hadoop/share/hadoop/hdfs:/hadoop/share/hadoop/hdfs/lib/jetty-io-9.4.43.v20210629.jar:/hadoop/share/hadoop/hdfs/lib/jersey-core-1.19.jar:/hadoop/share/hadoop/hdfs/lib/kerb-admin-1.0.1.jar:/hadoop/share/hadoop/hdfs/lib/avro-1.7.7.jar:/hadoop/share/hadoop/hdfs/lib/jetty-servlet-9.4.43.v20210629.jar:/hadoop/share/hadoop/hdfs/lib/netty-codec-memcache-4.1.77.Final.jar:/hadoop/share/hadoop/hdfs/lib/jackson-jaxrs-1.9.13.jar:/hadoop/share/hadoop/hdfs/lib/listenablefuture-9999.0-empty-to-avoid-conflict-with-guava.jar:/hadoop/share/hadoop/hdfs/lib/kerby-config-1.0.1.jar:/hadoop/share/hadoop/hdfs/lib/commons-logging-1.1.3.jar:/hadoop/share/hadoop/hdfs/lib/jackson-core-asl-1.9.13.jar:/hadoop/share/hadoop/hdfs/lib/curator-recipes-4.2.0.jar:/hadoop/share/hadoop/hdfs/lib/jetty-util-9.4.43.v20210629.jar:/hadoop/share/hadoop/hdfs/lib/netty-codec-http2-4.1.77.Final.jar:/hadoop/share/hadoop/hdfs/lib/netty-codec-mqtt-4.1.77.Final.jar:/hadoop/share/hadoop/hdfs/lib/animal-sniffer-annotations-1.17.jar:/hadoop/share/hadoop/hdfs/lib/netty-codec-socks-4.1.77.Final.jar:/hadoop/share/hadoop/hdfs/lib/netty-buffer-4.1.77.Final.jar:/hadoop/share/hadoop/hdfs/lib/curator-framework-4.2.0.jar:/hadoop/share/hadoop/hdfs/lib/netty-transport-rxtx-4.1.77.Final.jar:/hadoop/share/hadoop/hdfs/lib/zookeeper-3.5.6.jar:/hadoop/share/hadoop/hdfs/lib/commons-daemon-1.0.13.jar:/hadoop/share/hadoop/hdfs/lib/netty-common-4.1.77.Final.jar:/hadoop/share/hadoop/hdfs/lib/jsr305-3.0.2.jar:/hadoop/share/hadoop/hdfs/lib/hadoop-shaded-protobuf_3_7-1.1.1.jar:/hadoop/share/hadoop/hdfs/lib/curator-client-4.2.0.jar:/hadoop/share/hadoop/hdfs/lib/netty-codec-dns-4.1.77.Final.jar:/hadoop/share/hadoop/hdfs/lib/netty-transport-classes-epoll-4.1.77.Final.jar:/hadoop/share/hadoop/hdfs/lib/kerb-client-1.0.1.jar:/hadoop/share/hadoop/hdfs/lib/netty-codec-xml-4.1.77.Final.jar:/hadoop/share/hadoop/hdfs/lib/netty-transport-native-epoll-4.1.77.Final-linux-x86_64.jar:/hadoop/share/hadoop/hdfs/lib/netty-transport-native-kqueue-4.1.77.Final-osx-aarch_64.jar:/hadoop/share/hadoop/hdfs/lib/kerby-util-1.0.1.jar:/hadoop/share/hadoop/hdfs/lib/j2objc-annotations-1.1.jar:/hadoop/share/hadoop/hdfs/lib/netty-transport-4.1.77.Final.jar:/hadoop/share/hadoop/hdfs/lib/jetty-util-ajax-9.4.43.v20210629.jar:/hadoop/share/hadoop/hdfs/lib/jackson-core-2.12.7.jar:/hadoop/share/hadoop/hdfs/lib/jackson-databind-2.12.7.jar:/hadoop/share/hadoop/hdfs/lib/jetty-xml-9.4.43.v20210629.jar:/hadoop/share/hadoop/hdfs/lib/kerb-common-1.0.1.jar:/hadoop/share/hadoop/hdfs/lib/jackson-xc-1.9.13.jar:/hadoop/share/hadoop/hdfs/lib/jaxb-impl-2.2.3-1.jar:/hadoop/share/hadoop/hdfs/lib/netty-codec-haproxy-4.1.77.Final.jar:/hadoop/share/hadoop/hdfs/lib/netty-codec-http-4.1.77.Final.jar:/hadoop/share/hadoop/hdfs/lib/reload4j-1.2.22.jar:/hadoop/share/hadoop/hdfs/lib/netty-codec-stomp-4.1.77.Final.jar:/hadoop/share/hadoop/hdfs/lib/netty-transport-native-unix-common-4.1.77.Final.jar:/hadoop/share/hadoop/hdfs/lib/commons-text-1.4.jar:/hadoop/share/hadoop/hdfs/lib/commons-cli-1.2.jar:/hadoop/share/hadoop/hdfs/lib/commons-collections-3.2.2.jar:/hadoop/share/hadoop/hdfs/lib/token-provider-1.0.1.jar:/hadoop/share/hadoop/hdfs/lib/snappy-java-1.1.8.2.jar:/hadoop/share/hadoop/hdfs/lib/netty-all-4.1.77.Final.jar:/hadoop/share/hadoop/hdfs/lib/commons-math3-3.1.1.jar:/hadoop/share/hadoop/hdfs/lib/jackson-annotations-2.12.7.jar:/hadoop/share/hadoop/hdfs/lib/jetty-security-9.4.43.v20210629.jar:/hadoop/share/hadoop/hdfs/lib/netty-resolver-dns-native-macos-4.1.77.Final-osx-aarch_64.jar:/hadoop/share/hadoop/hdfs/lib/netty-resolver-dns-4.1.77.Final.jar:/hadoop/share/hadoop/hdfs/lib/commons-codec-1.15.jar:/hadoop/share/hadoop/hdfs/lib/checker-qual-2.5.2.jar:/hadoop/share/hadoop/hdfs/lib/httpclient-4.5.13.jar:/hadoop/share/hadoop/hdfs/lib/woodstox-core-5.3.0.jar:/hadoop/share/hadoop/hdfs/lib/kotlin-stdlib-1.4.10.jar:/hadoop/share/hadoop/hdfs/lib/netty-3.10.6.Final.jar:/hadoop/share/hadoop/hdfs/lib/hadoop-annotations-3.3.4.jar:/hadoop/share/hadoop/hdfs/lib/netty-codec-redis-4.1.77.Final.jar:/hadoop/share/hadoop/hdfs/lib/jetty-server-9.4.43.v20210629.jar:/hadoop/share/hadoop/hdfs/lib/netty-transport-classes-kqueue-4.1.77.Final.jar:/hadoop/share/hadoop/hdfs/lib/commons-beanutils-1.9.4.jar:/hadoop/share/hadoop/hdfs/lib/json-simple-1.1.1.jar:/hadoop/share/hadoop/hdfs/lib/okio-2.8.0.jar:/hadoop/share/hadoop/hdfs/lib/accessors-smart-2.4.7.jar:/hadoop/share/hadoop/hdfs/lib/jersey-server-1.19.jar:/hadoop/share/hadoop/hdfs/lib/dnsjava-2.1.7.jar:/hadoop/share/hadoop/hdfs/lib/httpcore-4.4.13.jar:/hadoop/share/hadoop/hdfs/lib/jetty-webapp-9.4.43.v20210629.jar:/hadoop/share/hadoop/hdfs/lib/kerb-simplekdc-1.0.1.jar:/hadoop/share/hadoop/hdfs/lib/jaxb-api-2.2.11.jar:/hadoop/share/hadoop/hdfs/lib/jsr311-api-1.1.1.jar:/hadoop/share/hadoop/hdfs/lib/netty-resolver-dns-classes-macos-4.1.77.Final.jar:/hadoop/share/hadoop/hdfs/lib/okhttp-4.9.3.jar:/hadoop/share/hadoop/hdfs/lib/hadoop-shaded-guava-1.1.1.jar:/hadoop/share/hadoop/hdfs/lib/failureaccess-1.0.jar:/hadoop/share/hadoop/hdfs/lib/gson-2.8.9.jar:/hadoop/share/hadoop/hdfs/lib/commons-lang3-3.12.0.jar:/hadoop/share/hadoop/hdfs/lib/kerby-xdr-1.0.1.jar:/hadoop/share/hadoop/hdfs/lib/guava-27.0-jre.jar:/hadoop/share/hadoop/hdfs/lib/jcip-annotations-1.0-1.jar:/hadoop/share/hadoop/hdfs/lib/netty-codec-smtp-4.1.77.Final.jar:/hadoop/share/hadoop/hdfs/lib/commons-io-2.8.0.jar:/hadoop/share/hadoop/hdfs/lib/javax.servlet-api-3.1.0.jar:/hadoop/share/hadoop/hdfs/lib/netty-resolver-dns-native-macos-4.1.77.Final-osx-x86_64.jar:/hadoop/share/hadoop/hdfs/lib/netty-transport-sctp-4.1.77.Final.jar:/hadoop/share/hadoop/hdfs/lib/netty-handler-proxy-4.1.77.Final.jar:/hadoop/share/hadoop/hdfs/lib/netty-transport-native-kqueue-4.1.77.Final-osx-x86_64.jar:/hadoop/share/hadoop/hdfs/lib/re2j-1.1.jar:/hadoop/share/hadoop/hdfs/lib/nimbus-jose-jwt-9.8.1.jar:/hadoop/share/hadoop/hdfs/lib/jersey-servlet-1.19.jar:/hadoop/share/hadoop/hdfs/lib/kerb-util-1.0.1.jar:/hadoop/share/hadoop/hdfs/lib/jakarta.activation-api-1.2.1.jar:/hadoop/share/hadoop/hdfs/lib/commons-net-3.6.jar:/hadoop/share/hadoop/hdfs/lib/kerb-core-1.0.1.jar:/hadoop/share/hadoop/hdfs/lib/jackson-mapper-asl-1.9.13.jar:/hadoop/share/hadoop/hdfs/lib/hadoop-auth-3.3.4.jar:/hadoop/share/hadoop/hdfs/lib/netty-transport-native-epoll-4.1.77.Final-linux-aarch_64.jar:/hadoop/share/hadoop/hdfs/lib/kerby-asn1-1.0.1.jar:/hadoop/share/hadoop/hdfs/lib/netty-codec-4.1.77.Final.jar:/hadoop/share/hadoop/hdfs/lib/protobuf-java-2.5.0.jar:/hadoop/share/hadoop/hdfs/lib/stax2-api-4.2.1.jar:/hadoop/share/hadoop/hdfs/lib/commons-configuration2-2.1.1.jar:/hadoop/share/hadoop/hdfs/lib/commons-compress-1.21.jar:/hadoop/share/hadoop/hdfs/lib/kotlin-stdlib-common-1.4.10.jar:/hadoop/share/hadoop/hdfs/lib/netty-transport-udt-4.1.77.Final.jar:/hadoop/share/hadoop/hdfs/lib/json-smart-2.4.7.jar:/hadoop/share/hadoop/hdfs/lib/kerby-pkix-1.0.1.jar:/hadoop/share/hadoop/hdfs/lib/asm-5.0.4.jar:/hadoop/share/hadoop/hdfs/lib/netty-resolver-4.1.77.Final.jar:/hadoop/share/hadoop/hdfs/lib/paranamer-2.3.jar:/hadoop/share/hadoop/hdfs/lib/kerb-server-1.0.1.jar:/hadoop/share/hadoop/hdfs/lib/kerb-crypto-1.0.1.jar:/hadoop/share/hadoop/hdfs/lib/kerb-identity-1.0.1.jar:/hadoop/share/hadoop/hdfs/lib/netty-handler-4.1.77.Final.jar:/hadoop/share/hadoop/hdfs/lib/jetty-http-9.4.43.v20210629.jar:/hadoop/share/hadoop/hdfs/lib/jersey-json-1.19.jar:/hadoop/share/hadoop/hdfs/lib/zookeeper-jute-3.5.6.jar:/hadoop/share/hadoop/hdfs/lib/jettison-1.1.jar:/hadoop/share/hadoop/hdfs/lib/jsch-0.1.55.jar:/hadoop/share/hadoop/hdfs/lib/audience-annotations-0.5.0.jar:/hadoop/share/hadoop/hdfs/lib/leveldbjni-all-1.8.jar:/hadoop/share/hadoop/hdfs/hadoop-hdfs-rbf-3.3.4-tests.jar:/hadoop/share/hadoop/hdfs/hadoop-hdfs-client-3.3.4.jar:/hadoop/share/hadoop/hdfs/hadoop-hdfs-native-client-3.3.4-tests.jar:/hadoop/share/hadoop/hdfs/hadoop-hdfs-native-client-3.3.4.jar:/hadoop/share/hadoop/hdfs/hadoop-hdfs-httpfs-3.3.4.jar:/hadoop/share/hadoop/hdfs/hadoop-hdfs-nfs-3.3.4.jar:/hadoop/share/hadoop/hdfs/hadoop-hdfs-3.3.4.jar:/hadoop/share/hadoop/hdfs/hadoop-hdfs-client-3.3.4-tests.jar:/hadoop/share/hadoop/hdfs/hadoop-hdfs-rbf-3.3.4.jar:/hadoop/share/hadoop/hdfs/hadoop-hdfs-3.3.4-tests.jar:/hadoop/share/hadoop/mapreduce/hadoop-mapreduce-client-nativetask-3.3.4.jar:/hadoop/share/hadoop/mapreduce/hadoop-mapreduce-client-uploader-3.3.4.jar:/hadoop/share/hadoop/mapreduce/hadoop-mapreduce-examples-3.3.4.jar:/hadoop/share/hadoop/mapreduce/hadoop-mapreduce-client-hs-plugins-3.3.4.jar:/hadoop/share/hadoop/mapreduce/hadoop-mapreduce-client-common-3.3.4.jar:/hadoop/share/hadoop/mapreduce/hadoop-mapreduce-client-hs-3.3.4.jar:/hadoop/share/hadoop/mapreduce/hadoop-mapreduce-client-core-3.3.4.jar:/hadoop/share/hadoop/mapreduce/hadoop-mapreduce-client-app-3.3.4.jar:/hadoop/share/hadoop/mapreduce/hadoop-mapreduce-client-jobclient-3.3.4-tests.jar:/hadoop/share/hadoop/mapreduce/hadoop-mapreduce-client-jobclient-3.3.4.jar:/hadoop/share/hadoop/mapreduce/hadoop-mapreduce-client-shuffle-3.3.4.jar:/hadoop/share/hadoop/yarn:/hadoop/share/hadoop/yarn/lib/jline-3.9.0.jar:/hadoop/share/hadoop/yarn/lib/jetty-jndi-9.4.43.v20210629.jar:/hadoop/share/hadoop/yarn/lib/javax.websocket-client-api-1.0.jar:/hadoop/share/hadoop/yarn/lib/jakarta.xml.bind-api-2.3.2.jar:/hadoop/share/hadoop/yarn/lib/javax-websocket-server-impl-9.4.43.v20210629.jar:/hadoop/share/hadoop/yarn/lib/jetty-client-9.4.43.v20210629.jar:/hadoop/share/hadoop/yarn/lib/jna-5.2.0.jar:/hadoop/share/hadoop/yarn/lib/asm-commons-9.1.jar:/hadoop/share/hadoop/yarn/lib/jersey-guice-1.19.jar:/hadoop/share/hadoop/yarn/lib/websocket-servlet-9.4.43.v20210629.jar:/hadoop/share/hadoop/yarn/lib/swagger-annotations-1.5.4.jar:/hadoop/share/hadoop/yarn/lib/javax.websocket-api-1.0.jar:/hadoop/share/hadoop/yarn/lib/metrics-core-3.2.4.jar:/hadoop/share/hadoop/yarn/lib/jackson-module-jaxb-annotations-2.12.7.jar:/hadoop/share/hadoop/yarn/lib/jetty-annotations-9.4.43.v20210629.jar:/hadoop/share/hadoop/yarn/lib/aopalliance-1.0.jar:/hadoop/share/hadoop/yarn/lib/bcpkix-jdk15on-1.60.jar:/hadoop/share/hadoop/yarn/lib/jersey-client-1.19.jar:/hadoop/share/hadoop/yarn/lib/websocket-api-9.4.43.v20210629.jar:/hadoop/share/hadoop/yarn/lib/json-io-2.5.1.jar:/hadoop/share/hadoop/yarn/lib/HikariCP-java7-2.4.12.jar:/hadoop/share/hadoop/yarn/lib/java-util-1.9.0.jar:/hadoop/share/hadoop/yarn/lib/geronimo-jcache_1.0_spec-1.0-alpha-1.jar:/hadoop/share/hadoop/yarn/lib/guice-4.0.jar:/hadoop/share/hadoop/yarn/lib/javax.inject-1.jar:/hadoop/share/hadoop/yarn/lib/websocket-client-9.4.43.v20210629.jar:/hadoop/share/hadoop/yarn/lib/javax-websocket-client-impl-9.4.43.v20210629.jar:/hadoop/share/hadoop/yarn/lib/jetty-plus-9.4.43.v20210629.jar:/hadoop/share/hadoop/yarn/lib/snakeyaml-1.26.jar:/hadoop/share/hadoop/yarn/lib/guice-servlet-4.0.jar:/hadoop/share/hadoop/yarn/lib/bcprov-jdk15on-1.60.jar:/hadoop/share/hadoop/yarn/lib/objenesis-2.6.jar:/hadoop/share/hadoop/yarn/lib/jackson-jaxrs-base-2.12.7.jar:/hadoop/share/hadoop/yarn/lib/websocket-common-9.4.43.v20210629.jar:/hadoop/share/hadoop/yarn/lib/jackson-jaxrs-json-provider-2.12.7.jar:/hadoop/share/hadoop/yarn/lib/asm-analysis-9.1.jar:/hadoop/share/hadoop/yarn/lib/mssql-jdbc-6.2.1.jre7.jar:/hadoop/share/hadoop/yarn/lib/websocket-server-9.4.43.v20210629.jar:/hadoop/share/hadoop/yarn/lib/asm-tree-9.1.jar:/hadoop/share/hadoop/yarn/lib/ehcache-3.3.1.jar:/hadoop/share/hadoop/yarn/lib/fst-2.50.jar:/hadoop/share/hadoop/yarn/hadoop-yarn-server-tests-3.3.4.jar:/hadoop/share/hadoop/yarn/hadoop-yarn-applications-mawo-core-3.3.4.jar:/hadoop/share/hadoop/yarn/hadoop-yarn-server-common-3.3.4.jar:/hadoop/share/hadoop/yarn/hadoop-yarn-services-core-3.3.4.jar:/hadoop/share/hadoop/yarn/hadoop-yarn-applications-unmanaged-am-launcher-3.3.4.jar:/hadoop/share/hadoop/yarn/hadoop-yarn-server-sharedcachemanager-3.3.4.jar:/hadoop/share/hadoop/yarn/hadoop-yarn-server-applicationhistoryservice-3.3.4.jar:/hadoop/share/hadoop/yarn/hadoop-yarn-services-api-3.3.4.jar:/hadoop/share/hadoop/yarn/hadoop-yarn-server-resourcemanager-3.3.4.jar:/hadoop/share/hadoop/yarn/hadoop-yarn-api-3.3.4.jar:/hadoop/share/hadoop/yarn/hadoop-yarn-server-nodemanager-3.3.4.jar:/hadoop/share/hadoop/yarn/hadoop-yarn-server-timeline-pluginstorage-3.3.4.jar:/hadoop/share/hadoop/yarn/hadoop-yarn-client-3.3.4.jar:/hadoop/share/hadoop/yarn/hadoop-yarn-server-router-3.3.4.jar:/hadoop/share/hadoop/yarn/hadoop-yarn-applications-distributedshell-3.3.4.jar:/hadoop/share/hadoop/yarn/hadoop-yarn-server-web-proxy-3.3.4.jar:/hadoop/share/hadoop/yarn/hadoop-yarn-registry-3.3.4.jar:/hadoop/share/hadoop/yarn/hadoop-yarn-common-3.3.4.jar:/hadoop/share/hadoop/yarn/timelineservice/hadoop-yarn-server-timelineservice-hbase-client-3.3.4.jar:/hadoop/share/hadoop/yarn/timelineservice/hadoop-yarn-server-timelineservice-hbase-common-3.3.4.jar:/hadoop/share/hadoop/yarn/timelineservice/hadoop-yarn-server-timelineservice-hbase-coprocessor-3.3.4.jar:/hadoop/share/hadoop/yarn/timelineservice/hadoop-yarn-server-timelineservice-documentstore-3.3.4.jar:/hadoop/share/hadoop/yarn/timelineservice/hadoop-yarn-server-timelineservice-3.3.4.jar:/hadoop/share/hadoop/yarn/timelineservice/lib/rxjava-extras-0.8.0.17.jar:/hadoop/share/hadoop/yarn/timelineservice/lib/jcodings-1.0.13.jar:/hadoop/share/hadoop/yarn/timelineservice/lib/azure-cosmosdb-2.4.5.jar:/hadoop/share/hadoop/yarn/timelineservice/lib/commons-validator-1.6.jar:/hadoop/share/hadoop/yarn/timelineservice/lib/commons-digester-1.8.1.jar:/hadoop/share/hadoop/yarn/timelineservice/lib/commons-collections4-4.2.jar:/hadoop/share/hadoop/yarn/timelineservice/lib/rxjava-1.3.8.jar:/hadoop/share/hadoop/yarn/timelineservice/lib/azure-cosmosdb-commons-2.4.5.jar:/hadoop/share/hadoop/yarn/timelineservice/lib/azure-cosmosdb-gateway-2.4.5.jar:/hadoop/share/hadoop/yarn/timelineservice/lib/commons-csv-1.0.jar:/hadoop/share/hadoop/yarn/timelineservice/lib/hbase-client-1.4.8.jar:/hadoop/share/hadoop/yarn/timelineservice/lib/hbase-annotations-1.4.8.jar:/hadoop/share/hadoop/yarn/timelineservice/lib/metrics-core-2.2.0.jar:/hadoop/share/hadoop/yarn/timelineservice/lib/rxjava-string-1.1.1.jar:/hadoop/share/hadoop/yarn/timelineservice/lib/joni-2.1.2.jar:/hadoop/share/hadoop/yarn/timelineservice/lib/commons-lang-2.6.jar:/hadoop/share/hadoop/yarn/timelineservice/lib/azure-cosmosdb-direct-2.4.5.jar:/hadoop/share/hadoop/yarn/timelineservice/lib/rxnetty-0.4.20.jar:/hadoop/share/hadoop/yarn/timelineservice/lib/java-uuid-generator-3.1.4.jar:/hadoop/share/hadoop/yarn/timelineservice/lib/hbase-common-1.4.8.jar:/hadoop/share/hadoop/yarn/timelineservice/lib/htrace-core-3.1.0-incubating.jar:/hadoop/share/hadoop/yarn/timelineservice/lib/hbase-protocol-1.4.8.jar
STARTUP_MSG:   build = https://github.com/apache/hadoop.git -r a585a73c3e02ac62350c136643a5e7f6095a3dbb; compiled by 'stevel' on 2022-07-29T12:32Z
STARTUP_MSG:   java = 1.8.0_432
************************************************************/
2025-03-25 08:21:43,976 INFO [main] org.apache.hadoop.yarn.server.resourcemanager.ResourceManager: registered UNIX signal handlers for [TERM, HUP, INT]
2025-03-25 08:21:44,227 INFO [main] org.apache.hadoop.yarn.server.resourcemanager.RMNMInfo: Registered RMInfo MBean
2025-03-25 08:21:44,232 INFO [main] org.apache.hadoop.conf.Configuration: found resource core-site.xml at file:/hadoop/etc/hadoop/core-site.xml
2025-03-25 08:21:44,266 INFO [main] org.apache.hadoop.conf.Configuration: resource-types.xml not found
2025-03-25 08:21:44,266 INFO [main] org.apache.hadoop.yarn.util.resource.ResourceUtils: Unable to find 'resource-types.xml'.
2025-03-25 08:21:44,285 INFO [main] org.apache.hadoop.conf.Configuration: found resource yarn-site.xml at file:/hadoop/etc/hadoop/yarn-site.xml
2025-03-25 08:21:44,290 INFO [main] org.apache.hadoop.yarn.metrics.GenericEventTypeMetrics: Registering GenericEventTypeMetrics
2025-03-25 08:21:44,291 INFO [main] org.apache.hadoop.yarn.event.AsyncDispatcher: Registering class org.apache.hadoop.yarn.server.resourcemanager.RMFatalEventType for class org.apache.hadoop.yarn.server.resourcemanager.ResourceManager$RMFatalEventDispatcher
2025-03-25 08:21:44,312 INFO [main] org.apache.hadoop.yarn.server.resourcemanager.security.NMTokenSecretManagerInRM: NMTokenKeyRollingInterval: 86400000ms and NMTokenKeyActivationDelay: 900000ms
2025-03-25 08:21:44,314 INFO [main] org.apache.hadoop.yarn.server.resourcemanager.security.RMContainerTokenSecretManager: ContainerTokenKeyRollingInterval: 86400000ms and ContainerTokenKeyActivationDelay: 900000ms
2025-03-25 08:21:44,322 INFO [main] org.apache.hadoop.yarn.server.resourcemanager.security.AMRMTokenSecretManager: AMRMTokenKeyRollingInterval: 86400000ms and AMRMTokenKeyActivationDelay: 900000 ms
2025-03-25 08:21:44,339 INFO [main] org.apache.hadoop.yarn.event.AsyncDispatcher: Registering class org.apache.hadoop.yarn.server.resourcemanager.recovery.RMStateStoreEventType for class org.apache.hadoop.yarn.server.resourcemanager.recovery.RMStateStore$ForwardingEventHandler
2025-03-25 08:21:44,341 INFO [main] org.apache.hadoop.yarn.event.AsyncDispatcher: Registering class org.apache.hadoop.yarn.server.resourcemanager.NodesListManagerEventType for class org.apache.hadoop.yarn.server.resourcemanager.NodesListManager
2025-03-25 08:21:44,341 INFO [main] org.apache.hadoop.yarn.server.resourcemanager.ResourceManager: Using Scheduler: org.apache.hadoop.yarn.server.resourcemanager.scheduler.capacity.CapacityScheduler
2025-03-25 08:21:44,363 INFO [main] org.apache.hadoop.yarn.event.AsyncDispatcher: Registering class org.apache.hadoop.yarn.server.resourcemanager.scheduler.event.SchedulerEventType for class org.apache.hadoop.yarn.server.resourcemanager.ResourceManager$SchedulerEventDispatcher
2025-03-25 08:21:44,363 INFO [main] org.apache.hadoop.yarn.event.AsyncDispatcher: Registering class org.apache.hadoop.yarn.server.resourcemanager.rmapp.RMAppEventType for class org.apache.hadoop.yarn.server.resourcemanager.ResourceManager$ApplicationEventDispatcher
2025-03-25 08:21:44,364 INFO [main] org.apache.hadoop.yarn.event.AsyncDispatcher: Registering class org.apache.hadoop.yarn.server.resourcemanager.rmapp.attempt.RMAppAttemptEventType for class org.apache.hadoop.yarn.server.resourcemanager.ResourceManager$ApplicationAttemptEventDispatcher
2025-03-25 08:21:44,364 INFO [main] org.apache.hadoop.yarn.event.AsyncDispatcher: Registering class org.apache.hadoop.yarn.server.resourcemanager.rmnode.RMNodeEventType for class org.apache.hadoop.yarn.server.resourcemanager.ResourceManager$NodeEventDispatcher
2025-03-25 08:21:44,395 INFO [main] org.apache.hadoop.metrics2.impl.MetricsConfig: Loaded properties from hadoop-metrics2.properties
2025-03-25 08:21:44,404 INFO [main] org.apache.hadoop.metrics2.impl.MetricsSystemImpl: Scheduled Metric snapshot period at 10 second(s).
2025-03-25 08:21:44,404 INFO [main] org.apache.hadoop.metrics2.impl.MetricsSystemImpl: ResourceManager metrics system started
2025-03-25 08:21:44,424 INFO [main] org.apache.hadoop.yarn.security.YarnAuthorizationProvider: org.apache.hadoop.yarn.security.ConfiguredYarnAuthorizer is instantiated.
2025-03-25 08:21:44,425 INFO [main] org.apache.hadoop.yarn.event.AsyncDispatcher: Registering class org.apache.hadoop.yarn.server.resourcemanager.RMAppManagerEventType for class org.apache.hadoop.yarn.server.resourcemanager.RMAppManager
2025-03-25 08:21:44,429 INFO [main] org.apache.hadoop.yarn.event.AsyncDispatcher: Registering class org.apache.hadoop.yarn.server.resourcemanager.amlauncher.AMLauncherEventType for class org.apache.hadoop.yarn.server.resourcemanager.amlauncher.ApplicationMasterLauncher
2025-03-25 08:21:44,674 INFO [main] org.apache.hadoop.yarn.server.resourcemanager.RMNMInfo: Registered RMNMInfo MBean
2025-03-25 08:21:44,674 INFO [main] org.apache.hadoop.yarn.server.resourcemanager.rmapp.monitor.RMAppLifetimeMonitor: Application lifelime monitor interval set to 3000 ms.
2025-03-25 08:21:44,679 INFO [main] org.apache.hadoop.yarn.server.resourcemanager.scheduler.placement.MultiNodeSortingManager: Initializing NodeSortingService=MultiNodeSortingManager
2025-03-25 08:21:44,680 INFO [main] org.apache.hadoop.util.HostsFileReader: Refreshing hosts (include/exclude) list
2025-03-25 08:21:44,680 INFO [main] org.apache.hadoop.util.HostsFileReader: Adding a node "172.20.1.15" to the list of included hosts from /hadoop/etc/hadoop/workers
2025-03-25 08:21:44,681 INFO [main] org.apache.hadoop.util.HostsFileReader: Adding a node "172.20.1.16" to the list of included hosts from /hadoop/etc/hadoop/workers
2025-03-25 08:21:44,681 INFO [main] org.apache.hadoop.util.HostsFileReader: Adding a node "172.20.1.17" to the list of included hosts from /hadoop/etc/hadoop/workers
2025-03-25 08:21:44,685 INFO [main] org.apache.hadoop.conf.Configuration: found resource capacity-scheduler.xml at file:/hadoop/etc/hadoop/capacity-scheduler.xml
2025-03-25 08:21:44,689 INFO [main] org.apache.hadoop.yarn.server.resourcemanager.scheduler.AbstractYarnScheduler: Minimum allocation = <memory:1024, vCores:1>
2025-03-25 08:21:44,689 INFO [main] org.apache.hadoop.yarn.server.resourcemanager.scheduler.AbstractYarnScheduler: Maximum allocation = <memory:8192, vCores:4>
2025-03-25 08:21:44,734 INFO [main] org.apache.hadoop.yarn.server.resourcemanager.scheduler.capacity.ParentQueue: root, capacity=1.0, absoluteCapacity=1.0, maxCapacity=1.0, absoluteMaxCapacity=1.0, state=RUNNING, acls=ADMINISTER_QUEUE:*SUBMIT_APP:*, labels=*,
, reservationsContinueLooking=true, orderingPolicy=utilization, priority=0
2025-03-25 08:21:44,735 INFO [main] org.apache.hadoop.yarn.server.resourcemanager.scheduler.capacity.ParentQueue: Initialized parent-queue root name=root, fullname=root
2025-03-25 08:21:44,748 INFO [main] org.apache.hadoop.yarn.server.resourcemanager.scheduler.capacity.LeafQueue: Initializing root.default
capacity = 1.0 [= (float) configuredCapacity / 100 ]
absoluteCapacity = 1.0 [= parentAbsoluteCapacity * capacity ]
maxCapacity = 1.0 [= configuredMaxCapacity ]
absoluteMaxCapacity = 1.0 [= 1.0 maximumCapacity undefined, (parentAbsoluteMaxCapacity * maximumCapacity) / 100 otherwise ]
effectiveMinResource=<memory:0, vCores:0>
 , effectiveMaxResource=<memory:0, vCores:0>
userLimit = 100 [= configuredUserLimit ]
userLimitFactor = 1.0 [= configuredUserLimitFactor ]
maxApplications = 10000 [= configuredMaximumSystemApplicationsPerQueue or (int)(configuredMaximumSystemApplications * absoluteCapacity)]
maxApplicationsPerUser = 10000 [= (int)(maxApplications * (userLimit / 100.0f) * userLimitFactor) ]
maxParallelApps = 2147483647
usedCapacity = 0.0 [= usedResourcesMemory / (clusterResourceMemory * absoluteCapacity)]
absoluteUsedCapacity = 0.0 [= usedResourcesMemory / clusterResourceMemory]
maxAMResourcePerQueuePercent = 0.1 [= configuredMaximumAMResourcePercent ]
minimumAllocationFactor = 0.875 [= (float)(maximumAllocationMemory - minimumAllocationMemory) / maximumAllocationMemory ]
maximumAllocation = <memory:8192, vCores:4> [= configuredMaxAllocation ]
numContainers = 0 [= currentNumContainers ]
state = RUNNING [= configuredState ]
acls = ADMINISTER_QUEUE:*SUBMIT_APP:* [= configuredAcls ]
nodeLocalityDelay = 40
rackLocalityAdditionalDelay = -1
labels=*,
reservationsContinueLooking = true
preemptionDisabled = true
defaultAppPriorityPerQueue = 0
priority = 0
maxLifetime = -1 seconds
defaultLifetime = -1 seconds
2025-03-25 08:21:44,748 INFO [main] org.apache.hadoop.yarn.server.resourcemanager.scheduler.capacity.CapacitySchedulerQueueManager: Initialized queue: root.default
2025-03-25 08:21:44,748 INFO [main] org.apache.hadoop.yarn.server.resourcemanager.scheduler.capacity.CapacitySchedulerQueueManager: Initialized queue: root
2025-03-25 08:21:44,750 INFO [main] org.apache.hadoop.yarn.server.resourcemanager.scheduler.capacity.CapacitySchedulerQueueManager: Initialized root queue root: numChildQueue= 1, capacity=1.0, absoluteCapacity=1.0, usedResources=<memory:0, vCores:0>usedCapacity=0.0, numApps=0, numContainers=0
2025-03-25 08:21:44,751 INFO [main] org.apache.hadoop.yarn.server.resourcemanager.placement.UserGroupMappingPlacementRule: Initialized queue mappings, override: false
2025-03-25 08:21:44,751 INFO [main] org.apache.hadoop.yarn.server.resourcemanager.scheduler.capacity.WorkflowPriorityMappingsManager: Initialized workflow priority mappings, override: false
2025-03-25 08:21:44,752 INFO [main] org.apache.hadoop.yarn.server.resourcemanager.scheduler.placement.MultiNodeSortingManager: MultiNode scheduling is 'false', and configured policies are 
2025-03-25 08:21:44,752 INFO [main] org.apache.hadoop.yarn.server.resourcemanager.scheduler.capacity.CapacityScheduler: Initialized CapacityScheduler with calculator=class org.apache.hadoop.yarn.util.resource.DefaultResourceCalculator, minimumAllocation=<<memory:1024, vCores:1>>, maximumAllocation=<<memory:8192, vCores:4>>, asynchronousScheduling=false, asyncScheduleInterval=5ms,multiNodePlacementEnabled=false, assignMultipleEnabled=true, maxAssignPerHeartbeat=100, offswitchPerHeartbeatLimit=1
2025-03-25 08:21:44,763 INFO [main] org.apache.hadoop.conf.Configuration: dynamic-resources.xml not found
2025-03-25 08:21:44,767 INFO [main] org.apache.hadoop.yarn.server.resourcemanager.AMSProcessingChain: Initializing AMS Processing chain. Root Processor=[org.apache.hadoop.yarn.server.resourcemanager.DefaultAMSProcessor].
2025-03-25 08:21:44,767 INFO [main] org.apache.hadoop.yarn.server.resourcemanager.ApplicationMasterService: disabled placement handler will be used, all scheduling requests will be rejected.
2025-03-25 08:21:44,768 INFO [main] org.apache.hadoop.yarn.server.resourcemanager.AMSProcessingChain: Adding [org.apache.hadoop.yarn.server.resourcemanager.scheduler.constraint.processor.DisabledPlacementProcessor] tp top of AMS Processing chain. 
2025-03-25 08:21:44,773 INFO [main] org.apache.hadoop.yarn.server.resourcemanager.ResourceManager: TimelineServicePublisher is not configured
2025-03-25 08:21:44,796 INFO [main] org.eclipse.jetty.util.log: Logging initialized @1129ms to org.eclipse.jetty.util.log.Slf4jLog
2025-03-25 08:21:44,881 WARN [main] org.apache.hadoop.security.authentication.server.AuthenticationFilter: Unable to initialize FileSignerSecretProvider, falling back to use random secrets. Reason: Could not read signature secret file: /root/hadoop-http-auth-signature-secret
2025-03-25 08:21:44,883 INFO [main] org.apache.hadoop.http.HttpRequestLog: Http request log for http.requests.resourcemanager is not defined
2025-03-25 08:21:44,886 INFO [main] org.apache.hadoop.http.HttpServer2: Added global filter 'safety' (class=org.apache.hadoop.http.HttpServer2$QuotingInputFilter)
2025-03-25 08:21:44,888 INFO [main] org.apache.hadoop.http.HttpServer2: Added filter RMAuthenticationFilter (class=org.apache.hadoop.yarn.server.security.http.RMAuthenticationFilter) to context cluster
2025-03-25 08:21:44,888 INFO [main] org.apache.hadoop.http.HttpServer2: Added filter RMAuthenticationFilter (class=org.apache.hadoop.yarn.server.security.http.RMAuthenticationFilter) to context logs
2025-03-25 08:21:44,888 INFO [main] org.apache.hadoop.http.HttpServer2: Added filter RMAuthenticationFilter (class=org.apache.hadoop.yarn.server.security.http.RMAuthenticationFilter) to context static
2025-03-25 08:21:44,889 INFO [main] org.apache.hadoop.http.HttpServer2: Added filter static_user_filter (class=org.apache.hadoop.http.lib.StaticUserWebFilter$StaticUserFilter) to context cluster
2025-03-25 08:21:44,889 INFO [main] org.apache.hadoop.http.HttpServer2: Added filter static_user_filter (class=org.apache.hadoop.http.lib.StaticUserWebFilter$StaticUserFilter) to context logs
2025-03-25 08:21:44,889 INFO [main] org.apache.hadoop.http.HttpServer2: Added filter static_user_filter (class=org.apache.hadoop.http.lib.StaticUserWebFilter$StaticUserFilter) to context static
2025-03-25 08:21:45,125 INFO [main] org.apache.hadoop.yarn.webapp.WebApps: Registered webapp guice modules
2025-03-25 08:21:45,128 INFO [main] org.apache.hadoop.http.HttpServer2: Jetty bound to port 8088
2025-03-25 08:21:45,129 INFO [main] org.eclipse.jetty.server.Server: jetty-9.4.43.v20210629; built: 2021-06-30T11:07:22.254Z; git: 526006ecfa3af7f1a27ef3a288e2bef7ea9dd7e8; jvm 1.8.0_432-8u432-ga~us1-0ubuntu2~24.04-ga
2025-03-25 08:21:45,151 INFO [main] org.eclipse.jetty.server.session: DefaultSessionIdManager workerName=node0
2025-03-25 08:21:45,152 INFO [main] org.eclipse.jetty.server.session: No SessionScavenger set, using defaults
2025-03-25 08:21:45,153 INFO [main] org.eclipse.jetty.server.session: node0 Scavenging every 660000ms
2025-03-25 08:21:45,162 WARN [main] org.apache.hadoop.security.authentication.server.AuthenticationFilter: Unable to initialize FileSignerSecretProvider, falling back to use random secrets. Reason: Could not read signature secret file: /root/hadoop-http-auth-signature-secret
2025-03-25 08:21:45,167 INFO [main] org.apache.hadoop.security.token.delegation.AbstractDelegationTokenSecretManager: Updating the current master key for generating delegation tokens
2025-03-25 08:21:45,172 INFO [Thread[Thread-20,5,main]] org.apache.hadoop.security.token.delegation.AbstractDelegationTokenSecretManager: Starting expired delegation token remover thread, tokenRemoverScanInterval=60 min(s)
2025-03-25 08:21:45,172 INFO [Thread[Thread-20,5,main]] org.apache.hadoop.security.token.delegation.AbstractDelegationTokenSecretManager: Updating the current master key for generating delegation tokens
2025-03-25 08:21:45,180 INFO [main] org.eclipse.jetty.server.handler.ContextHandler: Started o.e.j.s.ServletContextHandler@305a0c5f{logs,/logs,file:///hadoop/logs/,AVAILABLE}
2025-03-25 08:21:45,180 INFO [main] org.eclipse.jetty.server.handler.ContextHandler: Started o.e.j.s.ServletContextHandler@232a7d73{static,/static,jar:file:/hadoop/share/hadoop/yarn/hadoop-yarn-common-3.3.4.jar!/webapps/static,AVAILABLE}
2025-03-25 08:21:45,747 INFO [main] org.eclipse.jetty.server.handler.ContextHandler: Started o.e.j.w.WebAppContext@7add323c{cluster,/,file:///tmp/jetty-master-8088-hadoop-yarn-common-3_3_4_jar-_-any-8473146181616993374/webapp/,AVAILABLE}{jar:file:/hadoop/share/hadoop/yarn/hadoop-yarn-common-3.3.4.jar!/webapps/cluster}
2025-03-25 08:21:45,753 INFO [main] org.eclipse.jetty.server.AbstractConnector: Started ServerConnector@5b068087{HTTP/1.1, (http/1.1)}{master:8088}
2025-03-25 08:21:45,753 INFO [main] org.eclipse.jetty.server.Server: Started @2086ms
2025-03-25 08:21:45,753 INFO [main] org.apache.hadoop.yarn.webapp.WebApps: Web app cluster started at 8088
2025-03-25 08:21:45,878 INFO [main] org.apache.hadoop.ipc.CallQueueManager: Using callQueue: class java.util.concurrent.LinkedBlockingQueue, queueCapacity: 100, scheduler: class org.apache.hadoop.ipc.DefaultRpcScheduler, ipcBackoff: false.
2025-03-25 08:21:45,894 INFO [Socket Reader #1 for port 8033] org.apache.hadoop.ipc.Server: Starting Socket Reader #1 for port 8033
2025-03-25 08:21:46,046 INFO [Listener at master/8033] org.apache.hadoop.yarn.factories.impl.pb.RpcServerFactoryPBImpl: Adding protocol org.apache.hadoop.yarn.server.api.ResourceManagerAdministrationProtocolPB to the server
2025-03-25 08:21:46,047 INFO [IPC Server Responder] org.apache.hadoop.ipc.Server: IPC Server Responder: starting
2025-03-25 08:21:46,047 INFO [IPC Server listener on 8033] org.apache.hadoop.ipc.Server: IPC Server listener on 8033: starting
2025-03-25 08:21:46,047 INFO [Listener at master/8033] org.apache.hadoop.yarn.server.resourcemanager.ResourceManager: Transitioning to active state
2025-03-25 08:21:46,054 INFO [Listener at master/8033] org.apache.hadoop.yarn.server.resourcemanager.recovery.RMStateStore: Updating AMRMToken
2025-03-25 08:21:46,054 INFO [Listener at master/8033] org.apache.hadoop.yarn.server.resourcemanager.security.RMContainerTokenSecretManager: Rolling master-key for container-tokens
2025-03-25 08:21:46,054 INFO [Listener at master/8033] org.apache.hadoop.yarn.server.resourcemanager.security.NMTokenSecretManagerInRM: Rolling master-key for nm-tokens
2025-03-25 08:21:46,054 INFO [Listener at master/8033] org.apache.hadoop.security.token.delegation.AbstractDelegationTokenSecretManager: Updating the current master key for generating delegation tokens
2025-03-25 08:21:46,054 INFO [Listener at master/8033] org.apache.hadoop.yarn.server.resourcemanager.security.RMDelegationTokenSecretManager: storing master key with keyID 1
2025-03-25 08:21:46,054 INFO [Listener at master/8033] org.apache.hadoop.yarn.server.resourcemanager.recovery.RMStateStore: Storing RMDTMasterKey.
2025-03-25 08:21:46,054 INFO [Thread[Thread-28,5,main]] org.apache.hadoop.security.token.delegation.AbstractDelegationTokenSecretManager: Starting expired delegation token remover thread, tokenRemoverScanInterval=60 min(s)
2025-03-25 08:21:46,054 INFO [Thread[Thread-28,5,main]] org.apache.hadoop.security.token.delegation.AbstractDelegationTokenSecretManager: Updating the current master key for generating delegation tokens
2025-03-25 08:21:46,054 INFO [Thread[Thread-28,5,main]] org.apache.hadoop.yarn.server.resourcemanager.security.RMDelegationTokenSecretManager: storing master key with keyID 2
2025-03-25 08:21:46,054 INFO [Thread[Thread-28,5,main]] org.apache.hadoop.yarn.server.resourcemanager.recovery.RMStateStore: Storing RMDTMasterKey.
2025-03-25 08:21:46,055 INFO [Listener at master/8033] org.apache.hadoop.yarn.event.AsyncDispatcher: Registering class org.apache.hadoop.yarn.nodelabels.event.NodeLabelsStoreEventType for class org.apache.hadoop.yarn.nodelabels.CommonNodeLabelsManager$ForwardingEventHandler
2025-03-25 08:21:46,129 INFO [Listener at master/8033] org.apache.hadoop.yarn.nodelabels.store.AbstractFSNodeStore: Created store directory :file:/tmp/hadoop-yarn-root/node-attribute
2025-03-25 08:21:46,145 INFO [Listener at master/8033] org.apache.hadoop.yarn.nodelabels.store.AbstractFSNodeStore: Finished write mirror at:file:/tmp/hadoop-yarn-root/node-attribute/nodeattribute.mirror
2025-03-25 08:21:46,145 INFO [Listener at master/8033] org.apache.hadoop.yarn.nodelabels.store.AbstractFSNodeStore: Finished create editlog file at:file:/tmp/hadoop-yarn-root/node-attribute/nodeattribute.editlog
2025-03-25 08:21:46,158 INFO [Listener at master/8033] org.apache.hadoop.yarn.event.AsyncDispatcher: Registering class org.apache.hadoop.yarn.server.resourcemanager.nodelabels.NodeAttributesStoreEventType for class org.apache.hadoop.yarn.server.resourcemanager.nodelabels.NodeAttributesManagerImpl$ForwardingEventHandler
2025-03-25 08:21:46,159 INFO [Listener at master/8033] org.apache.hadoop.yarn.server.resourcemanager.scheduler.placement.MultiNodeSortingManager: Starting NodeSortingService=MultiNodeSortingManager
2025-03-25 08:21:46,165 INFO [Listener at master/8033] org.apache.hadoop.ipc.CallQueueManager: Using callQueue: class java.util.concurrent.LinkedBlockingQueue, queueCapacity: 5000, scheduler: class org.apache.hadoop.ipc.DefaultRpcScheduler, ipcBackoff: false.
2025-03-25 08:21:46,165 INFO [Socket Reader #1 for port 8031] org.apache.hadoop.ipc.Server: Starting Socket Reader #1 for port 8031
2025-03-25 08:21:46,167 INFO [Listener at master/8031] org.apache.hadoop.yarn.factories.impl.pb.RpcServerFactoryPBImpl: Adding protocol org.apache.hadoop.yarn.server.api.ResourceTrackerPB to the server
2025-03-25 08:21:46,167 INFO [IPC Server Responder] org.apache.hadoop.ipc.Server: IPC Server Responder: starting
2025-03-25 08:21:46,168 INFO [IPC Server listener on 8031] org.apache.hadoop.ipc.Server: IPC Server listener on 8031: starting
2025-03-25 08:21:46,173 INFO [org.apache.hadoop.util.JvmPauseMonitor$Monitor@221a2068] org.apache.hadoop.util.JvmPauseMonitor: Starting JVM pause monitor
2025-03-25 08:21:46,179 INFO [Listener at master/8031] org.apache.hadoop.ipc.CallQueueManager: Using callQueue: class java.util.concurrent.LinkedBlockingQueue, queueCapacity: 5000, scheduler: class org.apache.hadoop.ipc.DefaultRpcScheduler, ipcBackoff: false.
2025-03-25 08:21:46,184 INFO [Socket Reader #1 for port 8030] org.apache.hadoop.ipc.Server: Starting Socket Reader #1 for port 8030
2025-03-25 08:21:46,188 INFO [Listener at master/8030] org.apache.hadoop.yarn.factories.impl.pb.RpcServerFactoryPBImpl: Adding protocol org.apache.hadoop.yarn.api.ApplicationMasterProtocolPB to the server
2025-03-25 08:21:46,191 INFO [IPC Server Responder] org.apache.hadoop.ipc.Server: IPC Server Responder: starting
2025-03-25 08:21:46,191 INFO [IPC Server listener on 8030] org.apache.hadoop.ipc.Server: IPC Server listener on 8030: starting
2025-03-25 08:21:46,250 INFO [Listener at master/8030] org.apache.hadoop.ipc.CallQueueManager: Using callQueue: class java.util.concurrent.LinkedBlockingQueue, queueCapacity: 5000, scheduler: class org.apache.hadoop.ipc.DefaultRpcScheduler, ipcBackoff: false.
2025-03-25 08:21:46,252 INFO [Socket Reader #1 for port 8032] org.apache.hadoop.ipc.Server: Starting Socket Reader #1 for port 8032
2025-03-25 08:21:46,257 INFO [Listener at master/8032] org.apache.hadoop.yarn.factories.impl.pb.RpcServerFactoryPBImpl: Adding protocol org.apache.hadoop.yarn.api.ApplicationClientProtocolPB to the server
2025-03-25 08:21:46,259 INFO [IPC Server Responder] org.apache.hadoop.ipc.Server: IPC Server Responder: starting
2025-03-25 08:21:46,259 INFO [IPC Server listener on 8032] org.apache.hadoop.ipc.Server: IPC Server listener on 8032: starting
2025-03-25 08:21:46,541 INFO [Listener at master/8032] org.apache.hadoop.yarn.server.webproxy.ProxyCA: Created Certificate for OU=YARN-84b75c17-8b0a-4107-8887-bc367632e40a
2025-03-25 08:21:46,595 INFO [Listener at master/8032] org.apache.hadoop.yarn.server.resourcemanager.recovery.RMStateStore: Storing CA Certificate and Private Key
2025-03-25 08:21:46,595 INFO [Listener at master/8032] org.apache.hadoop.yarn.server.resourcemanager.ResourceManager: Transitioned to active state
2025-03-25 08:21:48,405 INFO [IPC Server handler 1 on default port 8031] org.apache.hadoop.yarn.server.resourcemanager.ResourceTrackerService: NodeManager from node slave0(cmPort: 43769 httpPort: 8042) registered with capability: <memory:8192, vCores:8>, assigned nodeId slave0:43769
2025-03-25 08:21:48,407 INFO [RM Event dispatcher] org.apache.hadoop.yarn.server.resourcemanager.rmnode.RMNodeImpl: slave0:43769 Node Transitioned from NEW to RUNNING
2025-03-25 08:21:48,447 INFO [SchedulerEventDispatcher:Event Processor] org.apache.hadoop.yarn.server.resourcemanager.scheduler.capacity.CapacityScheduler: Added node slave0:43769 clusterResource: <memory:8192, vCores:8>
2025-03-25 08:21:48,912 INFO [IPC Server handler 2 on default port 8031] org.apache.hadoop.yarn.server.resourcemanager.ResourceTrackerService: NodeManager from node slave1(cmPort: 45317 httpPort: 8042) registered with capability: <memory:8192, vCores:8>, assigned nodeId slave1:45317
2025-03-25 08:21:48,912 INFO [RM Event dispatcher] org.apache.hadoop.yarn.server.resourcemanager.rmnode.RMNodeImpl: slave1:45317 Node Transitioned from NEW to RUNNING
2025-03-25 08:21:48,914 INFO [SchedulerEventDispatcher:Event Processor] org.apache.hadoop.yarn.server.resourcemanager.scheduler.capacity.CapacityScheduler: Added node slave1:45317 clusterResource: <memory:16384, vCores:16>
2025-03-25 08:21:49,033 INFO [IPC Server handler 4 on default port 8031] org.apache.hadoop.yarn.server.resourcemanager.ResourceTrackerService: NodeManager from node slave2(cmPort: 37309 httpPort: 8042) registered with capability: <memory:8192, vCores:8>, assigned nodeId slave2:37309
2025-03-25 08:21:49,033 INFO [RM Event dispatcher] org.apache.hadoop.yarn.server.resourcemanager.rmnode.RMNodeImpl: slave2:37309 Node Transitioned from NEW to RUNNING
2025-03-25 08:21:49,035 INFO [SchedulerEventDispatcher:Event Processor] org.apache.hadoop.yarn.server.resourcemanager.scheduler.capacity.CapacityScheduler: Added node slave2:37309 clusterResource: <memory:24576, vCores:24>
