program=ml.DeveloperApiExample
SPARKLORD_MODE=CONFIG_INJECTION
cpu_cores=2
cpu_util=200
memory=4g
config_file_name=spark-defaults.conf
config_key=spark.kryoserializer.buffer
config_value=256g

2025-03-26 02:31:02,558 INFO [main] org.apache.spark.util.SignalUtils: Registering signal handler for TERM
2025-03-26 02:31:02,562 INFO [main] org.apache.spark.util.SignalUtils: Registering signal handler for HUP
2025-03-26 02:31:02,562 INFO [main] org.apache.spark.util.SignalUtils: Registering signal handler for INT
2025-03-26 02:31:02,816 DEBUG [main] org.apache.hadoop.util.Shell: setsid exited with exit code 0
2025-03-26 02:31:02,954 INFO [main] org.apache.spark.SecurityManager: Changing view acls to: root
2025-03-26 02:31:02,955 INFO [main] org.apache.spark.SecurityManager: Changing modify acls to: root
2025-03-26 02:31:02,957 INFO [main] org.apache.spark.SecurityManager: Changing view acls groups to: 
2025-03-26 02:31:02,957 INFO [main] org.apache.spark.SecurityManager: Changing modify acls groups to: 
2025-03-26 02:31:02,957 INFO [main] org.apache.spark.SecurityManager: SecurityManager: authentication disabled; ui acls disabled; users  with view permissions: Set(root); groups with view permissions: Set(); users  with modify permissions: Set(root); groups with modify permissions: Set()
2025-03-26 02:31:03,032 DEBUG [main] org.apache.hadoop.metrics2.lib.MutableMetricsFactory: field org.apache.hadoop.metrics2.lib.MutableRate org.apache.hadoop.security.UserGroupInformation$UgiMetrics.getGroups with annotation @org.apache.hadoop.metrics2.annotation.Metric(sampleName=Ops, always=false, valueName=Time, about=, interval=10, type=DEFAULT, value=[GetGroups])
2025-03-26 02:31:03,036 DEBUG [main] org.apache.hadoop.metrics2.lib.MutableMetricsFactory: field org.apache.hadoop.metrics2.lib.MutableRate org.apache.hadoop.security.UserGroupInformation$UgiMetrics.loginFailure with annotation @org.apache.hadoop.metrics2.annotation.Metric(sampleName=Ops, always=false, valueName=Time, about=, interval=10, type=DEFAULT, value=[Rate of failed kerberos logins and latency (milliseconds)])
2025-03-26 02:31:03,037 DEBUG [main] org.apache.hadoop.metrics2.lib.MutableMetricsFactory: field org.apache.hadoop.metrics2.lib.MutableRate org.apache.hadoop.security.UserGroupInformation$UgiMetrics.loginSuccess with annotation @org.apache.hadoop.metrics2.annotation.Metric(sampleName=Ops, always=false, valueName=Time, about=, interval=10, type=DEFAULT, value=[Rate of successful kerberos logins and latency (milliseconds)])
2025-03-26 02:31:03,037 DEBUG [main] org.apache.hadoop.metrics2.lib.MutableMetricsFactory: field private org.apache.hadoop.metrics2.lib.MutableGaugeInt org.apache.hadoop.security.UserGroupInformation$UgiMetrics.renewalFailures with annotation @org.apache.hadoop.metrics2.annotation.Metric(sampleName=Ops, always=false, valueName=Time, about=, interval=10, type=DEFAULT, value=[Renewal failures since last successful login])
2025-03-26 02:31:03,037 DEBUG [main] org.apache.hadoop.metrics2.lib.MutableMetricsFactory: field private org.apache.hadoop.metrics2.lib.MutableGaugeLong org.apache.hadoop.security.UserGroupInformation$UgiMetrics.renewalFailuresTotal with annotation @org.apache.hadoop.metrics2.annotation.Metric(sampleName=Ops, always=false, valueName=Time, about=, interval=10, type=DEFAULT, value=[Renewal failures since startup])
2025-03-26 02:31:03,038 DEBUG [main] org.apache.hadoop.metrics2.impl.MetricsSystemImpl: UgiMetrics, User and group related metrics
2025-03-26 02:31:03,057 DEBUG [main] org.apache.hadoop.security.SecurityUtil: Setting hadoop.security.token.service.use_ip to true
2025-03-26 02:31:03,065 DEBUG [main] org.apache.hadoop.security.Groups:  Creating new Groups object
2025-03-26 02:31:03,066 DEBUG [main] org.apache.hadoop.util.NativeCodeLoader: Trying to load the custom-built native-hadoop library...
2025-03-26 02:31:03,066 DEBUG [main] org.apache.hadoop.util.NativeCodeLoader: Failed to load native-hadoop with error: java.lang.UnsatisfiedLinkError: no hadoop in java.library.path
2025-03-26 02:31:03,066 DEBUG [main] org.apache.hadoop.util.NativeCodeLoader: java.library.path=/usr/java/packages/lib/amd64:/usr/lib/x86_64-linux-gnu/jni:/lib/x86_64-linux-gnu:/usr/lib/x86_64-linux-gnu:/usr/lib/jni:/lib:/usr/lib
2025-03-26 02:31:03,066 WARN [main] org.apache.hadoop.util.NativeCodeLoader: Unable to load native-hadoop library for your platform... using builtin-java classes where applicable
2025-03-26 02:31:03,067 DEBUG [main] org.apache.hadoop.util.PerformanceAdvisory: Falling back to shell based
2025-03-26 02:31:03,067 DEBUG [main] org.apache.hadoop.security.JniBasedUnixGroupsMappingWithFallback: Group mapping impl=org.apache.hadoop.security.ShellBasedUnixGroupsMapping
2025-03-26 02:31:03,112 DEBUG [main] org.apache.hadoop.security.Groups: Group mapping impl=org.apache.hadoop.security.JniBasedUnixGroupsMappingWithFallback; cacheTimeout=300000; warningDeltaMs=5000
2025-03-26 02:31:03,196 DEBUG [main] org.apache.spark.deploy.SparkHadoopUtil: creating UGI for user: root
2025-03-26 02:31:03,199 DEBUG [main] org.apache.hadoop.security.UserGroupInformation: Hadoop login
2025-03-26 02:31:03,199 DEBUG [main] org.apache.hadoop.security.UserGroupInformation: hadoop login commit
2025-03-26 02:31:03,200 DEBUG [main] org.apache.hadoop.security.UserGroupInformation: Using local user: UnixPrincipal: root
2025-03-26 02:31:03,201 DEBUG [main] org.apache.hadoop.security.UserGroupInformation: Using user: "UnixPrincipal: root" with name: root
2025-03-26 02:31:03,201 DEBUG [main] org.apache.hadoop.security.UserGroupInformation: User entry: "root"
2025-03-26 02:31:03,202 DEBUG [main] org.apache.hadoop.security.UserGroupInformation: Reading credentials from location /data/tmp/nm-local-dir/usercache/root/appcache/application_1742956209870_0001/container_1742956209870_0001_01_000001/container_tokens
2025-03-26 02:31:03,205 DEBUG [main] org.apache.hadoop.security.UserGroupInformation: Loaded 1 tokens from /data/tmp/nm-local-dir/usercache/root/appcache/application_1742956209870_0001/container_1742956209870_0001_01_000001/container_tokens
2025-03-26 02:31:03,205 DEBUG [main] org.apache.hadoop.security.UserGroupInformation: UGI loginUser: root (auth:SIMPLE)
2025-03-26 02:31:03,206 DEBUG [main] org.apache.hadoop.security.UserGroupInformation: PrivilegedAction [as: root (auth:SIMPLE)][action: org.apache.spark.deploy.yarn.ApplicationMaster$$anon$3@1522d8a0]
java.lang.Exception
	at org.apache.hadoop.security.UserGroupInformation.doAs(UserGroupInformation.java:1875)
	at org.apache.spark.deploy.yarn.ApplicationMaster$.main(ApplicationMaster.scala:925)
	at org.apache.spark.deploy.yarn.ApplicationMaster.main(ApplicationMaster.scala)
2025-03-26 02:31:03,212 INFO [main] org.apache.spark.deploy.yarn.ApplicationMaster: ApplicationAttemptId: appattempt_1742956209870_0001_000001
2025-03-26 02:31:03,214 DEBUG [main] org.apache.spark.util.ShutdownHookManager: Adding shutdown hook
2025-03-26 02:31:03,237 INFO [main] org.apache.spark.deploy.yarn.ApplicationMaster: Starting the user application in a separate Thread
2025-03-26 02:31:03,239 INFO [main] org.apache.spark.deploy.yarn.ApplicationMaster: Waiting for spark context initialization...
2025-03-26 02:31:03,291 INFO [Driver] org.apache.spark.SparkContext: Running Spark version 3.3.2
2025-03-26 02:31:03,313 INFO [Driver] org.apache.spark.resource.ResourceUtils: ==============================================================
2025-03-26 02:31:03,313 INFO [Driver] org.apache.spark.resource.ResourceUtils: No custom resources configured for spark.driver.
2025-03-26 02:31:03,313 INFO [Driver] org.apache.spark.resource.ResourceUtils: ==============================================================
2025-03-26 02:31:03,314 INFO [Driver] org.apache.spark.SparkContext: Submitted application: DeveloperApiExample
2025-03-26 02:31:03,331 INFO [Driver] org.apache.spark.resource.ResourceProfile: Default ResourceProfile created, executor resources: Map(cores -> name: cores, amount: 2, script: , vendor: , memory -> name: memory, amount: 2048, script: , vendor: , offHeap -> name: offHeap, amount: 0, script: , vendor: ), task resources: Map(cpus -> name: cpus, amount: 1.0)
2025-03-26 02:31:03,336 INFO [Driver] org.apache.spark.resource.ResourceProfile: Limiting resource is cpus at 2 tasks per executor
2025-03-26 02:31:03,337 INFO [Driver] org.apache.spark.resource.ResourceProfileManager: Added ResourceProfile id: 0
2025-03-26 02:31:03,373 INFO [Driver] org.apache.spark.SecurityManager: Changing view acls to: root
2025-03-26 02:31:03,373 INFO [Driver] org.apache.spark.SecurityManager: Changing modify acls to: root
2025-03-26 02:31:03,373 INFO [Driver] org.apache.spark.SecurityManager: Changing view acls groups to: 
2025-03-26 02:31:03,373 INFO [Driver] org.apache.spark.SecurityManager: Changing modify acls groups to: 
2025-03-26 02:31:03,373 INFO [Driver] org.apache.spark.SecurityManager: SecurityManager: authentication disabled; ui acls disabled; users  with view permissions: Set(root); groups with view permissions: Set(); users  with modify permissions: Set(root); groups with modify permissions: Set()
2025-03-26 02:31:03,413 DEBUG [Driver] io.netty.util.internal.logging.InternalLoggerFactory: Using SLF4J as the default logging framework
2025-03-26 02:31:03,417 DEBUG [Driver] io.netty.util.internal.InternalThreadLocalMap: -Dio.netty.threadLocalMap.stringBuilder.initialSize: 1024
2025-03-26 02:31:03,417 DEBUG [Driver] io.netty.util.internal.InternalThreadLocalMap: -Dio.netty.threadLocalMap.stringBuilder.maxSize: 4096
2025-03-26 02:31:03,426 DEBUG [Driver] io.netty.channel.MultithreadEventLoopGroup: -Dio.netty.eventLoopThreads: 4
2025-03-26 02:31:03,449 DEBUG [Driver] io.netty.util.internal.PlatformDependent0: -Dio.netty.noUnsafe: false
2025-03-26 02:31:03,450 DEBUG [Driver] io.netty.util.internal.PlatformDependent0: Java version: 8
2025-03-26 02:31:03,450 DEBUG [Driver] io.netty.util.internal.PlatformDependent0: sun.misc.Unsafe.theUnsafe: available
2025-03-26 02:31:03,450 DEBUG [Driver] io.netty.util.internal.PlatformDependent0: sun.misc.Unsafe.copyMemory: available
2025-03-26 02:31:03,451 DEBUG [Driver] io.netty.util.internal.PlatformDependent0: java.nio.Buffer.address: available
2025-03-26 02:31:03,451 DEBUG [Driver] io.netty.util.internal.PlatformDependent0: direct buffer constructor: available
2025-03-26 02:31:03,451 DEBUG [Driver] io.netty.util.internal.PlatformDependent0: java.nio.Bits.unaligned: available, true
2025-03-26 02:31:03,451 DEBUG [Driver] io.netty.util.internal.PlatformDependent0: jdk.internal.misc.Unsafe.allocateUninitializedArray(int): unavailable prior to Java9
2025-03-26 02:31:03,452 DEBUG [Driver] io.netty.util.internal.PlatformDependent0: java.nio.DirectByteBuffer.<init>(long, int): available
2025-03-26 02:31:03,452 DEBUG [Driver] io.netty.util.internal.PlatformDependent: sun.misc.Unsafe: available
2025-03-26 02:31:03,452 DEBUG [Driver] io.netty.util.internal.PlatformDependent: -Dio.netty.tmpdir: /data/tmp/nm-local-dir/usercache/root/appcache/application_1742956209870_0001/container_1742956209870_0001_01_000001/tmp (java.io.tmpdir)
2025-03-26 02:31:03,452 DEBUG [Driver] io.netty.util.internal.PlatformDependent: -Dio.netty.bitMode: 64 (sun.arch.data.model)
2025-03-26 02:31:03,453 DEBUG [Driver] io.netty.util.internal.PlatformDependent: -Dio.netty.maxDirectMemory: 3817865216 bytes
2025-03-26 02:31:03,453 DEBUG [Driver] io.netty.util.internal.PlatformDependent: -Dio.netty.uninitializedArrayAllocationThreshold: -1
2025-03-26 02:31:03,453 DEBUG [Driver] io.netty.util.internal.CleanerJava6: java.nio.ByteBuffer.cleaner(): available
2025-03-26 02:31:03,453 DEBUG [Driver] io.netty.util.internal.PlatformDependent: -Dio.netty.noPreferDirect: false
2025-03-26 02:31:03,454 DEBUG [Driver] io.netty.channel.nio.NioEventLoop: -Dio.netty.noKeySetOptimization: false
2025-03-26 02:31:03,454 DEBUG [Driver] io.netty.channel.nio.NioEventLoop: -Dio.netty.selectorAutoRebuildThreshold: 512
2025-03-26 02:31:03,459 DEBUG [Driver] io.netty.util.internal.PlatformDependent: org.jctools-core.MpscChunkedArrayQueue: available
2025-03-26 02:31:03,470 DEBUG [Driver] io.netty.util.ResourceLeakDetector: -Dio.netty.leakDetection.level: simple
2025-03-26 02:31:03,470 DEBUG [Driver] io.netty.util.ResourceLeakDetector: -Dio.netty.leakDetection.targetRecords: 4
2025-03-26 02:31:03,471 DEBUG [Driver] io.netty.buffer.PooledByteBufAllocator: -Dio.netty.allocator.numHeapArenas: 4
2025-03-26 02:31:03,471 DEBUG [Driver] io.netty.buffer.PooledByteBufAllocator: -Dio.netty.allocator.numDirectArenas: 4
2025-03-26 02:31:03,471 DEBUG [Driver] io.netty.buffer.PooledByteBufAllocator: -Dio.netty.allocator.pageSize: 8192
2025-03-26 02:31:03,472 DEBUG [Driver] io.netty.buffer.PooledByteBufAllocator: -Dio.netty.allocator.maxOrder: 11
2025-03-26 02:31:03,472 DEBUG [Driver] io.netty.buffer.PooledByteBufAllocator: -Dio.netty.allocator.chunkSize: 16777216
2025-03-26 02:31:03,472 DEBUG [Driver] io.netty.buffer.PooledByteBufAllocator: -Dio.netty.allocator.smallCacheSize: 256
2025-03-26 02:31:03,472 DEBUG [Driver] io.netty.buffer.PooledByteBufAllocator: -Dio.netty.allocator.normalCacheSize: 64
2025-03-26 02:31:03,472 DEBUG [Driver] io.netty.buffer.PooledByteBufAllocator: -Dio.netty.allocator.maxCachedBufferCapacity: 32768
2025-03-26 02:31:03,472 DEBUG [Driver] io.netty.buffer.PooledByteBufAllocator: -Dio.netty.allocator.cacheTrimInterval: 8192
2025-03-26 02:31:03,472 DEBUG [Driver] io.netty.buffer.PooledByteBufAllocator: -Dio.netty.allocator.cacheTrimIntervalMillis: 0
2025-03-26 02:31:03,472 DEBUG [Driver] io.netty.buffer.PooledByteBufAllocator: -Dio.netty.allocator.useCacheForAllThreads: true
2025-03-26 02:31:03,472 DEBUG [Driver] io.netty.buffer.PooledByteBufAllocator: -Dio.netty.allocator.maxCachedByteBuffersPerChunk: 1023
2025-03-26 02:31:03,492 DEBUG [Driver] io.netty.channel.DefaultChannelId: -Dio.netty.processId: 1504 (auto-detected)
2025-03-26 02:31:03,493 DEBUG [Driver] io.netty.util.NetUtil: -Djava.net.preferIPv4Stack: false
2025-03-26 02:31:03,493 DEBUG [Driver] io.netty.util.NetUtil: -Djava.net.preferIPv6Addresses: false
2025-03-26 02:31:03,495 DEBUG [Driver] io.netty.util.NetUtilInitializations: Loopback interface: lo (lo, 0:0:0:0:0:0:0:1%lo)
2025-03-26 02:31:03,495 DEBUG [Driver] io.netty.util.NetUtil: /proc/sys/net/core/somaxconn: 4096
2025-03-26 02:31:03,496 DEBUG [Driver] io.netty.channel.DefaultChannelId: -Dio.netty.machineId: 02:42:ac:ff:fe:14:01:11 (auto-detected)
2025-03-26 02:31:03,509 DEBUG [Driver] io.netty.buffer.ByteBufUtil: -Dio.netty.allocator.type: pooled
2025-03-26 02:31:03,509 DEBUG [Driver] io.netty.buffer.ByteBufUtil: -Dio.netty.threadLocalDirectBufferSize: 0
2025-03-26 02:31:03,509 DEBUG [Driver] io.netty.buffer.ByteBufUtil: -Dio.netty.maxThreadLocalCharBufferSize: 16384
2025-03-26 02:31:03,517 DEBUG [Driver] org.apache.spark.network.server.TransportServer: Shuffle server started on port: 38453
2025-03-26 02:31:03,528 INFO [Driver] org.apache.spark.util.Utils: Successfully started service 'sparkDriver' on port 38453.
2025-03-26 02:31:03,529 DEBUG [Driver] org.apache.spark.SparkEnv: Using serializer: class org.apache.spark.serializer.JavaSerializer
2025-03-26 02:31:03,535 ERROR [Driver] org.apache.spark.SparkContext: Error initializing SparkContext.
java.lang.IllegalArgumentException: spark.kryoserializer.buffer must be less than 2048 MiB, got: + 262144 MiB.
	at org.apache.spark.serializer.KryoSerializer.<init>(KryoSerializer.scala:67)
	at org.apache.spark.serializer.SerializerManager.<init>(SerializerManager.scala:43)
	at org.apache.spark.SparkEnv$.create(SparkEnv.scala:281)
	at org.apache.spark.SparkEnv$.createDriverEnv(SparkEnv.scala:194)
	at org.apache.spark.SparkContext.createSparkEnv(SparkContext.scala:279)
	at org.apache.spark.SparkContext.<init>(SparkContext.scala:464)
	at org.apache.spark.SparkContext$.getOrCreate(SparkContext.scala:2714)
	at org.apache.spark.sql.SparkSession$Builder.$anonfun$getOrCreate$2(SparkSession.scala:953)
	at scala.Option.getOrElse(Option.scala:189)
	at org.apache.spark.sql.SparkSession$Builder.getOrCreate(SparkSession.scala:947)
	at org.apache.spark.examples.ml.DeveloperApiExample$.main(DeveloperApiExample.scala:42)
	at org.apache.spark.examples.ml.DeveloperApiExample.main(DeveloperApiExample.scala)
	at sun.reflect.NativeMethodAccessorImpl.invoke0(Native Method)
	at sun.reflect.NativeMethodAccessorImpl.invoke(NativeMethodAccessorImpl.java:62)
	at sun.reflect.DelegatingMethodAccessorImpl.invoke(DelegatingMethodAccessorImpl.java:43)
	at java.lang.reflect.Method.invoke(Method.java:498)
	at org.apache.spark.deploy.yarn.ApplicationMaster$$anon$2.run(ApplicationMaster.scala:739)
2025-03-26 02:31:03,563 INFO [Driver] org.apache.spark.SparkContext: Successfully stopped SparkContext
2025-03-26 02:31:03,564 ERROR [Driver] org.apache.spark.deploy.yarn.ApplicationMaster: User class threw exception: java.lang.IllegalArgumentException: spark.kryoserializer.buffer must be less than 2048 MiB, got: + 262144 MiB.
java.lang.IllegalArgumentException: spark.kryoserializer.buffer must be less than 2048 MiB, got: + 262144 MiB.
	at org.apache.spark.serializer.KryoSerializer.<init>(KryoSerializer.scala:67)
	at org.apache.spark.serializer.SerializerManager.<init>(SerializerManager.scala:43)
	at org.apache.spark.SparkEnv$.create(SparkEnv.scala:281)
	at org.apache.spark.SparkEnv$.createDriverEnv(SparkEnv.scala:194)
	at org.apache.spark.SparkContext.createSparkEnv(SparkContext.scala:279)
	at org.apache.spark.SparkContext.<init>(SparkContext.scala:464)
	at org.apache.spark.SparkContext$.getOrCreate(SparkContext.scala:2714)
	at org.apache.spark.sql.SparkSession$Builder.$anonfun$getOrCreate$2(SparkSession.scala:953)
	at scala.Option.getOrElse(Option.scala:189)
	at org.apache.spark.sql.SparkSession$Builder.getOrCreate(SparkSession.scala:947)
	at org.apache.spark.examples.ml.DeveloperApiExample$.main(DeveloperApiExample.scala:42)
	at org.apache.spark.examples.ml.DeveloperApiExample.main(DeveloperApiExample.scala)
	at sun.reflect.NativeMethodAccessorImpl.invoke0(Native Method)
	at sun.reflect.NativeMethodAccessorImpl.invoke(NativeMethodAccessorImpl.java:62)
	at sun.reflect.DelegatingMethodAccessorImpl.invoke(DelegatingMethodAccessorImpl.java:43)
	at java.lang.reflect.Method.invoke(Method.java:498)
	at org.apache.spark.deploy.yarn.ApplicationMaster$$anon$2.run(ApplicationMaster.scala:739)
2025-03-26 02:31:03,565 INFO [Driver] org.apache.spark.deploy.yarn.ApplicationMaster: Final app status: FAILED, exitCode: 13, (reason: User class threw exception: java.lang.IllegalArgumentException: spark.kryoserializer.buffer must be less than 2048 MiB, got: + 262144 MiB.
	at org.apache.spark.serializer.KryoSerializer.<init>(KryoSerializer.scala:67)
	at org.apache.spark.serializer.SerializerManager.<init>(SerializerManager.scala:43)
	at org.apache.spark.SparkEnv$.create(SparkEnv.scala:281)
	at org.apache.spark.SparkEnv$.createDriverEnv(SparkEnv.scala:194)
	at org.apache.spark.SparkContext.createSparkEnv(SparkContext.scala:279)
	at org.apache.spark.SparkContext.<init>(SparkContext.scala:464)
	at org.apache.spark.SparkContext$.getOrCreate(SparkContext.scala:2714)
	at org.apache.spark.sql.SparkSession$Builder.$anonfun$getOrCreate$2(SparkSession.scala:953)
	at scala.Option.getOrElse(Option.scala:189)
	at org.apache.spark.sql.SparkSession$Builder.getOrCreate(SparkSession.scala:947)
	at org.apache.spark.examples.ml.DeveloperApiExample$.main(DeveloperApiExample.scala:42)
	at org.apache.spark.examples.ml.DeveloperApiExample.main(DeveloperApiExample.scala)
	at sun.reflect.NativeMethodAccessorImpl.invoke0(Native Method)
	at sun.reflect.NativeMethodAccessorImpl.invoke(NativeMethodAccessorImpl.java:62)
	at sun.reflect.DelegatingMethodAccessorImpl.invoke(DelegatingMethodAccessorImpl.java:43)
	at java.lang.reflect.Method.invoke(Method.java:498)
	at org.apache.spark.deploy.yarn.ApplicationMaster$$anon$2.run(ApplicationMaster.scala:739)
)
2025-03-26 02:31:03,572 ERROR [main] org.apache.spark.deploy.yarn.ApplicationMaster: Uncaught exception: 
org.apache.spark.SparkException: Exception thrown in awaitResult: 
	at org.apache.spark.util.ThreadUtils$.awaitResult(ThreadUtils.scala:301)
	at org.apache.spark.deploy.yarn.ApplicationMaster.runDriver(ApplicationMaster.scala:511)
	at org.apache.spark.deploy.yarn.ApplicationMaster.run(ApplicationMaster.scala:275)
	at org.apache.spark.deploy.yarn.ApplicationMaster$$anon$3.run(ApplicationMaster.scala:926)
	at org.apache.spark.deploy.yarn.ApplicationMaster$$anon$3.run(ApplicationMaster.scala:925)
	at java.security.AccessController.doPrivileged(Native Method)
	at javax.security.auth.Subject.doAs(Subject.java:422)
	at org.apache.hadoop.security.UserGroupInformation.doAs(UserGroupInformation.java:1878)
	at org.apache.spark.deploy.yarn.ApplicationMaster$.main(ApplicationMaster.scala:925)
	at org.apache.spark.deploy.yarn.ApplicationMaster.main(ApplicationMaster.scala)
Caused by: java.lang.IllegalArgumentException: spark.kryoserializer.buffer must be less than 2048 MiB, got: + 262144 MiB.
	at org.apache.spark.serializer.KryoSerializer.<init>(KryoSerializer.scala:67)
	at org.apache.spark.serializer.SerializerManager.<init>(SerializerManager.scala:43)
	at org.apache.spark.SparkEnv$.create(SparkEnv.scala:281)
	at org.apache.spark.SparkEnv$.createDriverEnv(SparkEnv.scala:194)
	at org.apache.spark.SparkContext.createSparkEnv(SparkContext.scala:279)
	at org.apache.spark.SparkContext.<init>(SparkContext.scala:464)
	at org.apache.spark.SparkContext$.getOrCreate(SparkContext.scala:2714)
	at org.apache.spark.sql.SparkSession$Builder.$anonfun$getOrCreate$2(SparkSession.scala:953)
	at scala.Option.getOrElse(Option.scala:189)
	at org.apache.spark.sql.SparkSession$Builder.getOrCreate(SparkSession.scala:947)
	at org.apache.spark.examples.ml.DeveloperApiExample$.main(DeveloperApiExample.scala:42)
	at org.apache.spark.examples.ml.DeveloperApiExample.main(DeveloperApiExample.scala)
	at sun.reflect.NativeMethodAccessorImpl.invoke0(Native Method)
	at sun.reflect.NativeMethodAccessorImpl.invoke(NativeMethodAccessorImpl.java:62)
	at sun.reflect.DelegatingMethodAccessorImpl.invoke(DelegatingMethodAccessorImpl.java:43)
	at java.lang.reflect.Method.invoke(Method.java:498)
	at org.apache.spark.deploy.yarn.ApplicationMaster$$anon$2.run(ApplicationMaster.scala:739)
2025-03-26 02:31:03,575 INFO [shutdown-hook-0] org.apache.spark.util.ShutdownHookManager: Shutdown hook called
2025-03-26 02:31:03,575 DEBUG [Thread-2] org.apache.hadoop.util.ShutdownHookManager: Completed shutdown in 0.002 seconds; Timeouts: 0
2025-03-26 02:31:03,584 DEBUG [Thread-2] org.apache.hadoop.util.ShutdownHookManager: ShutdownHookManager completed shutdown.
