program=ml.DeveloperApiExample
SPARKLORD_MODE=CONFIG_INJECTION
cpu_cores=2
cpu_util=200
memory=4g
config_file_name=spark-defaults.conf
config_key=spark.shuffle.checksum.enabled
config_value=True

2025-03-25 12:05:31,780 INFO [main] org.apache.hadoop.hdfs.server.namenode.SecondaryNameNode: STARTUP_MSG: 
/************************************************************
STARTUP_MSG: Starting SecondaryNameNode
STARTUP_MSG:   host = master/172.20.1.10
STARTUP_MSG:   args = []
STARTUP_MSG:   version = 3.3.4
STARTUP_MSG:   classpath = /hadoop/etc/hadoop:/hadoop/share/hadoop/common/lib/jetty-io-9.4.43.v20210629.jar:/hadoop/share/hadoop/common/lib/jersey-core-1.19.jar:/hadoop/share/hadoop/common/lib/kerb-admin-1.0.1.jar:/hadoop/share/hadoop/common/lib/avro-1.7.7.jar:/hadoop/share/hadoop/common/lib/jetty-servlet-9.4.43.v20210629.jar:/hadoop/share/hadoop/common/lib/jackson-jaxrs-1.9.13.jar:/hadoop/share/hadoop/common/lib/listenablefuture-9999.0-empty-to-avoid-conflict-with-guava.jar:/hadoop/share/hadoop/common/lib/kerby-config-1.0.1.jar:/hadoop/share/hadoop/common/lib/commons-logging-1.1.3.jar:/hadoop/share/hadoop/common/lib/jackson-core-asl-1.9.13.jar:/hadoop/share/hadoop/common/lib/curator-recipes-4.2.0.jar:/hadoop/share/hadoop/common/lib/jetty-util-9.4.43.v20210629.jar:/hadoop/share/hadoop/common/lib/animal-sniffer-annotations-1.17.jar:/hadoop/share/hadoop/common/lib/curator-framework-4.2.0.jar:/hadoop/share/hadoop/common/lib/zookeeper-3.5.6.jar:/hadoop/share/hadoop/common/lib/commons-daemon-1.0.13.jar:/hadoop/share/hadoop/common/lib/jsr305-3.0.2.jar:/hadoop/share/hadoop/common/lib/hadoop-shaded-protobuf_3_7-1.1.1.jar:/hadoop/share/hadoop/common/lib/curator-client-4.2.0.jar:/hadoop/share/hadoop/common/lib/kerb-client-1.0.1.jar:/hadoop/share/hadoop/common/lib/kerby-util-1.0.1.jar:/hadoop/share/hadoop/common/lib/j2objc-annotations-1.1.jar:/hadoop/share/hadoop/common/lib/jetty-util-ajax-9.4.43.v20210629.jar:/hadoop/share/hadoop/common/lib/jackson-core-2.12.7.jar:/hadoop/share/hadoop/common/lib/jackson-databind-2.12.7.jar:/hadoop/share/hadoop/common/lib/jetty-xml-9.4.43.v20210629.jar:/hadoop/share/hadoop/common/lib/kerb-common-1.0.1.jar:/hadoop/share/hadoop/common/lib/jackson-xc-1.9.13.jar:/hadoop/share/hadoop/common/lib/jaxb-impl-2.2.3-1.jar:/hadoop/share/hadoop/common/lib/metrics-core-3.2.4.jar:/hadoop/share/hadoop/common/lib/reload4j-1.2.22.jar:/hadoop/share/hadoop/common/lib/commons-text-1.4.jar:/hadoop/share/hadoop/common/lib/commons-cli-1.2.jar:/hadoop/share/hadoop/common/lib/commons-collections-3.2.2.jar:/hadoop/share/hadoop/common/lib/token-provider-1.0.1.jar:/hadoop/share/hadoop/common/lib/snappy-java-1.1.8.2.jar:/hadoop/share/hadoop/common/lib/commons-math3-3.1.1.jar:/hadoop/share/hadoop/common/lib/jackson-annotations-2.12.7.jar:/hadoop/share/hadoop/common/lib/jetty-security-9.4.43.v20210629.jar:/hadoop/share/hadoop/common/lib/commons-codec-1.15.jar:/hadoop/share/hadoop/common/lib/checker-qual-2.5.2.jar:/hadoop/share/hadoop/common/lib/httpclient-4.5.13.jar:/hadoop/share/hadoop/common/lib/woodstox-core-5.3.0.jar:/hadoop/share/hadoop/common/lib/netty-3.10.6.Final.jar:/hadoop/share/hadoop/common/lib/hadoop-annotations-3.3.4.jar:/hadoop/share/hadoop/common/lib/jsp-api-2.1.jar:/hadoop/share/hadoop/common/lib/jetty-server-9.4.43.v20210629.jar:/hadoop/share/hadoop/common/lib/slf4j-reload4j-1.7.36.jar:/hadoop/share/hadoop/common/lib/commons-beanutils-1.9.4.jar:/hadoop/share/hadoop/common/lib/accessors-smart-2.4.7.jar:/hadoop/share/hadoop/common/lib/jersey-server-1.19.jar:/hadoop/share/hadoop/common/lib/dnsjava-2.1.7.jar:/hadoop/share/hadoop/common/lib/httpcore-4.4.13.jar:/hadoop/share/hadoop/common/lib/jetty-webapp-9.4.43.v20210629.jar:/hadoop/share/hadoop/common/lib/kerb-simplekdc-1.0.1.jar:/hadoop/share/hadoop/common/lib/jaxb-api-2.2.11.jar:/hadoop/share/hadoop/common/lib/jsr311-api-1.1.1.jar:/hadoop/share/hadoop/common/lib/hadoop-shaded-guava-1.1.1.jar:/hadoop/share/hadoop/common/lib/failureaccess-1.0.jar:/hadoop/share/hadoop/common/lib/gson-2.8.9.jar:/hadoop/share/hadoop/common/lib/commons-lang3-3.12.0.jar:/hadoop/share/hadoop/common/lib/kerby-xdr-1.0.1.jar:/hadoop/share/hadoop/common/lib/guava-27.0-jre.jar:/hadoop/share/hadoop/common/lib/jcip-annotations-1.0-1.jar:/hadoop/share/hadoop/common/lib/commons-io-2.8.0.jar:/hadoop/share/hadoop/common/lib/javax.servlet-api-3.1.0.jar:/hadoop/share/hadoop/common/lib/slf4j-api-1.7.36.jar:/hadoop/share/hadoop/common/lib/re2j-1.1.jar:/hadoop/share/hadoop/common/lib/nimbus-jose-jwt-9.8.1.jar:/hadoop/share/hadoop/common/lib/jersey-servlet-1.19.jar:/hadoop/share/hadoop/common/lib/kerb-util-1.0.1.jar:/hadoop/share/hadoop/common/lib/jakarta.activation-api-1.2.1.jar:/hadoop/share/hadoop/common/lib/commons-net-3.6.jar:/hadoop/share/hadoop/common/lib/kerb-core-1.0.1.jar:/hadoop/share/hadoop/common/lib/jackson-mapper-asl-1.9.13.jar:/hadoop/share/hadoop/common/lib/hadoop-auth-3.3.4.jar:/hadoop/share/hadoop/common/lib/kerby-asn1-1.0.1.jar:/hadoop/share/hadoop/common/lib/protobuf-java-2.5.0.jar:/hadoop/share/hadoop/common/lib/jul-to-slf4j-1.7.36.jar:/hadoop/share/hadoop/common/lib/stax2-api-4.2.1.jar:/hadoop/share/hadoop/common/lib/commons-configuration2-2.1.1.jar:/hadoop/share/hadoop/common/lib/commons-compress-1.21.jar:/hadoop/share/hadoop/common/lib/json-smart-2.4.7.jar:/hadoop/share/hadoop/common/lib/kerby-pkix-1.0.1.jar:/hadoop/share/hadoop/common/lib/asm-5.0.4.jar:/hadoop/share/hadoop/common/lib/paranamer-2.3.jar:/hadoop/share/hadoop/common/lib/kerb-server-1.0.1.jar:/hadoop/share/hadoop/common/lib/kerb-crypto-1.0.1.jar:/hadoop/share/hadoop/common/lib/kerb-identity-1.0.1.jar:/hadoop/share/hadoop/common/lib/jetty-http-9.4.43.v20210629.jar:/hadoop/share/hadoop/common/lib/jersey-json-1.19.jar:/hadoop/share/hadoop/common/lib/zookeeper-jute-3.5.6.jar:/hadoop/share/hadoop/common/lib/jettison-1.1.jar:/hadoop/share/hadoop/common/lib/jsch-0.1.55.jar:/hadoop/share/hadoop/common/lib/audience-annotations-0.5.0.jar:/hadoop/share/hadoop/common/hadoop-common-3.3.4.jar:/hadoop/share/hadoop/common/hadoop-kms-3.3.4.jar:/hadoop/share/hadoop/common/hadoop-registry-3.3.4.jar:/hadoop/share/hadoop/common/hadoop-nfs-3.3.4.jar:/hadoop/share/hadoop/common/hadoop-common-3.3.4-tests.jar:/hadoop/share/hadoop/hdfs:/hadoop/share/hadoop/hdfs/lib/jetty-io-9.4.43.v20210629.jar:/hadoop/share/hadoop/hdfs/lib/jersey-core-1.19.jar:/hadoop/share/hadoop/hdfs/lib/kerb-admin-1.0.1.jar:/hadoop/share/hadoop/hdfs/lib/avro-1.7.7.jar:/hadoop/share/hadoop/hdfs/lib/jetty-servlet-9.4.43.v20210629.jar:/hadoop/share/hadoop/hdfs/lib/netty-codec-memcache-4.1.77.Final.jar:/hadoop/share/hadoop/hdfs/lib/jackson-jaxrs-1.9.13.jar:/hadoop/share/hadoop/hdfs/lib/listenablefuture-9999.0-empty-to-avoid-conflict-with-guava.jar:/hadoop/share/hadoop/hdfs/lib/kerby-config-1.0.1.jar:/hadoop/share/hadoop/hdfs/lib/commons-logging-1.1.3.jar:/hadoop/share/hadoop/hdfs/lib/jackson-core-asl-1.9.13.jar:/hadoop/share/hadoop/hdfs/lib/curator-recipes-4.2.0.jar:/hadoop/share/hadoop/hdfs/lib/jetty-util-9.4.43.v20210629.jar:/hadoop/share/hadoop/hdfs/lib/netty-codec-http2-4.1.77.Final.jar:/hadoop/share/hadoop/hdfs/lib/netty-codec-mqtt-4.1.77.Final.jar:/hadoop/share/hadoop/hdfs/lib/animal-sniffer-annotations-1.17.jar:/hadoop/share/hadoop/hdfs/lib/netty-codec-socks-4.1.77.Final.jar:/hadoop/share/hadoop/hdfs/lib/netty-buffer-4.1.77.Final.jar:/hadoop/share/hadoop/hdfs/lib/curator-framework-4.2.0.jar:/hadoop/share/hadoop/hdfs/lib/netty-transport-rxtx-4.1.77.Final.jar:/hadoop/share/hadoop/hdfs/lib/zookeeper-3.5.6.jar:/hadoop/share/hadoop/hdfs/lib/commons-daemon-1.0.13.jar:/hadoop/share/hadoop/hdfs/lib/netty-common-4.1.77.Final.jar:/hadoop/share/hadoop/hdfs/lib/jsr305-3.0.2.jar:/hadoop/share/hadoop/hdfs/lib/hadoop-shaded-protobuf_3_7-1.1.1.jar:/hadoop/share/hadoop/hdfs/lib/curator-client-4.2.0.jar:/hadoop/share/hadoop/hdfs/lib/netty-codec-dns-4.1.77.Final.jar:/hadoop/share/hadoop/hdfs/lib/netty-transport-classes-epoll-4.1.77.Final.jar:/hadoop/share/hadoop/hdfs/lib/kerb-client-1.0.1.jar:/hadoop/share/hadoop/hdfs/lib/netty-codec-xml-4.1.77.Final.jar:/hadoop/share/hadoop/hdfs/lib/netty-transport-native-epoll-4.1.77.Final-linux-x86_64.jar:/hadoop/share/hadoop/hdfs/lib/netty-transport-native-kqueue-4.1.77.Final-osx-aarch_64.jar:/hadoop/share/hadoop/hdfs/lib/kerby-util-1.0.1.jar:/hadoop/share/hadoop/hdfs/lib/j2objc-annotations-1.1.jar:/hadoop/share/hadoop/hdfs/lib/netty-transport-4.1.77.Final.jar:/hadoop/share/hadoop/hdfs/lib/jetty-util-ajax-9.4.43.v20210629.jar:/hadoop/share/hadoop/hdfs/lib/jackson-core-2.12.7.jar:/hadoop/share/hadoop/hdfs/lib/jackson-databind-2.12.7.jar:/hadoop/share/hadoop/hdfs/lib/jetty-xml-9.4.43.v20210629.jar:/hadoop/share/hadoop/hdfs/lib/kerb-common-1.0.1.jar:/hadoop/share/hadoop/hdfs/lib/jackson-xc-1.9.13.jar:/hadoop/share/hadoop/hdfs/lib/jaxb-impl-2.2.3-1.jar:/hadoop/share/hadoop/hdfs/lib/netty-codec-haproxy-4.1.77.Final.jar:/hadoop/share/hadoop/hdfs/lib/netty-codec-http-4.1.77.Final.jar:/hadoop/share/hadoop/hdfs/lib/reload4j-1.2.22.jar:/hadoop/share/hadoop/hdfs/lib/netty-codec-stomp-4.1.77.Final.jar:/hadoop/share/hadoop/hdfs/lib/netty-transport-native-unix-common-4.1.77.Final.jar:/hadoop/share/hadoop/hdfs/lib/commons-text-1.4.jar:/hadoop/share/hadoop/hdfs/lib/commons-cli-1.2.jar:/hadoop/share/hadoop/hdfs/lib/commons-collections-3.2.2.jar:/hadoop/share/hadoop/hdfs/lib/token-provider-1.0.1.jar:/hadoop/share/hadoop/hdfs/lib/snappy-java-1.1.8.2.jar:/hadoop/share/hadoop/hdfs/lib/netty-all-4.1.77.Final.jar:/hadoop/share/hadoop/hdfs/lib/commons-math3-3.1.1.jar:/hadoop/share/hadoop/hdfs/lib/jackson-annotations-2.12.7.jar:/hadoop/share/hadoop/hdfs/lib/jetty-security-9.4.43.v20210629.jar:/hadoop/share/hadoop/hdfs/lib/netty-resolver-dns-native-macos-4.1.77.Final-osx-aarch_64.jar:/hadoop/share/hadoop/hdfs/lib/netty-resolver-dns-4.1.77.Final.jar:/hadoop/share/hadoop/hdfs/lib/commons-codec-1.15.jar:/hadoop/share/hadoop/hdfs/lib/checker-qual-2.5.2.jar:/hadoop/share/hadoop/hdfs/lib/httpclient-4.5.13.jar:/hadoop/share/hadoop/hdfs/lib/woodstox-core-5.3.0.jar:/hadoop/share/hadoop/hdfs/lib/kotlin-stdlib-1.4.10.jar:/hadoop/share/hadoop/hdfs/lib/netty-3.10.6.Final.jar:/hadoop/share/hadoop/hdfs/lib/hadoop-annotations-3.3.4.jar:/hadoop/share/hadoop/hdfs/lib/netty-codec-redis-4.1.77.Final.jar:/hadoop/share/hadoop/hdfs/lib/jetty-server-9.4.43.v20210629.jar:/hadoop/share/hadoop/hdfs/lib/netty-transport-classes-kqueue-4.1.77.Final.jar:/hadoop/share/hadoop/hdfs/lib/commons-beanutils-1.9.4.jar:/hadoop/share/hadoop/hdfs/lib/json-simple-1.1.1.jar:/hadoop/share/hadoop/hdfs/lib/okio-2.8.0.jar:/hadoop/share/hadoop/hdfs/lib/accessors-smart-2.4.7.jar:/hadoop/share/hadoop/hdfs/lib/jersey-server-1.19.jar:/hadoop/share/hadoop/hdfs/lib/dnsjava-2.1.7.jar:/hadoop/share/hadoop/hdfs/lib/httpcore-4.4.13.jar:/hadoop/share/hadoop/hdfs/lib/jetty-webapp-9.4.43.v20210629.jar:/hadoop/share/hadoop/hdfs/lib/kerb-simplekdc-1.0.1.jar:/hadoop/share/hadoop/hdfs/lib/jaxb-api-2.2.11.jar:/hadoop/share/hadoop/hdfs/lib/jsr311-api-1.1.1.jar:/hadoop/share/hadoop/hdfs/lib/netty-resolver-dns-classes-macos-4.1.77.Final.jar:/hadoop/share/hadoop/hdfs/lib/okhttp-4.9.3.jar:/hadoop/share/hadoop/hdfs/lib/hadoop-shaded-guava-1.1.1.jar:/hadoop/share/hadoop/hdfs/lib/failureaccess-1.0.jar:/hadoop/share/hadoop/hdfs/lib/gson-2.8.9.jar:/hadoop/share/hadoop/hdfs/lib/commons-lang3-3.12.0.jar:/hadoop/share/hadoop/hdfs/lib/kerby-xdr-1.0.1.jar:/hadoop/share/hadoop/hdfs/lib/guava-27.0-jre.jar:/hadoop/share/hadoop/hdfs/lib/jcip-annotations-1.0-1.jar:/hadoop/share/hadoop/hdfs/lib/netty-codec-smtp-4.1.77.Final.jar:/hadoop/share/hadoop/hdfs/lib/commons-io-2.8.0.jar:/hadoop/share/hadoop/hdfs/lib/javax.servlet-api-3.1.0.jar:/hadoop/share/hadoop/hdfs/lib/netty-resolver-dns-native-macos-4.1.77.Final-osx-x86_64.jar:/hadoop/share/hadoop/hdfs/lib/netty-transport-sctp-4.1.77.Final.jar:/hadoop/share/hadoop/hdfs/lib/netty-handler-proxy-4.1.77.Final.jar:/hadoop/share/hadoop/hdfs/lib/netty-transport-native-kqueue-4.1.77.Final-osx-x86_64.jar:/hadoop/share/hadoop/hdfs/lib/re2j-1.1.jar:/hadoop/share/hadoop/hdfs/lib/nimbus-jose-jwt-9.8.1.jar:/hadoop/share/hadoop/hdfs/lib/jersey-servlet-1.19.jar:/hadoop/share/hadoop/hdfs/lib/kerb-util-1.0.1.jar:/hadoop/share/hadoop/hdfs/lib/jakarta.activation-api-1.2.1.jar:/hadoop/share/hadoop/hdfs/lib/commons-net-3.6.jar:/hadoop/share/hadoop/hdfs/lib/kerb-core-1.0.1.jar:/hadoop/share/hadoop/hdfs/lib/jackson-mapper-asl-1.9.13.jar:/hadoop/share/hadoop/hdfs/lib/hadoop-auth-3.3.4.jar:/hadoop/share/hadoop/hdfs/lib/netty-transport-native-epoll-4.1.77.Final-linux-aarch_64.jar:/hadoop/share/hadoop/hdfs/lib/kerby-asn1-1.0.1.jar:/hadoop/share/hadoop/hdfs/lib/netty-codec-4.1.77.Final.jar:/hadoop/share/hadoop/hdfs/lib/protobuf-java-2.5.0.jar:/hadoop/share/hadoop/hdfs/lib/stax2-api-4.2.1.jar:/hadoop/share/hadoop/hdfs/lib/commons-configuration2-2.1.1.jar:/hadoop/share/hadoop/hdfs/lib/commons-compress-1.21.jar:/hadoop/share/hadoop/hdfs/lib/kotlin-stdlib-common-1.4.10.jar:/hadoop/share/hadoop/hdfs/lib/netty-transport-udt-4.1.77.Final.jar:/hadoop/share/hadoop/hdfs/lib/json-smart-2.4.7.jar:/hadoop/share/hadoop/hdfs/lib/kerby-pkix-1.0.1.jar:/hadoop/share/hadoop/hdfs/lib/asm-5.0.4.jar:/hadoop/share/hadoop/hdfs/lib/netty-resolver-4.1.77.Final.jar:/hadoop/share/hadoop/hdfs/lib/paranamer-2.3.jar:/hadoop/share/hadoop/hdfs/lib/kerb-server-1.0.1.jar:/hadoop/share/hadoop/hdfs/lib/kerb-crypto-1.0.1.jar:/hadoop/share/hadoop/hdfs/lib/kerb-identity-1.0.1.jar:/hadoop/share/hadoop/hdfs/lib/netty-handler-4.1.77.Final.jar:/hadoop/share/hadoop/hdfs/lib/jetty-http-9.4.43.v20210629.jar:/hadoop/share/hadoop/hdfs/lib/jersey-json-1.19.jar:/hadoop/share/hadoop/hdfs/lib/zookeeper-jute-3.5.6.jar:/hadoop/share/hadoop/hdfs/lib/jettison-1.1.jar:/hadoop/share/hadoop/hdfs/lib/jsch-0.1.55.jar:/hadoop/share/hadoop/hdfs/lib/audience-annotations-0.5.0.jar:/hadoop/share/hadoop/hdfs/lib/leveldbjni-all-1.8.jar:/hadoop/share/hadoop/hdfs/hadoop-hdfs-rbf-3.3.4-tests.jar:/hadoop/share/hadoop/hdfs/hadoop-hdfs-client-3.3.4.jar:/hadoop/share/hadoop/hdfs/hadoop-hdfs-native-client-3.3.4-tests.jar:/hadoop/share/hadoop/hdfs/hadoop-hdfs-native-client-3.3.4.jar:/hadoop/share/hadoop/hdfs/hadoop-hdfs-httpfs-3.3.4.jar:/hadoop/share/hadoop/hdfs/hadoop-hdfs-nfs-3.3.4.jar:/hadoop/share/hadoop/hdfs/hadoop-hdfs-3.3.4.jar:/hadoop/share/hadoop/hdfs/hadoop-hdfs-client-3.3.4-tests.jar:/hadoop/share/hadoop/hdfs/hadoop-hdfs-rbf-3.3.4.jar:/hadoop/share/hadoop/hdfs/hadoop-hdfs-3.3.4-tests.jar:/hadoop/share/hadoop/mapreduce/hadoop-mapreduce-client-nativetask-3.3.4.jar:/hadoop/share/hadoop/mapreduce/hadoop-mapreduce-client-uploader-3.3.4.jar:/hadoop/share/hadoop/mapreduce/hadoop-mapreduce-examples-3.3.4.jar:/hadoop/share/hadoop/mapreduce/hadoop-mapreduce-client-hs-plugins-3.3.4.jar:/hadoop/share/hadoop/mapreduce/hadoop-mapreduce-client-common-3.3.4.jar:/hadoop/share/hadoop/mapreduce/hadoop-mapreduce-client-hs-3.3.4.jar:/hadoop/share/hadoop/mapreduce/hadoop-mapreduce-client-core-3.3.4.jar:/hadoop/share/hadoop/mapreduce/hadoop-mapreduce-client-app-3.3.4.jar:/hadoop/share/hadoop/mapreduce/hadoop-mapreduce-client-jobclient-3.3.4-tests.jar:/hadoop/share/hadoop/mapreduce/hadoop-mapreduce-client-jobclient-3.3.4.jar:/hadoop/share/hadoop/mapreduce/hadoop-mapreduce-client-shuffle-3.3.4.jar:/hadoop/share/hadoop/yarn:/hadoop/share/hadoop/yarn/lib/jline-3.9.0.jar:/hadoop/share/hadoop/yarn/lib/jetty-jndi-9.4.43.v20210629.jar:/hadoop/share/hadoop/yarn/lib/javax.websocket-client-api-1.0.jar:/hadoop/share/hadoop/yarn/lib/jakarta.xml.bind-api-2.3.2.jar:/hadoop/share/hadoop/yarn/lib/javax-websocket-server-impl-9.4.43.v20210629.jar:/hadoop/share/hadoop/yarn/lib/jetty-client-9.4.43.v20210629.jar:/hadoop/share/hadoop/yarn/lib/jna-5.2.0.jar:/hadoop/share/hadoop/yarn/lib/asm-commons-9.1.jar:/hadoop/share/hadoop/yarn/lib/jersey-guice-1.19.jar:/hadoop/share/hadoop/yarn/lib/websocket-servlet-9.4.43.v20210629.jar:/hadoop/share/hadoop/yarn/lib/swagger-annotations-1.5.4.jar:/hadoop/share/hadoop/yarn/lib/javax.websocket-api-1.0.jar:/hadoop/share/hadoop/yarn/lib/metrics-core-3.2.4.jar:/hadoop/share/hadoop/yarn/lib/jackson-module-jaxb-annotations-2.12.7.jar:/hadoop/share/hadoop/yarn/lib/jetty-annotations-9.4.43.v20210629.jar:/hadoop/share/hadoop/yarn/lib/aopalliance-1.0.jar:/hadoop/share/hadoop/yarn/lib/bcpkix-jdk15on-1.60.jar:/hadoop/share/hadoop/yarn/lib/jersey-client-1.19.jar:/hadoop/share/hadoop/yarn/lib/websocket-api-9.4.43.v20210629.jar:/hadoop/share/hadoop/yarn/lib/json-io-2.5.1.jar:/hadoop/share/hadoop/yarn/lib/HikariCP-java7-2.4.12.jar:/hadoop/share/hadoop/yarn/lib/java-util-1.9.0.jar:/hadoop/share/hadoop/yarn/lib/geronimo-jcache_1.0_spec-1.0-alpha-1.jar:/hadoop/share/hadoop/yarn/lib/guice-4.0.jar:/hadoop/share/hadoop/yarn/lib/javax.inject-1.jar:/hadoop/share/hadoop/yarn/lib/websocket-client-9.4.43.v20210629.jar:/hadoop/share/hadoop/yarn/lib/javax-websocket-client-impl-9.4.43.v20210629.jar:/hadoop/share/hadoop/yarn/lib/jetty-plus-9.4.43.v20210629.jar:/hadoop/share/hadoop/yarn/lib/snakeyaml-1.26.jar:/hadoop/share/hadoop/yarn/lib/guice-servlet-4.0.jar:/hadoop/share/hadoop/yarn/lib/bcprov-jdk15on-1.60.jar:/hadoop/share/hadoop/yarn/lib/objenesis-2.6.jar:/hadoop/share/hadoop/yarn/lib/jackson-jaxrs-base-2.12.7.jar:/hadoop/share/hadoop/yarn/lib/websocket-common-9.4.43.v20210629.jar:/hadoop/share/hadoop/yarn/lib/jackson-jaxrs-json-provider-2.12.7.jar:/hadoop/share/hadoop/yarn/lib/asm-analysis-9.1.jar:/hadoop/share/hadoop/yarn/lib/mssql-jdbc-6.2.1.jre7.jar:/hadoop/share/hadoop/yarn/lib/websocket-server-9.4.43.v20210629.jar:/hadoop/share/hadoop/yarn/lib/asm-tree-9.1.jar:/hadoop/share/hadoop/yarn/lib/ehcache-3.3.1.jar:/hadoop/share/hadoop/yarn/lib/fst-2.50.jar:/hadoop/share/hadoop/yarn/hadoop-yarn-server-tests-3.3.4.jar:/hadoop/share/hadoop/yarn/hadoop-yarn-applications-mawo-core-3.3.4.jar:/hadoop/share/hadoop/yarn/hadoop-yarn-server-common-3.3.4.jar:/hadoop/share/hadoop/yarn/hadoop-yarn-services-core-3.3.4.jar:/hadoop/share/hadoop/yarn/hadoop-yarn-applications-unmanaged-am-launcher-3.3.4.jar:/hadoop/share/hadoop/yarn/hadoop-yarn-server-sharedcachemanager-3.3.4.jar:/hadoop/share/hadoop/yarn/hadoop-yarn-server-applicationhistoryservice-3.3.4.jar:/hadoop/share/hadoop/yarn/hadoop-yarn-services-api-3.3.4.jar:/hadoop/share/hadoop/yarn/hadoop-yarn-server-resourcemanager-3.3.4.jar:/hadoop/share/hadoop/yarn/hadoop-yarn-api-3.3.4.jar:/hadoop/share/hadoop/yarn/hadoop-yarn-server-nodemanager-3.3.4.jar:/hadoop/share/hadoop/yarn/hadoop-yarn-server-timeline-pluginstorage-3.3.4.jar:/hadoop/share/hadoop/yarn/hadoop-yarn-client-3.3.4.jar:/hadoop/share/hadoop/yarn/hadoop-yarn-server-router-3.3.4.jar:/hadoop/share/hadoop/yarn/hadoop-yarn-applications-distributedshell-3.3.4.jar:/hadoop/share/hadoop/yarn/hadoop-yarn-server-web-proxy-3.3.4.jar:/hadoop/share/hadoop/yarn/hadoop-yarn-registry-3.3.4.jar:/hadoop/share/hadoop/yarn/hadoop-yarn-common-3.3.4.jar
STARTUP_MSG:   build = https://github.com/apache/hadoop.git -r a585a73c3e02ac62350c136643a5e7f6095a3dbb; compiled by 'stevel' on 2022-07-29T12:32Z
STARTUP_MSG:   java = 1.8.0_432
************************************************************/
2025-03-25 12:05:31,784 INFO [main] org.apache.hadoop.hdfs.server.namenode.SecondaryNameNode: registered UNIX signal handlers for [TERM, HUP, INT]
2025-03-25 12:05:32,025 INFO [main] org.apache.hadoop.metrics2.impl.MetricsConfig: Loaded properties from hadoop-metrics2.properties
2025-03-25 12:05:32,068 INFO [main] org.apache.hadoop.metrics2.impl.MetricsSystemImpl: Scheduled Metric snapshot period at 10 second(s).
2025-03-25 12:05:32,068 INFO [main] org.apache.hadoop.metrics2.impl.MetricsSystemImpl: SecondaryNameNode metrics system started
2025-03-25 12:05:32,313 INFO [main] org.apache.hadoop.hdfs.server.namenode.FSEditLog: Edit logging is async:true
2025-03-25 12:05:32,323 INFO [main] org.apache.hadoop.hdfs.server.common.Storage: Lock on /data/tmp/dfs/namesecondary/in_use.lock acquired by nodename 469@master
2025-03-25 12:05:32,343 INFO [main] org.apache.hadoop.hdfs.server.namenode.FSNamesystem: KeyProvider: null
2025-03-25 12:05:32,344 INFO [main] org.apache.hadoop.hdfs.server.namenode.FSNamesystem: fsLock is fair: true
2025-03-25 12:05:32,344 INFO [main] org.apache.hadoop.hdfs.server.namenode.FSNamesystem: Detailed lock hold time metrics enabled: false
2025-03-25 12:05:32,345 INFO [main] org.apache.hadoop.hdfs.server.namenode.FSNamesystem: fsOwner                = root (auth:SIMPLE)
2025-03-25 12:05:32,345 INFO [main] org.apache.hadoop.hdfs.server.namenode.FSNamesystem: supergroup             = supergroup
2025-03-25 12:05:32,345 INFO [main] org.apache.hadoop.hdfs.server.namenode.FSNamesystem: isPermissionEnabled    = true
2025-03-25 12:05:32,345 INFO [main] org.apache.hadoop.hdfs.server.namenode.FSNamesystem: isStoragePolicyEnabled = true
2025-03-25 12:05:32,345 INFO [main] org.apache.hadoop.hdfs.server.namenode.FSNamesystem: HA Enabled: false
2025-03-25 12:05:32,369 INFO [main] org.apache.hadoop.hdfs.server.common.Util: dfs.datanode.fileio.profiling.sampling.percentage set to 0. Disabling file IO profiling
2025-03-25 12:05:32,373 INFO [main] org.apache.hadoop.util.HostsFileReader: Adding a node "172.20.1.11" to the list of included hosts from /hadoop/etc/hadoop/workers
2025-03-25 12:05:32,373 INFO [main] org.apache.hadoop.util.HostsFileReader: Adding a node "172.20.1.12" to the list of included hosts from /hadoop/etc/hadoop/workers
2025-03-25 12:05:32,373 INFO [main] org.apache.hadoop.util.HostsFileReader: Adding a node "172.20.1.13" to the list of included hosts from /hadoop/etc/hadoop/workers
2025-03-25 12:05:32,377 INFO [main] org.apache.hadoop.hdfs.server.blockmanagement.DatanodeManager: dfs.block.invalidate.limit: configured=1000, counted=60, effected=1000
2025-03-25 12:05:32,377 INFO [main] org.apache.hadoop.hdfs.server.blockmanagement.DatanodeManager: dfs.namenode.datanode.registration.ip-hostname-check=true
2025-03-25 12:05:32,380 INFO [main] org.apache.hadoop.hdfs.server.blockmanagement.BlockManager: dfs.namenode.startup.delay.block.deletion.sec is set to 000:00:00:00.000
2025-03-25 12:05:32,380 INFO [main] org.apache.hadoop.hdfs.server.blockmanagement.BlockManager: The block deletion will start around 2025 Mar 25 12:05:32
2025-03-25 12:05:32,381 INFO [main] org.apache.hadoop.util.GSet: Computing capacity for map BlocksMap
2025-03-25 12:05:32,381 INFO [main] org.apache.hadoop.util.GSet: VM type       = 64-bit
2025-03-25 12:05:32,381 INFO [main] org.apache.hadoop.util.GSet: 2.0% max memory 910.5 MB = 18.2 MB
2025-03-25 12:05:32,381 INFO [main] org.apache.hadoop.util.GSet: capacity      = 2^21 = 2097152 entries
2025-03-25 12:05:32,386 INFO [main] org.apache.hadoop.hdfs.server.blockmanagement.BlockManager: Storage policy satisfier is disabled
2025-03-25 12:05:32,386 INFO [main] org.apache.hadoop.hdfs.server.blockmanagement.BlockManager: dfs.block.access.token.enable = false
2025-03-25 12:05:32,390 INFO [main] org.apache.hadoop.hdfs.server.blockmanagement.BlockManagerSafeMode: dfs.namenode.safemode.threshold-pct = 0.999
2025-03-25 12:05:32,390 INFO [main] org.apache.hadoop.hdfs.server.blockmanagement.BlockManagerSafeMode: dfs.namenode.safemode.min.datanodes = 0
2025-03-25 12:05:32,390 INFO [main] org.apache.hadoop.hdfs.server.blockmanagement.BlockManagerSafeMode: dfs.namenode.safemode.extension = 30000
2025-03-25 12:05:32,391 INFO [main] org.apache.hadoop.hdfs.server.blockmanagement.BlockManager: defaultReplication         = 3
2025-03-25 12:05:32,391 INFO [main] org.apache.hadoop.hdfs.server.blockmanagement.BlockManager: maxReplication             = 512
2025-03-25 12:05:32,391 INFO [main] org.apache.hadoop.hdfs.server.blockmanagement.BlockManager: minReplication             = 1
2025-03-25 12:05:32,391 INFO [main] org.apache.hadoop.hdfs.server.blockmanagement.BlockManager: maxReplicationStreams      = 2
2025-03-25 12:05:32,391 INFO [main] org.apache.hadoop.hdfs.server.blockmanagement.BlockManager: redundancyRecheckInterval  = 3000ms
2025-03-25 12:05:32,391 INFO [main] org.apache.hadoop.hdfs.server.blockmanagement.BlockManager: encryptDataTransfer        = false
2025-03-25 12:05:32,391 INFO [main] org.apache.hadoop.hdfs.server.blockmanagement.BlockManager: maxNumBlocksToLog          = 1000
2025-03-25 12:05:32,437 INFO [main] org.apache.hadoop.hdfs.server.namenode.FSDirectory: GLOBAL serial map: bits=29 maxEntries=536870911
2025-03-25 12:05:32,437 INFO [main] org.apache.hadoop.hdfs.server.namenode.FSDirectory: USER serial map: bits=24 maxEntries=16777215
2025-03-25 12:05:32,437 INFO [main] org.apache.hadoop.hdfs.server.namenode.FSDirectory: GROUP serial map: bits=24 maxEntries=16777215
2025-03-25 12:05:32,437 INFO [main] org.apache.hadoop.hdfs.server.namenode.FSDirectory: XATTR serial map: bits=24 maxEntries=16777215
2025-03-25 12:05:32,446 INFO [main] org.apache.hadoop.util.GSet: Computing capacity for map INodeMap
2025-03-25 12:05:32,446 INFO [main] org.apache.hadoop.util.GSet: VM type       = 64-bit
2025-03-25 12:05:32,446 INFO [main] org.apache.hadoop.util.GSet: 1.0% max memory 910.5 MB = 9.1 MB
2025-03-25 12:05:32,446 INFO [main] org.apache.hadoop.util.GSet: capacity      = 2^20 = 1048576 entries
2025-03-25 12:05:32,447 INFO [main] org.apache.hadoop.hdfs.server.namenode.FSDirectory: ACLs enabled? true
2025-03-25 12:05:32,447 INFO [main] org.apache.hadoop.hdfs.server.namenode.FSDirectory: POSIX ACL inheritance enabled? true
2025-03-25 12:05:32,447 INFO [main] org.apache.hadoop.hdfs.server.namenode.FSDirectory: XAttrs enabled? true
2025-03-25 12:05:32,447 INFO [main] org.apache.hadoop.hdfs.server.namenode.NameNode: Caching file names occurring more than 10 times
2025-03-25 12:05:32,451 INFO [main] org.apache.hadoop.hdfs.server.namenode.snapshot.SnapshotManager: Loaded config captureOpenFiles: false, skipCaptureAccessTimeOnlyChange: false, snapshotDiffAllowSnapRootDescendant: true, maxSnapshotLimit: 65536
2025-03-25 12:05:32,452 INFO [main] org.apache.hadoop.hdfs.server.namenode.snapshot.SnapshotManager: SkipList is disabled
2025-03-25 12:05:32,455 INFO [main] org.apache.hadoop.util.GSet: Computing capacity for map cachedBlocks
2025-03-25 12:05:32,455 INFO [main] org.apache.hadoop.util.GSet: VM type       = 64-bit
2025-03-25 12:05:32,455 INFO [main] org.apache.hadoop.util.GSet: 0.25% max memory 910.5 MB = 2.3 MB
2025-03-25 12:05:32,455 INFO [main] org.apache.hadoop.util.GSet: capacity      = 2^18 = 262144 entries
2025-03-25 12:05:32,460 INFO [main] org.apache.hadoop.hdfs.server.namenode.top.metrics.TopMetrics: NNTop conf: dfs.namenode.top.window.num.buckets = 10
2025-03-25 12:05:32,460 INFO [main] org.apache.hadoop.hdfs.server.namenode.top.metrics.TopMetrics: NNTop conf: dfs.namenode.top.num.users = 10
2025-03-25 12:05:32,460 INFO [main] org.apache.hadoop.hdfs.server.namenode.top.metrics.TopMetrics: NNTop conf: dfs.namenode.top.windows.minutes = 1,5,25
2025-03-25 12:05:32,467 INFO [main] org.apache.hadoop.hdfs.server.namenode.SecondaryNameNode: Checkpoint Period   :3600 secs (60 min)
2025-03-25 12:05:32,467 INFO [main] org.apache.hadoop.hdfs.server.namenode.SecondaryNameNode: Log Size Trigger    :1000000 txns
2025-03-25 12:05:32,468 INFO [main] org.apache.hadoop.hdfs.DFSUtil: Filter initializers set : org.apache.hadoop.http.lib.StaticUserWebFilter,org.apache.hadoop.hdfs.web.AuthFilterInitializer
2025-03-25 12:05:32,473 INFO [main] org.apache.hadoop.hdfs.DFSUtil: Starting Web-server for secondary at: http://0.0.0.0:9868
2025-03-25 12:05:32,485 INFO [main] org.eclipse.jetty.util.log: Logging initialized @965ms to org.eclipse.jetty.util.log.Slf4jLog
2025-03-25 12:05:32,542 WARN [main] org.apache.hadoop.security.authentication.server.AuthenticationFilter: Unable to initialize FileSignerSecretProvider, falling back to use random secrets. Reason: Could not read signature secret file: /root/hadoop-http-auth-signature-secret
2025-03-25 12:05:32,545 INFO [main] org.apache.hadoop.http.HttpRequestLog: Http request log for http.requests.secondary is not defined
2025-03-25 12:05:32,548 INFO [main] org.apache.hadoop.http.HttpServer2: Added global filter 'safety' (class=org.apache.hadoop.http.HttpServer2$QuotingInputFilter)
2025-03-25 12:05:32,548 INFO [main] org.apache.hadoop.http.HttpServer2: Added filter static_user_filter (class=org.apache.hadoop.http.lib.StaticUserWebFilter$StaticUserFilter) to context secondary
2025-03-25 12:05:32,549 INFO [main] org.apache.hadoop.http.HttpServer2: Added filter static_user_filter (class=org.apache.hadoop.http.lib.StaticUserWebFilter$StaticUserFilter) to context logs
2025-03-25 12:05:32,549 INFO [main] org.apache.hadoop.http.HttpServer2: Added filter static_user_filter (class=org.apache.hadoop.http.lib.StaticUserWebFilter$StaticUserFilter) to context static
2025-03-25 12:05:32,550 INFO [main] org.apache.hadoop.http.HttpServer2: Added filter AuthFilter (class=org.apache.hadoop.hdfs.web.AuthFilter) to context secondary
2025-03-25 12:05:32,550 INFO [main] org.apache.hadoop.http.HttpServer2: Added filter AuthFilter (class=org.apache.hadoop.hdfs.web.AuthFilter) to context logs
2025-03-25 12:05:32,550 INFO [main] org.apache.hadoop.http.HttpServer2: Added filter AuthFilter (class=org.apache.hadoop.hdfs.web.AuthFilter) to context static
2025-03-25 12:05:32,568 INFO [main] org.apache.hadoop.http.HttpServer2: Jetty bound to port 9868
2025-03-25 12:05:32,569 INFO [main] org.eclipse.jetty.server.Server: jetty-9.4.43.v20210629; built: 2021-06-30T11:07:22.254Z; git: 526006ecfa3af7f1a27ef3a288e2bef7ea9dd7e8; jvm 1.8.0_432-8u432-ga~us1-0ubuntu2~24.04-ga
2025-03-25 12:05:32,585 INFO [main] org.eclipse.jetty.server.session: DefaultSessionIdManager workerName=node0
2025-03-25 12:05:32,585 INFO [main] org.eclipse.jetty.server.session: No SessionScavenger set, using defaults
2025-03-25 12:05:32,586 INFO [main] org.eclipse.jetty.server.session: node0 Scavenging every 600000ms
2025-03-25 12:05:32,593 WARN [main] org.apache.hadoop.security.authentication.server.AuthenticationFilter: Unable to initialize FileSignerSecretProvider, falling back to use random secrets. Reason: Could not read signature secret file: /root/hadoop-http-auth-signature-secret
2025-03-25 12:05:32,595 INFO [main] org.eclipse.jetty.server.handler.ContextHandler: Started o.e.j.s.ServletContextHandler@5d9b7a8a{logs,/logs,file:///hadoop/logs/,AVAILABLE}
2025-03-25 12:05:32,595 INFO [main] org.eclipse.jetty.server.handler.ContextHandler: Started o.e.j.s.ServletContextHandler@1b73be9f{static,/static,file:///hadoop/share/hadoop/hdfs/webapps/static/,AVAILABLE}
2025-03-25 12:05:32,628 INFO [main] org.eclipse.jetty.server.handler.ContextHandler: Started o.e.j.w.WebAppContext@62e6b5c8{secondary,/,file:///hadoop/share/hadoop/hdfs/webapps/secondary/,AVAILABLE}{file:/hadoop/share/hadoop/hdfs/webapps/secondary}
2025-03-25 12:05:32,633 INFO [main] org.eclipse.jetty.server.AbstractConnector: Started ServerConnector@6622fc65{HTTP/1.1, (http/1.1)}{0.0.0.0:9868}
2025-03-25 12:05:32,633 INFO [main] org.eclipse.jetty.server.Server: Started @1113ms
2025-03-25 12:05:32,633 INFO [main] org.apache.hadoop.hdfs.server.namenode.SecondaryNameNode: Web server init done
2025-03-25 12:06:32,734 INFO [SecondaryNameNode Status
Name Node Address      : master/172.20.1.10:9000
Start Time             : Tue Mar 25 12:05:31 GMT 2025
Last Checkpoint        : -- (285069 seconds ago)
Checkpoint Period      : 3600 seconds
Checkpoint Transactions: 1000000
Checkpoint Dirs        : [file:///data/tmp/dfs/namesecondary]
Checkpoint Edits Dirs  : [file:///data/tmp/dfs/namesecondary]] org.apache.hadoop.hdfs.server.namenode.SecondaryNameNode: Image has changed. Downloading updated image from NN.
2025-03-25 12:06:32,736 INFO [SecondaryNameNode Status
Name Node Address      : master/172.20.1.10:9000
Start Time             : Tue Mar 25 12:05:31 GMT 2025
Last Checkpoint        : -- (285069 seconds ago)
Checkpoint Period      : 3600 seconds
Checkpoint Transactions: 1000000
Checkpoint Dirs        : [file:///data/tmp/dfs/namesecondary]
Checkpoint Edits Dirs  : [file:///data/tmp/dfs/namesecondary]] org.apache.hadoop.hdfs.server.namenode.TransferFsImage: Opening connection to http://master:9870/imagetransfer?getimage=1&txid=0&storageInfo=-66:2004851061:1742904325529:CID-59ee06d5-0d18-4b70-abde-d34f2101b98e&bootstrapstandby=false
2025-03-25 12:06:32,787 INFO [SecondaryNameNode Status
Name Node Address      : master/172.20.1.10:9000
Start Time             : Tue Mar 25 12:05:31 GMT 2025
Last Checkpoint        : -- (285069 seconds ago)
Checkpoint Period      : 3600 seconds
Checkpoint Transactions: 1000000
Checkpoint Dirs        : [file:///data/tmp/dfs/namesecondary]
Checkpoint Edits Dirs  : [file:///data/tmp/dfs/namesecondary]] org.apache.hadoop.hdfs.server.common.Util: Combined time for file download and fsync to all disks took 0.00s. The file download took 0.00s at 0.00 KB/s. Synchronous (fsync) write to disk of /data/tmp/dfs/namesecondary/current/fsimage.ckpt_0000000000000000000 took 0.00s.
2025-03-25 12:06:32,787 INFO [SecondaryNameNode Status
Name Node Address      : master/172.20.1.10:9000
Start Time             : Tue Mar 25 12:05:31 GMT 2025
Last Checkpoint        : -- (285069 seconds ago)
Checkpoint Period      : 3600 seconds
Checkpoint Transactions: 1000000
Checkpoint Dirs        : [file:///data/tmp/dfs/namesecondary]
Checkpoint Edits Dirs  : [file:///data/tmp/dfs/namesecondary]] org.apache.hadoop.hdfs.server.namenode.TransferFsImage: Downloaded file fsimage.ckpt_0000000000000000000 size 399 bytes.
2025-03-25 12:06:32,790 INFO [SecondaryNameNode Status
Name Node Address      : master/172.20.1.10:9000
Start Time             : Tue Mar 25 12:05:31 GMT 2025
Last Checkpoint        : -- (285069 seconds ago)
Checkpoint Period      : 3600 seconds
Checkpoint Transactions: 1000000
Checkpoint Dirs        : [file:///data/tmp/dfs/namesecondary]
Checkpoint Edits Dirs  : [file:///data/tmp/dfs/namesecondary]] org.apache.hadoop.hdfs.server.namenode.TransferFsImage: Opening connection to http://master:9870/imagetransfer?getedit=1&startTxId=1&endTxId=3497&storageInfo=-66:2004851061:1742904325529:CID-59ee06d5-0d18-4b70-abde-d34f2101b98e
2025-03-25 12:06:32,799 INFO [SecondaryNameNode Status
Name Node Address      : master/172.20.1.10:9000
Start Time             : Tue Mar 25 12:05:31 GMT 2025
Last Checkpoint        : -- (285069 seconds ago)
Checkpoint Period      : 3600 seconds
Checkpoint Transactions: 1000000
Checkpoint Dirs        : [file:///data/tmp/dfs/namesecondary]
Checkpoint Edits Dirs  : [file:///data/tmp/dfs/namesecondary]] org.apache.hadoop.hdfs.server.common.Util: Combined time for file download and fsync to all disks took 0.00s. The file download took 0.00s at 470000.00 KB/s. Synchronous (fsync) write to disk of /data/tmp/dfs/namesecondary/current/edits_tmp_0000000000000000001-0000000000000003497_0000000000285129638 took 0.00s.
2025-03-25 12:06:32,799 INFO [SecondaryNameNode Status
Name Node Address      : master/172.20.1.10:9000
Start Time             : Tue Mar 25 12:05:31 GMT 2025
Last Checkpoint        : -- (285069 seconds ago)
Checkpoint Period      : 3600 seconds
Checkpoint Transactions: 1000000
Checkpoint Dirs        : [file:///data/tmp/dfs/namesecondary]
Checkpoint Edits Dirs  : [file:///data/tmp/dfs/namesecondary]] org.apache.hadoop.hdfs.server.namenode.TransferFsImage: Downloaded file edits_tmp_0000000000000000001-0000000000000003497_0000000000285129638 size 0 bytes.
2025-03-25 12:06:32,843 INFO [SecondaryNameNode Status
Name Node Address      : master/172.20.1.10:9000
Start Time             : Tue Mar 25 12:05:31 GMT 2025
Last Checkpoint        : -- (285069 seconds ago)
Checkpoint Period      : 3600 seconds
Checkpoint Transactions: 1000000
Checkpoint Dirs        : [file:///data/tmp/dfs/namesecondary]
Checkpoint Edits Dirs  : [file:///data/tmp/dfs/namesecondary]] org.apache.hadoop.hdfs.server.namenode.FSImageFormatPBINode: Loading 1 INodes.
2025-03-25 12:06:32,848 INFO [SecondaryNameNode Status
Name Node Address      : master/172.20.1.10:9000
Start Time             : Tue Mar 25 12:05:31 GMT 2025
Last Checkpoint        : -- (285069 seconds ago)
Checkpoint Period      : 3600 seconds
Checkpoint Transactions: 1000000
Checkpoint Dirs        : [file:///data/tmp/dfs/namesecondary]
Checkpoint Edits Dirs  : [file:///data/tmp/dfs/namesecondary]] org.apache.hadoop.hdfs.server.namenode.FSImageFormatPBINode: Successfully loaded 1 inodes
2025-03-25 12:06:32,853 INFO [SecondaryNameNode Status
Name Node Address      : master/172.20.1.10:9000
Start Time             : Tue Mar 25 12:05:31 GMT 2025
Last Checkpoint        : -- (285069 seconds ago)
Checkpoint Period      : 3600 seconds
Checkpoint Transactions: 1000000
Checkpoint Dirs        : [file:///data/tmp/dfs/namesecondary]
Checkpoint Edits Dirs  : [file:///data/tmp/dfs/namesecondary]] org.apache.hadoop.hdfs.server.namenode.FSImageFormatPBINode: Completed update blocks map and name cache, total waiting duration 0ms.
2025-03-25 12:06:32,858 INFO [SecondaryNameNode Status
Name Node Address      : master/172.20.1.10:9000
Start Time             : Tue Mar 25 12:05:31 GMT 2025
Last Checkpoint        : -- (285069 seconds ago)
Checkpoint Period      : 3600 seconds
Checkpoint Transactions: 1000000
Checkpoint Dirs        : [file:///data/tmp/dfs/namesecondary]
Checkpoint Edits Dirs  : [file:///data/tmp/dfs/namesecondary]] org.apache.hadoop.hdfs.server.namenode.FSImageFormatProtobuf: Loaded FSImage in 0 seconds.
2025-03-25 12:06:32,858 INFO [SecondaryNameNode Status
Name Node Address      : master/172.20.1.10:9000
Start Time             : Tue Mar 25 12:05:31 GMT 2025
Last Checkpoint        : -- (285069 seconds ago)
Checkpoint Period      : 3600 seconds
Checkpoint Transactions: 1000000
Checkpoint Dirs        : [file:///data/tmp/dfs/namesecondary]
Checkpoint Edits Dirs  : [file:///data/tmp/dfs/namesecondary]] org.apache.hadoop.hdfs.server.namenode.FSImage: Loaded image for txid 0 from /data/tmp/dfs/namesecondary/current/fsimage_0000000000000000000
2025-03-25 12:06:32,858 INFO [SecondaryNameNode Status
Name Node Address      : master/172.20.1.10:9000
Start Time             : Tue Mar 25 12:05:31 GMT 2025
Last Checkpoint        : -- (285069 seconds ago)
Checkpoint Period      : 3600 seconds
Checkpoint Transactions: 1000000
Checkpoint Dirs        : [file:///data/tmp/dfs/namesecondary]
Checkpoint Edits Dirs  : [file:///data/tmp/dfs/namesecondary]] org.apache.hadoop.hdfs.server.namenode.NameCache: initialized with 0 entries 0 lookups
2025-03-25 12:06:32,862 INFO [SecondaryNameNode Status
Name Node Address      : master/172.20.1.10:9000
Start Time             : Tue Mar 25 12:05:31 GMT 2025
Last Checkpoint        : -- (285069 seconds ago)
Checkpoint Period      : 3600 seconds
Checkpoint Transactions: 1000000
Checkpoint Dirs        : [file:///data/tmp/dfs/namesecondary]
Checkpoint Edits Dirs  : [file:///data/tmp/dfs/namesecondary]] org.apache.hadoop.hdfs.server.namenode.Checkpointer: Checkpointer about to load edits from 1 stream(s).
2025-03-25 12:06:32,866 INFO [SecondaryNameNode Status
Name Node Address      : master/172.20.1.10:9000
Start Time             : Tue Mar 25 12:05:31 GMT 2025
Last Checkpoint        : -- (285069 seconds ago)
Checkpoint Period      : 3600 seconds
Checkpoint Transactions: 1000000
Checkpoint Dirs        : [file:///data/tmp/dfs/namesecondary]
Checkpoint Edits Dirs  : [file:///data/tmp/dfs/namesecondary]] org.apache.hadoop.hdfs.server.namenode.FSImage: Reading /data/tmp/dfs/namesecondary/current/edits_0000000000000000001-0000000000000003497 expecting start txid #1
2025-03-25 12:06:32,866 INFO [SecondaryNameNode Status
Name Node Address      : master/172.20.1.10:9000
Start Time             : Tue Mar 25 12:05:31 GMT 2025
Last Checkpoint        : -- (285069 seconds ago)
Checkpoint Period      : 3600 seconds
Checkpoint Transactions: 1000000
Checkpoint Dirs        : [file:///data/tmp/dfs/namesecondary]
Checkpoint Edits Dirs  : [file:///data/tmp/dfs/namesecondary]] org.apache.hadoop.hdfs.server.namenode.FSImage: Start loading edits file /data/tmp/dfs/namesecondary/current/edits_0000000000000000001-0000000000000003497 maxTxnsToRead = 9223372036854775807
2025-03-25 12:06:33,057 INFO [SecondaryNameNode Status
Name Node Address      : master/172.20.1.10:9000
Start Time             : Tue Mar 25 12:05:31 GMT 2025
Last Checkpoint        : -- (285069 seconds ago)
Checkpoint Period      : 3600 seconds
Checkpoint Transactions: 1000000
Checkpoint Dirs        : [file:///data/tmp/dfs/namesecondary]
Checkpoint Edits Dirs  : [file:///data/tmp/dfs/namesecondary]] org.apache.hadoop.hdfs.server.namenode.FSImage: Loaded 1 edits file(s) (the last named /data/tmp/dfs/namesecondary/current/edits_0000000000000000001-0000000000000003497) of total size 481848.0, total edits 3497.0, total load time 180.0 ms
2025-03-25 12:06:33,078 INFO [FSImageSaver for /data/tmp/dfs/namesecondary of type IMAGE_AND_EDITS] org.apache.hadoop.hdfs.server.namenode.FSImageFormatProtobuf: Saving image file /data/tmp/dfs/namesecondary/current/fsimage.ckpt_0000000000000003497 using no compression
2025-03-25 12:06:33,141 INFO [FSImageSaver for /data/tmp/dfs/namesecondary of type IMAGE_AND_EDITS] org.apache.hadoop.hdfs.server.namenode.FSImageFormatProtobuf: Image file /data/tmp/dfs/namesecondary/current/fsimage.ckpt_0000000000000003497 of size 54591 bytes saved in 0 seconds .
2025-03-25 12:06:33,143 INFO [SecondaryNameNode Status
Name Node Address      : master/172.20.1.10:9000
Start Time             : Tue Mar 25 12:05:31 GMT 2025
Last Checkpoint        : -- (285069 seconds ago)
Checkpoint Period      : 3600 seconds
Checkpoint Transactions: 1000000
Checkpoint Dirs        : [file:///data/tmp/dfs/namesecondary]
Checkpoint Edits Dirs  : [file:///data/tmp/dfs/namesecondary]] org.apache.hadoop.hdfs.server.namenode.FSImageTransactionalStorageInspector: No version file in /data/tmp/dfs/namesecondary
2025-03-25 12:06:33,146 INFO [SecondaryNameNode Status
Name Node Address      : master/172.20.1.10:9000
Start Time             : Tue Mar 25 12:05:31 GMT 2025
Last Checkpoint        : -- (285069 seconds ago)
Checkpoint Period      : 3600 seconds
Checkpoint Transactions: 1000000
Checkpoint Dirs        : [file:///data/tmp/dfs/namesecondary]
Checkpoint Edits Dirs  : [file:///data/tmp/dfs/namesecondary]] org.apache.hadoop.hdfs.server.namenode.FSImageTransactionalStorageInspector: No version file in /data/tmp/dfs/namesecondary
2025-03-25 12:06:33,166 INFO [SecondaryNameNode Status
Name Node Address      : master/172.20.1.10:9000
Start Time             : Tue Mar 25 12:05:31 GMT 2025
Last Checkpoint        : -- (285069 seconds ago)
Checkpoint Period      : 3600 seconds
Checkpoint Transactions: 1000000
Checkpoint Dirs        : [file:///data/tmp/dfs/namesecondary]
Checkpoint Edits Dirs  : [file:///data/tmp/dfs/namesecondary]] org.apache.hadoop.hdfs.server.namenode.TransferFsImage: Image Transfer timeout configured to 60000 milliseconds
2025-03-25 12:06:33,166 INFO [SecondaryNameNode Status
Name Node Address      : master/172.20.1.10:9000
Start Time             : Tue Mar 25 12:05:31 GMT 2025
Last Checkpoint        : -- (285069 seconds ago)
Checkpoint Period      : 3600 seconds
Checkpoint Transactions: 1000000
Checkpoint Dirs        : [file:///data/tmp/dfs/namesecondary]
Checkpoint Edits Dirs  : [file:///data/tmp/dfs/namesecondary]] org.apache.hadoop.hdfs.server.namenode.TransferFsImage: Sending fileName: /data/tmp/dfs/namesecondary/current/fsimage_0000000000000003497, fileSize: 54591. Sent total: 54591 bytes. Size of last segment intended to send: -1 bytes.
2025-03-25 12:06:33,171 WARN [SecondaryNameNode Status
Name Node Address      : master/172.20.1.10:9000
Start Time             : Tue Mar 25 12:05:31 GMT 2025
Last Checkpoint        : -- (285069 seconds ago)
Checkpoint Period      : 3600 seconds
Checkpoint Transactions: 1000000
Checkpoint Dirs        : [file:///data/tmp/dfs/namesecondary]
Checkpoint Edits Dirs  : [file:///data/tmp/dfs/namesecondary]] org.apache.hadoop.hdfs.server.namenode.SecondaryNameNode: Checkpoint done. New Image Size: 54591
