program=ml.DeveloperApiExample
SPARKLORD_MODE=CONFIG_INJECTION
cpu_cores=2
cpu_util=200
memory=4g
config_file_name=spark-defaults.conf
config_key=spark.network.maxRemoteBlockSizeFetchToMem
config_value=10s

2025-03-26 02:44:06,319 INFO [main] org.apache.spark.util.SignalUtils: Registering signal handler for TERM
2025-03-26 02:44:06,323 INFO [main] org.apache.spark.util.SignalUtils: Registering signal handler for HUP
2025-03-26 02:44:06,323 INFO [main] org.apache.spark.util.SignalUtils: Registering signal handler for INT
2025-03-26 02:44:06,550 DEBUG [main] org.apache.hadoop.util.Shell: setsid exited with exit code 0
2025-03-26 02:44:06,685 INFO [main] org.apache.spark.SecurityManager: Changing view acls to: root
2025-03-26 02:44:06,685 INFO [main] org.apache.spark.SecurityManager: Changing modify acls to: root
2025-03-26 02:44:06,688 INFO [main] org.apache.spark.SecurityManager: Changing view acls groups to: 
2025-03-26 02:44:06,689 INFO [main] org.apache.spark.SecurityManager: Changing modify acls groups to: 
2025-03-26 02:44:06,689 INFO [main] org.apache.spark.SecurityManager: SecurityManager: authentication disabled; ui acls disabled; users  with view permissions: Set(root); groups with view permissions: Set(); users  with modify permissions: Set(root); groups with modify permissions: Set()
2025-03-26 02:44:06,756 DEBUG [main] org.apache.hadoop.metrics2.lib.MutableMetricsFactory: field org.apache.hadoop.metrics2.lib.MutableRate org.apache.hadoop.security.UserGroupInformation$UgiMetrics.getGroups with annotation @org.apache.hadoop.metrics2.annotation.Metric(sampleName=Ops, always=false, valueName=Time, about=, interval=10, type=DEFAULT, value=[GetGroups])
2025-03-26 02:44:06,762 DEBUG [main] org.apache.hadoop.metrics2.lib.MutableMetricsFactory: field org.apache.hadoop.metrics2.lib.MutableRate org.apache.hadoop.security.UserGroupInformation$UgiMetrics.loginFailure with annotation @org.apache.hadoop.metrics2.annotation.Metric(sampleName=Ops, always=false, valueName=Time, about=, interval=10, type=DEFAULT, value=[Rate of failed kerberos logins and latency (milliseconds)])
2025-03-26 02:44:06,762 DEBUG [main] org.apache.hadoop.metrics2.lib.MutableMetricsFactory: field org.apache.hadoop.metrics2.lib.MutableRate org.apache.hadoop.security.UserGroupInformation$UgiMetrics.loginSuccess with annotation @org.apache.hadoop.metrics2.annotation.Metric(sampleName=Ops, always=false, valueName=Time, about=, interval=10, type=DEFAULT, value=[Rate of successful kerberos logins and latency (milliseconds)])
2025-03-26 02:44:06,762 DEBUG [main] org.apache.hadoop.metrics2.lib.MutableMetricsFactory: field private org.apache.hadoop.metrics2.lib.MutableGaugeInt org.apache.hadoop.security.UserGroupInformation$UgiMetrics.renewalFailures with annotation @org.apache.hadoop.metrics2.annotation.Metric(sampleName=Ops, always=false, valueName=Time, about=, interval=10, type=DEFAULT, value=[Renewal failures since last successful login])
2025-03-26 02:44:06,762 DEBUG [main] org.apache.hadoop.metrics2.lib.MutableMetricsFactory: field private org.apache.hadoop.metrics2.lib.MutableGaugeLong org.apache.hadoop.security.UserGroupInformation$UgiMetrics.renewalFailuresTotal with annotation @org.apache.hadoop.metrics2.annotation.Metric(sampleName=Ops, always=false, valueName=Time, about=, interval=10, type=DEFAULT, value=[Renewal failures since startup])
2025-03-26 02:44:06,763 DEBUG [main] org.apache.hadoop.metrics2.impl.MetricsSystemImpl: UgiMetrics, User and group related metrics
2025-03-26 02:44:06,778 DEBUG [main] org.apache.hadoop.security.SecurityUtil: Setting hadoop.security.token.service.use_ip to true
2025-03-26 02:44:06,783 DEBUG [main] org.apache.hadoop.security.Groups:  Creating new Groups object
2025-03-26 02:44:06,784 DEBUG [main] org.apache.hadoop.util.NativeCodeLoader: Trying to load the custom-built native-hadoop library...
2025-03-26 02:44:06,784 DEBUG [main] org.apache.hadoop.util.NativeCodeLoader: Failed to load native-hadoop with error: java.lang.UnsatisfiedLinkError: no hadoop in java.library.path
2025-03-26 02:44:06,784 DEBUG [main] org.apache.hadoop.util.NativeCodeLoader: java.library.path=/usr/java/packages/lib/amd64:/usr/lib/x86_64-linux-gnu/jni:/lib/x86_64-linux-gnu:/usr/lib/x86_64-linux-gnu:/usr/lib/jni:/lib:/usr/lib
2025-03-26 02:44:06,784 WARN [main] org.apache.hadoop.util.NativeCodeLoader: Unable to load native-hadoop library for your platform... using builtin-java classes where applicable
2025-03-26 02:44:06,784 DEBUG [main] org.apache.hadoop.util.PerformanceAdvisory: Falling back to shell based
2025-03-26 02:44:06,785 DEBUG [main] org.apache.hadoop.security.JniBasedUnixGroupsMappingWithFallback: Group mapping impl=org.apache.hadoop.security.ShellBasedUnixGroupsMapping
2025-03-26 02:44:06,827 DEBUG [main] org.apache.hadoop.security.Groups: Group mapping impl=org.apache.hadoop.security.JniBasedUnixGroupsMappingWithFallback; cacheTimeout=300000; warningDeltaMs=5000
2025-03-26 02:44:06,893 DEBUG [main] org.apache.spark.deploy.SparkHadoopUtil: creating UGI for user: root
2025-03-26 02:44:06,897 DEBUG [main] org.apache.hadoop.security.UserGroupInformation: Hadoop login
2025-03-26 02:44:06,897 DEBUG [main] org.apache.hadoop.security.UserGroupInformation: hadoop login commit
2025-03-26 02:44:06,898 DEBUG [main] org.apache.hadoop.security.UserGroupInformation: Using local user: UnixPrincipal: root
2025-03-26 02:44:06,899 DEBUG [main] org.apache.hadoop.security.UserGroupInformation: Using user: "UnixPrincipal: root" with name: root
2025-03-26 02:44:06,900 DEBUG [main] org.apache.hadoop.security.UserGroupInformation: User entry: "root"
2025-03-26 02:44:06,900 DEBUG [main] org.apache.hadoop.security.UserGroupInformation: Reading credentials from location /data/tmp/nm-local-dir/usercache/root/appcache/application_1742956996984_0001/container_1742956996984_0001_01_000001/container_tokens
2025-03-26 02:44:06,903 DEBUG [main] org.apache.hadoop.security.UserGroupInformation: Loaded 1 tokens from /data/tmp/nm-local-dir/usercache/root/appcache/application_1742956996984_0001/container_1742956996984_0001_01_000001/container_tokens
2025-03-26 02:44:06,904 DEBUG [main] org.apache.hadoop.security.UserGroupInformation: UGI loginUser: root (auth:SIMPLE)
2025-03-26 02:44:06,904 DEBUG [main] org.apache.hadoop.security.UserGroupInformation: PrivilegedAction [as: root (auth:SIMPLE)][action: org.apache.spark.deploy.yarn.ApplicationMaster$$anon$3@1522d8a0]
java.lang.Exception
	at org.apache.hadoop.security.UserGroupInformation.doAs(UserGroupInformation.java:1875)
	at org.apache.spark.deploy.yarn.ApplicationMaster$.main(ApplicationMaster.scala:925)
	at org.apache.spark.deploy.yarn.ApplicationMaster.main(ApplicationMaster.scala)
2025-03-26 02:44:06,915 INFO [main] org.apache.spark.deploy.yarn.ApplicationMaster: ApplicationAttemptId: appattempt_1742956996984_0001_000001
2025-03-26 02:44:06,917 DEBUG [main] org.apache.spark.util.ShutdownHookManager: Adding shutdown hook
2025-03-26 02:44:06,947 INFO [main] org.apache.spark.deploy.yarn.ApplicationMaster: Starting the user application in a separate Thread
2025-03-26 02:44:06,952 INFO [main] org.apache.spark.deploy.yarn.ApplicationMaster: Waiting for spark context initialization...
2025-03-26 02:44:07,011 INFO [Driver] org.apache.spark.SparkContext: Running Spark version 3.3.2
2025-03-26 02:44:07,036 INFO [Driver] org.apache.spark.resource.ResourceUtils: ==============================================================
2025-03-26 02:44:07,036 INFO [Driver] org.apache.spark.resource.ResourceUtils: No custom resources configured for spark.driver.
2025-03-26 02:44:07,036 INFO [Driver] org.apache.spark.resource.ResourceUtils: ==============================================================
2025-03-26 02:44:07,037 INFO [Driver] org.apache.spark.SparkContext: Submitted application: DeveloperApiExample
2025-03-26 02:44:07,055 INFO [Driver] org.apache.spark.resource.ResourceProfile: Default ResourceProfile created, executor resources: Map(cores -> name: cores, amount: 2, script: , vendor: , memory -> name: memory, amount: 2048, script: , vendor: , offHeap -> name: offHeap, amount: 0, script: , vendor: ), task resources: Map(cpus -> name: cpus, amount: 1.0)
2025-03-26 02:44:07,060 INFO [Driver] org.apache.spark.resource.ResourceProfile: Limiting resource is cpus at 2 tasks per executor
2025-03-26 02:44:07,062 INFO [Driver] org.apache.spark.resource.ResourceProfileManager: Added ResourceProfile id: 0
2025-03-26 02:44:07,100 INFO [Driver] org.apache.spark.SecurityManager: Changing view acls to: root
2025-03-26 02:44:07,100 INFO [Driver] org.apache.spark.SecurityManager: Changing modify acls to: root
2025-03-26 02:44:07,100 INFO [Driver] org.apache.spark.SecurityManager: Changing view acls groups to: 
2025-03-26 02:44:07,101 INFO [Driver] org.apache.spark.SecurityManager: Changing modify acls groups to: 
2025-03-26 02:44:07,101 INFO [Driver] org.apache.spark.SecurityManager: SecurityManager: authentication disabled; ui acls disabled; users  with view permissions: Set(root); groups with view permissions: Set(); users  with modify permissions: Set(root); groups with modify permissions: Set()
2025-03-26 02:44:07,142 DEBUG [Driver] io.netty.util.internal.logging.InternalLoggerFactory: Using SLF4J as the default logging framework
2025-03-26 02:44:07,147 DEBUG [Driver] io.netty.util.internal.InternalThreadLocalMap: -Dio.netty.threadLocalMap.stringBuilder.initialSize: 1024
2025-03-26 02:44:07,147 DEBUG [Driver] io.netty.util.internal.InternalThreadLocalMap: -Dio.netty.threadLocalMap.stringBuilder.maxSize: 4096
2025-03-26 02:44:07,156 DEBUG [Driver] io.netty.channel.MultithreadEventLoopGroup: -Dio.netty.eventLoopThreads: 4
2025-03-26 02:44:07,180 DEBUG [Driver] io.netty.util.internal.PlatformDependent0: -Dio.netty.noUnsafe: false
2025-03-26 02:44:07,180 DEBUG [Driver] io.netty.util.internal.PlatformDependent0: Java version: 8
2025-03-26 02:44:07,180 DEBUG [Driver] io.netty.util.internal.PlatformDependent0: sun.misc.Unsafe.theUnsafe: available
2025-03-26 02:44:07,181 DEBUG [Driver] io.netty.util.internal.PlatformDependent0: sun.misc.Unsafe.copyMemory: available
2025-03-26 02:44:07,181 DEBUG [Driver] io.netty.util.internal.PlatformDependent0: java.nio.Buffer.address: available
2025-03-26 02:44:07,181 DEBUG [Driver] io.netty.util.internal.PlatformDependent0: direct buffer constructor: available
2025-03-26 02:44:07,182 DEBUG [Driver] io.netty.util.internal.PlatformDependent0: java.nio.Bits.unaligned: available, true
2025-03-26 02:44:07,182 DEBUG [Driver] io.netty.util.internal.PlatformDependent0: jdk.internal.misc.Unsafe.allocateUninitializedArray(int): unavailable prior to Java9
2025-03-26 02:44:07,182 DEBUG [Driver] io.netty.util.internal.PlatformDependent0: java.nio.DirectByteBuffer.<init>(long, int): available
2025-03-26 02:44:07,182 DEBUG [Driver] io.netty.util.internal.PlatformDependent: sun.misc.Unsafe: available
2025-03-26 02:44:07,182 DEBUG [Driver] io.netty.util.internal.PlatformDependent: -Dio.netty.tmpdir: /data/tmp/nm-local-dir/usercache/root/appcache/application_1742956996984_0001/container_1742956996984_0001_01_000001/tmp (java.io.tmpdir)
2025-03-26 02:44:07,182 DEBUG [Driver] io.netty.util.internal.PlatformDependent: -Dio.netty.bitMode: 64 (sun.arch.data.model)
2025-03-26 02:44:07,182 DEBUG [Driver] io.netty.util.internal.PlatformDependent: -Dio.netty.maxDirectMemory: 3817865216 bytes
2025-03-26 02:44:07,183 DEBUG [Driver] io.netty.util.internal.PlatformDependent: -Dio.netty.uninitializedArrayAllocationThreshold: -1
2025-03-26 02:44:07,183 DEBUG [Driver] io.netty.util.internal.CleanerJava6: java.nio.ByteBuffer.cleaner(): available
2025-03-26 02:44:07,183 DEBUG [Driver] io.netty.util.internal.PlatformDependent: -Dio.netty.noPreferDirect: false
2025-03-26 02:44:07,184 DEBUG [Driver] io.netty.channel.nio.NioEventLoop: -Dio.netty.noKeySetOptimization: false
2025-03-26 02:44:07,184 DEBUG [Driver] io.netty.channel.nio.NioEventLoop: -Dio.netty.selectorAutoRebuildThreshold: 512
2025-03-26 02:44:07,188 DEBUG [Driver] io.netty.util.internal.PlatformDependent: org.jctools-core.MpscChunkedArrayQueue: available
2025-03-26 02:44:07,199 DEBUG [Driver] io.netty.util.ResourceLeakDetector: -Dio.netty.leakDetection.level: simple
2025-03-26 02:44:07,199 DEBUG [Driver] io.netty.util.ResourceLeakDetector: -Dio.netty.leakDetection.targetRecords: 4
2025-03-26 02:44:07,201 DEBUG [Driver] io.netty.buffer.PooledByteBufAllocator: -Dio.netty.allocator.numHeapArenas: 4
2025-03-26 02:44:07,201 DEBUG [Driver] io.netty.buffer.PooledByteBufAllocator: -Dio.netty.allocator.numDirectArenas: 4
2025-03-26 02:44:07,201 DEBUG [Driver] io.netty.buffer.PooledByteBufAllocator: -Dio.netty.allocator.pageSize: 8192
2025-03-26 02:44:07,201 DEBUG [Driver] io.netty.buffer.PooledByteBufAllocator: -Dio.netty.allocator.maxOrder: 11
2025-03-26 02:44:07,201 DEBUG [Driver] io.netty.buffer.PooledByteBufAllocator: -Dio.netty.allocator.chunkSize: 16777216
2025-03-26 02:44:07,201 DEBUG [Driver] io.netty.buffer.PooledByteBufAllocator: -Dio.netty.allocator.smallCacheSize: 256
2025-03-26 02:44:07,201 DEBUG [Driver] io.netty.buffer.PooledByteBufAllocator: -Dio.netty.allocator.normalCacheSize: 64
2025-03-26 02:44:07,201 DEBUG [Driver] io.netty.buffer.PooledByteBufAllocator: -Dio.netty.allocator.maxCachedBufferCapacity: 32768
2025-03-26 02:44:07,201 DEBUG [Driver] io.netty.buffer.PooledByteBufAllocator: -Dio.netty.allocator.cacheTrimInterval: 8192
2025-03-26 02:44:07,201 DEBUG [Driver] io.netty.buffer.PooledByteBufAllocator: -Dio.netty.allocator.cacheTrimIntervalMillis: 0
2025-03-26 02:44:07,201 DEBUG [Driver] io.netty.buffer.PooledByteBufAllocator: -Dio.netty.allocator.useCacheForAllThreads: true
2025-03-26 02:44:07,201 DEBUG [Driver] io.netty.buffer.PooledByteBufAllocator: -Dio.netty.allocator.maxCachedByteBuffersPerChunk: 1023
2025-03-26 02:44:07,223 DEBUG [Driver] io.netty.channel.DefaultChannelId: -Dio.netty.processId: 1500 (auto-detected)
2025-03-26 02:44:07,224 DEBUG [Driver] io.netty.util.NetUtil: -Djava.net.preferIPv4Stack: false
2025-03-26 02:44:07,224 DEBUG [Driver] io.netty.util.NetUtil: -Djava.net.preferIPv6Addresses: false
2025-03-26 02:44:07,226 DEBUG [Driver] io.netty.util.NetUtilInitializations: Loopback interface: lo (lo, 0:0:0:0:0:0:0:1%lo)
2025-03-26 02:44:07,226 DEBUG [Driver] io.netty.util.NetUtil: /proc/sys/net/core/somaxconn: 4096
2025-03-26 02:44:07,227 DEBUG [Driver] io.netty.channel.DefaultChannelId: -Dio.netty.machineId: 02:42:ac:ff:fe:14:01:11 (auto-detected)
2025-03-26 02:44:07,240 DEBUG [Driver] io.netty.buffer.ByteBufUtil: -Dio.netty.allocator.type: pooled
2025-03-26 02:44:07,240 DEBUG [Driver] io.netty.buffer.ByteBufUtil: -Dio.netty.threadLocalDirectBufferSize: 0
2025-03-26 02:44:07,240 DEBUG [Driver] io.netty.buffer.ByteBufUtil: -Dio.netty.maxThreadLocalCharBufferSize: 16384
2025-03-26 02:44:07,248 DEBUG [Driver] org.apache.spark.network.server.TransportServer: Shuffle server started on port: 40309
2025-03-26 02:44:07,269 INFO [Driver] org.apache.spark.util.Utils: Successfully started service 'sparkDriver' on port 40309.
2025-03-26 02:44:07,270 DEBUG [Driver] org.apache.spark.SparkEnv: Using serializer: class org.apache.spark.serializer.JavaSerializer
2025-03-26 02:44:07,293 INFO [Driver] org.apache.spark.SparkEnv: Registering MapOutputTracker
2025-03-26 02:44:07,294 DEBUG [Driver] org.apache.spark.MapOutputTrackerMasterEndpoint: init
2025-03-26 02:44:07,325 INFO [Driver] org.apache.spark.SparkEnv: Registering BlockManagerMaster
2025-03-26 02:44:07,342 INFO [Driver] org.apache.spark.storage.BlockManagerMasterEndpoint: Using org.apache.spark.storage.DefaultTopologyMapper for getting topology information
2025-03-26 02:44:07,343 INFO [Driver] org.apache.spark.storage.BlockManagerMasterEndpoint: BlockManagerMasterEndpoint up
2025-03-26 02:44:07,378 INFO [Driver] org.apache.spark.SparkEnv: Registering BlockManagerMasterHeartbeat
2025-03-26 02:44:07,405 INFO [Driver] org.apache.spark.storage.DiskBlockManager: Created local directory at /data/tmp/nm-local-dir/usercache/root/appcache/application_1742956996984_0001/blockmgr-ad362306-b4d2-4f76-aaa3-77d8a58c25c2
2025-03-26 02:44:07,407 DEBUG [Driver] org.apache.spark.storage.DiskBlockManager: Adding shutdown hook
2025-03-26 02:44:07,420 INFO [Driver] org.apache.spark.storage.memory.MemoryStore: MemoryStore started with capacity 2004.6 MiB
2025-03-26 02:44:07,453 ERROR [Driver] org.apache.spark.SparkContext: Error initializing SparkContext.
java.lang.NumberFormatException: Size must be specified as bytes (b), kibibytes (k), mebibytes (m), gibibytes (g), tebibytes (t), or pebibytes(p). E.g. 50b, 100k, or 250m.
Invalid suffix: "s"
	at org.apache.spark.network.util.JavaUtils.byteStringAs(JavaUtils.java:306)
	at org.apache.spark.internal.config.ConfigHelpers$.byteFromString(ConfigBuilder.scala:67)
	at org.apache.spark.internal.config.ConfigBuilder.$anonfun$bytesConf$1(ConfigBuilder.scala:261)
	at org.apache.spark.internal.config.ConfigBuilder.$anonfun$bytesConf$1$adapted(ConfigBuilder.scala:261)
	at org.apache.spark.internal.config.TypedConfigBuilder.$anonfun$transform$1(ConfigBuilder.scala:101)
	at org.apache.spark.internal.config.ConfigEntryWithDefaultString.readFrom(ConfigEntry.scala:206)
	at org.apache.spark.SparkConf.get(SparkConf.scala:261)
	at org.apache.spark.storage.BlockManager.<init>(BlockManager.scala:265)
	at org.apache.spark.SparkEnv$.create(SparkEnv.scala:376)
	at org.apache.spark.SparkEnv$.createDriverEnv(SparkEnv.scala:194)
	at org.apache.spark.SparkContext.createSparkEnv(SparkContext.scala:279)
	at org.apache.spark.SparkContext.<init>(SparkContext.scala:464)
	at org.apache.spark.SparkContext$.getOrCreate(SparkContext.scala:2714)
	at org.apache.spark.sql.SparkSession$Builder.$anonfun$getOrCreate$2(SparkSession.scala:953)
	at scala.Option.getOrElse(Option.scala:189)
	at org.apache.spark.sql.SparkSession$Builder.getOrCreate(SparkSession.scala:947)
	at org.apache.spark.examples.ml.DeveloperApiExample$.main(DeveloperApiExample.scala:42)
	at org.apache.spark.examples.ml.DeveloperApiExample.main(DeveloperApiExample.scala)
	at sun.reflect.NativeMethodAccessorImpl.invoke0(Native Method)
	at sun.reflect.NativeMethodAccessorImpl.invoke(NativeMethodAccessorImpl.java:62)
	at sun.reflect.DelegatingMethodAccessorImpl.invoke(DelegatingMethodAccessorImpl.java:43)
	at java.lang.reflect.Method.invoke(Method.java:498)
	at org.apache.spark.deploy.yarn.ApplicationMaster$$anon$2.run(ApplicationMaster.scala:739)
2025-03-26 02:44:07,469 INFO [Driver] org.apache.spark.SparkContext: Successfully stopped SparkContext
2025-03-26 02:44:07,470 ERROR [Driver] org.apache.spark.deploy.yarn.ApplicationMaster: User class threw exception: java.lang.NumberFormatException: Size must be specified as bytes (b), kibibytes (k), mebibytes (m), gibibytes (g), tebibytes (t), or pebibytes(p). E.g. 50b, 100k, or 250m.
Invalid suffix: "s"
java.lang.NumberFormatException: Size must be specified as bytes (b), kibibytes (k), mebibytes (m), gibibytes (g), tebibytes (t), or pebibytes(p). E.g. 50b, 100k, or 250m.
Invalid suffix: "s"
	at org.apache.spark.network.util.JavaUtils.byteStringAs(JavaUtils.java:306)
	at org.apache.spark.internal.config.ConfigHelpers$.byteFromString(ConfigBuilder.scala:67)
	at org.apache.spark.internal.config.ConfigBuilder.$anonfun$bytesConf$1(ConfigBuilder.scala:261)
	at org.apache.spark.internal.config.ConfigBuilder.$anonfun$bytesConf$1$adapted(ConfigBuilder.scala:261)
	at org.apache.spark.internal.config.TypedConfigBuilder.$anonfun$transform$1(ConfigBuilder.scala:101)
	at org.apache.spark.internal.config.ConfigEntryWithDefaultString.readFrom(ConfigEntry.scala:206)
	at org.apache.spark.SparkConf.get(SparkConf.scala:261)
	at org.apache.spark.storage.BlockManager.<init>(BlockManager.scala:265)
	at org.apache.spark.SparkEnv$.create(SparkEnv.scala:376)
	at org.apache.spark.SparkEnv$.createDriverEnv(SparkEnv.scala:194)
	at org.apache.spark.SparkContext.createSparkEnv(SparkContext.scala:279)
	at org.apache.spark.SparkContext.<init>(SparkContext.scala:464)
	at org.apache.spark.SparkContext$.getOrCreate(SparkContext.scala:2714)
	at org.apache.spark.sql.SparkSession$Builder.$anonfun$getOrCreate$2(SparkSession.scala:953)
	at scala.Option.getOrElse(Option.scala:189)
	at org.apache.spark.sql.SparkSession$Builder.getOrCreate(SparkSession.scala:947)
	at org.apache.spark.examples.ml.DeveloperApiExample$.main(DeveloperApiExample.scala:42)
	at org.apache.spark.examples.ml.DeveloperApiExample.main(DeveloperApiExample.scala)
	at sun.reflect.NativeMethodAccessorImpl.invoke0(Native Method)
	at sun.reflect.NativeMethodAccessorImpl.invoke(NativeMethodAccessorImpl.java:62)
	at sun.reflect.DelegatingMethodAccessorImpl.invoke(DelegatingMethodAccessorImpl.java:43)
	at java.lang.reflect.Method.invoke(Method.java:498)
	at org.apache.spark.deploy.yarn.ApplicationMaster$$anon$2.run(ApplicationMaster.scala:739)
2025-03-26 02:44:07,471 INFO [Driver] org.apache.spark.deploy.yarn.ApplicationMaster: Final app status: FAILED, exitCode: 13, (reason: User class threw exception: java.lang.NumberFormatException: Size must be specified as bytes (b), kibibytes (k), mebibytes (m), gibibytes (g), tebibytes (t), or pebibytes(p). E.g. 50b, 100k, or 250m.
Invalid suffix: "s"
	at org.apache.spark.network.util.JavaUtils.byteStringAs(JavaUtils.java:306)
	at org.apache.spark.internal.config.ConfigHelpers$.byteFromString(ConfigBuilder.scala:67)
	at org.apache.spark.internal.config.ConfigBuilder.$anonfun$bytesConf$1(ConfigBuilder.scala:261)
	at org.apache.spark.internal.config.ConfigBuilder.$anonfun$bytesConf$1$adapted(ConfigBuilder.scala:261)
	at org.apache.spark.internal.config.TypedConfigBuilder.$anonfun$transform$1(ConfigBuilder.scala:101)
	at org.apache.spark.internal.config.ConfigEntryWithDefaultString.readFrom(ConfigEntry.scala:206)
	at org.apache.spark.SparkConf.get(SparkConf.scala:261)
	at org.apache.spark.storage.BlockManager.<init>(BlockManager.scala:265)
	at org.apache.spark.SparkEnv$.create(SparkEnv.scala:376)
	at org.apache.spark.SparkEnv$.createDriverEnv(SparkEnv.scala:194)
	at org.apache.spark.SparkContext.createSparkEnv(SparkContext.scala:279)
	at org.apache.spark.SparkContext.<init>(SparkContext.scala:464)
	at org.apache.spark.SparkContext$.getOrCreate(SparkContext.scala:2714)
	at org.apache.spark.sql.SparkSession$Builder.$anonfun$getOrCreate$2(SparkSession.scala:953)
	at scala.Option.getOrElse(Option.scala:189)
	at org.apache.spark.sql.SparkSession$Builder.getOrCreate(SparkSession.scala:947)
	at org.apache.spark.examples.ml.DeveloperApiExample$.main(DeveloperApiExample.scala:42)
	at org.apache.spark.examples.ml.DeveloperApiExample.main(DeveloperApiExample.scala)
	at sun.reflect.NativeMethodAccessorImpl.invoke0(Native Method)
	at sun.reflect.NativeMethodAccessorImpl.invoke(NativeMethodAccessorImpl.java:62)
	at sun.reflect.DelegatingMethodAccessorImpl.invoke(DelegatingMethodAccessorImpl.java:43)
	at java.lang.reflect.Method.invoke(Method.java:498)
	at org.apache.spark.deploy.yarn.ApplicationMaster$$anon$2.run(ApplicationMaster.scala:739)
)
2025-03-26 02:44:07,526 ERROR [main] org.apache.spark.deploy.yarn.ApplicationMaster: Uncaught exception: 
org.apache.spark.SparkException: Exception thrown in awaitResult: 
	at org.apache.spark.util.ThreadUtils$.awaitResult(ThreadUtils.scala:301)
	at org.apache.spark.deploy.yarn.ApplicationMaster.runDriver(ApplicationMaster.scala:511)
	at org.apache.spark.deploy.yarn.ApplicationMaster.run(ApplicationMaster.scala:275)
	at org.apache.spark.deploy.yarn.ApplicationMaster$$anon$3.run(ApplicationMaster.scala:926)
	at org.apache.spark.deploy.yarn.ApplicationMaster$$anon$3.run(ApplicationMaster.scala:925)
	at java.security.AccessController.doPrivileged(Native Method)
	at javax.security.auth.Subject.doAs(Subject.java:422)
	at org.apache.hadoop.security.UserGroupInformation.doAs(UserGroupInformation.java:1878)
	at org.apache.spark.deploy.yarn.ApplicationMaster$.main(ApplicationMaster.scala:925)
	at org.apache.spark.deploy.yarn.ApplicationMaster.main(ApplicationMaster.scala)
Caused by: java.lang.NumberFormatException: Size must be specified as bytes (b), kibibytes (k), mebibytes (m), gibibytes (g), tebibytes (t), or pebibytes(p). E.g. 50b, 100k, or 250m.
Invalid suffix: "s"
	at org.apache.spark.network.util.JavaUtils.byteStringAs(JavaUtils.java:306)
	at org.apache.spark.internal.config.ConfigHelpers$.byteFromString(ConfigBuilder.scala:67)
	at org.apache.spark.internal.config.ConfigBuilder.$anonfun$bytesConf$1(ConfigBuilder.scala:261)
	at org.apache.spark.internal.config.ConfigBuilder.$anonfun$bytesConf$1$adapted(ConfigBuilder.scala:261)
	at org.apache.spark.internal.config.TypedConfigBuilder.$anonfun$transform$1(ConfigBuilder.scala:101)
	at org.apache.spark.internal.config.ConfigEntryWithDefaultString.readFrom(ConfigEntry.scala:206)
	at org.apache.spark.SparkConf.get(SparkConf.scala:261)
	at org.apache.spark.storage.BlockManager.<init>(BlockManager.scala:265)
	at org.apache.spark.SparkEnv$.create(SparkEnv.scala:376)
	at org.apache.spark.SparkEnv$.createDriverEnv(SparkEnv.scala:194)
	at org.apache.spark.SparkContext.createSparkEnv(SparkContext.scala:279)
	at org.apache.spark.SparkContext.<init>(SparkContext.scala:464)
	at org.apache.spark.SparkContext$.getOrCreate(SparkContext.scala:2714)
	at org.apache.spark.sql.SparkSession$Builder.$anonfun$getOrCreate$2(SparkSession.scala:953)
	at scala.Option.getOrElse(Option.scala:189)
	at org.apache.spark.sql.SparkSession$Builder.getOrCreate(SparkSession.scala:947)
	at org.apache.spark.examples.ml.DeveloperApiExample$.main(DeveloperApiExample.scala:42)
	at org.apache.spark.examples.ml.DeveloperApiExample.main(DeveloperApiExample.scala)
	at sun.reflect.NativeMethodAccessorImpl.invoke0(Native Method)
	at sun.reflect.NativeMethodAccessorImpl.invoke(NativeMethodAccessorImpl.java:62)
	at sun.reflect.DelegatingMethodAccessorImpl.invoke(DelegatingMethodAccessorImpl.java:43)
	at java.lang.reflect.Method.invoke(Method.java:498)
	at org.apache.spark.deploy.yarn.ApplicationMaster$$anon$2.run(ApplicationMaster.scala:739)
2025-03-26 02:44:07,547 INFO [shutdown-hook-0] org.apache.spark.storage.DiskBlockManager: Shutdown hook called
2025-03-26 02:44:07,561 INFO [shutdown-hook-0] org.apache.spark.util.ShutdownHookManager: Shutdown hook called
2025-03-26 02:44:07,562 DEBUG [Thread-2] org.apache.hadoop.util.ShutdownHookManager: Completed shutdown in 0.033 seconds; Timeouts: 0
2025-03-26 02:44:07,570 DEBUG [Thread-2] org.apache.hadoop.util.ShutdownHookManager: ShutdownHookManager completed shutdown.
