program=ml.DeveloperApiExample
SPARKLORD_MODE=CONFIG_INJECTION
cpu_cores=2
cpu_util=200
memory=4g
config_file_name=spark-defaults.conf
config_key=spark.driver.port
config_value=random

2025-03-25 09:09:21,004 INFO [main] org.apache.spark.util.SignalUtils: Registering signal handler for TERM
2025-03-25 09:09:21,008 INFO [main] org.apache.spark.util.SignalUtils: Registering signal handler for HUP
2025-03-25 09:09:21,008 INFO [main] org.apache.spark.util.SignalUtils: Registering signal handler for INT
2025-03-25 09:09:21,260 DEBUG [main] org.apache.hadoop.util.Shell: setsid exited with exit code 0
2025-03-25 09:09:21,381 INFO [main] org.apache.spark.SecurityManager: Changing view acls to: root
2025-03-25 09:09:21,382 INFO [main] org.apache.spark.SecurityManager: Changing modify acls to: root
2025-03-25 09:09:21,383 INFO [main] org.apache.spark.SecurityManager: Changing view acls groups to: 
2025-03-25 09:09:21,383 INFO [main] org.apache.spark.SecurityManager: Changing modify acls groups to: 
2025-03-25 09:09:21,384 INFO [main] org.apache.spark.SecurityManager: SecurityManager: authentication disabled; ui acls disabled; users  with view permissions: Set(root); groups with view permissions: Set(); users  with modify permissions: Set(root); groups with modify permissions: Set()
2025-03-25 09:09:21,434 DEBUG [main] org.apache.hadoop.metrics2.lib.MutableMetricsFactory: field org.apache.hadoop.metrics2.lib.MutableRate org.apache.hadoop.security.UserGroupInformation$UgiMetrics.getGroups with annotation @org.apache.hadoop.metrics2.annotation.Metric(always=false, sampleName=Ops, valueName=Time, about=, interval=10, type=DEFAULT, value=[GetGroups])
2025-03-25 09:09:21,439 DEBUG [main] org.apache.hadoop.metrics2.lib.MutableMetricsFactory: field org.apache.hadoop.metrics2.lib.MutableRate org.apache.hadoop.security.UserGroupInformation$UgiMetrics.loginFailure with annotation @org.apache.hadoop.metrics2.annotation.Metric(always=false, sampleName=Ops, valueName=Time, about=, interval=10, type=DEFAULT, value=[Rate of failed kerberos logins and latency (milliseconds)])
2025-03-25 09:09:21,439 DEBUG [main] org.apache.hadoop.metrics2.lib.MutableMetricsFactory: field org.apache.hadoop.metrics2.lib.MutableRate org.apache.hadoop.security.UserGroupInformation$UgiMetrics.loginSuccess with annotation @org.apache.hadoop.metrics2.annotation.Metric(always=false, sampleName=Ops, valueName=Time, about=, interval=10, type=DEFAULT, value=[Rate of successful kerberos logins and latency (milliseconds)])
2025-03-25 09:09:21,439 DEBUG [main] org.apache.hadoop.metrics2.lib.MutableMetricsFactory: field private org.apache.hadoop.metrics2.lib.MutableGaugeInt org.apache.hadoop.security.UserGroupInformation$UgiMetrics.renewalFailures with annotation @org.apache.hadoop.metrics2.annotation.Metric(always=false, sampleName=Ops, valueName=Time, about=, interval=10, type=DEFAULT, value=[Renewal failures since last successful login])
2025-03-25 09:09:21,440 DEBUG [main] org.apache.hadoop.metrics2.lib.MutableMetricsFactory: field private org.apache.hadoop.metrics2.lib.MutableGaugeLong org.apache.hadoop.security.UserGroupInformation$UgiMetrics.renewalFailuresTotal with annotation @org.apache.hadoop.metrics2.annotation.Metric(always=false, sampleName=Ops, valueName=Time, about=, interval=10, type=DEFAULT, value=[Renewal failures since startup])
2025-03-25 09:09:21,440 DEBUG [main] org.apache.hadoop.metrics2.impl.MetricsSystemImpl: UgiMetrics, User and group related metrics
2025-03-25 09:09:21,454 DEBUG [main] org.apache.hadoop.security.SecurityUtil: Setting hadoop.security.token.service.use_ip to true
2025-03-25 09:09:21,459 DEBUG [main] org.apache.hadoop.security.Groups:  Creating new Groups object
2025-03-25 09:09:21,460 DEBUG [main] org.apache.hadoop.util.NativeCodeLoader: Trying to load the custom-built native-hadoop library...
2025-03-25 09:09:21,460 DEBUG [main] org.apache.hadoop.util.NativeCodeLoader: Failed to load native-hadoop with error: java.lang.UnsatisfiedLinkError: no hadoop in java.library.path
2025-03-25 09:09:21,460 DEBUG [main] org.apache.hadoop.util.NativeCodeLoader: java.library.path=/usr/java/packages/lib/amd64:/usr/lib/x86_64-linux-gnu/jni:/lib/x86_64-linux-gnu:/usr/lib/x86_64-linux-gnu:/usr/lib/jni:/lib:/usr/lib
2025-03-25 09:09:21,460 WARN [main] org.apache.hadoop.util.NativeCodeLoader: Unable to load native-hadoop library for your platform... using builtin-java classes where applicable
2025-03-25 09:09:21,460 DEBUG [main] org.apache.hadoop.util.PerformanceAdvisory: Falling back to shell based
2025-03-25 09:09:21,461 DEBUG [main] org.apache.hadoop.security.JniBasedUnixGroupsMappingWithFallback: Group mapping impl=org.apache.hadoop.security.ShellBasedUnixGroupsMapping
2025-03-25 09:09:21,500 DEBUG [main] org.apache.hadoop.security.Groups: Group mapping impl=org.apache.hadoop.security.JniBasedUnixGroupsMappingWithFallback; cacheTimeout=300000; warningDeltaMs=5000
2025-03-25 09:09:21,558 DEBUG [main] org.apache.spark.deploy.SparkHadoopUtil: creating UGI for user: root
2025-03-25 09:09:21,561 DEBUG [main] org.apache.hadoop.security.UserGroupInformation: Hadoop login
2025-03-25 09:09:21,561 DEBUG [main] org.apache.hadoop.security.UserGroupInformation: hadoop login commit
2025-03-25 09:09:21,562 DEBUG [main] org.apache.hadoop.security.UserGroupInformation: Using local user: UnixPrincipal: root
2025-03-25 09:09:21,563 DEBUG [main] org.apache.hadoop.security.UserGroupInformation: Using user: "UnixPrincipal: root" with name: root
2025-03-25 09:09:21,563 DEBUG [main] org.apache.hadoop.security.UserGroupInformation: User entry: "root"
2025-03-25 09:09:21,563 DEBUG [main] org.apache.hadoop.security.UserGroupInformation: Reading credentials from location /data/tmp/nm-local-dir/usercache/root/appcache/application_1742893708873_0001/container_1742893708873_0001_01_000001/container_tokens
2025-03-25 09:09:21,566 DEBUG [main] org.apache.hadoop.security.UserGroupInformation: Loaded 1 tokens from /data/tmp/nm-local-dir/usercache/root/appcache/application_1742893708873_0001/container_1742893708873_0001_01_000001/container_tokens
2025-03-25 09:09:21,566 DEBUG [main] org.apache.hadoop.security.UserGroupInformation: UGI loginUser: root (auth:SIMPLE)
2025-03-25 09:09:21,566 DEBUG [main] org.apache.hadoop.security.UserGroupInformation: PrivilegedAction [as: root (auth:SIMPLE)][action: org.apache.spark.deploy.yarn.ApplicationMaster$$anon$3@1522d8a0]
java.lang.Exception
	at org.apache.hadoop.security.UserGroupInformation.doAs(UserGroupInformation.java:1875)
	at org.apache.spark.deploy.yarn.ApplicationMaster$.main(ApplicationMaster.scala:925)
	at org.apache.spark.deploy.yarn.ApplicationMaster.main(ApplicationMaster.scala)
2025-03-25 09:09:21,571 INFO [main] org.apache.spark.deploy.yarn.ApplicationMaster: ApplicationAttemptId: appattempt_1742893708873_0001_000001
2025-03-25 09:09:21,572 DEBUG [main] org.apache.spark.util.ShutdownHookManager: Adding shutdown hook
2025-03-25 09:09:21,594 INFO [main] org.apache.spark.deploy.yarn.ApplicationMaster: Starting the user application in a separate Thread
2025-03-25 09:09:21,595 INFO [main] org.apache.spark.deploy.yarn.ApplicationMaster: Waiting for spark context initialization...
2025-03-25 09:09:21,634 INFO [Driver] org.apache.spark.SparkContext: Running Spark version 3.3.2
2025-03-25 09:09:21,651 INFO [Driver] org.apache.spark.resource.ResourceUtils: ==============================================================
2025-03-25 09:09:21,651 INFO [Driver] org.apache.spark.resource.ResourceUtils: No custom resources configured for spark.driver.
2025-03-25 09:09:21,651 INFO [Driver] org.apache.spark.resource.ResourceUtils: ==============================================================
2025-03-25 09:09:21,652 INFO [Driver] org.apache.spark.SparkContext: Submitted application: DeveloperApiExample
2025-03-25 09:09:21,669 INFO [Driver] org.apache.spark.resource.ResourceProfile: Default ResourceProfile created, executor resources: Map(cores -> name: cores, amount: 2, script: , vendor: , memory -> name: memory, amount: 2048, script: , vendor: , offHeap -> name: offHeap, amount: 0, script: , vendor: ), task resources: Map(cpus -> name: cpus, amount: 1.0)
2025-03-25 09:09:21,673 INFO [Driver] org.apache.spark.resource.ResourceProfile: Limiting resource is cpus at 2 tasks per executor
2025-03-25 09:09:21,674 INFO [Driver] org.apache.spark.resource.ResourceProfileManager: Added ResourceProfile id: 0
2025-03-25 09:09:21,702 ERROR [Driver] org.apache.spark.SparkContext: Error initializing SparkContext.
java.lang.IllegalArgumentException: spark.driver.port should be int, but was random
	at org.apache.spark.internal.config.ConfigHelpers$.toNumber(ConfigBuilder.scala:35)
	at org.apache.spark.internal.config.ConfigBuilder.$anonfun$intConf$1(ConfigBuilder.scala:232)
	at org.apache.spark.internal.config.ConfigBuilder.$anonfun$intConf$1$adapted(ConfigBuilder.scala:232)
	at scala.Option.map(Option.scala:230)
	at org.apache.spark.internal.config.ConfigEntryWithDefault.readFrom(ConfigEntry.scala:141)
	at org.apache.spark.SparkConf.get(SparkConf.scala:261)
	at org.apache.spark.SparkEnv$.createDriverEnv(SparkEnv.scala:178)
	at org.apache.spark.SparkContext.createSparkEnv(SparkContext.scala:279)
	at org.apache.spark.SparkContext.<init>(SparkContext.scala:464)
	at org.apache.spark.SparkContext$.getOrCreate(SparkContext.scala:2714)
	at org.apache.spark.sql.SparkSession$Builder.$anonfun$getOrCreate$2(SparkSession.scala:953)
	at scala.Option.getOrElse(Option.scala:189)
	at org.apache.spark.sql.SparkSession$Builder.getOrCreate(SparkSession.scala:947)
	at org.apache.spark.examples.ml.DeveloperApiExample$.main(DeveloperApiExample.scala:42)
	at org.apache.spark.examples.ml.DeveloperApiExample.main(DeveloperApiExample.scala)
	at sun.reflect.NativeMethodAccessorImpl.invoke0(Native Method)
	at sun.reflect.NativeMethodAccessorImpl.invoke(NativeMethodAccessorImpl.java:62)
	at sun.reflect.DelegatingMethodAccessorImpl.invoke(DelegatingMethodAccessorImpl.java:43)
	at java.lang.reflect.Method.invoke(Method.java:498)
	at org.apache.spark.deploy.yarn.ApplicationMaster$$anon$2.run(ApplicationMaster.scala:739)
2025-03-25 09:09:21,725 INFO [Driver] org.apache.spark.SparkContext: Successfully stopped SparkContext
2025-03-25 09:09:21,725 ERROR [Driver] org.apache.spark.deploy.yarn.ApplicationMaster: User class threw exception: java.lang.IllegalArgumentException: spark.driver.port should be int, but was random
java.lang.IllegalArgumentException: spark.driver.port should be int, but was random
	at org.apache.spark.internal.config.ConfigHelpers$.toNumber(ConfigBuilder.scala:35)
	at org.apache.spark.internal.config.ConfigBuilder.$anonfun$intConf$1(ConfigBuilder.scala:232)
	at org.apache.spark.internal.config.ConfigBuilder.$anonfun$intConf$1$adapted(ConfigBuilder.scala:232)
	at scala.Option.map(Option.scala:230)
	at org.apache.spark.internal.config.ConfigEntryWithDefault.readFrom(ConfigEntry.scala:141)
	at org.apache.spark.SparkConf.get(SparkConf.scala:261)
	at org.apache.spark.SparkEnv$.createDriverEnv(SparkEnv.scala:178)
	at org.apache.spark.SparkContext.createSparkEnv(SparkContext.scala:279)
	at org.apache.spark.SparkContext.<init>(SparkContext.scala:464)
	at org.apache.spark.SparkContext$.getOrCreate(SparkContext.scala:2714)
	at org.apache.spark.sql.SparkSession$Builder.$anonfun$getOrCreate$2(SparkSession.scala:953)
	at scala.Option.getOrElse(Option.scala:189)
	at org.apache.spark.sql.SparkSession$Builder.getOrCreate(SparkSession.scala:947)
	at org.apache.spark.examples.ml.DeveloperApiExample$.main(DeveloperApiExample.scala:42)
	at org.apache.spark.examples.ml.DeveloperApiExample.main(DeveloperApiExample.scala)
	at sun.reflect.NativeMethodAccessorImpl.invoke0(Native Method)
	at sun.reflect.NativeMethodAccessorImpl.invoke(NativeMethodAccessorImpl.java:62)
	at sun.reflect.DelegatingMethodAccessorImpl.invoke(DelegatingMethodAccessorImpl.java:43)
	at java.lang.reflect.Method.invoke(Method.java:498)
	at org.apache.spark.deploy.yarn.ApplicationMaster$$anon$2.run(ApplicationMaster.scala:739)
2025-03-25 09:09:21,726 INFO [Driver] org.apache.spark.deploy.yarn.ApplicationMaster: Final app status: FAILED, exitCode: 13, (reason: User class threw exception: java.lang.IllegalArgumentException: spark.driver.port should be int, but was random
	at org.apache.spark.internal.config.ConfigHelpers$.toNumber(ConfigBuilder.scala:35)
	at org.apache.spark.internal.config.ConfigBuilder.$anonfun$intConf$1(ConfigBuilder.scala:232)
	at org.apache.spark.internal.config.ConfigBuilder.$anonfun$intConf$1$adapted(ConfigBuilder.scala:232)
	at scala.Option.map(Option.scala:230)
	at org.apache.spark.internal.config.ConfigEntryWithDefault.readFrom(ConfigEntry.scala:141)
	at org.apache.spark.SparkConf.get(SparkConf.scala:261)
	at org.apache.spark.SparkEnv$.createDriverEnv(SparkEnv.scala:178)
	at org.apache.spark.SparkContext.createSparkEnv(SparkContext.scala:279)
	at org.apache.spark.SparkContext.<init>(SparkContext.scala:464)
	at org.apache.spark.SparkContext$.getOrCreate(SparkContext.scala:2714)
	at org.apache.spark.sql.SparkSession$Builder.$anonfun$getOrCreate$2(SparkSession.scala:953)
	at scala.Option.getOrElse(Option.scala:189)
	at org.apache.spark.sql.SparkSession$Builder.getOrCreate(SparkSession.scala:947)
	at org.apache.spark.examples.ml.DeveloperApiExample$.main(DeveloperApiExample.scala:42)
	at org.apache.spark.examples.ml.DeveloperApiExample.main(DeveloperApiExample.scala)
	at sun.reflect.NativeMethodAccessorImpl.invoke0(Native Method)
	at sun.reflect.NativeMethodAccessorImpl.invoke(NativeMethodAccessorImpl.java:62)
	at sun.reflect.DelegatingMethodAccessorImpl.invoke(DelegatingMethodAccessorImpl.java:43)
	at java.lang.reflect.Method.invoke(Method.java:498)
	at org.apache.spark.deploy.yarn.ApplicationMaster$$anon$2.run(ApplicationMaster.scala:739)
)
2025-03-25 09:09:21,733 ERROR [main] org.apache.spark.deploy.yarn.ApplicationMaster: Uncaught exception: 
org.apache.spark.SparkException: Exception thrown in awaitResult: 
	at org.apache.spark.util.ThreadUtils$.awaitResult(ThreadUtils.scala:301)
	at org.apache.spark.deploy.yarn.ApplicationMaster.runDriver(ApplicationMaster.scala:511)
	at org.apache.spark.deploy.yarn.ApplicationMaster.run(ApplicationMaster.scala:275)
	at org.apache.spark.deploy.yarn.ApplicationMaster$$anon$3.run(ApplicationMaster.scala:926)
	at org.apache.spark.deploy.yarn.ApplicationMaster$$anon$3.run(ApplicationMaster.scala:925)
	at java.security.AccessController.doPrivileged(Native Method)
	at javax.security.auth.Subject.doAs(Subject.java:422)
	at org.apache.hadoop.security.UserGroupInformation.doAs(UserGroupInformation.java:1878)
	at org.apache.spark.deploy.yarn.ApplicationMaster$.main(ApplicationMaster.scala:925)
	at org.apache.spark.deploy.yarn.ApplicationMaster.main(ApplicationMaster.scala)
Caused by: java.lang.IllegalArgumentException: spark.driver.port should be int, but was random
	at org.apache.spark.internal.config.ConfigHelpers$.toNumber(ConfigBuilder.scala:35)
	at org.apache.spark.internal.config.ConfigBuilder.$anonfun$intConf$1(ConfigBuilder.scala:232)
	at org.apache.spark.internal.config.ConfigBuilder.$anonfun$intConf$1$adapted(ConfigBuilder.scala:232)
	at scala.Option.map(Option.scala:230)
	at org.apache.spark.internal.config.ConfigEntryWithDefault.readFrom(ConfigEntry.scala:141)
	at org.apache.spark.SparkConf.get(SparkConf.scala:261)
	at org.apache.spark.SparkEnv$.createDriverEnv(SparkEnv.scala:178)
	at org.apache.spark.SparkContext.createSparkEnv(SparkContext.scala:279)
	at org.apache.spark.SparkContext.<init>(SparkContext.scala:464)
	at org.apache.spark.SparkContext$.getOrCreate(SparkContext.scala:2714)
	at org.apache.spark.sql.SparkSession$Builder.$anonfun$getOrCreate$2(SparkSession.scala:953)
	at scala.Option.getOrElse(Option.scala:189)
	at org.apache.spark.sql.SparkSession$Builder.getOrCreate(SparkSession.scala:947)
	at org.apache.spark.examples.ml.DeveloperApiExample$.main(DeveloperApiExample.scala:42)
	at org.apache.spark.examples.ml.DeveloperApiExample.main(DeveloperApiExample.scala)
	at sun.reflect.NativeMethodAccessorImpl.invoke0(Native Method)
	at sun.reflect.NativeMethodAccessorImpl.invoke(NativeMethodAccessorImpl.java:62)
	at sun.reflect.DelegatingMethodAccessorImpl.invoke(DelegatingMethodAccessorImpl.java:43)
	at java.lang.reflect.Method.invoke(Method.java:498)
	at org.apache.spark.deploy.yarn.ApplicationMaster$$anon$2.run(ApplicationMaster.scala:739)
2025-03-25 09:09:21,737 INFO [shutdown-hook-0] org.apache.spark.util.ShutdownHookManager: Shutdown hook called
2025-03-25 09:09:21,738 DEBUG [Thread-2] org.apache.hadoop.util.ShutdownHookManager: Completed shutdown in 0.003 seconds; Timeouts: 0
2025-03-25 09:09:21,748 DEBUG [Thread-2] org.apache.hadoop.util.ShutdownHookManager: ShutdownHookManager completed shutdown.
