program=ml.DeveloperApiExample
SPARKLORD_MODE=CONFIG_INJECTION
cpu_cores=2
cpu_util=200
memory=4g
config_file_name=spark-defaults.conf
config_key=spark.task.cpus
config_value=4

2025-03-25 13:24:56,882 INFO [main] org.apache.spark.util.SignalUtils: Registering signal handler for TERM
2025-03-25 13:24:56,887 INFO [main] org.apache.spark.util.SignalUtils: Registering signal handler for HUP
2025-03-25 13:24:56,887 INFO [main] org.apache.spark.util.SignalUtils: Registering signal handler for INT
2025-03-25 13:24:57,144 DEBUG [main] org.apache.hadoop.util.Shell: setsid exited with exit code 0
2025-03-25 13:24:57,288 INFO [main] org.apache.spark.SecurityManager: Changing view acls to: root
2025-03-25 13:24:57,288 INFO [main] org.apache.spark.SecurityManager: Changing modify acls to: root
2025-03-25 13:24:57,291 INFO [main] org.apache.spark.SecurityManager: Changing view acls groups to: 
2025-03-25 13:24:57,291 INFO [main] org.apache.spark.SecurityManager: Changing modify acls groups to: 
2025-03-25 13:24:57,292 INFO [main] org.apache.spark.SecurityManager: SecurityManager: authentication disabled; ui acls disabled; users  with view permissions: Set(root); groups with view permissions: Set(); users  with modify permissions: Set(root); groups with modify permissions: Set()
2025-03-25 13:24:57,350 DEBUG [main] org.apache.hadoop.metrics2.lib.MutableMetricsFactory: field org.apache.hadoop.metrics2.lib.MutableRate org.apache.hadoop.security.UserGroupInformation$UgiMetrics.getGroups with annotation @org.apache.hadoop.metrics2.annotation.Metric(sampleName=Ops, always=false, valueName=Time, about=, interval=10, type=DEFAULT, value=[GetGroups])
2025-03-25 13:24:57,355 DEBUG [main] org.apache.hadoop.metrics2.lib.MutableMetricsFactory: field org.apache.hadoop.metrics2.lib.MutableRate org.apache.hadoop.security.UserGroupInformation$UgiMetrics.loginFailure with annotation @org.apache.hadoop.metrics2.annotation.Metric(sampleName=Ops, always=false, valueName=Time, about=, interval=10, type=DEFAULT, value=[Rate of failed kerberos logins and latency (milliseconds)])
2025-03-25 13:24:57,355 DEBUG [main] org.apache.hadoop.metrics2.lib.MutableMetricsFactory: field org.apache.hadoop.metrics2.lib.MutableRate org.apache.hadoop.security.UserGroupInformation$UgiMetrics.loginSuccess with annotation @org.apache.hadoop.metrics2.annotation.Metric(sampleName=Ops, always=false, valueName=Time, about=, interval=10, type=DEFAULT, value=[Rate of successful kerberos logins and latency (milliseconds)])
2025-03-25 13:24:57,355 DEBUG [main] org.apache.hadoop.metrics2.lib.MutableMetricsFactory: field private org.apache.hadoop.metrics2.lib.MutableGaugeInt org.apache.hadoop.security.UserGroupInformation$UgiMetrics.renewalFailures with annotation @org.apache.hadoop.metrics2.annotation.Metric(sampleName=Ops, always=false, valueName=Time, about=, interval=10, type=DEFAULT, value=[Renewal failures since last successful login])
2025-03-25 13:24:57,355 DEBUG [main] org.apache.hadoop.metrics2.lib.MutableMetricsFactory: field private org.apache.hadoop.metrics2.lib.MutableGaugeLong org.apache.hadoop.security.UserGroupInformation$UgiMetrics.renewalFailuresTotal with annotation @org.apache.hadoop.metrics2.annotation.Metric(sampleName=Ops, always=false, valueName=Time, about=, interval=10, type=DEFAULT, value=[Renewal failures since startup])
2025-03-25 13:24:57,356 DEBUG [main] org.apache.hadoop.metrics2.impl.MetricsSystemImpl: UgiMetrics, User and group related metrics
2025-03-25 13:24:57,369 DEBUG [main] org.apache.hadoop.security.SecurityUtil: Setting hadoop.security.token.service.use_ip to true
2025-03-25 13:24:57,373 DEBUG [main] org.apache.hadoop.security.Groups:  Creating new Groups object
2025-03-25 13:24:57,374 DEBUG [main] org.apache.hadoop.util.NativeCodeLoader: Trying to load the custom-built native-hadoop library...
2025-03-25 13:24:57,374 DEBUG [main] org.apache.hadoop.util.NativeCodeLoader: Failed to load native-hadoop with error: java.lang.UnsatisfiedLinkError: no hadoop in java.library.path
2025-03-25 13:24:57,375 DEBUG [main] org.apache.hadoop.util.NativeCodeLoader: java.library.path=/usr/java/packages/lib/amd64:/usr/lib/x86_64-linux-gnu/jni:/lib/x86_64-linux-gnu:/usr/lib/x86_64-linux-gnu:/usr/lib/jni:/lib:/usr/lib
2025-03-25 13:24:57,375 WARN [main] org.apache.hadoop.util.NativeCodeLoader: Unable to load native-hadoop library for your platform... using builtin-java classes where applicable
2025-03-25 13:24:57,375 DEBUG [main] org.apache.hadoop.util.PerformanceAdvisory: Falling back to shell based
2025-03-25 13:24:57,376 DEBUG [main] org.apache.hadoop.security.JniBasedUnixGroupsMappingWithFallback: Group mapping impl=org.apache.hadoop.security.ShellBasedUnixGroupsMapping
2025-03-25 13:24:57,417 DEBUG [main] org.apache.hadoop.security.Groups: Group mapping impl=org.apache.hadoop.security.JniBasedUnixGroupsMappingWithFallback; cacheTimeout=300000; warningDeltaMs=5000
2025-03-25 13:24:57,491 DEBUG [main] org.apache.spark.deploy.SparkHadoopUtil: creating UGI for user: root
2025-03-25 13:24:57,494 DEBUG [main] org.apache.hadoop.security.UserGroupInformation: Hadoop login
2025-03-25 13:24:57,494 DEBUG [main] org.apache.hadoop.security.UserGroupInformation: hadoop login commit
2025-03-25 13:24:57,496 DEBUG [main] org.apache.hadoop.security.UserGroupInformation: Using local user: UnixPrincipal: root
2025-03-25 13:24:57,497 DEBUG [main] org.apache.hadoop.security.UserGroupInformation: Using user: "UnixPrincipal: root" with name: root
2025-03-25 13:24:57,497 DEBUG [main] org.apache.hadoop.security.UserGroupInformation: User entry: "root"
2025-03-25 13:24:57,497 DEBUG [main] org.apache.hadoop.security.UserGroupInformation: Reading credentials from location /data/tmp/nm-local-dir/usercache/root/appcache/application_1742909044945_0001/container_1742909044945_0001_01_000001/container_tokens
2025-03-25 13:24:57,501 DEBUG [main] org.apache.hadoop.security.UserGroupInformation: Loaded 1 tokens from /data/tmp/nm-local-dir/usercache/root/appcache/application_1742909044945_0001/container_1742909044945_0001_01_000001/container_tokens
2025-03-25 13:24:57,501 DEBUG [main] org.apache.hadoop.security.UserGroupInformation: UGI loginUser: root (auth:SIMPLE)
2025-03-25 13:24:57,501 DEBUG [main] org.apache.hadoop.security.UserGroupInformation: PrivilegedAction [as: root (auth:SIMPLE)][action: org.apache.spark.deploy.yarn.ApplicationMaster$$anon$3@1522d8a0]
java.lang.Exception
	at org.apache.hadoop.security.UserGroupInformation.doAs(UserGroupInformation.java:1875)
	at org.apache.spark.deploy.yarn.ApplicationMaster$.main(ApplicationMaster.scala:925)
	at org.apache.spark.deploy.yarn.ApplicationMaster.main(ApplicationMaster.scala)
2025-03-25 13:24:57,508 INFO [main] org.apache.spark.deploy.yarn.ApplicationMaster: ApplicationAttemptId: appattempt_1742909044945_0001_000001
2025-03-25 13:24:57,509 DEBUG [main] org.apache.spark.util.ShutdownHookManager: Adding shutdown hook
2025-03-25 13:24:57,534 INFO [main] org.apache.spark.deploy.yarn.ApplicationMaster: Starting the user application in a separate Thread
2025-03-25 13:24:57,536 INFO [main] org.apache.spark.deploy.yarn.ApplicationMaster: Waiting for spark context initialization...
2025-03-25 13:24:57,583 INFO [Driver] org.apache.spark.SparkContext: Running Spark version 3.3.2
2025-03-25 13:24:57,606 INFO [Driver] org.apache.spark.resource.ResourceUtils: ==============================================================
2025-03-25 13:24:57,607 INFO [Driver] org.apache.spark.resource.ResourceUtils: No custom resources configured for spark.driver.
2025-03-25 13:24:57,607 INFO [Driver] org.apache.spark.resource.ResourceUtils: ==============================================================
2025-03-25 13:24:57,607 INFO [Driver] org.apache.spark.SparkContext: Submitted application: DeveloperApiExample
2025-03-25 13:24:57,624 INFO [Driver] org.apache.spark.resource.ResourceProfile: Default ResourceProfile created, executor resources: Map(cores -> name: cores, amount: 2, script: , vendor: , memory -> name: memory, amount: 2048, script: , vendor: , offHeap -> name: offHeap, amount: 0, script: , vendor: ), task resources: Map(cpus -> name: cpus, amount: 4.0)
2025-03-25 13:24:57,626 ERROR [Driver] org.apache.spark.SparkContext: Error initializing SparkContext.
org.apache.spark.SparkException: The number of cores per executor (=2) has to be >= the number of cpus per task = 4.
	at org.apache.spark.resource.ResourceUtils$.validateTaskCpusLargeEnough(ResourceUtils.scala:403)
	at org.apache.spark.resource.ResourceProfile.calculateTasksAndLimitingResource(ResourceProfile.scala:169)
	at org.apache.spark.resource.ResourceProfile.$anonfun$limitingResource$1(ResourceProfile.scala:139)
	at scala.Option.getOrElse(Option.scala:189)
	at org.apache.spark.resource.ResourceProfile.limitingResource(ResourceProfile.scala:138)
	at org.apache.spark.resource.ResourceProfileManager.addResourceProfile(ResourceProfileManager.scala:95)
	at org.apache.spark.resource.ResourceProfileManager.<init>(ResourceProfileManager.scala:49)
	at org.apache.spark.SparkContext.<init>(SparkContext.scala:455)
	at org.apache.spark.SparkContext$.getOrCreate(SparkContext.scala:2714)
	at org.apache.spark.sql.SparkSession$Builder.$anonfun$getOrCreate$2(SparkSession.scala:953)
	at scala.Option.getOrElse(Option.scala:189)
	at org.apache.spark.sql.SparkSession$Builder.getOrCreate(SparkSession.scala:947)
	at org.apache.spark.examples.ml.DeveloperApiExample$.main(DeveloperApiExample.scala:42)
	at org.apache.spark.examples.ml.DeveloperApiExample.main(DeveloperApiExample.scala)
	at sun.reflect.NativeMethodAccessorImpl.invoke0(Native Method)
	at sun.reflect.NativeMethodAccessorImpl.invoke(NativeMethodAccessorImpl.java:62)
	at sun.reflect.DelegatingMethodAccessorImpl.invoke(DelegatingMethodAccessorImpl.java:43)
	at java.lang.reflect.Method.invoke(Method.java:498)
	at org.apache.spark.deploy.yarn.ApplicationMaster$$anon$2.run(ApplicationMaster.scala:739)
2025-03-25 13:24:57,654 INFO [Driver] org.apache.spark.SparkContext: Successfully stopped SparkContext
2025-03-25 13:24:57,655 ERROR [Driver] org.apache.spark.deploy.yarn.ApplicationMaster: User class threw exception: org.apache.spark.SparkException: The number of cores per executor (=2) has to be >= the number of cpus per task = 4.
org.apache.spark.SparkException: The number of cores per executor (=2) has to be >= the number of cpus per task = 4.
	at org.apache.spark.resource.ResourceUtils$.validateTaskCpusLargeEnough(ResourceUtils.scala:403)
	at org.apache.spark.resource.ResourceProfile.calculateTasksAndLimitingResource(ResourceProfile.scala:169)
	at org.apache.spark.resource.ResourceProfile.$anonfun$limitingResource$1(ResourceProfile.scala:139)
	at scala.Option.getOrElse(Option.scala:189)
	at org.apache.spark.resource.ResourceProfile.limitingResource(ResourceProfile.scala:138)
	at org.apache.spark.resource.ResourceProfileManager.addResourceProfile(ResourceProfileManager.scala:95)
	at org.apache.spark.resource.ResourceProfileManager.<init>(ResourceProfileManager.scala:49)
	at org.apache.spark.SparkContext.<init>(SparkContext.scala:455)
	at org.apache.spark.SparkContext$.getOrCreate(SparkContext.scala:2714)
	at org.apache.spark.sql.SparkSession$Builder.$anonfun$getOrCreate$2(SparkSession.scala:953)
	at scala.Option.getOrElse(Option.scala:189)
	at org.apache.spark.sql.SparkSession$Builder.getOrCreate(SparkSession.scala:947)
	at org.apache.spark.examples.ml.DeveloperApiExample$.main(DeveloperApiExample.scala:42)
	at org.apache.spark.examples.ml.DeveloperApiExample.main(DeveloperApiExample.scala)
	at sun.reflect.NativeMethodAccessorImpl.invoke0(Native Method)
	at sun.reflect.NativeMethodAccessorImpl.invoke(NativeMethodAccessorImpl.java:62)
	at sun.reflect.DelegatingMethodAccessorImpl.invoke(DelegatingMethodAccessorImpl.java:43)
	at java.lang.reflect.Method.invoke(Method.java:498)
	at org.apache.spark.deploy.yarn.ApplicationMaster$$anon$2.run(ApplicationMaster.scala:739)
2025-03-25 13:24:57,656 INFO [Driver] org.apache.spark.deploy.yarn.ApplicationMaster: Final app status: FAILED, exitCode: 13, (reason: User class threw exception: org.apache.spark.SparkException: The number of cores per executor (=2) has to be >= the number of cpus per task = 4.
	at org.apache.spark.resource.ResourceUtils$.validateTaskCpusLargeEnough(ResourceUtils.scala:403)
	at org.apache.spark.resource.ResourceProfile.calculateTasksAndLimitingResource(ResourceProfile.scala:169)
	at org.apache.spark.resource.ResourceProfile.$anonfun$limitingResource$1(ResourceProfile.scala:139)
	at scala.Option.getOrElse(Option.scala:189)
	at org.apache.spark.resource.ResourceProfile.limitingResource(ResourceProfile.scala:138)
	at org.apache.spark.resource.ResourceProfileManager.addResourceProfile(ResourceProfileManager.scala:95)
	at org.apache.spark.resource.ResourceProfileManager.<init>(ResourceProfileManager.scala:49)
	at org.apache.spark.SparkContext.<init>(SparkContext.scala:455)
	at org.apache.spark.SparkContext$.getOrCreate(SparkContext.scala:2714)
	at org.apache.spark.sql.SparkSession$Builder.$anonfun$getOrCreate$2(SparkSession.scala:953)
	at scala.Option.getOrElse(Option.scala:189)
	at org.apache.spark.sql.SparkSession$Builder.getOrCreate(SparkSession.scala:947)
	at org.apache.spark.examples.ml.DeveloperApiExample$.main(DeveloperApiExample.scala:42)
	at org.apache.spark.examples.ml.DeveloperApiExample.main(DeveloperApiExample.scala)
	at sun.reflect.NativeMethodAccessorImpl.invoke0(Native Method)
	at sun.reflect.NativeMethodAccessorImpl.invoke(NativeMethodAccessorImpl.java:62)
	at sun.reflect.DelegatingMethodAccessorImpl.invoke(DelegatingMethodAccessorImpl.java:43)
	at java.lang.reflect.Method.invoke(Method.java:498)
	at org.apache.spark.deploy.yarn.ApplicationMaster$$anon$2.run(ApplicationMaster.scala:739)
)
2025-03-25 13:24:57,663 ERROR [main] org.apache.spark.deploy.yarn.ApplicationMaster: Uncaught exception: 
org.apache.spark.SparkException: Exception thrown in awaitResult: 
	at org.apache.spark.util.ThreadUtils$.awaitResult(ThreadUtils.scala:301)
	at org.apache.spark.deploy.yarn.ApplicationMaster.runDriver(ApplicationMaster.scala:511)
	at org.apache.spark.deploy.yarn.ApplicationMaster.run(ApplicationMaster.scala:275)
	at org.apache.spark.deploy.yarn.ApplicationMaster$$anon$3.run(ApplicationMaster.scala:926)
	at org.apache.spark.deploy.yarn.ApplicationMaster$$anon$3.run(ApplicationMaster.scala:925)
	at java.security.AccessController.doPrivileged(Native Method)
	at javax.security.auth.Subject.doAs(Subject.java:422)
	at org.apache.hadoop.security.UserGroupInformation.doAs(UserGroupInformation.java:1878)
	at org.apache.spark.deploy.yarn.ApplicationMaster$.main(ApplicationMaster.scala:925)
	at org.apache.spark.deploy.yarn.ApplicationMaster.main(ApplicationMaster.scala)
Caused by: org.apache.spark.SparkException: The number of cores per executor (=2) has to be >= the number of cpus per task = 4.
	at org.apache.spark.resource.ResourceUtils$.validateTaskCpusLargeEnough(ResourceUtils.scala:403)
	at org.apache.spark.resource.ResourceProfile.calculateTasksAndLimitingResource(ResourceProfile.scala:169)
	at org.apache.spark.resource.ResourceProfile.$anonfun$limitingResource$1(ResourceProfile.scala:139)
	at scala.Option.getOrElse(Option.scala:189)
	at org.apache.spark.resource.ResourceProfile.limitingResource(ResourceProfile.scala:138)
	at org.apache.spark.resource.ResourceProfileManager.addResourceProfile(ResourceProfileManager.scala:95)
	at org.apache.spark.resource.ResourceProfileManager.<init>(ResourceProfileManager.scala:49)
	at org.apache.spark.SparkContext.<init>(SparkContext.scala:455)
	at org.apache.spark.SparkContext$.getOrCreate(SparkContext.scala:2714)
	at org.apache.spark.sql.SparkSession$Builder.$anonfun$getOrCreate$2(SparkSession.scala:953)
	at scala.Option.getOrElse(Option.scala:189)
	at org.apache.spark.sql.SparkSession$Builder.getOrCreate(SparkSession.scala:947)
	at org.apache.spark.examples.ml.DeveloperApiExample$.main(DeveloperApiExample.scala:42)
	at org.apache.spark.examples.ml.DeveloperApiExample.main(DeveloperApiExample.scala)
	at sun.reflect.NativeMethodAccessorImpl.invoke0(Native Method)
	at sun.reflect.NativeMethodAccessorImpl.invoke(NativeMethodAccessorImpl.java:62)
	at sun.reflect.DelegatingMethodAccessorImpl.invoke(DelegatingMethodAccessorImpl.java:43)
	at java.lang.reflect.Method.invoke(Method.java:498)
	at org.apache.spark.deploy.yarn.ApplicationMaster$$anon$2.run(ApplicationMaster.scala:739)
2025-03-25 13:24:57,685 INFO [shutdown-hook-0] org.apache.spark.util.ShutdownHookManager: Shutdown hook called
2025-03-25 13:24:57,686 DEBUG [Thread-2] org.apache.hadoop.util.ShutdownHookManager: Completed shutdown in 0.017 seconds; Timeouts: 0
2025-03-25 13:24:57,695 DEBUG [Thread-2] org.apache.hadoop.util.ShutdownHookManager: ShutdownHookManager completed shutdown.
