program=ml.DeveloperApiExample
SPARKLORD_MODE=CONFIG_INJECTION
cpu_cores=2
cpu_util=200
memory=4g
config_file_name=spark-defaults.conf
config_key=spark.extraListeners
config_value=org.apache.spark.sql.execution.datasources.FileScanListener

2025-03-25 10:03:28,766 INFO [main] org.apache.spark.util.SignalUtils: Registering signal handler for TERM
2025-03-25 10:03:28,769 INFO [main] org.apache.spark.util.SignalUtils: Registering signal handler for HUP
2025-03-25 10:03:28,769 INFO [main] org.apache.spark.util.SignalUtils: Registering signal handler for INT
2025-03-25 10:03:28,952 DEBUG [main] org.apache.hadoop.util.Shell: setsid exited with exit code 0
2025-03-25 10:03:29,088 INFO [main] org.apache.spark.SecurityManager: Changing view acls to: root
2025-03-25 10:03:29,088 INFO [main] org.apache.spark.SecurityManager: Changing modify acls to: root
2025-03-25 10:03:29,089 INFO [main] org.apache.spark.SecurityManager: Changing view acls groups to: 
2025-03-25 10:03:29,090 INFO [main] org.apache.spark.SecurityManager: Changing modify acls groups to: 
2025-03-25 10:03:29,091 INFO [main] org.apache.spark.SecurityManager: SecurityManager: authentication disabled; ui acls disabled; users  with view permissions: Set(root); groups with view permissions: Set(); users  with modify permissions: Set(root); groups with modify permissions: Set()
2025-03-25 10:03:29,158 DEBUG [main] org.apache.hadoop.metrics2.lib.MutableMetricsFactory: field org.apache.hadoop.metrics2.lib.MutableRate org.apache.hadoop.security.UserGroupInformation$UgiMetrics.getGroups with annotation @org.apache.hadoop.metrics2.annotation.Metric(always=false, sampleName=Ops, valueName=Time, about=, interval=10, type=DEFAULT, value=[GetGroups])
2025-03-25 10:03:29,162 DEBUG [main] org.apache.hadoop.metrics2.lib.MutableMetricsFactory: field org.apache.hadoop.metrics2.lib.MutableRate org.apache.hadoop.security.UserGroupInformation$UgiMetrics.loginFailure with annotation @org.apache.hadoop.metrics2.annotation.Metric(always=false, sampleName=Ops, valueName=Time, about=, interval=10, type=DEFAULT, value=[Rate of failed kerberos logins and latency (milliseconds)])
2025-03-25 10:03:29,163 DEBUG [main] org.apache.hadoop.metrics2.lib.MutableMetricsFactory: field org.apache.hadoop.metrics2.lib.MutableRate org.apache.hadoop.security.UserGroupInformation$UgiMetrics.loginSuccess with annotation @org.apache.hadoop.metrics2.annotation.Metric(always=false, sampleName=Ops, valueName=Time, about=, interval=10, type=DEFAULT, value=[Rate of successful kerberos logins and latency (milliseconds)])
2025-03-25 10:03:29,163 DEBUG [main] org.apache.hadoop.metrics2.lib.MutableMetricsFactory: field private org.apache.hadoop.metrics2.lib.MutableGaugeInt org.apache.hadoop.security.UserGroupInformation$UgiMetrics.renewalFailures with annotation @org.apache.hadoop.metrics2.annotation.Metric(always=false, sampleName=Ops, valueName=Time, about=, interval=10, type=DEFAULT, value=[Renewal failures since last successful login])
2025-03-25 10:03:29,163 DEBUG [main] org.apache.hadoop.metrics2.lib.MutableMetricsFactory: field private org.apache.hadoop.metrics2.lib.MutableGaugeLong org.apache.hadoop.security.UserGroupInformation$UgiMetrics.renewalFailuresTotal with annotation @org.apache.hadoop.metrics2.annotation.Metric(always=false, sampleName=Ops, valueName=Time, about=, interval=10, type=DEFAULT, value=[Renewal failures since startup])
2025-03-25 10:03:29,163 DEBUG [main] org.apache.hadoop.metrics2.impl.MetricsSystemImpl: UgiMetrics, User and group related metrics
2025-03-25 10:03:29,177 DEBUG [main] org.apache.hadoop.security.SecurityUtil: Setting hadoop.security.token.service.use_ip to true
2025-03-25 10:03:29,181 DEBUG [main] org.apache.hadoop.security.Groups:  Creating new Groups object
2025-03-25 10:03:29,182 DEBUG [main] org.apache.hadoop.util.NativeCodeLoader: Trying to load the custom-built native-hadoop library...
2025-03-25 10:03:29,182 DEBUG [main] org.apache.hadoop.util.NativeCodeLoader: Failed to load native-hadoop with error: java.lang.UnsatisfiedLinkError: no hadoop in java.library.path
2025-03-25 10:03:29,182 DEBUG [main] org.apache.hadoop.util.NativeCodeLoader: java.library.path=/usr/java/packages/lib/amd64:/usr/lib/x86_64-linux-gnu/jni:/lib/x86_64-linux-gnu:/usr/lib/x86_64-linux-gnu:/usr/lib/jni:/lib:/usr/lib
2025-03-25 10:03:29,182 WARN [main] org.apache.hadoop.util.NativeCodeLoader: Unable to load native-hadoop library for your platform... using builtin-java classes where applicable
2025-03-25 10:03:29,182 DEBUG [main] org.apache.hadoop.util.PerformanceAdvisory: Falling back to shell based
2025-03-25 10:03:29,183 DEBUG [main] org.apache.hadoop.security.JniBasedUnixGroupsMappingWithFallback: Group mapping impl=org.apache.hadoop.security.ShellBasedUnixGroupsMapping
2025-03-25 10:03:29,223 DEBUG [main] org.apache.hadoop.security.Groups: Group mapping impl=org.apache.hadoop.security.JniBasedUnixGroupsMappingWithFallback; cacheTimeout=300000; warningDeltaMs=5000
2025-03-25 10:03:29,293 DEBUG [main] org.apache.spark.deploy.SparkHadoopUtil: creating UGI for user: root
2025-03-25 10:03:29,296 DEBUG [main] org.apache.hadoop.security.UserGroupInformation: Hadoop login
2025-03-25 10:03:29,296 DEBUG [main] org.apache.hadoop.security.UserGroupInformation: hadoop login commit
2025-03-25 10:03:29,298 DEBUG [main] org.apache.hadoop.security.UserGroupInformation: Using local user: UnixPrincipal: root
2025-03-25 10:03:29,299 DEBUG [main] org.apache.hadoop.security.UserGroupInformation: Using user: "UnixPrincipal: root" with name: root
2025-03-25 10:03:29,299 DEBUG [main] org.apache.hadoop.security.UserGroupInformation: User entry: "root"
2025-03-25 10:03:29,299 DEBUG [main] org.apache.hadoop.security.UserGroupInformation: Reading credentials from location /data/tmp/nm-local-dir/usercache/root/appcache/application_1742896958510_0001/container_1742896958510_0001_01_000001/container_tokens
2025-03-25 10:03:29,302 DEBUG [main] org.apache.hadoop.security.UserGroupInformation: Loaded 1 tokens from /data/tmp/nm-local-dir/usercache/root/appcache/application_1742896958510_0001/container_1742896958510_0001_01_000001/container_tokens
2025-03-25 10:03:29,302 DEBUG [main] org.apache.hadoop.security.UserGroupInformation: UGI loginUser: root (auth:SIMPLE)
2025-03-25 10:03:29,303 DEBUG [main] org.apache.hadoop.security.UserGroupInformation: PrivilegedAction [as: root (auth:SIMPLE)][action: org.apache.spark.deploy.yarn.ApplicationMaster$$anon$3@1522d8a0]
java.lang.Exception
	at org.apache.hadoop.security.UserGroupInformation.doAs(UserGroupInformation.java:1875)
	at org.apache.spark.deploy.yarn.ApplicationMaster$.main(ApplicationMaster.scala:925)
	at org.apache.spark.deploy.yarn.ApplicationMaster.main(ApplicationMaster.scala)
2025-03-25 10:03:29,315 INFO [main] org.apache.spark.deploy.yarn.ApplicationMaster: ApplicationAttemptId: appattempt_1742896958510_0001_000001
2025-03-25 10:03:29,317 DEBUG [main] org.apache.spark.util.ShutdownHookManager: Adding shutdown hook
2025-03-25 10:03:29,341 INFO [main] org.apache.spark.deploy.yarn.ApplicationMaster: Starting the user application in a separate Thread
2025-03-25 10:03:29,343 INFO [main] org.apache.spark.deploy.yarn.ApplicationMaster: Waiting for spark context initialization...
2025-03-25 10:03:29,396 INFO [Driver] org.apache.spark.SparkContext: Running Spark version 3.3.2
2025-03-25 10:03:29,411 INFO [Driver] org.apache.spark.resource.ResourceUtils: ==============================================================
2025-03-25 10:03:29,411 INFO [Driver] org.apache.spark.resource.ResourceUtils: No custom resources configured for spark.driver.
2025-03-25 10:03:29,411 INFO [Driver] org.apache.spark.resource.ResourceUtils: ==============================================================
2025-03-25 10:03:29,412 INFO [Driver] org.apache.spark.SparkContext: Submitted application: DeveloperApiExample
2025-03-25 10:03:29,424 INFO [Driver] org.apache.spark.resource.ResourceProfile: Default ResourceProfile created, executor resources: Map(cores -> name: cores, amount: 2, script: , vendor: , memory -> name: memory, amount: 2048, script: , vendor: , offHeap -> name: offHeap, amount: 0, script: , vendor: ), task resources: Map(cpus -> name: cpus, amount: 1.0)
2025-03-25 10:03:29,428 INFO [Driver] org.apache.spark.resource.ResourceProfile: Limiting resource is cpus at 2 tasks per executor
2025-03-25 10:03:29,429 INFO [Driver] org.apache.spark.resource.ResourceProfileManager: Added ResourceProfile id: 0
2025-03-25 10:03:29,455 INFO [Driver] org.apache.spark.SecurityManager: Changing view acls to: root
2025-03-25 10:03:29,455 INFO [Driver] org.apache.spark.SecurityManager: Changing modify acls to: root
2025-03-25 10:03:29,455 INFO [Driver] org.apache.spark.SecurityManager: Changing view acls groups to: 
2025-03-25 10:03:29,455 INFO [Driver] org.apache.spark.SecurityManager: Changing modify acls groups to: 
2025-03-25 10:03:29,455 INFO [Driver] org.apache.spark.SecurityManager: SecurityManager: authentication disabled; ui acls disabled; users  with view permissions: Set(root); groups with view permissions: Set(); users  with modify permissions: Set(root); groups with modify permissions: Set()
2025-03-25 10:03:29,490 DEBUG [Driver] io.netty.util.internal.logging.InternalLoggerFactory: Using SLF4J as the default logging framework
2025-03-25 10:03:29,494 DEBUG [Driver] io.netty.util.internal.InternalThreadLocalMap: -Dio.netty.threadLocalMap.stringBuilder.initialSize: 1024
2025-03-25 10:03:29,494 DEBUG [Driver] io.netty.util.internal.InternalThreadLocalMap: -Dio.netty.threadLocalMap.stringBuilder.maxSize: 4096
2025-03-25 10:03:29,502 DEBUG [Driver] io.netty.channel.MultithreadEventLoopGroup: -Dio.netty.eventLoopThreads: 4
2025-03-25 10:03:29,523 DEBUG [Driver] io.netty.util.internal.PlatformDependent0: -Dio.netty.noUnsafe: false
2025-03-25 10:03:29,523 DEBUG [Driver] io.netty.util.internal.PlatformDependent0: Java version: 8
2025-03-25 10:03:29,524 DEBUG [Driver] io.netty.util.internal.PlatformDependent0: sun.misc.Unsafe.theUnsafe: available
2025-03-25 10:03:29,524 DEBUG [Driver] io.netty.util.internal.PlatformDependent0: sun.misc.Unsafe.copyMemory: available
2025-03-25 10:03:29,525 DEBUG [Driver] io.netty.util.internal.PlatformDependent0: java.nio.Buffer.address: available
2025-03-25 10:03:29,525 DEBUG [Driver] io.netty.util.internal.PlatformDependent0: direct buffer constructor: available
2025-03-25 10:03:29,525 DEBUG [Driver] io.netty.util.internal.PlatformDependent0: java.nio.Bits.unaligned: available, true
2025-03-25 10:03:29,526 DEBUG [Driver] io.netty.util.internal.PlatformDependent0: jdk.internal.misc.Unsafe.allocateUninitializedArray(int): unavailable prior to Java9
2025-03-25 10:03:29,526 DEBUG [Driver] io.netty.util.internal.PlatformDependent0: java.nio.DirectByteBuffer.<init>(long, int): available
2025-03-25 10:03:29,526 DEBUG [Driver] io.netty.util.internal.PlatformDependent: sun.misc.Unsafe: available
2025-03-25 10:03:29,526 DEBUG [Driver] io.netty.util.internal.PlatformDependent: -Dio.netty.tmpdir: /data/tmp/nm-local-dir/usercache/root/appcache/application_1742896958510_0001/container_1742896958510_0001_01_000001/tmp (java.io.tmpdir)
2025-03-25 10:03:29,526 DEBUG [Driver] io.netty.util.internal.PlatformDependent: -Dio.netty.bitMode: 64 (sun.arch.data.model)
2025-03-25 10:03:29,527 DEBUG [Driver] io.netty.util.internal.PlatformDependent: -Dio.netty.maxDirectMemory: 3817865216 bytes
2025-03-25 10:03:29,527 DEBUG [Driver] io.netty.util.internal.PlatformDependent: -Dio.netty.uninitializedArrayAllocationThreshold: -1
2025-03-25 10:03:29,528 DEBUG [Driver] io.netty.util.internal.CleanerJava6: java.nio.ByteBuffer.cleaner(): available
2025-03-25 10:03:29,528 DEBUG [Driver] io.netty.util.internal.PlatformDependent: -Dio.netty.noPreferDirect: false
2025-03-25 10:03:29,529 DEBUG [Driver] io.netty.channel.nio.NioEventLoop: -Dio.netty.noKeySetOptimization: false
2025-03-25 10:03:29,529 DEBUG [Driver] io.netty.channel.nio.NioEventLoop: -Dio.netty.selectorAutoRebuildThreshold: 512
2025-03-25 10:03:29,533 DEBUG [Driver] io.netty.util.internal.PlatformDependent: org.jctools-core.MpscChunkedArrayQueue: available
2025-03-25 10:03:29,543 DEBUG [Driver] io.netty.util.ResourceLeakDetector: -Dio.netty.leakDetection.level: simple
2025-03-25 10:03:29,543 DEBUG [Driver] io.netty.util.ResourceLeakDetector: -Dio.netty.leakDetection.targetRecords: 4
2025-03-25 10:03:29,545 DEBUG [Driver] io.netty.buffer.PooledByteBufAllocator: -Dio.netty.allocator.numHeapArenas: 4
2025-03-25 10:03:29,545 DEBUG [Driver] io.netty.buffer.PooledByteBufAllocator: -Dio.netty.allocator.numDirectArenas: 4
2025-03-25 10:03:29,545 DEBUG [Driver] io.netty.buffer.PooledByteBufAllocator: -Dio.netty.allocator.pageSize: 8192
2025-03-25 10:03:29,545 DEBUG [Driver] io.netty.buffer.PooledByteBufAllocator: -Dio.netty.allocator.maxOrder: 11
2025-03-25 10:03:29,545 DEBUG [Driver] io.netty.buffer.PooledByteBufAllocator: -Dio.netty.allocator.chunkSize: 16777216
2025-03-25 10:03:29,545 DEBUG [Driver] io.netty.buffer.PooledByteBufAllocator: -Dio.netty.allocator.smallCacheSize: 256
2025-03-25 10:03:29,545 DEBUG [Driver] io.netty.buffer.PooledByteBufAllocator: -Dio.netty.allocator.normalCacheSize: 64
2025-03-25 10:03:29,546 DEBUG [Driver] io.netty.buffer.PooledByteBufAllocator: -Dio.netty.allocator.maxCachedBufferCapacity: 32768
2025-03-25 10:03:29,546 DEBUG [Driver] io.netty.buffer.PooledByteBufAllocator: -Dio.netty.allocator.cacheTrimInterval: 8192
2025-03-25 10:03:29,546 DEBUG [Driver] io.netty.buffer.PooledByteBufAllocator: -Dio.netty.allocator.cacheTrimIntervalMillis: 0
2025-03-25 10:03:29,546 DEBUG [Driver] io.netty.buffer.PooledByteBufAllocator: -Dio.netty.allocator.useCacheForAllThreads: true
2025-03-25 10:03:29,546 DEBUG [Driver] io.netty.buffer.PooledByteBufAllocator: -Dio.netty.allocator.maxCachedByteBuffersPerChunk: 1023
2025-03-25 10:03:29,561 DEBUG [Driver] io.netty.channel.DefaultChannelId: -Dio.netty.processId: 1500 (auto-detected)
2025-03-25 10:03:29,562 DEBUG [Driver] io.netty.util.NetUtil: -Djava.net.preferIPv4Stack: false
2025-03-25 10:03:29,562 DEBUG [Driver] io.netty.util.NetUtil: -Djava.net.preferIPv6Addresses: false
2025-03-25 10:03:29,563 DEBUG [Driver] io.netty.util.NetUtilInitializations: Loopback interface: lo (lo, 0:0:0:0:0:0:0:1%lo)
2025-03-25 10:03:29,563 DEBUG [Driver] io.netty.util.NetUtil: /proc/sys/net/core/somaxconn: 4096
2025-03-25 10:03:29,564 DEBUG [Driver] io.netty.channel.DefaultChannelId: -Dio.netty.machineId: 02:42:ac:ff:fe:14:01:0b (auto-detected)
2025-03-25 10:03:29,572 DEBUG [Driver] io.netty.buffer.ByteBufUtil: -Dio.netty.allocator.type: pooled
2025-03-25 10:03:29,573 DEBUG [Driver] io.netty.buffer.ByteBufUtil: -Dio.netty.threadLocalDirectBufferSize: 0
2025-03-25 10:03:29,573 DEBUG [Driver] io.netty.buffer.ByteBufUtil: -Dio.netty.maxThreadLocalCharBufferSize: 16384
2025-03-25 10:03:29,579 DEBUG [Driver] org.apache.spark.network.server.TransportServer: Shuffle server started on port: 40911
2025-03-25 10:03:29,588 INFO [Driver] org.apache.spark.util.Utils: Successfully started service 'sparkDriver' on port 40911.
2025-03-25 10:03:29,588 DEBUG [Driver] org.apache.spark.SparkEnv: Using serializer: class org.apache.spark.serializer.JavaSerializer
2025-03-25 10:03:29,609 INFO [Driver] org.apache.spark.SparkEnv: Registering MapOutputTracker
2025-03-25 10:03:29,610 DEBUG [Driver] org.apache.spark.MapOutputTrackerMasterEndpoint: init
2025-03-25 10:03:29,634 INFO [Driver] org.apache.spark.SparkEnv: Registering BlockManagerMaster
2025-03-25 10:03:29,644 INFO [Driver] org.apache.spark.storage.BlockManagerMasterEndpoint: Using org.apache.spark.storage.DefaultTopologyMapper for getting topology information
2025-03-25 10:03:29,644 INFO [Driver] org.apache.spark.storage.BlockManagerMasterEndpoint: BlockManagerMasterEndpoint up
2025-03-25 10:03:29,677 INFO [Driver] org.apache.spark.SparkEnv: Registering BlockManagerMasterHeartbeat
2025-03-25 10:03:29,701 INFO [Driver] org.apache.spark.storage.DiskBlockManager: Created local directory at /data/tmp/nm-local-dir/usercache/root/appcache/application_1742896958510_0001/blockmgr-94ae6264-746d-4173-a314-5918b912e6ae
2025-03-25 10:03:29,702 DEBUG [Driver] org.apache.spark.storage.DiskBlockManager: Adding shutdown hook
2025-03-25 10:03:29,711 INFO [Driver] org.apache.spark.storage.memory.MemoryStore: MemoryStore started with capacity 2004.6 MiB
2025-03-25 10:03:29,744 INFO [Driver] org.apache.spark.SparkEnv: Registering OutputCommitCoordinator
2025-03-25 10:03:29,745 DEBUG [Driver] org.apache.spark.scheduler.OutputCommitCoordinator$OutputCommitCoordinatorEndpoint: init
2025-03-25 10:03:29,751 DEBUG [Driver] org.apache.spark.SecurityManager: Created SSL options for ui: SSLOptions{enabled=false, port=None, keyStore=None, keyStorePassword=None, trustStore=None, trustStorePassword=None, protocol=None, enabledAlgorithms=Set()}
2025-03-25 10:03:29,900 DEBUG [Driver] org.apache.spark.ui.JettyUtils: Using requestHeaderSize: 8192
2025-03-25 10:03:29,917 INFO [Driver] org.apache.spark.util.Utils: Successfully started service 'SparkUI' on port 39541.
2025-03-25 10:03:29,919 INFO [Driver] org.apache.spark.ui.ServerInfo: Adding filter to /: org.apache.hadoop.yarn.server.webproxy.amfilter.AmIpFilter
2025-03-25 10:03:29,983 INFO [Driver] org.apache.spark.scheduler.cluster.YarnClusterScheduler: Created YarnClusterScheduler
2025-03-25 10:03:30,024 DEBUG [Driver] org.apache.spark.network.server.TransportServer: Shuffle server started on port: 35763
2025-03-25 10:03:30,024 INFO [Driver] org.apache.spark.util.Utils: Successfully started service 'org.apache.spark.network.netty.NettyBlockTransferService' on port 35763.
2025-03-25 10:03:30,024 INFO [Driver] org.apache.spark.network.netty.NettyBlockTransferService: Server created on slave0:35763
2025-03-25 10:03:30,025 INFO [Driver] org.apache.spark.storage.BlockManager: Using org.apache.spark.storage.RandomBlockReplicationPolicy for block replication policy
2025-03-25 10:03:30,030 INFO [Driver] org.apache.spark.storage.BlockManagerMaster: Registering BlockManager BlockManagerId(driver, slave0, 35763, None)
2025-03-25 10:03:30,032 DEBUG [dispatcher-BlockManagerMaster] org.apache.spark.storage.DefaultTopologyMapper: Got a request for slave0
2025-03-25 10:03:30,032 INFO [dispatcher-BlockManagerMaster] org.apache.spark.storage.BlockManagerMasterEndpoint: Registering block manager slave0:35763 with 2004.6 MiB RAM, BlockManagerId(driver, slave0, 35763, None)
2025-03-25 10:03:30,034 INFO [Driver] org.apache.spark.storage.BlockManagerMaster: Registered BlockManager BlockManagerId(driver, slave0, 35763, None)
2025-03-25 10:03:30,035 INFO [Driver] org.apache.spark.storage.BlockManager: Initialized BlockManager: BlockManagerId(driver, slave0, 35763, None)
2025-03-25 10:03:30,108 INFO [Driver] org.apache.spark.ui.SparkUI: Stopped Spark web UI at http://slave0:39541
2025-03-25 10:03:30,111 WARN [dispatcher-event-loop-1] org.apache.spark.scheduler.cluster.YarnSchedulerBackend$YarnSchedulerEndpoint: Attempted to request executors before the AM has registered!
2025-03-25 10:03:30,112 INFO [Driver] org.apache.spark.scheduler.cluster.YarnClusterSchedulerBackend: Shutting down all executors
2025-03-25 10:03:30,114 INFO [dispatcher-CoarseGrainedScheduler] org.apache.spark.scheduler.cluster.YarnSchedulerBackend$YarnDriverEndpoint: Asking each executor to shut down
2025-03-25 10:03:30,123 INFO [dispatcher-event-loop-1] org.apache.spark.MapOutputTrackerMasterEndpoint: MapOutputTrackerMasterEndpoint stopped!
2025-03-25 10:03:30,130 INFO [Driver] org.apache.spark.storage.memory.MemoryStore: MemoryStore cleared
2025-03-25 10:03:30,130 INFO [Driver] org.apache.spark.storage.BlockManager: BlockManager stopped
2025-03-25 10:03:30,135 INFO [Driver] org.apache.spark.storage.BlockManagerMaster: BlockManagerMaster stopped
2025-03-25 10:03:30,137 INFO [dispatcher-event-loop-0] org.apache.spark.scheduler.OutputCommitCoordinator$OutputCommitCoordinatorEndpoint: OutputCommitCoordinator stopped!
2025-03-25 10:03:30,141 INFO [Driver] org.apache.spark.SparkContext: Successfully stopped SparkContext
2025-03-25 10:03:30,142 ERROR [Driver] org.apache.spark.SparkContext: Error initializing SparkContext.
org.apache.spark.SparkException: Exception when registering SparkListener
	at org.apache.spark.SparkContext.setupAndStartListenerBus(SparkContext.scala:2573)
	at org.apache.spark.SparkContext.<init>(SparkContext.scala:653)
	at org.apache.spark.SparkContext$.getOrCreate(SparkContext.scala:2714)
	at org.apache.spark.sql.SparkSession$Builder.$anonfun$getOrCreate$2(SparkSession.scala:953)
	at scala.Option.getOrElse(Option.scala:189)
	at org.apache.spark.sql.SparkSession$Builder.getOrCreate(SparkSession.scala:947)
	at org.apache.spark.examples.ml.DeveloperApiExample$.main(DeveloperApiExample.scala:42)
	at org.apache.spark.examples.ml.DeveloperApiExample.main(DeveloperApiExample.scala)
	at sun.reflect.NativeMethodAccessorImpl.invoke0(Native Method)
	at sun.reflect.NativeMethodAccessorImpl.invoke(NativeMethodAccessorImpl.java:62)
	at sun.reflect.DelegatingMethodAccessorImpl.invoke(DelegatingMethodAccessorImpl.java:43)
	at java.lang.reflect.Method.invoke(Method.java:498)
	at org.apache.spark.deploy.yarn.ApplicationMaster$$anon$2.run(ApplicationMaster.scala:739)
Caused by: java.lang.ClassNotFoundException: org.apache.spark.sql.execution.datasources.FileScanListener
	at java.net.URLClassLoader.findClass(URLClassLoader.java:387)
	at java.lang.ClassLoader.loadClass(ClassLoader.java:418)
	at java.lang.ClassLoader.loadClass(ClassLoader.java:351)
	at java.lang.Class.forName0(Native Method)
	at java.lang.Class.forName(Class.java:348)
	at org.apache.spark.util.Utils$.classForName(Utils.scala:218)
	at org.apache.spark.util.Utils$.$anonfun$loadExtensions$1(Utils.scala:2921)
	at scala.collection.TraversableLike.$anonfun$flatMap$1(TraversableLike.scala:293)
	at scala.collection.mutable.ResizableArray.foreach(ResizableArray.scala:62)
	at scala.collection.mutable.ResizableArray.foreach$(ResizableArray.scala:55)
	at scala.collection.mutable.ArrayBuffer.foreach(ArrayBuffer.scala:49)
	at scala.collection.TraversableLike.flatMap(TraversableLike.scala:293)
	at scala.collection.TraversableLike.flatMap$(TraversableLike.scala:290)
	at scala.collection.AbstractTraversable.flatMap(Traversable.scala:108)
	at org.apache.spark.util.Utils$.loadExtensions(Utils.scala:2919)
	at org.apache.spark.SparkContext.$anonfun$setupAndStartListenerBus$1(SparkContext.scala:2562)
	at org.apache.spark.SparkContext.$anonfun$setupAndStartListenerBus$1$adapted(SparkContext.scala:2561)
	at scala.Option.foreach(Option.scala:407)
	at org.apache.spark.SparkContext.setupAndStartListenerBus(SparkContext.scala:2561)
	... 12 more
2025-03-25 10:03:30,142 INFO [Driver] org.apache.spark.SparkContext: SparkContext already stopped.
2025-03-25 10:03:30,143 ERROR [Driver] org.apache.spark.deploy.yarn.ApplicationMaster: User class threw exception: org.apache.spark.SparkException: Exception when registering SparkListener
org.apache.spark.SparkException: Exception when registering SparkListener
	at org.apache.spark.SparkContext.setupAndStartListenerBus(SparkContext.scala:2573)
	at org.apache.spark.SparkContext.<init>(SparkContext.scala:653)
	at org.apache.spark.SparkContext$.getOrCreate(SparkContext.scala:2714)
	at org.apache.spark.sql.SparkSession$Builder.$anonfun$getOrCreate$2(SparkSession.scala:953)
	at scala.Option.getOrElse(Option.scala:189)
	at org.apache.spark.sql.SparkSession$Builder.getOrCreate(SparkSession.scala:947)
	at org.apache.spark.examples.ml.DeveloperApiExample$.main(DeveloperApiExample.scala:42)
	at org.apache.spark.examples.ml.DeveloperApiExample.main(DeveloperApiExample.scala)
	at sun.reflect.NativeMethodAccessorImpl.invoke0(Native Method)
	at sun.reflect.NativeMethodAccessorImpl.invoke(NativeMethodAccessorImpl.java:62)
	at sun.reflect.DelegatingMethodAccessorImpl.invoke(DelegatingMethodAccessorImpl.java:43)
	at java.lang.reflect.Method.invoke(Method.java:498)
	at org.apache.spark.deploy.yarn.ApplicationMaster$$anon$2.run(ApplicationMaster.scala:739)
Caused by: java.lang.ClassNotFoundException: org.apache.spark.sql.execution.datasources.FileScanListener
	at java.net.URLClassLoader.findClass(URLClassLoader.java:387)
	at java.lang.ClassLoader.loadClass(ClassLoader.java:418)
	at java.lang.ClassLoader.loadClass(ClassLoader.java:351)
	at java.lang.Class.forName0(Native Method)
	at java.lang.Class.forName(Class.java:348)
	at org.apache.spark.util.Utils$.classForName(Utils.scala:218)
	at org.apache.spark.util.Utils$.$anonfun$loadExtensions$1(Utils.scala:2921)
	at scala.collection.TraversableLike.$anonfun$flatMap$1(TraversableLike.scala:293)
	at scala.collection.mutable.ResizableArray.foreach(ResizableArray.scala:62)
	at scala.collection.mutable.ResizableArray.foreach$(ResizableArray.scala:55)
	at scala.collection.mutable.ArrayBuffer.foreach(ArrayBuffer.scala:49)
	at scala.collection.TraversableLike.flatMap(TraversableLike.scala:293)
	at scala.collection.TraversableLike.flatMap$(TraversableLike.scala:290)
	at scala.collection.AbstractTraversable.flatMap(Traversable.scala:108)
	at org.apache.spark.util.Utils$.loadExtensions(Utils.scala:2919)
	at org.apache.spark.SparkContext.$anonfun$setupAndStartListenerBus$1(SparkContext.scala:2562)
	at org.apache.spark.SparkContext.$anonfun$setupAndStartListenerBus$1$adapted(SparkContext.scala:2561)
	at scala.Option.foreach(Option.scala:407)
	at org.apache.spark.SparkContext.setupAndStartListenerBus(SparkContext.scala:2561)
	... 12 more
2025-03-25 10:03:30,144 INFO [Driver] org.apache.spark.deploy.yarn.ApplicationMaster: Final app status: FAILED, exitCode: 13, (reason: User class threw exception: org.apache.spark.SparkException: Exception when registering SparkListener
	at org.apache.spark.SparkContext.setupAndStartListenerBus(SparkContext.scala:2573)
	at org.apache.spark.SparkContext.<init>(SparkContext.scala:653)
	at org.apache.spark.SparkContext$.getOrCreate(SparkContext.scala:2714)
	at org.apache.spark.sql.SparkSession$Builder.$anonfun$getOrCreate$2(SparkSession.scala:953)
	at scala.Option.getOrElse(Option.scala:189)
	at org.apache.spark.sql.SparkSession$Builder.getOrCreate(SparkSession.scala:947)
	at org.apache.spark.examples.ml.DeveloperApiExample$.main(DeveloperApiExample.scala:42)
	at org.apache.spark.examples.ml.DeveloperApiExample.main(DeveloperApiExample.scala)
	at sun.reflect.NativeMethodAccessorImpl.invoke0(Native Method)
	at sun.reflect.NativeMethodAccessorImpl.invoke(NativeMethodAccessorImpl.java:62)
	at sun.reflect.DelegatingMethodAccessorImpl.invoke(DelegatingMethodAccessorImpl.java:43)
	at java.lang.reflect.Method.invoke(Method.java:498)
	at org.apache.spark.deploy.yarn.ApplicationMaster$$anon$2.run(ApplicationMaster.scala:739)
Caused by: java.lang.ClassNotFoundException: org.apache.spark.sql.execution.datasources.FileScanListener
	at java.net.URLClassLoader.findClass(URLClassLoader.java:387)
	at java.lang.ClassLoader.loadClass(ClassLoader.java:418)
	at java.lang.ClassLoader.loadClass(ClassLoader.java:351)
	at java.lang.Class.forName0(Native Method)
	at java.lang.Class.forName(Class.java:348)
	at org.apache.spark.util.Utils$.classForName(Utils.scala:218)
	at org.apache.spark.util.Utils$.$anonfun$loadExtensions$1(Utils.scala:2921)
	at scala.collection.TraversableLike.$anonfun$flatMap$1(TraversableLike.scala:293)
	at scala.collection.mutable.ResizableArray.foreach(ResizableArray.scala:62)
	at scala.collection.mutable.ResizableArray.foreach$(ResizableArray.scala:55)
	at scala.collection.mutable.ArrayBuffer.foreach(ArrayBuffer.scala:49)
	at scala.collection.TraversableLike.flatMap(TraversableLike.scala:293)
	at scala.collection.TraversableLike.flatMap$(TraversableLike.scala:290)
	at scala.collection.AbstractTraversable.flatMap(Traversable.scala:108)
	at org.apache.spark.util.Utils$.loadExtensions(Utils.scala:2919)
	at org.apache.spark.SparkContext.$anonfun$setupAndStartListenerBus$1(SparkContext.scala:2562)
	at org.apache.spark.SparkContext.$anonfun$setupAndStartListenerBus$1$adapted(SparkContext.scala:2561)
	at scala.Option.foreach(Option.scala:407)
	at org.apache.spark.SparkContext.setupAndStartListenerBus(SparkContext.scala:2561)
	... 12 more
)
2025-03-25 10:03:30,150 ERROR [main] org.apache.spark.deploy.yarn.ApplicationMaster: Uncaught exception: 
org.apache.spark.SparkException: Exception thrown in awaitResult: 
	at org.apache.spark.util.ThreadUtils$.awaitResult(ThreadUtils.scala:301)
	at org.apache.spark.deploy.yarn.ApplicationMaster.runDriver(ApplicationMaster.scala:511)
	at org.apache.spark.deploy.yarn.ApplicationMaster.run(ApplicationMaster.scala:275)
	at org.apache.spark.deploy.yarn.ApplicationMaster$$anon$3.run(ApplicationMaster.scala:926)
	at org.apache.spark.deploy.yarn.ApplicationMaster$$anon$3.run(ApplicationMaster.scala:925)
	at java.security.AccessController.doPrivileged(Native Method)
	at javax.security.auth.Subject.doAs(Subject.java:422)
	at org.apache.hadoop.security.UserGroupInformation.doAs(UserGroupInformation.java:1878)
	at org.apache.spark.deploy.yarn.ApplicationMaster$.main(ApplicationMaster.scala:925)
	at org.apache.spark.deploy.yarn.ApplicationMaster.main(ApplicationMaster.scala)
Caused by: org.apache.spark.SparkException: Exception when registering SparkListener
	at org.apache.spark.SparkContext.setupAndStartListenerBus(SparkContext.scala:2573)
	at org.apache.spark.SparkContext.<init>(SparkContext.scala:653)
	at org.apache.spark.SparkContext$.getOrCreate(SparkContext.scala:2714)
	at org.apache.spark.sql.SparkSession$Builder.$anonfun$getOrCreate$2(SparkSession.scala:953)
	at scala.Option.getOrElse(Option.scala:189)
	at org.apache.spark.sql.SparkSession$Builder.getOrCreate(SparkSession.scala:947)
	at org.apache.spark.examples.ml.DeveloperApiExample$.main(DeveloperApiExample.scala:42)
	at org.apache.spark.examples.ml.DeveloperApiExample.main(DeveloperApiExample.scala)
	at sun.reflect.NativeMethodAccessorImpl.invoke0(Native Method)
	at sun.reflect.NativeMethodAccessorImpl.invoke(NativeMethodAccessorImpl.java:62)
	at sun.reflect.DelegatingMethodAccessorImpl.invoke(DelegatingMethodAccessorImpl.java:43)
	at java.lang.reflect.Method.invoke(Method.java:498)
	at org.apache.spark.deploy.yarn.ApplicationMaster$$anon$2.run(ApplicationMaster.scala:739)
Caused by: java.lang.ClassNotFoundException: org.apache.spark.sql.execution.datasources.FileScanListener
	at java.net.URLClassLoader.findClass(URLClassLoader.java:387)
	at java.lang.ClassLoader.loadClass(ClassLoader.java:418)
	at java.lang.ClassLoader.loadClass(ClassLoader.java:351)
	at java.lang.Class.forName0(Native Method)
	at java.lang.Class.forName(Class.java:348)
	at org.apache.spark.util.Utils$.classForName(Utils.scala:218)
	at org.apache.spark.util.Utils$.$anonfun$loadExtensions$1(Utils.scala:2921)
	at scala.collection.TraversableLike.$anonfun$flatMap$1(TraversableLike.scala:293)
	at scala.collection.mutable.ResizableArray.foreach(ResizableArray.scala:62)
	at scala.collection.mutable.ResizableArray.foreach$(ResizableArray.scala:55)
	at scala.collection.mutable.ArrayBuffer.foreach(ArrayBuffer.scala:49)
	at scala.collection.TraversableLike.flatMap(TraversableLike.scala:293)
	at scala.collection.TraversableLike.flatMap$(TraversableLike.scala:290)
	at scala.collection.AbstractTraversable.flatMap(Traversable.scala:108)
	at org.apache.spark.util.Utils$.loadExtensions(Utils.scala:2919)
	at org.apache.spark.SparkContext.$anonfun$setupAndStartListenerBus$1(SparkContext.scala:2562)
	at org.apache.spark.SparkContext.$anonfun$setupAndStartListenerBus$1$adapted(SparkContext.scala:2561)
	at scala.Option.foreach(Option.scala:407)
	at org.apache.spark.SparkContext.setupAndStartListenerBus(SparkContext.scala:2561)
	... 12 more
2025-03-25 10:03:30,157 INFO [shutdown-hook-0] org.apache.spark.util.ShutdownHookManager: Shutdown hook called
2025-03-25 10:03:30,158 INFO [shutdown-hook-0] org.apache.spark.util.ShutdownHookManager: Deleting directory /data/tmp/nm-local-dir/usercache/root/appcache/application_1742896958510_0001/spark-b0d3d97e-2a69-45ea-9a57-1651b6b1f4ab
2025-03-25 10:03:30,159 DEBUG [Thread-2] org.apache.hadoop.util.ShutdownHookManager: Completed shutdown in 0.008 seconds; Timeouts: 0
2025-03-25 10:03:30,169 DEBUG [Thread-2] org.apache.hadoop.util.ShutdownHookManager: ShutdownHookManager completed shutdown.
