program=ml.DeveloperApiExample
SPARKLORD_MODE=CONFIG_INJECTION
cpu_cores=2
cpu_util=200
memory=4g
config_file_name=spark-defaults.conf
config_key=spark.executor.memoryOverhead
config_value=65536g

2025-03-26 02:28:47,832 DEBUG [main] org.apache.spark.util.ShutdownHookManager: Adding shutdown hook
2025-03-26 02:28:47,858 DEBUG [main] org.apache.hadoop.util.Shell: setsid exited with exit code 0
2025-03-26 02:28:47,898 DEBUG [main] org.apache.hadoop.metrics2.lib.MutableMetricsFactory: field org.apache.hadoop.metrics2.lib.MutableRate org.apache.hadoop.security.UserGroupInformation$UgiMetrics.getGroups with annotation @org.apache.hadoop.metrics2.annotation.Metric(always=false, sampleName=Ops, valueName=Time, about=, interval=10, type=DEFAULT, value=[GetGroups])
2025-03-26 02:28:47,901 DEBUG [main] org.apache.hadoop.metrics2.lib.MutableMetricsFactory: field org.apache.hadoop.metrics2.lib.MutableRate org.apache.hadoop.security.UserGroupInformation$UgiMetrics.loginFailure with annotation @org.apache.hadoop.metrics2.annotation.Metric(always=false, sampleName=Ops, valueName=Time, about=, interval=10, type=DEFAULT, value=[Rate of failed kerberos logins and latency (milliseconds)])
2025-03-26 02:28:47,901 DEBUG [main] org.apache.hadoop.metrics2.lib.MutableMetricsFactory: field org.apache.hadoop.metrics2.lib.MutableRate org.apache.hadoop.security.UserGroupInformation$UgiMetrics.loginSuccess with annotation @org.apache.hadoop.metrics2.annotation.Metric(always=false, sampleName=Ops, valueName=Time, about=, interval=10, type=DEFAULT, value=[Rate of successful kerberos logins and latency (milliseconds)])
2025-03-26 02:28:47,901 DEBUG [main] org.apache.hadoop.metrics2.lib.MutableMetricsFactory: field private org.apache.hadoop.metrics2.lib.MutableGaugeInt org.apache.hadoop.security.UserGroupInformation$UgiMetrics.renewalFailures with annotation @org.apache.hadoop.metrics2.annotation.Metric(always=false, sampleName=Ops, valueName=Time, about=, interval=10, type=DEFAULT, value=[Renewal failures since last successful login])
2025-03-26 02:28:47,901 DEBUG [main] org.apache.hadoop.metrics2.lib.MutableMetricsFactory: field private org.apache.hadoop.metrics2.lib.MutableGaugeLong org.apache.hadoop.security.UserGroupInformation$UgiMetrics.renewalFailuresTotal with annotation @org.apache.hadoop.metrics2.annotation.Metric(always=false, sampleName=Ops, valueName=Time, about=, interval=10, type=DEFAULT, value=[Renewal failures since startup])
2025-03-26 02:28:47,902 DEBUG [main] org.apache.hadoop.metrics2.impl.MetricsSystemImpl: UgiMetrics, User and group related metrics
2025-03-26 02:28:47,909 DEBUG [main] org.apache.hadoop.security.SecurityUtil: Setting hadoop.security.token.service.use_ip to true
2025-03-26 02:28:47,916 DEBUG [main] org.apache.hadoop.security.Groups:  Creating new Groups object
2025-03-26 02:28:47,917 DEBUG [main] org.apache.hadoop.util.NativeCodeLoader: Trying to load the custom-built native-hadoop library...
2025-03-26 02:28:47,917 DEBUG [main] org.apache.hadoop.util.NativeCodeLoader: Failed to load native-hadoop with error: java.lang.UnsatisfiedLinkError: no hadoop in java.library.path
2025-03-26 02:28:47,917 DEBUG [main] org.apache.hadoop.util.NativeCodeLoader: java.library.path=/usr/java/packages/lib/amd64:/usr/lib/x86_64-linux-gnu/jni:/lib/x86_64-linux-gnu:/usr/lib/x86_64-linux-gnu:/usr/lib/jni:/lib:/usr/lib
2025-03-26 02:28:47,917 WARN [main] org.apache.hadoop.util.NativeCodeLoader: Unable to load native-hadoop library for your platform... using builtin-java classes where applicable
2025-03-26 02:28:47,917 DEBUG [main] org.apache.hadoop.util.PerformanceAdvisory: Falling back to shell based
2025-03-26 02:28:47,918 DEBUG [main] org.apache.hadoop.security.JniBasedUnixGroupsMappingWithFallback: Group mapping impl=org.apache.hadoop.security.ShellBasedUnixGroupsMapping
2025-03-26 02:28:47,952 DEBUG [main] org.apache.hadoop.security.Groups: Group mapping impl=org.apache.hadoop.security.JniBasedUnixGroupsMappingWithFallback; cacheTimeout=300000; warningDeltaMs=5000
2025-03-26 02:28:47,955 DEBUG [main] org.apache.hadoop.security.UserGroupInformation: Hadoop login
2025-03-26 02:28:47,955 DEBUG [main] org.apache.hadoop.security.UserGroupInformation: hadoop login commit
2025-03-26 02:28:47,957 DEBUG [main] org.apache.hadoop.security.UserGroupInformation: Using local user: UnixPrincipal: root
2025-03-26 02:28:47,957 DEBUG [main] org.apache.hadoop.security.UserGroupInformation: Using user: "UnixPrincipal: root" with name: root
2025-03-26 02:28:47,958 DEBUG [main] org.apache.hadoop.security.UserGroupInformation: User entry: "root"
2025-03-26 02:28:47,958 DEBUG [main] org.apache.hadoop.security.UserGroupInformation: UGI loginUser: root (auth:SIMPLE)
2025-03-26 02:28:47,958 DEBUG [main] org.apache.hadoop.fs.FileSystem: Starting: Acquiring creator semaphore for file:/spark/examples/jars/spark-examples_2.12-3.3.2.jar
2025-03-26 02:28:47,958 DEBUG [main] org.apache.hadoop.fs.FileSystem: Acquiring creator semaphore for file:/spark/examples/jars/spark-examples_2.12-3.3.2.jar: duration 0:00.000s
2025-03-26 02:28:47,959 DEBUG [main] org.apache.hadoop.fs.FileSystem: Starting: Creating FS file:/spark/examples/jars/spark-examples_2.12-3.3.2.jar
2025-03-26 02:28:47,959 DEBUG [main] org.apache.hadoop.fs.FileSystem: Loading filesystems
2025-03-26 02:28:47,965 DEBUG [main] org.apache.hadoop.fs.FileSystem: file:// = class org.apache.hadoop.fs.LocalFileSystem from /spark/jars/hadoop-client-api-3.3.2.jar
2025-03-26 02:28:47,968 DEBUG [main] org.apache.hadoop.fs.FileSystem: viewfs:// = class org.apache.hadoop.fs.viewfs.ViewFileSystem from /spark/jars/hadoop-client-api-3.3.2.jar
2025-03-26 02:28:47,969 DEBUG [main] org.apache.hadoop.fs.FileSystem: har:// = class org.apache.hadoop.fs.HarFileSystem from /spark/jars/hadoop-client-api-3.3.2.jar
2025-03-26 02:28:47,970 DEBUG [main] org.apache.hadoop.fs.FileSystem: http:// = class org.apache.hadoop.fs.http.HttpFileSystem from /spark/jars/hadoop-client-api-3.3.2.jar
2025-03-26 02:28:47,970 DEBUG [main] org.apache.hadoop.fs.FileSystem: https:// = class org.apache.hadoop.fs.http.HttpsFileSystem from /spark/jars/hadoop-client-api-3.3.2.jar
2025-03-26 02:28:47,973 DEBUG [main] org.apache.hadoop.fs.FileSystem: hdfs:// = class org.apache.hadoop.hdfs.DistributedFileSystem from /spark/jars/hadoop-client-api-3.3.2.jar
2025-03-26 02:28:47,977 DEBUG [main] org.apache.hadoop.fs.FileSystem: webhdfs:// = class org.apache.hadoop.hdfs.web.WebHdfsFileSystem from /spark/jars/hadoop-client-api-3.3.2.jar
2025-03-26 02:28:47,978 DEBUG [main] org.apache.hadoop.fs.FileSystem: swebhdfs:// = class org.apache.hadoop.hdfs.web.SWebHdfsFileSystem from /spark/jars/hadoop-client-api-3.3.2.jar
2025-03-26 02:28:47,978 DEBUG [main] org.apache.hadoop.fs.FileSystem: nullscan:// = class org.apache.hadoop.hive.ql.io.NullScanFileSystem from /spark/jars/hive-exec-2.3.9-core.jar
2025-03-26 02:28:47,979 DEBUG [main] org.apache.hadoop.fs.FileSystem: file:// = class org.apache.hadoop.hive.ql.io.ProxyLocalFileSystem from /spark/jars/hive-exec-2.3.9-core.jar
2025-03-26 02:28:47,979 DEBUG [main] org.apache.hadoop.fs.FileSystem: Looking for FS supporting file
2025-03-26 02:28:47,979 DEBUG [main] org.apache.hadoop.fs.FileSystem: looking for configuration option fs.file.impl
2025-03-26 02:28:47,998 DEBUG [main] org.apache.hadoop.fs.FileSystem: Looking in service filesystems for implementation class
2025-03-26 02:28:47,998 DEBUG [main] org.apache.hadoop.fs.FileSystem: FS for file is class org.apache.hadoop.hive.ql.io.ProxyLocalFileSystem
2025-03-26 02:28:48,000 DEBUG [main] org.apache.hadoop.fs.FileSystem: Creating FS file:/spark/examples/jars/spark-examples_2.12-3.3.2.jar: duration 0:00.041s
2025-03-26 02:28:48,001 DEBUG [main] org.apache.hadoop.fs.Globber: Created Globber for path=file:/spark/examples/jars/spark-examples_2.12-3.3.2.jar, symlinks=true
2025-03-26 02:28:48,001 DEBUG [main] org.apache.hadoop.fs.Globber: Starting: glob file:/spark/examples/jars/spark-examples_2.12-3.3.2.jar
2025-03-26 02:28:48,002 DEBUG [main] org.apache.hadoop.fs.Globber: Filesystem glob /spark/examples/jars/spark-examples_2.12-3.3.2.jar
2025-03-26 02:28:48,002 DEBUG [main] org.apache.hadoop.fs.Globber: Pattern: /spark/examples/jars/spark-examples_2.12-3.3.2.jar
2025-03-26 02:28:48,017 DEBUG [main] org.apache.hadoop.fs.Globber: Component spark, patterned=false
2025-03-26 02:28:48,018 DEBUG [main] org.apache.hadoop.fs.Globber: Component examples, patterned=false
2025-03-26 02:28:48,018 DEBUG [main] org.apache.hadoop.fs.Globber: Component jars, patterned=false
2025-03-26 02:28:48,020 DEBUG [main] org.apache.hadoop.fs.Globber: Component spark-examples_2.12-3.3.2.jar, patterned=false
2025-03-26 02:28:48,021 DEBUG [main] org.apache.hadoop.fs.Globber: glob file:/spark/examples/jars/spark-examples_2.12-3.3.2.jar: duration 0:00.020s
2025-03-26 02:28:48,073 DEBUG [main] org.apache.hadoop.service.AbstractService: Service: org.apache.hadoop.yarn.client.api.impl.YarnClientImpl entered state INITED
2025-03-26 02:28:48,107 INFO [main] org.apache.hadoop.yarn.client.DefaultNoHARMFailoverProxyProvider: Connecting to ResourceManager at master/172.20.1.10:8032
2025-03-26 02:28:48,107 DEBUG [main] org.apache.hadoop.security.UserGroupInformation: PrivilegedAction [as: root (auth:SIMPLE)][action: org.apache.hadoop.yarn.client.RMProxy$1@184497d1]
java.lang.Exception
	at org.apache.hadoop.security.UserGroupInformation.doAs(UserGroupInformation.java:1852)
	at org.apache.hadoop.yarn.client.RMProxy.getProxy(RMProxy.java:145)
	at org.apache.hadoop.yarn.client.DefaultNoHARMFailoverProxyProvider.init(DefaultNoHARMFailoverProxyProvider.java:65)
	at org.apache.hadoop.yarn.client.RMProxy.createNonHaRMFailoverProxyProvider(RMProxy.java:172)
	at org.apache.hadoop.yarn.client.RMProxy.newProxyInstance(RMProxy.java:132)
	at org.apache.hadoop.yarn.client.RMProxy.createRMProxy(RMProxy.java:103)
	at org.apache.hadoop.yarn.client.ClientRMProxy.createRMProxy(ClientRMProxy.java:73)
	at org.apache.hadoop.yarn.client.api.impl.YarnClientImpl.serviceStart(YarnClientImpl.java:242)
	at org.apache.hadoop.service.AbstractService.start(AbstractService.java:194)
	at org.apache.spark.deploy.yarn.Client.submitApplication(Client.scala:192)
	at org.apache.spark.deploy.yarn.Client.run(Client.scala:1327)
	at org.apache.spark.deploy.yarn.YarnClusterApplication.start(Client.scala:1764)
	at org.apache.spark.deploy.SparkSubmit.org$apache$spark$deploy$SparkSubmit$$runMain(SparkSubmit.scala:958)
	at org.apache.spark.deploy.SparkSubmit.doRunMain$1(SparkSubmit.scala:180)
	at org.apache.spark.deploy.SparkSubmit.submit(SparkSubmit.scala:203)
	at org.apache.spark.deploy.SparkSubmit.doSubmit(SparkSubmit.scala:90)
	at org.apache.spark.deploy.SparkSubmit$$anon$2.doSubmit(SparkSubmit.scala:1046)
	at org.apache.spark.deploy.SparkSubmit$.main(SparkSubmit.scala:1055)
	at org.apache.spark.deploy.SparkSubmit.main(SparkSubmit.scala)
2025-03-26 02:28:48,108 DEBUG [main] org.apache.hadoop.yarn.ipc.YarnRPC: Creating YarnRPC for org.apache.hadoop.yarn.ipc.HadoopYarnProtoRPC
2025-03-26 02:28:48,108 DEBUG [main] org.apache.hadoop.yarn.ipc.HadoopYarnProtoRPC: Creating a HadoopYarnProtoRpc proxy for protocol interface org.apache.hadoop.yarn.api.ApplicationClientProtocol
2025-03-26 02:28:48,120 DEBUG [main] org.apache.hadoop.ipc.Server: rpcKind=RPC_PROTOCOL_BUFFER, rpcRequestWrapperClass=class org.apache.hadoop.ipc.ProtobufRpcEngine2$RpcProtobufRequest, rpcInvoker=org.apache.hadoop.ipc.ProtobufRpcEngine2$Server$ProtoBufRpcInvoker@3bde62ff
2025-03-26 02:28:48,123 DEBUG [main] org.apache.hadoop.ipc.Client: getting client out of cache: Client-31290229f03e42ffa9e9e60822644e53
2025-03-26 02:28:48,180 DEBUG [main] org.apache.hadoop.service.AbstractService: Service org.apache.hadoop.yarn.client.api.impl.YarnClientImpl is started
2025-03-26 02:28:48,219 DEBUG [main] org.apache.hadoop.ipc.Client: The ping interval is 60000 ms.
2025-03-26 02:28:48,220 DEBUG [main] org.apache.hadoop.ipc.Client: Connecting to master/172.20.1.10:8032
2025-03-26 02:28:48,220 DEBUG [main] org.apache.hadoop.ipc.Client: Setup connection to master/172.20.1.10:8032
2025-03-26 02:28:48,234 DEBUG [IPC Client (546796969) connection to master/172.20.1.10:8032 from root] org.apache.hadoop.ipc.Client: IPC Client (546796969) connection to master/172.20.1.10:8032 from root: starting, having connections 1
2025-03-26 02:28:48,238 DEBUG [IPC Parameter Sending Thread #0] org.apache.hadoop.ipc.Client: IPC Client (546796969) connection to master/172.20.1.10:8032 from root sending #0 org.apache.hadoop.yarn.api.ApplicationClientProtocolPB.getClusterMetrics
2025-03-26 02:28:48,250 DEBUG [IPC Client (546796969) connection to master/172.20.1.10:8032 from root] org.apache.hadoop.ipc.Client: IPC Client (546796969) connection to master/172.20.1.10:8032 from root got value #0
2025-03-26 02:28:48,250 DEBUG [main] org.apache.hadoop.ipc.ProtobufRpcEngine2: Call: getClusterMetrics took 53ms
2025-03-26 02:28:48,253 DEBUG [main] org.apache.spark.deploy.yarn.Client: Requesting a new application from cluster with 3 NodeManagers
2025-03-26 02:28:48,264 DEBUG [IPC Parameter Sending Thread #0] org.apache.hadoop.ipc.Client: IPC Client (546796969) connection to master/172.20.1.10:8032 from root sending #1 org.apache.hadoop.yarn.api.ApplicationClientProtocolPB.getNewApplication
2025-03-26 02:28:48,273 DEBUG [IPC Client (546796969) connection to master/172.20.1.10:8032 from root] org.apache.hadoop.ipc.Client: IPC Client (546796969) connection to master/172.20.1.10:8032 from root got value #1
2025-03-26 02:28:48,273 DEBUG [main] org.apache.hadoop.ipc.ProtobufRpcEngine2: Call: getNewApplication took 10ms
2025-03-26 02:28:48,279 DEBUG [main] org.apache.hadoop.fs.FileSystem: Starting: Acquiring creator semaphore for hdfs://master:9000
2025-03-26 02:28:48,279 DEBUG [main] org.apache.hadoop.fs.FileSystem: Acquiring creator semaphore for hdfs://master:9000: duration 0:00.000s
2025-03-26 02:28:48,279 DEBUG [main] org.apache.hadoop.fs.FileSystem: Starting: Creating FS hdfs://master:9000
2025-03-26 02:28:48,279 DEBUG [main] org.apache.hadoop.fs.FileSystem: Looking for FS supporting hdfs
2025-03-26 02:28:48,279 DEBUG [main] org.apache.hadoop.fs.FileSystem: looking for configuration option fs.hdfs.impl
2025-03-26 02:28:48,279 DEBUG [main] org.apache.hadoop.fs.FileSystem: Looking in service filesystems for implementation class
2025-03-26 02:28:48,280 DEBUG [main] org.apache.hadoop.fs.FileSystem: FS for hdfs is class org.apache.hadoop.hdfs.DistributedFileSystem
2025-03-26 02:28:48,290 DEBUG [main] org.apache.hadoop.hdfs.client.impl.DfsClientConf: dfs.client.use.legacy.blockreader.local = false
2025-03-26 02:28:48,290 DEBUG [main] org.apache.hadoop.hdfs.client.impl.DfsClientConf: dfs.client.read.shortcircuit = false
2025-03-26 02:28:48,290 DEBUG [main] org.apache.hadoop.hdfs.client.impl.DfsClientConf: dfs.client.domain.socket.data.traffic = false
2025-03-26 02:28:48,290 DEBUG [main] org.apache.hadoop.hdfs.client.impl.DfsClientConf: dfs.domain.socket.path = 
2025-03-26 02:28:48,293 DEBUG [main] org.apache.hadoop.hdfs.DFSClient: Sets dfs.client.block.write.replace-datanode-on-failure.min-replication to 0
2025-03-26 02:28:48,294 DEBUG [main] org.apache.hadoop.io.retry.RetryUtils: multipleLinearRandomRetry = null
2025-03-26 02:28:48,298 DEBUG [main] org.apache.hadoop.ipc.Client: getting client out of cache: Client-31290229f03e42ffa9e9e60822644e53
2025-03-26 02:28:48,448 DEBUG [main] org.apache.hadoop.util.PerformanceAdvisory: Both short-circuit local reads and UNIX domain socket are disabled.
2025-03-26 02:28:48,451 DEBUG [main] org.apache.hadoop.hdfs.protocol.datatransfer.sasl.DataTransferSaslUtil: DataTransferProtocol not using SaslPropertiesResolver, no QOP found in configuration for dfs.data.transfer.protection
2025-03-26 02:28:48,452 DEBUG [main] org.apache.hadoop.fs.FileSystem: Creating FS hdfs://master:9000: duration 0:00.173s
2025-03-26 02:28:48,491 INFO [main] org.apache.hadoop.conf.Configuration: resource-types.xml not found
2025-03-26 02:28:48,491 INFO [main] org.apache.hadoop.yarn.util.resource.ResourceUtils: Unable to find 'resource-types.xml'.
2025-03-26 02:28:48,494 DEBUG [main] org.apache.hadoop.yarn.util.resource.ResourceUtils: Adding resource type - name = memory-mb, units = Mi, type = COUNTABLE
2025-03-26 02:28:48,494 DEBUG [main] org.apache.hadoop.yarn.util.resource.ResourceUtils: Adding resource type - name = vcores, units = , type = COUNTABLE
2025-03-26 02:28:48,494 DEBUG [main] org.apache.hadoop.yarn.util.resource.ResourceUtils: Mandatory Resource 'yarn.resource-types.memory-mb.minimum-allocation' is not configured in resource-types config file. Setting allocation specified using 'yarn.scheduler.minimum-allocation-mb'
2025-03-26 02:28:48,494 DEBUG [main] org.apache.hadoop.yarn.util.resource.ResourceUtils: Mandatory Resource 'yarn.resource-types.memory-mb.maximum-allocation' is not configured in resource-types config file. Setting allocation specified using 'yarn.scheduler.maximum-allocation-mb'
2025-03-26 02:28:48,494 DEBUG [main] org.apache.hadoop.yarn.util.resource.ResourceUtils: Mandatory Resource 'yarn.resource-types.vcores.minimum-allocation' is not configured in resource-types config file. Setting allocation specified using 'yarn.scheduler.minimum-allocation-vcores'
2025-03-26 02:28:48,494 DEBUG [main] org.apache.hadoop.yarn.util.resource.ResourceUtils: Mandatory Resource 'yarn.resource-types.vcores.maximum-allocation' is not configured in resource-types config file. Setting allocation specified using 'yarn.scheduler.maximum-allocation-vcores'
2025-03-26 02:28:48,498 INFO [main] org.apache.spark.deploy.yarn.Client: Verifying our application has not requested more than the maximum memory capability of the cluster (8192 MB per container)
2025-03-26 02:28:48,500 DEBUG [main] org.apache.hadoop.ipc.Client: The ping interval is 60000 ms.
2025-03-26 02:28:48,500 DEBUG [main] org.apache.hadoop.ipc.Client: Connecting to master/172.20.1.10:9000
2025-03-26 02:28:48,500 DEBUG [main] org.apache.hadoop.ipc.Client: Setup connection to master/172.20.1.10:9000
2025-03-26 02:28:48,501 DEBUG [IPC Parameter Sending Thread #0] org.apache.hadoop.ipc.Client: IPC Client (546796969) connection to master/172.20.1.10:9000 from root sending #2 org.apache.hadoop.hdfs.protocol.ClientProtocol.delete
2025-03-26 02:28:48,501 DEBUG [IPC Client (546796969) connection to master/172.20.1.10:9000 from root] org.apache.hadoop.ipc.Client: IPC Client (546796969) connection to master/172.20.1.10:9000 from root: starting, having connections 2
2025-03-26 02:28:48,504 DEBUG [IPC Client (546796969) connection to master/172.20.1.10:9000 from root] org.apache.hadoop.ipc.Client: IPC Client (546796969) connection to master/172.20.1.10:9000 from root got value #2
2025-03-26 02:28:48,504 DEBUG [main] org.apache.hadoop.ipc.ProtobufRpcEngine2: Call: delete took 4ms
2025-03-26 02:28:48,507 INFO [shutdown-hook-0] org.apache.spark.util.ShutdownHookManager: Shutdown hook called
2025-03-26 02:28:48,508 INFO [shutdown-hook-0] org.apache.spark.util.ShutdownHookManager: Deleting directory /tmp/spark-36140741-efce-494b-aecb-9c00101b87ff
2025-03-26 02:28:48,509 DEBUG [shutdown-hook-0] org.apache.hadoop.fs.FileSystem: FileSystem.close() by method: org.apache.hadoop.hdfs.DistributedFileSystem.close(DistributedFileSystem.java:1518)); Key: (root (auth:SIMPLE))@hdfs://master:9000; URI: hdfs://master:9000; Object Identity Hash: 7e92fe5f
2025-03-26 02:28:48,509 DEBUG [shutdown-hook-0] org.apache.hadoop.ipc.Client: stopping client from cache: Client-31290229f03e42ffa9e9e60822644e53
2025-03-26 02:28:48,509 DEBUG [shutdown-hook-0] org.apache.hadoop.fs.FileSystem: FileSystem.close() by method: org.apache.hadoop.fs.FilterFileSystem.close(FilterFileSystem.java:529)); Key: (root (auth:SIMPLE))@file://; URI: file:///; Object Identity Hash: 703d810f
2025-03-26 02:28:48,509 DEBUG [shutdown-hook-0] org.apache.hadoop.fs.FileSystem: FileSystem.close() by method: org.apache.hadoop.fs.RawLocalFileSystem.close(RawLocalFileSystem.java:759)); Key: null; URI: file:///; Object Identity Hash: 15dc76c3
2025-03-26 02:28:48,510 DEBUG [Thread-1] org.apache.hadoop.util.ShutdownHookManager: Completed shutdown in 0.004 seconds; Timeouts: 0
2025-03-26 02:28:48,519 DEBUG [Thread-1] org.apache.hadoop.util.ShutdownHookManager: ShutdownHookManager completed shutdown.
