program=ml.DeveloperApiExample
SPARKLORD_MODE=CONFIG_INJECTION
cpu_cores=2
cpu_util=200
memory=4g
config_file_name=spark-defaults.conf
config_key=spark.extraListeners
config_value=org.apache.spark.streaming.StreamingListener

2025-03-25 10:01:21,305 INFO [main] org.apache.spark.util.SignalUtils: Registering signal handler for TERM
2025-03-25 10:01:21,308 INFO [main] org.apache.spark.util.SignalUtils: Registering signal handler for HUP
2025-03-25 10:01:21,308 INFO [main] org.apache.spark.util.SignalUtils: Registering signal handler for INT
2025-03-25 10:01:21,497 DEBUG [main] org.apache.hadoop.util.Shell: setsid exited with exit code 0
2025-03-25 10:01:21,629 INFO [main] org.apache.spark.SecurityManager: Changing view acls to: root
2025-03-25 10:01:21,629 INFO [main] org.apache.spark.SecurityManager: Changing modify acls to: root
2025-03-25 10:01:21,629 INFO [main] org.apache.spark.SecurityManager: Changing view acls groups to: 
2025-03-25 10:01:21,630 INFO [main] org.apache.spark.SecurityManager: Changing modify acls groups to: 
2025-03-25 10:01:21,630 INFO [main] org.apache.spark.SecurityManager: SecurityManager: authentication disabled; ui acls disabled; users  with view permissions: Set(root); groups with view permissions: Set(); users  with modify permissions: Set(root); groups with modify permissions: Set()
2025-03-25 10:01:21,687 DEBUG [main] org.apache.hadoop.metrics2.lib.MutableMetricsFactory: field org.apache.hadoop.metrics2.lib.MutableRate org.apache.hadoop.security.UserGroupInformation$UgiMetrics.getGroups with annotation @org.apache.hadoop.metrics2.annotation.Metric(sampleName=Ops, always=false, valueName=Time, about=, interval=10, type=DEFAULT, value=[GetGroups])
2025-03-25 10:01:21,692 DEBUG [main] org.apache.hadoop.metrics2.lib.MutableMetricsFactory: field org.apache.hadoop.metrics2.lib.MutableRate org.apache.hadoop.security.UserGroupInformation$UgiMetrics.loginFailure with annotation @org.apache.hadoop.metrics2.annotation.Metric(sampleName=Ops, always=false, valueName=Time, about=, interval=10, type=DEFAULT, value=[Rate of failed kerberos logins and latency (milliseconds)])
2025-03-25 10:01:21,692 DEBUG [main] org.apache.hadoop.metrics2.lib.MutableMetricsFactory: field org.apache.hadoop.metrics2.lib.MutableRate org.apache.hadoop.security.UserGroupInformation$UgiMetrics.loginSuccess with annotation @org.apache.hadoop.metrics2.annotation.Metric(sampleName=Ops, always=false, valueName=Time, about=, interval=10, type=DEFAULT, value=[Rate of successful kerberos logins and latency (milliseconds)])
2025-03-25 10:01:21,692 DEBUG [main] org.apache.hadoop.metrics2.lib.MutableMetricsFactory: field private org.apache.hadoop.metrics2.lib.MutableGaugeInt org.apache.hadoop.security.UserGroupInformation$UgiMetrics.renewalFailures with annotation @org.apache.hadoop.metrics2.annotation.Metric(sampleName=Ops, always=false, valueName=Time, about=, interval=10, type=DEFAULT, value=[Renewal failures since last successful login])
2025-03-25 10:01:21,693 DEBUG [main] org.apache.hadoop.metrics2.lib.MutableMetricsFactory: field private org.apache.hadoop.metrics2.lib.MutableGaugeLong org.apache.hadoop.security.UserGroupInformation$UgiMetrics.renewalFailuresTotal with annotation @org.apache.hadoop.metrics2.annotation.Metric(sampleName=Ops, always=false, valueName=Time, about=, interval=10, type=DEFAULT, value=[Renewal failures since startup])
2025-03-25 10:01:21,693 DEBUG [main] org.apache.hadoop.metrics2.impl.MetricsSystemImpl: UgiMetrics, User and group related metrics
2025-03-25 10:01:21,716 DEBUG [main] org.apache.hadoop.security.SecurityUtil: Setting hadoop.security.token.service.use_ip to true
2025-03-25 10:01:21,719 DEBUG [main] org.apache.hadoop.security.Groups:  Creating new Groups object
2025-03-25 10:01:21,720 DEBUG [main] org.apache.hadoop.util.NativeCodeLoader: Trying to load the custom-built native-hadoop library...
2025-03-25 10:01:21,720 DEBUG [main] org.apache.hadoop.util.NativeCodeLoader: Failed to load native-hadoop with error: java.lang.UnsatisfiedLinkError: no hadoop in java.library.path
2025-03-25 10:01:21,720 DEBUG [main] org.apache.hadoop.util.NativeCodeLoader: java.library.path=/usr/java/packages/lib/amd64:/usr/lib/x86_64-linux-gnu/jni:/lib/x86_64-linux-gnu:/usr/lib/x86_64-linux-gnu:/usr/lib/jni:/lib:/usr/lib
2025-03-25 10:01:21,721 WARN [main] org.apache.hadoop.util.NativeCodeLoader: Unable to load native-hadoop library for your platform... using builtin-java classes where applicable
2025-03-25 10:01:21,721 DEBUG [main] org.apache.hadoop.util.PerformanceAdvisory: Falling back to shell based
2025-03-25 10:01:21,721 DEBUG [main] org.apache.hadoop.security.JniBasedUnixGroupsMappingWithFallback: Group mapping impl=org.apache.hadoop.security.ShellBasedUnixGroupsMapping
2025-03-25 10:01:21,759 DEBUG [main] org.apache.hadoop.security.Groups: Group mapping impl=org.apache.hadoop.security.JniBasedUnixGroupsMappingWithFallback; cacheTimeout=300000; warningDeltaMs=5000
2025-03-25 10:01:21,822 DEBUG [main] org.apache.spark.deploy.SparkHadoopUtil: creating UGI for user: root
2025-03-25 10:01:21,825 DEBUG [main] org.apache.hadoop.security.UserGroupInformation: Hadoop login
2025-03-25 10:01:21,825 DEBUG [main] org.apache.hadoop.security.UserGroupInformation: hadoop login commit
2025-03-25 10:01:21,827 DEBUG [main] org.apache.hadoop.security.UserGroupInformation: Using local user: UnixPrincipal: root
2025-03-25 10:01:21,828 DEBUG [main] org.apache.hadoop.security.UserGroupInformation: Using user: "UnixPrincipal: root" with name: root
2025-03-25 10:01:21,828 DEBUG [main] org.apache.hadoop.security.UserGroupInformation: User entry: "root"
2025-03-25 10:01:21,828 DEBUG [main] org.apache.hadoop.security.UserGroupInformation: Reading credentials from location /data/tmp/nm-local-dir/usercache/root/appcache/application_1742896830973_0001/container_1742896830973_0001_01_000001/container_tokens
2025-03-25 10:01:21,832 DEBUG [main] org.apache.hadoop.security.UserGroupInformation: Loaded 1 tokens from /data/tmp/nm-local-dir/usercache/root/appcache/application_1742896830973_0001/container_1742896830973_0001_01_000001/container_tokens
2025-03-25 10:01:21,832 DEBUG [main] org.apache.hadoop.security.UserGroupInformation: UGI loginUser: root (auth:SIMPLE)
2025-03-25 10:01:21,832 DEBUG [main] org.apache.hadoop.security.UserGroupInformation: PrivilegedAction [as: root (auth:SIMPLE)][action: org.apache.spark.deploy.yarn.ApplicationMaster$$anon$3@1522d8a0]
java.lang.Exception
	at org.apache.hadoop.security.UserGroupInformation.doAs(UserGroupInformation.java:1875)
	at org.apache.spark.deploy.yarn.ApplicationMaster$.main(ApplicationMaster.scala:925)
	at org.apache.spark.deploy.yarn.ApplicationMaster.main(ApplicationMaster.scala)
2025-03-25 10:01:21,839 INFO [main] org.apache.spark.deploy.yarn.ApplicationMaster: ApplicationAttemptId: appattempt_1742896830973_0001_000001
2025-03-25 10:01:21,840 DEBUG [main] org.apache.spark.util.ShutdownHookManager: Adding shutdown hook
2025-03-25 10:01:21,865 INFO [main] org.apache.spark.deploy.yarn.ApplicationMaster: Starting the user application in a separate Thread
2025-03-25 10:01:21,866 INFO [main] org.apache.spark.deploy.yarn.ApplicationMaster: Waiting for spark context initialization...
2025-03-25 10:01:21,909 INFO [Driver] org.apache.spark.SparkContext: Running Spark version 3.3.2
2025-03-25 10:01:21,926 INFO [Driver] org.apache.spark.resource.ResourceUtils: ==============================================================
2025-03-25 10:01:21,926 INFO [Driver] org.apache.spark.resource.ResourceUtils: No custom resources configured for spark.driver.
2025-03-25 10:01:21,926 INFO [Driver] org.apache.spark.resource.ResourceUtils: ==============================================================
2025-03-25 10:01:21,927 INFO [Driver] org.apache.spark.SparkContext: Submitted application: DeveloperApiExample
2025-03-25 10:01:21,940 INFO [Driver] org.apache.spark.resource.ResourceProfile: Default ResourceProfile created, executor resources: Map(cores -> name: cores, amount: 2, script: , vendor: , memory -> name: memory, amount: 2048, script: , vendor: , offHeap -> name: offHeap, amount: 0, script: , vendor: ), task resources: Map(cpus -> name: cpus, amount: 1.0)
2025-03-25 10:01:21,944 INFO [Driver] org.apache.spark.resource.ResourceProfile: Limiting resource is cpus at 2 tasks per executor
2025-03-25 10:01:21,946 INFO [Driver] org.apache.spark.resource.ResourceProfileManager: Added ResourceProfile id: 0
2025-03-25 10:01:21,973 INFO [Driver] org.apache.spark.SecurityManager: Changing view acls to: root
2025-03-25 10:01:21,974 INFO [Driver] org.apache.spark.SecurityManager: Changing modify acls to: root
2025-03-25 10:01:21,974 INFO [Driver] org.apache.spark.SecurityManager: Changing view acls groups to: 
2025-03-25 10:01:21,974 INFO [Driver] org.apache.spark.SecurityManager: Changing modify acls groups to: 
2025-03-25 10:01:21,974 INFO [Driver] org.apache.spark.SecurityManager: SecurityManager: authentication disabled; ui acls disabled; users  with view permissions: Set(root); groups with view permissions: Set(); users  with modify permissions: Set(root); groups with modify permissions: Set()
2025-03-25 10:01:22,006 DEBUG [Driver] io.netty.util.internal.logging.InternalLoggerFactory: Using SLF4J as the default logging framework
2025-03-25 10:01:22,009 DEBUG [Driver] io.netty.util.internal.InternalThreadLocalMap: -Dio.netty.threadLocalMap.stringBuilder.initialSize: 1024
2025-03-25 10:01:22,010 DEBUG [Driver] io.netty.util.internal.InternalThreadLocalMap: -Dio.netty.threadLocalMap.stringBuilder.maxSize: 4096
2025-03-25 10:01:22,017 DEBUG [Driver] io.netty.channel.MultithreadEventLoopGroup: -Dio.netty.eventLoopThreads: 4
2025-03-25 10:01:22,037 DEBUG [Driver] io.netty.util.internal.PlatformDependent0: -Dio.netty.noUnsafe: false
2025-03-25 10:01:22,038 DEBUG [Driver] io.netty.util.internal.PlatformDependent0: Java version: 8
2025-03-25 10:01:22,038 DEBUG [Driver] io.netty.util.internal.PlatformDependent0: sun.misc.Unsafe.theUnsafe: available
2025-03-25 10:01:22,038 DEBUG [Driver] io.netty.util.internal.PlatformDependent0: sun.misc.Unsafe.copyMemory: available
2025-03-25 10:01:22,039 DEBUG [Driver] io.netty.util.internal.PlatformDependent0: java.nio.Buffer.address: available
2025-03-25 10:01:22,039 DEBUG [Driver] io.netty.util.internal.PlatformDependent0: direct buffer constructor: available
2025-03-25 10:01:22,039 DEBUG [Driver] io.netty.util.internal.PlatformDependent0: java.nio.Bits.unaligned: available, true
2025-03-25 10:01:22,039 DEBUG [Driver] io.netty.util.internal.PlatformDependent0: jdk.internal.misc.Unsafe.allocateUninitializedArray(int): unavailable prior to Java9
2025-03-25 10:01:22,039 DEBUG [Driver] io.netty.util.internal.PlatformDependent0: java.nio.DirectByteBuffer.<init>(long, int): available
2025-03-25 10:01:22,039 DEBUG [Driver] io.netty.util.internal.PlatformDependent: sun.misc.Unsafe: available
2025-03-25 10:01:22,040 DEBUG [Driver] io.netty.util.internal.PlatformDependent: -Dio.netty.tmpdir: /data/tmp/nm-local-dir/usercache/root/appcache/application_1742896830973_0001/container_1742896830973_0001_01_000001/tmp (java.io.tmpdir)
2025-03-25 10:01:22,040 DEBUG [Driver] io.netty.util.internal.PlatformDependent: -Dio.netty.bitMode: 64 (sun.arch.data.model)
2025-03-25 10:01:22,040 DEBUG [Driver] io.netty.util.internal.PlatformDependent: -Dio.netty.maxDirectMemory: 3817865216 bytes
2025-03-25 10:01:22,040 DEBUG [Driver] io.netty.util.internal.PlatformDependent: -Dio.netty.uninitializedArrayAllocationThreshold: -1
2025-03-25 10:01:22,041 DEBUG [Driver] io.netty.util.internal.CleanerJava6: java.nio.ByteBuffer.cleaner(): available
2025-03-25 10:01:22,041 DEBUG [Driver] io.netty.util.internal.PlatformDependent: -Dio.netty.noPreferDirect: false
2025-03-25 10:01:22,041 DEBUG [Driver] io.netty.channel.nio.NioEventLoop: -Dio.netty.noKeySetOptimization: false
2025-03-25 10:01:22,041 DEBUG [Driver] io.netty.channel.nio.NioEventLoop: -Dio.netty.selectorAutoRebuildThreshold: 512
2025-03-25 10:01:22,045 DEBUG [Driver] io.netty.util.internal.PlatformDependent: org.jctools-core.MpscChunkedArrayQueue: available
2025-03-25 10:01:22,056 DEBUG [Driver] io.netty.util.ResourceLeakDetector: -Dio.netty.leakDetection.level: simple
2025-03-25 10:01:22,056 DEBUG [Driver] io.netty.util.ResourceLeakDetector: -Dio.netty.leakDetection.targetRecords: 4
2025-03-25 10:01:22,057 DEBUG [Driver] io.netty.buffer.PooledByteBufAllocator: -Dio.netty.allocator.numHeapArenas: 4
2025-03-25 10:01:22,057 DEBUG [Driver] io.netty.buffer.PooledByteBufAllocator: -Dio.netty.allocator.numDirectArenas: 4
2025-03-25 10:01:22,057 DEBUG [Driver] io.netty.buffer.PooledByteBufAllocator: -Dio.netty.allocator.pageSize: 8192
2025-03-25 10:01:22,057 DEBUG [Driver] io.netty.buffer.PooledByteBufAllocator: -Dio.netty.allocator.maxOrder: 11
2025-03-25 10:01:22,057 DEBUG [Driver] io.netty.buffer.PooledByteBufAllocator: -Dio.netty.allocator.chunkSize: 16777216
2025-03-25 10:01:22,057 DEBUG [Driver] io.netty.buffer.PooledByteBufAllocator: -Dio.netty.allocator.smallCacheSize: 256
2025-03-25 10:01:22,057 DEBUG [Driver] io.netty.buffer.PooledByteBufAllocator: -Dio.netty.allocator.normalCacheSize: 64
2025-03-25 10:01:22,058 DEBUG [Driver] io.netty.buffer.PooledByteBufAllocator: -Dio.netty.allocator.maxCachedBufferCapacity: 32768
2025-03-25 10:01:22,058 DEBUG [Driver] io.netty.buffer.PooledByteBufAllocator: -Dio.netty.allocator.cacheTrimInterval: 8192
2025-03-25 10:01:22,058 DEBUG [Driver] io.netty.buffer.PooledByteBufAllocator: -Dio.netty.allocator.cacheTrimIntervalMillis: 0
2025-03-25 10:01:22,058 DEBUG [Driver] io.netty.buffer.PooledByteBufAllocator: -Dio.netty.allocator.useCacheForAllThreads: true
2025-03-25 10:01:22,058 DEBUG [Driver] io.netty.buffer.PooledByteBufAllocator: -Dio.netty.allocator.maxCachedByteBuffersPerChunk: 1023
2025-03-25 10:01:22,074 DEBUG [Driver] io.netty.channel.DefaultChannelId: -Dio.netty.processId: 1502 (auto-detected)
2025-03-25 10:01:22,075 DEBUG [Driver] io.netty.util.NetUtil: -Djava.net.preferIPv4Stack: false
2025-03-25 10:01:22,075 DEBUG [Driver] io.netty.util.NetUtil: -Djava.net.preferIPv6Addresses: false
2025-03-25 10:01:22,076 DEBUG [Driver] io.netty.util.NetUtilInitializations: Loopback interface: lo (lo, 0:0:0:0:0:0:0:1%lo)
2025-03-25 10:01:22,076 DEBUG [Driver] io.netty.util.NetUtil: /proc/sys/net/core/somaxconn: 4096
2025-03-25 10:01:22,077 DEBUG [Driver] io.netty.channel.DefaultChannelId: -Dio.netty.machineId: 02:42:ac:ff:fe:14:01:0b (auto-detected)
2025-03-25 10:01:22,085 DEBUG [Driver] io.netty.buffer.ByteBufUtil: -Dio.netty.allocator.type: pooled
2025-03-25 10:01:22,085 DEBUG [Driver] io.netty.buffer.ByteBufUtil: -Dio.netty.threadLocalDirectBufferSize: 0
2025-03-25 10:01:22,085 DEBUG [Driver] io.netty.buffer.ByteBufUtil: -Dio.netty.maxThreadLocalCharBufferSize: 16384
2025-03-25 10:01:22,094 DEBUG [Driver] org.apache.spark.network.server.TransportServer: Shuffle server started on port: 38085
2025-03-25 10:01:22,106 INFO [Driver] org.apache.spark.util.Utils: Successfully started service 'sparkDriver' on port 38085.
2025-03-25 10:01:22,106 DEBUG [Driver] org.apache.spark.SparkEnv: Using serializer: class org.apache.spark.serializer.JavaSerializer
2025-03-25 10:01:22,124 INFO [Driver] org.apache.spark.SparkEnv: Registering MapOutputTracker
2025-03-25 10:01:22,124 DEBUG [Driver] org.apache.spark.MapOutputTrackerMasterEndpoint: init
2025-03-25 10:01:22,148 INFO [Driver] org.apache.spark.SparkEnv: Registering BlockManagerMaster
2025-03-25 10:01:22,159 INFO [Driver] org.apache.spark.storage.BlockManagerMasterEndpoint: Using org.apache.spark.storage.DefaultTopologyMapper for getting topology information
2025-03-25 10:01:22,160 INFO [Driver] org.apache.spark.storage.BlockManagerMasterEndpoint: BlockManagerMasterEndpoint up
2025-03-25 10:01:22,184 INFO [Driver] org.apache.spark.SparkEnv: Registering BlockManagerMasterHeartbeat
2025-03-25 10:01:22,208 INFO [Driver] org.apache.spark.storage.DiskBlockManager: Created local directory at /data/tmp/nm-local-dir/usercache/root/appcache/application_1742896830973_0001/blockmgr-147a9565-01e4-4ffd-a3c2-2b621af3200d
2025-03-25 10:01:22,210 DEBUG [Driver] org.apache.spark.storage.DiskBlockManager: Adding shutdown hook
2025-03-25 10:01:22,224 INFO [Driver] org.apache.spark.storage.memory.MemoryStore: MemoryStore started with capacity 2004.6 MiB
2025-03-25 10:01:22,267 INFO [Driver] org.apache.spark.SparkEnv: Registering OutputCommitCoordinator
2025-03-25 10:01:22,268 DEBUG [Driver] org.apache.spark.scheduler.OutputCommitCoordinator$OutputCommitCoordinatorEndpoint: init
2025-03-25 10:01:22,276 DEBUG [Driver] org.apache.spark.SecurityManager: Created SSL options for ui: SSLOptions{enabled=false, port=None, keyStore=None, keyStorePassword=None, trustStore=None, trustStorePassword=None, protocol=None, enabledAlgorithms=Set()}
2025-03-25 10:01:22,452 DEBUG [Driver] org.apache.spark.ui.JettyUtils: Using requestHeaderSize: 8192
2025-03-25 10:01:22,467 INFO [Driver] org.apache.spark.util.Utils: Successfully started service 'SparkUI' on port 40357.
2025-03-25 10:01:22,469 INFO [Driver] org.apache.spark.ui.ServerInfo: Adding filter to /: org.apache.hadoop.yarn.server.webproxy.amfilter.AmIpFilter
2025-03-25 10:01:22,533 INFO [Driver] org.apache.spark.scheduler.cluster.YarnClusterScheduler: Created YarnClusterScheduler
2025-03-25 10:01:22,574 DEBUG [Driver] org.apache.spark.network.server.TransportServer: Shuffle server started on port: 41783
2025-03-25 10:01:22,575 INFO [Driver] org.apache.spark.util.Utils: Successfully started service 'org.apache.spark.network.netty.NettyBlockTransferService' on port 41783.
2025-03-25 10:01:22,575 INFO [Driver] org.apache.spark.network.netty.NettyBlockTransferService: Server created on slave0:41783
2025-03-25 10:01:22,576 INFO [Driver] org.apache.spark.storage.BlockManager: Using org.apache.spark.storage.RandomBlockReplicationPolicy for block replication policy
2025-03-25 10:01:22,580 INFO [Driver] org.apache.spark.storage.BlockManagerMaster: Registering BlockManager BlockManagerId(driver, slave0, 41783, None)
2025-03-25 10:01:22,582 DEBUG [dispatcher-BlockManagerMaster] org.apache.spark.storage.DefaultTopologyMapper: Got a request for slave0
2025-03-25 10:01:22,583 INFO [dispatcher-BlockManagerMaster] org.apache.spark.storage.BlockManagerMasterEndpoint: Registering block manager slave0:41783 with 2004.6 MiB RAM, BlockManagerId(driver, slave0, 41783, None)
2025-03-25 10:01:22,584 INFO [Driver] org.apache.spark.storage.BlockManagerMaster: Registered BlockManager BlockManagerId(driver, slave0, 41783, None)
2025-03-25 10:01:22,585 INFO [Driver] org.apache.spark.storage.BlockManager: Initialized BlockManager: BlockManagerId(driver, slave0, 41783, None)
2025-03-25 10:01:22,653 INFO [Driver] org.apache.spark.ui.SparkUI: Stopped Spark web UI at http://slave0:40357
2025-03-25 10:01:22,658 WARN [dispatcher-event-loop-0] org.apache.spark.scheduler.cluster.YarnSchedulerBackend$YarnSchedulerEndpoint: Attempted to request executors before the AM has registered!
2025-03-25 10:01:22,658 INFO [Driver] org.apache.spark.scheduler.cluster.YarnClusterSchedulerBackend: Shutting down all executors
2025-03-25 10:01:22,660 INFO [dispatcher-CoarseGrainedScheduler] org.apache.spark.scheduler.cluster.YarnSchedulerBackend$YarnDriverEndpoint: Asking each executor to shut down
2025-03-25 10:01:22,669 INFO [dispatcher-event-loop-0] org.apache.spark.MapOutputTrackerMasterEndpoint: MapOutputTrackerMasterEndpoint stopped!
2025-03-25 10:01:22,681 INFO [Driver] org.apache.spark.storage.memory.MemoryStore: MemoryStore cleared
2025-03-25 10:01:22,681 INFO [Driver] org.apache.spark.storage.BlockManager: BlockManager stopped
2025-03-25 10:01:22,689 INFO [Driver] org.apache.spark.storage.BlockManagerMaster: BlockManagerMaster stopped
2025-03-25 10:01:22,690 INFO [dispatcher-event-loop-1] org.apache.spark.scheduler.OutputCommitCoordinator$OutputCommitCoordinatorEndpoint: OutputCommitCoordinator stopped!
2025-03-25 10:01:22,692 INFO [Driver] org.apache.spark.SparkContext: Successfully stopped SparkContext
2025-03-25 10:01:22,692 ERROR [Driver] org.apache.spark.SparkContext: Error initializing SparkContext.
org.apache.spark.SparkException: Exception when registering SparkListener
	at org.apache.spark.SparkContext.setupAndStartListenerBus(SparkContext.scala:2573)
	at org.apache.spark.SparkContext.<init>(SparkContext.scala:653)
	at org.apache.spark.SparkContext$.getOrCreate(SparkContext.scala:2714)
	at org.apache.spark.sql.SparkSession$Builder.$anonfun$getOrCreate$2(SparkSession.scala:953)
	at scala.Option.getOrElse(Option.scala:189)
	at org.apache.spark.sql.SparkSession$Builder.getOrCreate(SparkSession.scala:947)
	at org.apache.spark.examples.ml.DeveloperApiExample$.main(DeveloperApiExample.scala:42)
	at org.apache.spark.examples.ml.DeveloperApiExample.main(DeveloperApiExample.scala)
	at sun.reflect.NativeMethodAccessorImpl.invoke0(Native Method)
	at sun.reflect.NativeMethodAccessorImpl.invoke(NativeMethodAccessorImpl.java:62)
	at sun.reflect.DelegatingMethodAccessorImpl.invoke(DelegatingMethodAccessorImpl.java:43)
	at java.lang.reflect.Method.invoke(Method.java:498)
	at org.apache.spark.deploy.yarn.ApplicationMaster$$anon$2.run(ApplicationMaster.scala:739)
Caused by: java.lang.ClassNotFoundException: org.apache.spark.streaming.StreamingListener
	at java.net.URLClassLoader.findClass(URLClassLoader.java:387)
	at java.lang.ClassLoader.loadClass(ClassLoader.java:418)
	at java.lang.ClassLoader.loadClass(ClassLoader.java:351)
	at java.lang.Class.forName0(Native Method)
	at java.lang.Class.forName(Class.java:348)
	at org.apache.spark.util.Utils$.classForName(Utils.scala:218)
	at org.apache.spark.util.Utils$.$anonfun$loadExtensions$1(Utils.scala:2921)
	at scala.collection.TraversableLike.$anonfun$flatMap$1(TraversableLike.scala:293)
	at scala.collection.mutable.ResizableArray.foreach(ResizableArray.scala:62)
	at scala.collection.mutable.ResizableArray.foreach$(ResizableArray.scala:55)
	at scala.collection.mutable.ArrayBuffer.foreach(ArrayBuffer.scala:49)
	at scala.collection.TraversableLike.flatMap(TraversableLike.scala:293)
	at scala.collection.TraversableLike.flatMap$(TraversableLike.scala:290)
	at scala.collection.AbstractTraversable.flatMap(Traversable.scala:108)
	at org.apache.spark.util.Utils$.loadExtensions(Utils.scala:2919)
	at org.apache.spark.SparkContext.$anonfun$setupAndStartListenerBus$1(SparkContext.scala:2562)
	at org.apache.spark.SparkContext.$anonfun$setupAndStartListenerBus$1$adapted(SparkContext.scala:2561)
	at scala.Option.foreach(Option.scala:407)
	at org.apache.spark.SparkContext.setupAndStartListenerBus(SparkContext.scala:2561)
	... 12 more
2025-03-25 10:01:22,693 INFO [Driver] org.apache.spark.SparkContext: SparkContext already stopped.
2025-03-25 10:01:22,693 ERROR [Driver] org.apache.spark.deploy.yarn.ApplicationMaster: User class threw exception: org.apache.spark.SparkException: Exception when registering SparkListener
org.apache.spark.SparkException: Exception when registering SparkListener
	at org.apache.spark.SparkContext.setupAndStartListenerBus(SparkContext.scala:2573)
	at org.apache.spark.SparkContext.<init>(SparkContext.scala:653)
	at org.apache.spark.SparkContext$.getOrCreate(SparkContext.scala:2714)
	at org.apache.spark.sql.SparkSession$Builder.$anonfun$getOrCreate$2(SparkSession.scala:953)
	at scala.Option.getOrElse(Option.scala:189)
	at org.apache.spark.sql.SparkSession$Builder.getOrCreate(SparkSession.scala:947)
	at org.apache.spark.examples.ml.DeveloperApiExample$.main(DeveloperApiExample.scala:42)
	at org.apache.spark.examples.ml.DeveloperApiExample.main(DeveloperApiExample.scala)
	at sun.reflect.NativeMethodAccessorImpl.invoke0(Native Method)
	at sun.reflect.NativeMethodAccessorImpl.invoke(NativeMethodAccessorImpl.java:62)
	at sun.reflect.DelegatingMethodAccessorImpl.invoke(DelegatingMethodAccessorImpl.java:43)
	at java.lang.reflect.Method.invoke(Method.java:498)
	at org.apache.spark.deploy.yarn.ApplicationMaster$$anon$2.run(ApplicationMaster.scala:739)
Caused by: java.lang.ClassNotFoundException: org.apache.spark.streaming.StreamingListener
	at java.net.URLClassLoader.findClass(URLClassLoader.java:387)
	at java.lang.ClassLoader.loadClass(ClassLoader.java:418)
	at java.lang.ClassLoader.loadClass(ClassLoader.java:351)
	at java.lang.Class.forName0(Native Method)
	at java.lang.Class.forName(Class.java:348)
	at org.apache.spark.util.Utils$.classForName(Utils.scala:218)
	at org.apache.spark.util.Utils$.$anonfun$loadExtensions$1(Utils.scala:2921)
	at scala.collection.TraversableLike.$anonfun$flatMap$1(TraversableLike.scala:293)
	at scala.collection.mutable.ResizableArray.foreach(ResizableArray.scala:62)
	at scala.collection.mutable.ResizableArray.foreach$(ResizableArray.scala:55)
	at scala.collection.mutable.ArrayBuffer.foreach(ArrayBuffer.scala:49)
	at scala.collection.TraversableLike.flatMap(TraversableLike.scala:293)
	at scala.collection.TraversableLike.flatMap$(TraversableLike.scala:290)
	at scala.collection.AbstractTraversable.flatMap(Traversable.scala:108)
	at org.apache.spark.util.Utils$.loadExtensions(Utils.scala:2919)
	at org.apache.spark.SparkContext.$anonfun$setupAndStartListenerBus$1(SparkContext.scala:2562)
	at org.apache.spark.SparkContext.$anonfun$setupAndStartListenerBus$1$adapted(SparkContext.scala:2561)
	at scala.Option.foreach(Option.scala:407)
	at org.apache.spark.SparkContext.setupAndStartListenerBus(SparkContext.scala:2561)
	... 12 more
2025-03-25 10:01:22,694 INFO [Driver] org.apache.spark.deploy.yarn.ApplicationMaster: Final app status: FAILED, exitCode: 13, (reason: User class threw exception: org.apache.spark.SparkException: Exception when registering SparkListener
	at org.apache.spark.SparkContext.setupAndStartListenerBus(SparkContext.scala:2573)
	at org.apache.spark.SparkContext.<init>(SparkContext.scala:653)
	at org.apache.spark.SparkContext$.getOrCreate(SparkContext.scala:2714)
	at org.apache.spark.sql.SparkSession$Builder.$anonfun$getOrCreate$2(SparkSession.scala:953)
	at scala.Option.getOrElse(Option.scala:189)
	at org.apache.spark.sql.SparkSession$Builder.getOrCreate(SparkSession.scala:947)
	at org.apache.spark.examples.ml.DeveloperApiExample$.main(DeveloperApiExample.scala:42)
	at org.apache.spark.examples.ml.DeveloperApiExample.main(DeveloperApiExample.scala)
	at sun.reflect.NativeMethodAccessorImpl.invoke0(Native Method)
	at sun.reflect.NativeMethodAccessorImpl.invoke(NativeMethodAccessorImpl.java:62)
	at sun.reflect.DelegatingMethodAccessorImpl.invoke(DelegatingMethodAccessorImpl.java:43)
	at java.lang.reflect.Method.invoke(Method.java:498)
	at org.apache.spark.deploy.yarn.ApplicationMaster$$anon$2.run(ApplicationMaster.scala:739)
Caused by: java.lang.ClassNotFoundException: org.apache.spark.streaming.StreamingListener
	at java.net.URLClassLoader.findClass(URLClassLoader.java:387)
	at java.lang.ClassLoader.loadClass(ClassLoader.java:418)
	at java.lang.ClassLoader.loadClass(ClassLoader.java:351)
	at java.lang.Class.forName0(Native Method)
	at java.lang.Class.forName(Class.java:348)
	at org.apache.spark.util.Utils$.classForName(Utils.scala:218)
	at org.apache.spark.util.Utils$.$anonfun$loadExtensions$1(Utils.scala:2921)
	at scala.collection.TraversableLike.$anonfun$flatMap$1(TraversableLike.scala:293)
	at scala.collection.mutable.ResizableArray.foreach(ResizableArray.scala:62)
	at scala.collection.mutable.ResizableArray.foreach$(ResizableArray.scala:55)
	at scala.collection.mutable.ArrayBuffer.foreach(ArrayBuffer.scala:49)
	at scala.collection.TraversableLike.flatMap(TraversableLike.scala:293)
	at scala.collection.TraversableLike.flatMap$(TraversableLike.scala:290)
	at scala.collection.AbstractTraversable.flatMap(Traversable.scala:108)
	at org.apache.spark.util.Utils$.loadExtensions(Utils.scala:2919)
	at org.apache.spark.SparkContext.$anonfun$setupAndStartListenerBus$1(SparkContext.scala:2562)
	at org.apache.spark.SparkContext.$anonfun$setupAndStartListenerBus$1$adapted(SparkContext.scala:2561)
	at scala.Option.foreach(Option.scala:407)
	at org.apache.spark.SparkContext.setupAndStartListenerBus(SparkContext.scala:2561)
	... 12 more
)
2025-03-25 10:01:22,698 ERROR [main] org.apache.spark.deploy.yarn.ApplicationMaster: Uncaught exception: 
org.apache.spark.SparkException: Exception thrown in awaitResult: 
	at org.apache.spark.util.ThreadUtils$.awaitResult(ThreadUtils.scala:301)
	at org.apache.spark.deploy.yarn.ApplicationMaster.runDriver(ApplicationMaster.scala:511)
	at org.apache.spark.deploy.yarn.ApplicationMaster.run(ApplicationMaster.scala:275)
	at org.apache.spark.deploy.yarn.ApplicationMaster$$anon$3.run(ApplicationMaster.scala:926)
	at org.apache.spark.deploy.yarn.ApplicationMaster$$anon$3.run(ApplicationMaster.scala:925)
	at java.security.AccessController.doPrivileged(Native Method)
	at javax.security.auth.Subject.doAs(Subject.java:422)
	at org.apache.hadoop.security.UserGroupInformation.doAs(UserGroupInformation.java:1878)
	at org.apache.spark.deploy.yarn.ApplicationMaster$.main(ApplicationMaster.scala:925)
	at org.apache.spark.deploy.yarn.ApplicationMaster.main(ApplicationMaster.scala)
Caused by: org.apache.spark.SparkException: Exception when registering SparkListener
	at org.apache.spark.SparkContext.setupAndStartListenerBus(SparkContext.scala:2573)
	at org.apache.spark.SparkContext.<init>(SparkContext.scala:653)
	at org.apache.spark.SparkContext$.getOrCreate(SparkContext.scala:2714)
	at org.apache.spark.sql.SparkSession$Builder.$anonfun$getOrCreate$2(SparkSession.scala:953)
	at scala.Option.getOrElse(Option.scala:189)
	at org.apache.spark.sql.SparkSession$Builder.getOrCreate(SparkSession.scala:947)
	at org.apache.spark.examples.ml.DeveloperApiExample$.main(DeveloperApiExample.scala:42)
	at org.apache.spark.examples.ml.DeveloperApiExample.main(DeveloperApiExample.scala)
	at sun.reflect.NativeMethodAccessorImpl.invoke0(Native Method)
	at sun.reflect.NativeMethodAccessorImpl.invoke(NativeMethodAccessorImpl.java:62)
	at sun.reflect.DelegatingMethodAccessorImpl.invoke(DelegatingMethodAccessorImpl.java:43)
	at java.lang.reflect.Method.invoke(Method.java:498)
	at org.apache.spark.deploy.yarn.ApplicationMaster$$anon$2.run(ApplicationMaster.scala:739)
Caused by: java.lang.ClassNotFoundException: org.apache.spark.streaming.StreamingListener
	at java.net.URLClassLoader.findClass(URLClassLoader.java:387)
	at java.lang.ClassLoader.loadClass(ClassLoader.java:418)
	at java.lang.ClassLoader.loadClass(ClassLoader.java:351)
	at java.lang.Class.forName0(Native Method)
	at java.lang.Class.forName(Class.java:348)
	at org.apache.spark.util.Utils$.classForName(Utils.scala:218)
	at org.apache.spark.util.Utils$.$anonfun$loadExtensions$1(Utils.scala:2921)
	at scala.collection.TraversableLike.$anonfun$flatMap$1(TraversableLike.scala:293)
	at scala.collection.mutable.ResizableArray.foreach(ResizableArray.scala:62)
	at scala.collection.mutable.ResizableArray.foreach$(ResizableArray.scala:55)
	at scala.collection.mutable.ArrayBuffer.foreach(ArrayBuffer.scala:49)
	at scala.collection.TraversableLike.flatMap(TraversableLike.scala:293)
	at scala.collection.TraversableLike.flatMap$(TraversableLike.scala:290)
	at scala.collection.AbstractTraversable.flatMap(Traversable.scala:108)
	at org.apache.spark.util.Utils$.loadExtensions(Utils.scala:2919)
	at org.apache.spark.SparkContext.$anonfun$setupAndStartListenerBus$1(SparkContext.scala:2562)
	at org.apache.spark.SparkContext.$anonfun$setupAndStartListenerBus$1$adapted(SparkContext.scala:2561)
	at scala.Option.foreach(Option.scala:407)
	at org.apache.spark.SparkContext.setupAndStartListenerBus(SparkContext.scala:2561)
	... 12 more
2025-03-25 10:01:22,701 INFO [shutdown-hook-0] org.apache.spark.util.ShutdownHookManager: Shutdown hook called
2025-03-25 10:01:22,701 INFO [shutdown-hook-0] org.apache.spark.util.ShutdownHookManager: Deleting directory /data/tmp/nm-local-dir/usercache/root/appcache/application_1742896830973_0001/spark-657750ee-cc98-4be2-90d4-2d79b808edc5
2025-03-25 10:01:22,704 DEBUG [Thread-2] org.apache.hadoop.util.ShutdownHookManager: Completed shutdown in 0.005 seconds; Timeouts: 0
2025-03-25 10:01:22,713 DEBUG [Thread-2] org.apache.hadoop.util.ShutdownHookManager: ShutdownHookManager completed shutdown.
