program=ml.DeveloperApiExample
SPARKLORD_MODE=CONFIG_INJECTION
cpu_cores=2
cpu_util=200
memory=4g
config_file_name=spark-defaults.conf
config_key=spark.dynamicAllocation.enabled
config_value=True

2025-03-25 09:11:35,173 INFO [main] org.apache.spark.util.SignalUtils: Registering signal handler for TERM
2025-03-25 09:11:35,177 INFO [main] org.apache.spark.util.SignalUtils: Registering signal handler for HUP
2025-03-25 09:11:35,177 INFO [main] org.apache.spark.util.SignalUtils: Registering signal handler for INT
2025-03-25 09:11:35,424 DEBUG [main] org.apache.hadoop.util.Shell: setsid exited with exit code 0
2025-03-25 09:11:35,560 INFO [main] org.apache.spark.SecurityManager: Changing view acls to: root
2025-03-25 09:11:35,561 INFO [main] org.apache.spark.SecurityManager: Changing modify acls to: root
2025-03-25 09:11:35,563 INFO [main] org.apache.spark.SecurityManager: Changing view acls groups to: 
2025-03-25 09:11:35,563 INFO [main] org.apache.spark.SecurityManager: Changing modify acls groups to: 
2025-03-25 09:11:35,564 INFO [main] org.apache.spark.SecurityManager: SecurityManager: authentication disabled; ui acls disabled; users  with view permissions: Set(root); groups with view permissions: Set(); users  with modify permissions: Set(root); groups with modify permissions: Set()
2025-03-25 09:11:35,625 DEBUG [main] org.apache.hadoop.metrics2.lib.MutableMetricsFactory: field org.apache.hadoop.metrics2.lib.MutableRate org.apache.hadoop.security.UserGroupInformation$UgiMetrics.getGroups with annotation @org.apache.hadoop.metrics2.annotation.Metric(sampleName=Ops, always=false, valueName=Time, about=, interval=10, type=DEFAULT, value=[GetGroups])
2025-03-25 09:11:35,630 DEBUG [main] org.apache.hadoop.metrics2.lib.MutableMetricsFactory: field org.apache.hadoop.metrics2.lib.MutableRate org.apache.hadoop.security.UserGroupInformation$UgiMetrics.loginFailure with annotation @org.apache.hadoop.metrics2.annotation.Metric(sampleName=Ops, always=false, valueName=Time, about=, interval=10, type=DEFAULT, value=[Rate of failed kerberos logins and latency (milliseconds)])
2025-03-25 09:11:35,630 DEBUG [main] org.apache.hadoop.metrics2.lib.MutableMetricsFactory: field org.apache.hadoop.metrics2.lib.MutableRate org.apache.hadoop.security.UserGroupInformation$UgiMetrics.loginSuccess with annotation @org.apache.hadoop.metrics2.annotation.Metric(sampleName=Ops, always=false, valueName=Time, about=, interval=10, type=DEFAULT, value=[Rate of successful kerberos logins and latency (milliseconds)])
2025-03-25 09:11:35,630 DEBUG [main] org.apache.hadoop.metrics2.lib.MutableMetricsFactory: field private org.apache.hadoop.metrics2.lib.MutableGaugeInt org.apache.hadoop.security.UserGroupInformation$UgiMetrics.renewalFailures with annotation @org.apache.hadoop.metrics2.annotation.Metric(sampleName=Ops, always=false, valueName=Time, about=, interval=10, type=DEFAULT, value=[Renewal failures since last successful login])
2025-03-25 09:11:35,631 DEBUG [main] org.apache.hadoop.metrics2.lib.MutableMetricsFactory: field private org.apache.hadoop.metrics2.lib.MutableGaugeLong org.apache.hadoop.security.UserGroupInformation$UgiMetrics.renewalFailuresTotal with annotation @org.apache.hadoop.metrics2.annotation.Metric(sampleName=Ops, always=false, valueName=Time, about=, interval=10, type=DEFAULT, value=[Renewal failures since startup])
2025-03-25 09:11:35,631 DEBUG [main] org.apache.hadoop.metrics2.impl.MetricsSystemImpl: UgiMetrics, User and group related metrics
2025-03-25 09:11:35,645 DEBUG [main] org.apache.hadoop.security.SecurityUtil: Setting hadoop.security.token.service.use_ip to true
2025-03-25 09:11:35,649 DEBUG [main] org.apache.hadoop.security.Groups:  Creating new Groups object
2025-03-25 09:11:35,650 DEBUG [main] org.apache.hadoop.util.NativeCodeLoader: Trying to load the custom-built native-hadoop library...
2025-03-25 09:11:35,651 DEBUG [main] org.apache.hadoop.util.NativeCodeLoader: Failed to load native-hadoop with error: java.lang.UnsatisfiedLinkError: no hadoop in java.library.path
2025-03-25 09:11:35,651 DEBUG [main] org.apache.hadoop.util.NativeCodeLoader: java.library.path=/usr/java/packages/lib/amd64:/usr/lib/x86_64-linux-gnu/jni:/lib/x86_64-linux-gnu:/usr/lib/x86_64-linux-gnu:/usr/lib/jni:/lib:/usr/lib
2025-03-25 09:11:35,651 WARN [main] org.apache.hadoop.util.NativeCodeLoader: Unable to load native-hadoop library for your platform... using builtin-java classes where applicable
2025-03-25 09:11:35,651 DEBUG [main] org.apache.hadoop.util.PerformanceAdvisory: Falling back to shell based
2025-03-25 09:11:35,652 DEBUG [main] org.apache.hadoop.security.JniBasedUnixGroupsMappingWithFallback: Group mapping impl=org.apache.hadoop.security.ShellBasedUnixGroupsMapping
2025-03-25 09:11:35,694 DEBUG [main] org.apache.hadoop.security.Groups: Group mapping impl=org.apache.hadoop.security.JniBasedUnixGroupsMappingWithFallback; cacheTimeout=300000; warningDeltaMs=5000
2025-03-25 09:11:35,762 DEBUG [main] org.apache.spark.deploy.SparkHadoopUtil: creating UGI for user: root
2025-03-25 09:11:35,765 DEBUG [main] org.apache.hadoop.security.UserGroupInformation: Hadoop login
2025-03-25 09:11:35,765 DEBUG [main] org.apache.hadoop.security.UserGroupInformation: hadoop login commit
2025-03-25 09:11:35,767 DEBUG [main] org.apache.hadoop.security.UserGroupInformation: Using local user: UnixPrincipal: root
2025-03-25 09:11:35,768 DEBUG [main] org.apache.hadoop.security.UserGroupInformation: Using user: "UnixPrincipal: root" with name: root
2025-03-25 09:11:35,768 DEBUG [main] org.apache.hadoop.security.UserGroupInformation: User entry: "root"
2025-03-25 09:11:35,768 DEBUG [main] org.apache.hadoop.security.UserGroupInformation: Reading credentials from location /data/tmp/nm-local-dir/usercache/root/appcache/application_1742893845764_0001/container_1742893845764_0001_01_000001/container_tokens
2025-03-25 09:11:35,774 DEBUG [main] org.apache.hadoop.security.UserGroupInformation: Loaded 1 tokens from /data/tmp/nm-local-dir/usercache/root/appcache/application_1742893845764_0001/container_1742893845764_0001_01_000001/container_tokens
2025-03-25 09:11:35,775 DEBUG [main] org.apache.hadoop.security.UserGroupInformation: UGI loginUser: root (auth:SIMPLE)
2025-03-25 09:11:35,775 DEBUG [main] org.apache.hadoop.security.UserGroupInformation: PrivilegedAction [as: root (auth:SIMPLE)][action: org.apache.spark.deploy.yarn.ApplicationMaster$$anon$3@1522d8a0]
java.lang.Exception
	at org.apache.hadoop.security.UserGroupInformation.doAs(UserGroupInformation.java:1875)
	at org.apache.spark.deploy.yarn.ApplicationMaster$.main(ApplicationMaster.scala:925)
	at org.apache.spark.deploy.yarn.ApplicationMaster.main(ApplicationMaster.scala)
2025-03-25 09:11:35,783 INFO [main] org.apache.spark.deploy.yarn.ApplicationMaster: ApplicationAttemptId: appattempt_1742893845764_0001_000001
2025-03-25 09:11:35,785 DEBUG [main] org.apache.spark.util.ShutdownHookManager: Adding shutdown hook
2025-03-25 09:11:35,809 INFO [main] org.apache.spark.deploy.yarn.ApplicationMaster: Starting the user application in a separate Thread
2025-03-25 09:11:35,812 INFO [main] org.apache.spark.deploy.yarn.ApplicationMaster: Waiting for spark context initialization...
2025-03-25 09:11:35,866 INFO [Driver] org.apache.spark.SparkContext: Running Spark version 3.3.2
2025-03-25 09:11:35,890 INFO [Driver] org.apache.spark.resource.ResourceUtils: ==============================================================
2025-03-25 09:11:35,890 INFO [Driver] org.apache.spark.resource.ResourceUtils: No custom resources configured for spark.driver.
2025-03-25 09:11:35,891 INFO [Driver] org.apache.spark.resource.ResourceUtils: ==============================================================
2025-03-25 09:11:35,891 INFO [Driver] org.apache.spark.SparkContext: Submitted application: DeveloperApiExample
2025-03-25 09:11:35,907 INFO [Driver] org.apache.spark.resource.ResourceProfile: Default ResourceProfile created, executor resources: Map(cores -> name: cores, amount: 2, script: , vendor: , memory -> name: memory, amount: 2048, script: , vendor: , offHeap -> name: offHeap, amount: 0, script: , vendor: ), task resources: Map(cpus -> name: cpus, amount: 1.0)
2025-03-25 09:11:35,912 INFO [Driver] org.apache.spark.resource.ResourceProfile: Limiting resource is cpus at 2 tasks per executor
2025-03-25 09:11:35,914 INFO [Driver] org.apache.spark.resource.ResourceProfileManager: Added ResourceProfile id: 0
2025-03-25 09:11:35,948 INFO [Driver] org.apache.spark.SecurityManager: Changing view acls to: root
2025-03-25 09:11:35,948 INFO [Driver] org.apache.spark.SecurityManager: Changing modify acls to: root
2025-03-25 09:11:35,948 INFO [Driver] org.apache.spark.SecurityManager: Changing view acls groups to: 
2025-03-25 09:11:35,948 INFO [Driver] org.apache.spark.SecurityManager: Changing modify acls groups to: 
2025-03-25 09:11:35,948 INFO [Driver] org.apache.spark.SecurityManager: SecurityManager: authentication disabled; ui acls disabled; users  with view permissions: Set(root); groups with view permissions: Set(); users  with modify permissions: Set(root); groups with modify permissions: Set()
2025-03-25 09:11:35,987 DEBUG [Driver] io.netty.util.internal.logging.InternalLoggerFactory: Using SLF4J as the default logging framework
2025-03-25 09:11:35,991 DEBUG [Driver] io.netty.util.internal.InternalThreadLocalMap: -Dio.netty.threadLocalMap.stringBuilder.initialSize: 1024
2025-03-25 09:11:35,991 DEBUG [Driver] io.netty.util.internal.InternalThreadLocalMap: -Dio.netty.threadLocalMap.stringBuilder.maxSize: 4096
2025-03-25 09:11:36,000 DEBUG [Driver] io.netty.channel.MultithreadEventLoopGroup: -Dio.netty.eventLoopThreads: 4
2025-03-25 09:11:36,023 DEBUG [Driver] io.netty.util.internal.PlatformDependent0: -Dio.netty.noUnsafe: false
2025-03-25 09:11:36,023 DEBUG [Driver] io.netty.util.internal.PlatformDependent0: Java version: 8
2025-03-25 09:11:36,024 DEBUG [Driver] io.netty.util.internal.PlatformDependent0: sun.misc.Unsafe.theUnsafe: available
2025-03-25 09:11:36,024 DEBUG [Driver] io.netty.util.internal.PlatformDependent0: sun.misc.Unsafe.copyMemory: available
2025-03-25 09:11:36,024 DEBUG [Driver] io.netty.util.internal.PlatformDependent0: java.nio.Buffer.address: available
2025-03-25 09:11:36,024 DEBUG [Driver] io.netty.util.internal.PlatformDependent0: direct buffer constructor: available
2025-03-25 09:11:36,025 DEBUG [Driver] io.netty.util.internal.PlatformDependent0: java.nio.Bits.unaligned: available, true
2025-03-25 09:11:36,025 DEBUG [Driver] io.netty.util.internal.PlatformDependent0: jdk.internal.misc.Unsafe.allocateUninitializedArray(int): unavailable prior to Java9
2025-03-25 09:11:36,025 DEBUG [Driver] io.netty.util.internal.PlatformDependent0: java.nio.DirectByteBuffer.<init>(long, int): available
2025-03-25 09:11:36,025 DEBUG [Driver] io.netty.util.internal.PlatformDependent: sun.misc.Unsafe: available
2025-03-25 09:11:36,025 DEBUG [Driver] io.netty.util.internal.PlatformDependent: -Dio.netty.tmpdir: /data/tmp/nm-local-dir/usercache/root/appcache/application_1742893845764_0001/container_1742893845764_0001_01_000001/tmp (java.io.tmpdir)
2025-03-25 09:11:36,025 DEBUG [Driver] io.netty.util.internal.PlatformDependent: -Dio.netty.bitMode: 64 (sun.arch.data.model)
2025-03-25 09:11:36,026 DEBUG [Driver] io.netty.util.internal.PlatformDependent: -Dio.netty.maxDirectMemory: 3817865216 bytes
2025-03-25 09:11:36,026 DEBUG [Driver] io.netty.util.internal.PlatformDependent: -Dio.netty.uninitializedArrayAllocationThreshold: -1
2025-03-25 09:11:36,027 DEBUG [Driver] io.netty.util.internal.CleanerJava6: java.nio.ByteBuffer.cleaner(): available
2025-03-25 09:11:36,027 DEBUG [Driver] io.netty.util.internal.PlatformDependent: -Dio.netty.noPreferDirect: false
2025-03-25 09:11:36,028 DEBUG [Driver] io.netty.channel.nio.NioEventLoop: -Dio.netty.noKeySetOptimization: false
2025-03-25 09:11:36,028 DEBUG [Driver] io.netty.channel.nio.NioEventLoop: -Dio.netty.selectorAutoRebuildThreshold: 512
2025-03-25 09:11:36,032 DEBUG [Driver] io.netty.util.internal.PlatformDependent: org.jctools-core.MpscChunkedArrayQueue: available
2025-03-25 09:11:36,044 DEBUG [Driver] io.netty.util.ResourceLeakDetector: -Dio.netty.leakDetection.level: simple
2025-03-25 09:11:36,044 DEBUG [Driver] io.netty.util.ResourceLeakDetector: -Dio.netty.leakDetection.targetRecords: 4
2025-03-25 09:11:36,046 DEBUG [Driver] io.netty.buffer.PooledByteBufAllocator: -Dio.netty.allocator.numHeapArenas: 4
2025-03-25 09:11:36,046 DEBUG [Driver] io.netty.buffer.PooledByteBufAllocator: -Dio.netty.allocator.numDirectArenas: 4
2025-03-25 09:11:36,046 DEBUG [Driver] io.netty.buffer.PooledByteBufAllocator: -Dio.netty.allocator.pageSize: 8192
2025-03-25 09:11:36,047 DEBUG [Driver] io.netty.buffer.PooledByteBufAllocator: -Dio.netty.allocator.maxOrder: 11
2025-03-25 09:11:36,047 DEBUG [Driver] io.netty.buffer.PooledByteBufAllocator: -Dio.netty.allocator.chunkSize: 16777216
2025-03-25 09:11:36,047 DEBUG [Driver] io.netty.buffer.PooledByteBufAllocator: -Dio.netty.allocator.smallCacheSize: 256
2025-03-25 09:11:36,047 DEBUG [Driver] io.netty.buffer.PooledByteBufAllocator: -Dio.netty.allocator.normalCacheSize: 64
2025-03-25 09:11:36,047 DEBUG [Driver] io.netty.buffer.PooledByteBufAllocator: -Dio.netty.allocator.maxCachedBufferCapacity: 32768
2025-03-25 09:11:36,047 DEBUG [Driver] io.netty.buffer.PooledByteBufAllocator: -Dio.netty.allocator.cacheTrimInterval: 8192
2025-03-25 09:11:36,047 DEBUG [Driver] io.netty.buffer.PooledByteBufAllocator: -Dio.netty.allocator.cacheTrimIntervalMillis: 0
2025-03-25 09:11:36,047 DEBUG [Driver] io.netty.buffer.PooledByteBufAllocator: -Dio.netty.allocator.useCacheForAllThreads: true
2025-03-25 09:11:36,048 DEBUG [Driver] io.netty.buffer.PooledByteBufAllocator: -Dio.netty.allocator.maxCachedByteBuffersPerChunk: 1023
2025-03-25 09:11:36,072 DEBUG [Driver] io.netty.channel.DefaultChannelId: -Dio.netty.processId: 1502 (auto-detected)
2025-03-25 09:11:36,073 DEBUG [Driver] io.netty.util.NetUtil: -Djava.net.preferIPv4Stack: false
2025-03-25 09:11:36,073 DEBUG [Driver] io.netty.util.NetUtil: -Djava.net.preferIPv6Addresses: false
2025-03-25 09:11:36,075 DEBUG [Driver] io.netty.util.NetUtilInitializations: Loopback interface: lo (lo, 0:0:0:0:0:0:0:1%lo)
2025-03-25 09:11:36,075 DEBUG [Driver] io.netty.util.NetUtil: /proc/sys/net/core/somaxconn: 4096
2025-03-25 09:11:36,076 DEBUG [Driver] io.netty.channel.DefaultChannelId: -Dio.netty.machineId: 02:42:ac:ff:fe:14:01:10 (auto-detected)
2025-03-25 09:11:36,089 DEBUG [Driver] io.netty.buffer.ByteBufUtil: -Dio.netty.allocator.type: pooled
2025-03-25 09:11:36,089 DEBUG [Driver] io.netty.buffer.ByteBufUtil: -Dio.netty.threadLocalDirectBufferSize: 0
2025-03-25 09:11:36,089 DEBUG [Driver] io.netty.buffer.ByteBufUtil: -Dio.netty.maxThreadLocalCharBufferSize: 16384
2025-03-25 09:11:36,097 DEBUG [Driver] org.apache.spark.network.server.TransportServer: Shuffle server started on port: 33991
2025-03-25 09:11:36,117 INFO [Driver] org.apache.spark.util.Utils: Successfully started service 'sparkDriver' on port 33991.
2025-03-25 09:11:36,118 DEBUG [Driver] org.apache.spark.SparkEnv: Using serializer: class org.apache.spark.serializer.JavaSerializer
2025-03-25 09:11:36,145 INFO [Driver] org.apache.spark.SparkEnv: Registering MapOutputTracker
2025-03-25 09:11:36,146 DEBUG [Driver] org.apache.spark.MapOutputTrackerMasterEndpoint: init
2025-03-25 09:11:36,175 INFO [Driver] org.apache.spark.SparkEnv: Registering BlockManagerMaster
2025-03-25 09:11:36,190 INFO [Driver] org.apache.spark.storage.BlockManagerMasterEndpoint: Using org.apache.spark.storage.DefaultTopologyMapper for getting topology information
2025-03-25 09:11:36,190 INFO [Driver] org.apache.spark.storage.BlockManagerMasterEndpoint: BlockManagerMasterEndpoint up
2025-03-25 09:11:36,221 INFO [Driver] org.apache.spark.SparkEnv: Registering BlockManagerMasterHeartbeat
2025-03-25 09:11:36,250 INFO [Driver] org.apache.spark.storage.DiskBlockManager: Created local directory at /data/tmp/nm-local-dir/usercache/root/appcache/application_1742893845764_0001/blockmgr-f8653ac0-504c-409f-95b3-d8d4d959dd1e
2025-03-25 09:11:36,253 DEBUG [Driver] org.apache.spark.storage.DiskBlockManager: Adding shutdown hook
2025-03-25 09:11:36,267 INFO [Driver] org.apache.spark.storage.memory.MemoryStore: MemoryStore started with capacity 2004.6 MiB
2025-03-25 09:11:36,313 INFO [Driver] org.apache.spark.SparkEnv: Registering OutputCommitCoordinator
2025-03-25 09:11:36,314 DEBUG [Driver] org.apache.spark.scheduler.OutputCommitCoordinator$OutputCommitCoordinatorEndpoint: init
2025-03-25 09:11:36,325 DEBUG [Driver] org.apache.spark.SecurityManager: Created SSL options for ui: SSLOptions{enabled=false, port=None, keyStore=None, keyStorePassword=None, trustStore=None, trustStorePassword=None, protocol=None, enabledAlgorithms=Set()}
2025-03-25 09:11:36,531 DEBUG [Driver] org.apache.spark.ui.JettyUtils: Using requestHeaderSize: 8192
2025-03-25 09:11:36,564 INFO [Driver] org.apache.spark.util.Utils: Successfully started service 'SparkUI' on port 38315.
2025-03-25 09:11:36,566 INFO [Driver] org.apache.spark.ui.ServerInfo: Adding filter to /: org.apache.hadoop.yarn.server.webproxy.amfilter.AmIpFilter
2025-03-25 09:11:36,656 INFO [Driver] org.apache.spark.scheduler.cluster.YarnClusterScheduler: Created YarnClusterScheduler
2025-03-25 09:11:36,727 INFO [Driver] org.apache.spark.util.Utils: Using initial executors = 3, max of spark.dynamicAllocation.initialExecutors, spark.dynamicAllocation.minExecutors and spark.executor.instances
2025-03-25 09:11:36,742 DEBUG [Driver] org.apache.spark.network.server.TransportServer: Shuffle server started on port: 37497
2025-03-25 09:11:36,742 INFO [Driver] org.apache.spark.util.Utils: Successfully started service 'org.apache.spark.network.netty.NettyBlockTransferService' on port 37497.
2025-03-25 09:11:36,742 INFO [Driver] org.apache.spark.network.netty.NettyBlockTransferService: Server created on slave1:37497
2025-03-25 09:11:36,743 INFO [Driver] org.apache.spark.storage.BlockManager: Using org.apache.spark.storage.RandomBlockReplicationPolicy for block replication policy
2025-03-25 09:11:36,750 INFO [Driver] org.apache.spark.storage.BlockManagerMaster: Registering BlockManager BlockManagerId(driver, slave1, 37497, None)
2025-03-25 09:11:36,754 DEBUG [dispatcher-BlockManagerMaster] org.apache.spark.storage.DefaultTopologyMapper: Got a request for slave1
2025-03-25 09:11:36,755 INFO [dispatcher-BlockManagerMaster] org.apache.spark.storage.BlockManagerMasterEndpoint: Registering block manager slave1:37497 with 2004.6 MiB RAM, BlockManagerId(driver, slave1, 37497, None)
2025-03-25 09:11:36,759 INFO [Driver] org.apache.spark.storage.BlockManagerMaster: Registered BlockManager BlockManagerId(driver, slave1, 37497, None)
2025-03-25 09:11:36,760 INFO [Driver] org.apache.spark.storage.BlockManager: Initialized BlockManager: BlockManagerId(driver, slave1, 37497, None)
2025-03-25 09:11:36,861 INFO [Driver] org.apache.spark.util.Utils: Using initial executors = 3, max of spark.dynamicAllocation.initialExecutors, spark.dynamicAllocation.minExecutors and spark.executor.instances
2025-03-25 09:11:36,862 ERROR [Driver] org.apache.spark.SparkContext: Error initializing SparkContext.
org.apache.spark.SparkException: Dynamic allocation of executors requires the external shuffle service. You may enable this through spark.shuffle.service.enabled.
	at org.apache.spark.ExecutorAllocationManager.validateSettings(ExecutorAllocationManager.scala:213)
	at org.apache.spark.ExecutorAllocationManager.<init>(ExecutorAllocationManager.scala:135)
	at org.apache.spark.SparkContext.<init>(SparkContext.scala:644)
	at org.apache.spark.SparkContext$.getOrCreate(SparkContext.scala:2714)
	at org.apache.spark.sql.SparkSession$Builder.$anonfun$getOrCreate$2(SparkSession.scala:953)
	at scala.Option.getOrElse(Option.scala:189)
	at org.apache.spark.sql.SparkSession$Builder.getOrCreate(SparkSession.scala:947)
	at org.apache.spark.examples.ml.DeveloperApiExample$.main(DeveloperApiExample.scala:42)
	at org.apache.spark.examples.ml.DeveloperApiExample.main(DeveloperApiExample.scala)
	at sun.reflect.NativeMethodAccessorImpl.invoke0(Native Method)
	at sun.reflect.NativeMethodAccessorImpl.invoke(NativeMethodAccessorImpl.java:62)
	at sun.reflect.DelegatingMethodAccessorImpl.invoke(DelegatingMethodAccessorImpl.java:43)
	at java.lang.reflect.Method.invoke(Method.java:498)
	at org.apache.spark.deploy.yarn.ApplicationMaster$$anon$2.run(ApplicationMaster.scala:739)
2025-03-25 09:11:36,873 INFO [Driver] org.apache.spark.ui.SparkUI: Stopped Spark web UI at http://slave1:38315
2025-03-25 09:11:36,888 WARN [dispatcher-event-loop-0] org.apache.spark.scheduler.cluster.YarnSchedulerBackend$YarnSchedulerEndpoint: Attempted to request executors before the AM has registered!
2025-03-25 09:11:36,889 INFO [Driver] org.apache.spark.scheduler.cluster.YarnClusterSchedulerBackend: Shutting down all executors
2025-03-25 09:11:36,892 INFO [dispatcher-CoarseGrainedScheduler] org.apache.spark.scheduler.cluster.YarnSchedulerBackend$YarnDriverEndpoint: Asking each executor to shut down
2025-03-25 09:11:36,904 INFO [dispatcher-event-loop-0] org.apache.spark.MapOutputTrackerMasterEndpoint: MapOutputTrackerMasterEndpoint stopped!
2025-03-25 09:11:36,916 INFO [Driver] org.apache.spark.storage.memory.MemoryStore: MemoryStore cleared
2025-03-25 09:11:36,916 INFO [Driver] org.apache.spark.storage.BlockManager: BlockManager stopped
2025-03-25 09:11:36,926 INFO [Driver] org.apache.spark.storage.BlockManagerMaster: BlockManagerMaster stopped
2025-03-25 09:11:36,928 INFO [dispatcher-event-loop-0] org.apache.spark.scheduler.OutputCommitCoordinator$OutputCommitCoordinatorEndpoint: OutputCommitCoordinator stopped!
2025-03-25 09:11:36,933 INFO [Driver] org.apache.spark.SparkContext: Successfully stopped SparkContext
2025-03-25 09:11:36,934 ERROR [Driver] org.apache.spark.deploy.yarn.ApplicationMaster: User class threw exception: org.apache.spark.SparkException: Dynamic allocation of executors requires the external shuffle service. You may enable this through spark.shuffle.service.enabled.
org.apache.spark.SparkException: Dynamic allocation of executors requires the external shuffle service. You may enable this through spark.shuffle.service.enabled.
	at org.apache.spark.ExecutorAllocationManager.validateSettings(ExecutorAllocationManager.scala:213)
	at org.apache.spark.ExecutorAllocationManager.<init>(ExecutorAllocationManager.scala:135)
	at org.apache.spark.SparkContext.<init>(SparkContext.scala:644)
	at org.apache.spark.SparkContext$.getOrCreate(SparkContext.scala:2714)
	at org.apache.spark.sql.SparkSession$Builder.$anonfun$getOrCreate$2(SparkSession.scala:953)
	at scala.Option.getOrElse(Option.scala:189)
	at org.apache.spark.sql.SparkSession$Builder.getOrCreate(SparkSession.scala:947)
	at org.apache.spark.examples.ml.DeveloperApiExample$.main(DeveloperApiExample.scala:42)
	at org.apache.spark.examples.ml.DeveloperApiExample.main(DeveloperApiExample.scala)
	at sun.reflect.NativeMethodAccessorImpl.invoke0(Native Method)
	at sun.reflect.NativeMethodAccessorImpl.invoke(NativeMethodAccessorImpl.java:62)
	at sun.reflect.DelegatingMethodAccessorImpl.invoke(DelegatingMethodAccessorImpl.java:43)
	at java.lang.reflect.Method.invoke(Method.java:498)
	at org.apache.spark.deploy.yarn.ApplicationMaster$$anon$2.run(ApplicationMaster.scala:739)
2025-03-25 09:11:36,935 INFO [Driver] org.apache.spark.deploy.yarn.ApplicationMaster: Final app status: FAILED, exitCode: 13, (reason: User class threw exception: org.apache.spark.SparkException: Dynamic allocation of executors requires the external shuffle service. You may enable this through spark.shuffle.service.enabled.
	at org.apache.spark.ExecutorAllocationManager.validateSettings(ExecutorAllocationManager.scala:213)
	at org.apache.spark.ExecutorAllocationManager.<init>(ExecutorAllocationManager.scala:135)
	at org.apache.spark.SparkContext.<init>(SparkContext.scala:644)
	at org.apache.spark.SparkContext$.getOrCreate(SparkContext.scala:2714)
	at org.apache.spark.sql.SparkSession$Builder.$anonfun$getOrCreate$2(SparkSession.scala:953)
	at scala.Option.getOrElse(Option.scala:189)
	at org.apache.spark.sql.SparkSession$Builder.getOrCreate(SparkSession.scala:947)
	at org.apache.spark.examples.ml.DeveloperApiExample$.main(DeveloperApiExample.scala:42)
	at org.apache.spark.examples.ml.DeveloperApiExample.main(DeveloperApiExample.scala)
	at sun.reflect.NativeMethodAccessorImpl.invoke0(Native Method)
	at sun.reflect.NativeMethodAccessorImpl.invoke(NativeMethodAccessorImpl.java:62)
	at sun.reflect.DelegatingMethodAccessorImpl.invoke(DelegatingMethodAccessorImpl.java:43)
	at java.lang.reflect.Method.invoke(Method.java:498)
	at org.apache.spark.deploy.yarn.ApplicationMaster$$anon$2.run(ApplicationMaster.scala:739)
)
2025-03-25 09:11:36,942 ERROR [main] org.apache.spark.deploy.yarn.ApplicationMaster: Uncaught exception: 
org.apache.spark.SparkException: Exception thrown in awaitResult: 
	at org.apache.spark.util.ThreadUtils$.awaitResult(ThreadUtils.scala:301)
	at org.apache.spark.deploy.yarn.ApplicationMaster.runDriver(ApplicationMaster.scala:511)
	at org.apache.spark.deploy.yarn.ApplicationMaster.run(ApplicationMaster.scala:275)
	at org.apache.spark.deploy.yarn.ApplicationMaster$$anon$3.run(ApplicationMaster.scala:926)
	at org.apache.spark.deploy.yarn.ApplicationMaster$$anon$3.run(ApplicationMaster.scala:925)
	at java.security.AccessController.doPrivileged(Native Method)
	at javax.security.auth.Subject.doAs(Subject.java:422)
	at org.apache.hadoop.security.UserGroupInformation.doAs(UserGroupInformation.java:1878)
	at org.apache.spark.deploy.yarn.ApplicationMaster$.main(ApplicationMaster.scala:925)
	at org.apache.spark.deploy.yarn.ApplicationMaster.main(ApplicationMaster.scala)
Caused by: org.apache.spark.SparkException: Dynamic allocation of executors requires the external shuffle service. You may enable this through spark.shuffle.service.enabled.
	at org.apache.spark.ExecutorAllocationManager.validateSettings(ExecutorAllocationManager.scala:213)
	at org.apache.spark.ExecutorAllocationManager.<init>(ExecutorAllocationManager.scala:135)
	at org.apache.spark.SparkContext.<init>(SparkContext.scala:644)
	at org.apache.spark.SparkContext$.getOrCreate(SparkContext.scala:2714)
	at org.apache.spark.sql.SparkSession$Builder.$anonfun$getOrCreate$2(SparkSession.scala:953)
	at scala.Option.getOrElse(Option.scala:189)
	at org.apache.spark.sql.SparkSession$Builder.getOrCreate(SparkSession.scala:947)
	at org.apache.spark.examples.ml.DeveloperApiExample$.main(DeveloperApiExample.scala:42)
	at org.apache.spark.examples.ml.DeveloperApiExample.main(DeveloperApiExample.scala)
	at sun.reflect.NativeMethodAccessorImpl.invoke0(Native Method)
	at sun.reflect.NativeMethodAccessorImpl.invoke(NativeMethodAccessorImpl.java:62)
	at sun.reflect.DelegatingMethodAccessorImpl.invoke(DelegatingMethodAccessorImpl.java:43)
	at java.lang.reflect.Method.invoke(Method.java:498)
	at org.apache.spark.deploy.yarn.ApplicationMaster$$anon$2.run(ApplicationMaster.scala:739)
2025-03-25 09:11:36,944 INFO [shutdown-hook-0] org.apache.spark.util.ShutdownHookManager: Shutdown hook called
2025-03-25 09:11:36,945 INFO [shutdown-hook-0] org.apache.spark.util.ShutdownHookManager: Deleting directory /data/tmp/nm-local-dir/usercache/root/appcache/application_1742893845764_0001/spark-b694cfdf-3120-49f3-bb46-568a2d11ac1a
2025-03-25 09:11:36,947 DEBUG [Thread-2] org.apache.hadoop.util.ShutdownHookManager: Completed shutdown in 0.003 seconds; Timeouts: 0
2025-03-25 09:11:36,957 DEBUG [Thread-2] org.apache.hadoop.util.ShutdownHookManager: ShutdownHookManager completed shutdown.
