program=ml.DeveloperApiExample
SPARKLORD_MODE=CONFIG_INJECTION
cpu_cores=2
cpu_util=200
memory=4g
config_file_name=spark-defaults.conf
config_key=spark.driver.bindAddress
config_value=192.168.1.100

2025-03-25 08:46:43,520 INFO [main] org.apache.spark.util.SignalUtils: Registering signal handler for TERM
2025-03-25 08:46:43,525 INFO [main] org.apache.spark.util.SignalUtils: Registering signal handler for HUP
2025-03-25 08:46:43,525 INFO [main] org.apache.spark.util.SignalUtils: Registering signal handler for INT
2025-03-25 08:46:43,750 DEBUG [main] org.apache.hadoop.util.Shell: setsid exited with exit code 0
2025-03-25 08:46:43,866 INFO [main] org.apache.spark.SecurityManager: Changing view acls to: root
2025-03-25 08:46:43,866 INFO [main] org.apache.spark.SecurityManager: Changing modify acls to: root
2025-03-25 08:46:43,866 INFO [main] org.apache.spark.SecurityManager: Changing view acls groups to: 
2025-03-25 08:46:43,867 INFO [main] org.apache.spark.SecurityManager: Changing modify acls groups to: 
2025-03-25 08:46:43,867 INFO [main] org.apache.spark.SecurityManager: SecurityManager: authentication disabled; ui acls disabled; users  with view permissions: Set(root); groups with view permissions: Set(); users  with modify permissions: Set(root); groups with modify permissions: Set()
2025-03-25 08:46:43,919 DEBUG [main] org.apache.hadoop.metrics2.lib.MutableMetricsFactory: field org.apache.hadoop.metrics2.lib.MutableRate org.apache.hadoop.security.UserGroupInformation$UgiMetrics.getGroups with annotation @org.apache.hadoop.metrics2.annotation.Metric(always=false, sampleName=Ops, valueName=Time, about=, interval=10, type=DEFAULT, value=[GetGroups])
2025-03-25 08:46:43,923 DEBUG [main] org.apache.hadoop.metrics2.lib.MutableMetricsFactory: field org.apache.hadoop.metrics2.lib.MutableRate org.apache.hadoop.security.UserGroupInformation$UgiMetrics.loginFailure with annotation @org.apache.hadoop.metrics2.annotation.Metric(always=false, sampleName=Ops, valueName=Time, about=, interval=10, type=DEFAULT, value=[Rate of failed kerberos logins and latency (milliseconds)])
2025-03-25 08:46:43,924 DEBUG [main] org.apache.hadoop.metrics2.lib.MutableMetricsFactory: field org.apache.hadoop.metrics2.lib.MutableRate org.apache.hadoop.security.UserGroupInformation$UgiMetrics.loginSuccess with annotation @org.apache.hadoop.metrics2.annotation.Metric(always=false, sampleName=Ops, valueName=Time, about=, interval=10, type=DEFAULT, value=[Rate of successful kerberos logins and latency (milliseconds)])
2025-03-25 08:46:43,924 DEBUG [main] org.apache.hadoop.metrics2.lib.MutableMetricsFactory: field private org.apache.hadoop.metrics2.lib.MutableGaugeInt org.apache.hadoop.security.UserGroupInformation$UgiMetrics.renewalFailures with annotation @org.apache.hadoop.metrics2.annotation.Metric(always=false, sampleName=Ops, valueName=Time, about=, interval=10, type=DEFAULT, value=[Renewal failures since last successful login])
2025-03-25 08:46:43,924 DEBUG [main] org.apache.hadoop.metrics2.lib.MutableMetricsFactory: field private org.apache.hadoop.metrics2.lib.MutableGaugeLong org.apache.hadoop.security.UserGroupInformation$UgiMetrics.renewalFailuresTotal with annotation @org.apache.hadoop.metrics2.annotation.Metric(always=false, sampleName=Ops, valueName=Time, about=, interval=10, type=DEFAULT, value=[Renewal failures since startup])
2025-03-25 08:46:43,925 DEBUG [main] org.apache.hadoop.metrics2.impl.MetricsSystemImpl: UgiMetrics, User and group related metrics
2025-03-25 08:46:43,943 DEBUG [main] org.apache.hadoop.security.SecurityUtil: Setting hadoop.security.token.service.use_ip to true
2025-03-25 08:46:43,947 DEBUG [main] org.apache.hadoop.security.Groups:  Creating new Groups object
2025-03-25 08:46:43,948 DEBUG [main] org.apache.hadoop.util.NativeCodeLoader: Trying to load the custom-built native-hadoop library...
2025-03-25 08:46:43,949 DEBUG [main] org.apache.hadoop.util.NativeCodeLoader: Failed to load native-hadoop with error: java.lang.UnsatisfiedLinkError: no hadoop in java.library.path
2025-03-25 08:46:43,949 DEBUG [main] org.apache.hadoop.util.NativeCodeLoader: java.library.path=/usr/java/packages/lib/amd64:/usr/lib/x86_64-linux-gnu/jni:/lib/x86_64-linux-gnu:/usr/lib/x86_64-linux-gnu:/usr/lib/jni:/lib:/usr/lib
2025-03-25 08:46:43,949 WARN [main] org.apache.hadoop.util.NativeCodeLoader: Unable to load native-hadoop library for your platform... using builtin-java classes where applicable
2025-03-25 08:46:43,949 DEBUG [main] org.apache.hadoop.util.PerformanceAdvisory: Falling back to shell based
2025-03-25 08:46:43,949 DEBUG [main] org.apache.hadoop.security.JniBasedUnixGroupsMappingWithFallback: Group mapping impl=org.apache.hadoop.security.ShellBasedUnixGroupsMapping
2025-03-25 08:46:43,996 DEBUG [main] org.apache.hadoop.security.Groups: Group mapping impl=org.apache.hadoop.security.JniBasedUnixGroupsMappingWithFallback; cacheTimeout=300000; warningDeltaMs=5000
2025-03-25 08:46:44,069 DEBUG [main] org.apache.spark.deploy.SparkHadoopUtil: creating UGI for user: root
2025-03-25 08:46:44,073 DEBUG [main] org.apache.hadoop.security.UserGroupInformation: Hadoop login
2025-03-25 08:46:44,073 DEBUG [main] org.apache.hadoop.security.UserGroupInformation: hadoop login commit
2025-03-25 08:46:44,075 DEBUG [main] org.apache.hadoop.security.UserGroupInformation: Using local user: UnixPrincipal: root
2025-03-25 08:46:44,076 DEBUG [main] org.apache.hadoop.security.UserGroupInformation: Using user: "UnixPrincipal: root" with name: root
2025-03-25 08:46:44,076 DEBUG [main] org.apache.hadoop.security.UserGroupInformation: User entry: "root"
2025-03-25 08:46:44,076 DEBUG [main] org.apache.hadoop.security.UserGroupInformation: Reading credentials from location /data/tmp/nm-local-dir/usercache/root/appcache/application_1742892346867_0001/container_1742892346867_0001_02_000001/container_tokens
2025-03-25 08:46:44,080 DEBUG [main] org.apache.hadoop.security.UserGroupInformation: Loaded 1 tokens from /data/tmp/nm-local-dir/usercache/root/appcache/application_1742892346867_0001/container_1742892346867_0001_02_000001/container_tokens
2025-03-25 08:46:44,080 DEBUG [main] org.apache.hadoop.security.UserGroupInformation: UGI loginUser: root (auth:SIMPLE)
2025-03-25 08:46:44,080 DEBUG [main] org.apache.hadoop.security.UserGroupInformation: PrivilegedAction [as: root (auth:SIMPLE)][action: org.apache.spark.deploy.yarn.ApplicationMaster$$anon$3@1522d8a0]
java.lang.Exception
	at org.apache.hadoop.security.UserGroupInformation.doAs(UserGroupInformation.java:1875)
	at org.apache.spark.deploy.yarn.ApplicationMaster$.main(ApplicationMaster.scala:925)
	at org.apache.spark.deploy.yarn.ApplicationMaster.main(ApplicationMaster.scala)
2025-03-25 08:46:44,093 INFO [main] org.apache.spark.deploy.yarn.ApplicationMaster: ApplicationAttemptId: appattempt_1742892346867_0001_000002
2025-03-25 08:46:44,095 DEBUG [main] org.apache.spark.util.ShutdownHookManager: Adding shutdown hook
2025-03-25 08:46:44,119 INFO [main] org.apache.spark.deploy.yarn.ApplicationMaster: Starting the user application in a separate Thread
2025-03-25 08:46:44,121 INFO [main] org.apache.spark.deploy.yarn.ApplicationMaster: Waiting for spark context initialization...
2025-03-25 08:46:44,178 INFO [Driver] org.apache.spark.SparkContext: Running Spark version 3.3.2
2025-03-25 08:46:44,200 INFO [Driver] org.apache.spark.resource.ResourceUtils: ==============================================================
2025-03-25 08:46:44,200 INFO [Driver] org.apache.spark.resource.ResourceUtils: No custom resources configured for spark.driver.
2025-03-25 08:46:44,201 INFO [Driver] org.apache.spark.resource.ResourceUtils: ==============================================================
2025-03-25 08:46:44,201 INFO [Driver] org.apache.spark.SparkContext: Submitted application: DeveloperApiExample
2025-03-25 08:46:44,217 INFO [Driver] org.apache.spark.resource.ResourceProfile: Default ResourceProfile created, executor resources: Map(cores -> name: cores, amount: 2, script: , vendor: , memory -> name: memory, amount: 2048, script: , vendor: , offHeap -> name: offHeap, amount: 0, script: , vendor: ), task resources: Map(cpus -> name: cpus, amount: 1.0)
2025-03-25 08:46:44,222 INFO [Driver] org.apache.spark.resource.ResourceProfile: Limiting resource is cpus at 2 tasks per executor
2025-03-25 08:46:44,224 INFO [Driver] org.apache.spark.resource.ResourceProfileManager: Added ResourceProfile id: 0
2025-03-25 08:46:44,259 INFO [Driver] org.apache.spark.SecurityManager: Changing view acls to: root
2025-03-25 08:46:44,259 INFO [Driver] org.apache.spark.SecurityManager: Changing modify acls to: root
2025-03-25 08:46:44,259 INFO [Driver] org.apache.spark.SecurityManager: Changing view acls groups to: 
2025-03-25 08:46:44,259 INFO [Driver] org.apache.spark.SecurityManager: Changing modify acls groups to: 
2025-03-25 08:46:44,259 INFO [Driver] org.apache.spark.SecurityManager: SecurityManager: authentication disabled; ui acls disabled; users  with view permissions: Set(root); groups with view permissions: Set(); users  with modify permissions: Set(root); groups with modify permissions: Set()
2025-03-25 08:46:44,300 DEBUG [Driver] io.netty.util.internal.logging.InternalLoggerFactory: Using SLF4J as the default logging framework
2025-03-25 08:46:44,304 DEBUG [Driver] io.netty.util.internal.InternalThreadLocalMap: -Dio.netty.threadLocalMap.stringBuilder.initialSize: 1024
2025-03-25 08:46:44,304 DEBUG [Driver] io.netty.util.internal.InternalThreadLocalMap: -Dio.netty.threadLocalMap.stringBuilder.maxSize: 4096
2025-03-25 08:46:44,313 DEBUG [Driver] io.netty.channel.MultithreadEventLoopGroup: -Dio.netty.eventLoopThreads: 4
2025-03-25 08:46:44,336 DEBUG [Driver] io.netty.util.internal.PlatformDependent0: -Dio.netty.noUnsafe: false
2025-03-25 08:46:44,336 DEBUG [Driver] io.netty.util.internal.PlatformDependent0: Java version: 8
2025-03-25 08:46:44,337 DEBUG [Driver] io.netty.util.internal.PlatformDependent0: sun.misc.Unsafe.theUnsafe: available
2025-03-25 08:46:44,337 DEBUG [Driver] io.netty.util.internal.PlatformDependent0: sun.misc.Unsafe.copyMemory: available
2025-03-25 08:46:44,337 DEBUG [Driver] io.netty.util.internal.PlatformDependent0: java.nio.Buffer.address: available
2025-03-25 08:46:44,338 DEBUG [Driver] io.netty.util.internal.PlatformDependent0: direct buffer constructor: available
2025-03-25 08:46:44,338 DEBUG [Driver] io.netty.util.internal.PlatformDependent0: java.nio.Bits.unaligned: available, true
2025-03-25 08:46:44,338 DEBUG [Driver] io.netty.util.internal.PlatformDependent0: jdk.internal.misc.Unsafe.allocateUninitializedArray(int): unavailable prior to Java9
2025-03-25 08:46:44,338 DEBUG [Driver] io.netty.util.internal.PlatformDependent0: java.nio.DirectByteBuffer.<init>(long, int): available
2025-03-25 08:46:44,339 DEBUG [Driver] io.netty.util.internal.PlatformDependent: sun.misc.Unsafe: available
2025-03-25 08:46:44,339 DEBUG [Driver] io.netty.util.internal.PlatformDependent: -Dio.netty.tmpdir: /data/tmp/nm-local-dir/usercache/root/appcache/application_1742892346867_0001/container_1742892346867_0001_02_000001/tmp (java.io.tmpdir)
2025-03-25 08:46:44,339 DEBUG [Driver] io.netty.util.internal.PlatformDependent: -Dio.netty.bitMode: 64 (sun.arch.data.model)
2025-03-25 08:46:44,339 DEBUG [Driver] io.netty.util.internal.PlatformDependent: -Dio.netty.maxDirectMemory: 3817865216 bytes
2025-03-25 08:46:44,339 DEBUG [Driver] io.netty.util.internal.PlatformDependent: -Dio.netty.uninitializedArrayAllocationThreshold: -1
2025-03-25 08:46:44,340 DEBUG [Driver] io.netty.util.internal.CleanerJava6: java.nio.ByteBuffer.cleaner(): available
2025-03-25 08:46:44,340 DEBUG [Driver] io.netty.util.internal.PlatformDependent: -Dio.netty.noPreferDirect: false
2025-03-25 08:46:44,341 DEBUG [Driver] io.netty.channel.nio.NioEventLoop: -Dio.netty.noKeySetOptimization: false
2025-03-25 08:46:44,341 DEBUG [Driver] io.netty.channel.nio.NioEventLoop: -Dio.netty.selectorAutoRebuildThreshold: 512
2025-03-25 08:46:44,346 DEBUG [Driver] io.netty.util.internal.PlatformDependent: org.jctools-core.MpscChunkedArrayQueue: available
2025-03-25 08:46:44,357 DEBUG [Driver] io.netty.util.ResourceLeakDetector: -Dio.netty.leakDetection.level: simple
2025-03-25 08:46:44,357 DEBUG [Driver] io.netty.util.ResourceLeakDetector: -Dio.netty.leakDetection.targetRecords: 4
2025-03-25 08:46:44,358 DEBUG [Driver] io.netty.buffer.PooledByteBufAllocator: -Dio.netty.allocator.numHeapArenas: 4
2025-03-25 08:46:44,358 DEBUG [Driver] io.netty.buffer.PooledByteBufAllocator: -Dio.netty.allocator.numDirectArenas: 4
2025-03-25 08:46:44,359 DEBUG [Driver] io.netty.buffer.PooledByteBufAllocator: -Dio.netty.allocator.pageSize: 8192
2025-03-25 08:46:44,359 DEBUG [Driver] io.netty.buffer.PooledByteBufAllocator: -Dio.netty.allocator.maxOrder: 11
2025-03-25 08:46:44,359 DEBUG [Driver] io.netty.buffer.PooledByteBufAllocator: -Dio.netty.allocator.chunkSize: 16777216
2025-03-25 08:46:44,359 DEBUG [Driver] io.netty.buffer.PooledByteBufAllocator: -Dio.netty.allocator.smallCacheSize: 256
2025-03-25 08:46:44,359 DEBUG [Driver] io.netty.buffer.PooledByteBufAllocator: -Dio.netty.allocator.normalCacheSize: 64
2025-03-25 08:46:44,359 DEBUG [Driver] io.netty.buffer.PooledByteBufAllocator: -Dio.netty.allocator.maxCachedBufferCapacity: 32768
2025-03-25 08:46:44,359 DEBUG [Driver] io.netty.buffer.PooledByteBufAllocator: -Dio.netty.allocator.cacheTrimInterval: 8192
2025-03-25 08:46:44,359 DEBUG [Driver] io.netty.buffer.PooledByteBufAllocator: -Dio.netty.allocator.cacheTrimIntervalMillis: 0
2025-03-25 08:46:44,359 DEBUG [Driver] io.netty.buffer.PooledByteBufAllocator: -Dio.netty.allocator.useCacheForAllThreads: true
2025-03-25 08:46:44,359 DEBUG [Driver] io.netty.buffer.PooledByteBufAllocator: -Dio.netty.allocator.maxCachedByteBuffersPerChunk: 1023
2025-03-25 08:46:44,379 DEBUG [Driver] io.netty.channel.DefaultChannelId: -Dio.netty.processId: 1232 (auto-detected)
2025-03-25 08:46:44,380 DEBUG [Driver] io.netty.util.NetUtil: -Djava.net.preferIPv4Stack: false
2025-03-25 08:46:44,380 DEBUG [Driver] io.netty.util.NetUtil: -Djava.net.preferIPv6Addresses: false
2025-03-25 08:46:44,382 DEBUG [Driver] io.netty.util.NetUtilInitializations: Loopback interface: lo (lo, 0:0:0:0:0:0:0:1%lo)
2025-03-25 08:46:44,382 DEBUG [Driver] io.netty.util.NetUtil: /proc/sys/net/core/somaxconn: 4096
2025-03-25 08:46:44,383 DEBUG [Driver] io.netty.channel.DefaultChannelId: -Dio.netty.machineId: 02:42:ac:ff:fe:14:01:11 (auto-detected)
2025-03-25 08:46:44,396 DEBUG [Driver] io.netty.buffer.ByteBufUtil: -Dio.netty.allocator.type: pooled
2025-03-25 08:46:44,396 DEBUG [Driver] io.netty.buffer.ByteBufUtil: -Dio.netty.threadLocalDirectBufferSize: 0
2025-03-25 08:46:44,396 DEBUG [Driver] io.netty.buffer.ByteBufUtil: -Dio.netty.maxThreadLocalCharBufferSize: 16384
2025-03-25 08:46:44,407 WARN [Driver] org.apache.spark.util.Utils: Service 'sparkDriver' could not bind on a random free port. You may check whether configuring an appropriate binding address.
2025-03-25 08:46:44,409 WARN [Driver] org.apache.spark.util.Utils: Service 'sparkDriver' could not bind on a random free port. You may check whether configuring an appropriate binding address.
2025-03-25 08:46:44,410 WARN [Driver] org.apache.spark.util.Utils: Service 'sparkDriver' could not bind on a random free port. You may check whether configuring an appropriate binding address.
2025-03-25 08:46:44,412 WARN [Driver] org.apache.spark.util.Utils: Service 'sparkDriver' could not bind on a random free port. You may check whether configuring an appropriate binding address.
2025-03-25 08:46:44,413 WARN [Driver] org.apache.spark.util.Utils: Service 'sparkDriver' could not bind on a random free port. You may check whether configuring an appropriate binding address.
2025-03-25 08:46:44,414 WARN [Driver] org.apache.spark.util.Utils: Service 'sparkDriver' could not bind on a random free port. You may check whether configuring an appropriate binding address.
2025-03-25 08:46:44,415 WARN [Driver] org.apache.spark.util.Utils: Service 'sparkDriver' could not bind on a random free port. You may check whether configuring an appropriate binding address.
2025-03-25 08:46:44,416 WARN [Driver] org.apache.spark.util.Utils: Service 'sparkDriver' could not bind on a random free port. You may check whether configuring an appropriate binding address.
2025-03-25 08:46:44,418 WARN [Driver] org.apache.spark.util.Utils: Service 'sparkDriver' could not bind on a random free port. You may check whether configuring an appropriate binding address.
2025-03-25 08:46:44,419 WARN [Driver] org.apache.spark.util.Utils: Service 'sparkDriver' could not bind on a random free port. You may check whether configuring an appropriate binding address.
2025-03-25 08:46:44,421 WARN [Driver] org.apache.spark.util.Utils: Service 'sparkDriver' could not bind on a random free port. You may check whether configuring an appropriate binding address.
2025-03-25 08:46:44,422 WARN [Driver] org.apache.spark.util.Utils: Service 'sparkDriver' could not bind on a random free port. You may check whether configuring an appropriate binding address.
2025-03-25 08:46:44,423 WARN [Driver] org.apache.spark.util.Utils: Service 'sparkDriver' could not bind on a random free port. You may check whether configuring an appropriate binding address.
2025-03-25 08:46:44,425 WARN [Driver] org.apache.spark.util.Utils: Service 'sparkDriver' could not bind on a random free port. You may check whether configuring an appropriate binding address.
2025-03-25 08:46:44,427 WARN [Driver] org.apache.spark.util.Utils: Service 'sparkDriver' could not bind on a random free port. You may check whether configuring an appropriate binding address.
2025-03-25 08:46:44,429 WARN [Driver] org.apache.spark.util.Utils: Service 'sparkDriver' could not bind on a random free port. You may check whether configuring an appropriate binding address.
2025-03-25 08:46:44,432 ERROR [Driver] org.apache.spark.SparkContext: Error initializing SparkContext.
java.net.BindException: Cannot assign requested address: Service 'sparkDriver' failed after 16 retries (on a random free port)! Consider explicitly setting the appropriate binding address for the service 'sparkDriver' (for example spark.driver.bindAddress for SparkDriver) to the correct binding address.
	at sun.nio.ch.Net.bind0(Native Method)
	at sun.nio.ch.Net.bind(Net.java:461)
	at sun.nio.ch.Net.bind(Net.java:453)
	at sun.nio.ch.ServerSocketChannelImpl.bind(ServerSocketChannelImpl.java:222)
	at io.netty.channel.socket.nio.NioServerSocketChannel.doBind(NioServerSocketChannel.java:134)
	at io.netty.channel.AbstractChannel$AbstractUnsafe.bind(AbstractChannel.java:562)
	at io.netty.channel.DefaultChannelPipeline$HeadContext.bind(DefaultChannelPipeline.java:1334)
	at io.netty.channel.AbstractChannelHandlerContext.invokeBind(AbstractChannelHandlerContext.java:506)
	at io.netty.channel.AbstractChannelHandlerContext.bind(AbstractChannelHandlerContext.java:491)
	at io.netty.channel.DefaultChannelPipeline.bind(DefaultChannelPipeline.java:973)
	at io.netty.channel.AbstractChannel.bind(AbstractChannel.java:260)
	at io.netty.bootstrap.AbstractBootstrap$2.run(AbstractBootstrap.java:356)
	at io.netty.util.concurrent.AbstractEventExecutor.safeExecute(AbstractEventExecutor.java:164)
	at io.netty.util.concurrent.SingleThreadEventExecutor.runAllTasks(SingleThreadEventExecutor.java:469)
	at io.netty.channel.nio.NioEventLoop.run(NioEventLoop.java:503)
	at io.netty.util.concurrent.SingleThreadEventExecutor$4.run(SingleThreadEventExecutor.java:986)
	at io.netty.util.internal.ThreadExecutorMap$2.run(ThreadExecutorMap.java:74)
	at io.netty.util.concurrent.FastThreadLocalRunnable.run(FastThreadLocalRunnable.java:30)
	at java.lang.Thread.run(Thread.java:750)
2025-03-25 08:46:44,468 INFO [Driver] org.apache.spark.SparkContext: Successfully stopped SparkContext
2025-03-25 08:46:44,468 ERROR [Driver] org.apache.spark.deploy.yarn.ApplicationMaster: User class threw exception: java.net.BindException: Cannot assign requested address: Service 'sparkDriver' failed after 16 retries (on a random free port)! Consider explicitly setting the appropriate binding address for the service 'sparkDriver' (for example spark.driver.bindAddress for SparkDriver) to the correct binding address.
java.net.BindException: Cannot assign requested address: Service 'sparkDriver' failed after 16 retries (on a random free port)! Consider explicitly setting the appropriate binding address for the service 'sparkDriver' (for example spark.driver.bindAddress for SparkDriver) to the correct binding address.
	at sun.nio.ch.Net.bind0(Native Method)
	at sun.nio.ch.Net.bind(Net.java:461)
	at sun.nio.ch.Net.bind(Net.java:453)
	at sun.nio.ch.ServerSocketChannelImpl.bind(ServerSocketChannelImpl.java:222)
	at io.netty.channel.socket.nio.NioServerSocketChannel.doBind(NioServerSocketChannel.java:134)
	at io.netty.channel.AbstractChannel$AbstractUnsafe.bind(AbstractChannel.java:562)
	at io.netty.channel.DefaultChannelPipeline$HeadContext.bind(DefaultChannelPipeline.java:1334)
	at io.netty.channel.AbstractChannelHandlerContext.invokeBind(AbstractChannelHandlerContext.java:506)
	at io.netty.channel.AbstractChannelHandlerContext.bind(AbstractChannelHandlerContext.java:491)
	at io.netty.channel.DefaultChannelPipeline.bind(DefaultChannelPipeline.java:973)
	at io.netty.channel.AbstractChannel.bind(AbstractChannel.java:260)
	at io.netty.bootstrap.AbstractBootstrap$2.run(AbstractBootstrap.java:356)
	at io.netty.util.concurrent.AbstractEventExecutor.safeExecute(AbstractEventExecutor.java:164)
	at io.netty.util.concurrent.SingleThreadEventExecutor.runAllTasks(SingleThreadEventExecutor.java:469)
	at io.netty.channel.nio.NioEventLoop.run(NioEventLoop.java:503)
	at io.netty.util.concurrent.SingleThreadEventExecutor$4.run(SingleThreadEventExecutor.java:986)
	at io.netty.util.internal.ThreadExecutorMap$2.run(ThreadExecutorMap.java:74)
	at io.netty.util.concurrent.FastThreadLocalRunnable.run(FastThreadLocalRunnable.java:30)
	at java.lang.Thread.run(Thread.java:750)
2025-03-25 08:46:44,469 INFO [Driver] org.apache.spark.deploy.yarn.ApplicationMaster: Final app status: FAILED, exitCode: 13, (reason: User class threw exception: java.net.BindException: Cannot assign requested address: Service 'sparkDriver' failed after 16 retries (on a random free port)! Consider explicitly setting the appropriate binding address for the service 'sparkDriver' (for example spark.driver.bindAddress for SparkDriver) to the correct binding address.
	at sun.nio.ch.Net.bind0(Native Method)
	at sun.nio.ch.Net.bind(Net.java:461)
	at sun.nio.ch.Net.bind(Net.java:453)
	at sun.nio.ch.ServerSocketChannelImpl.bind(ServerSocketChannelImpl.java:222)
	at io.netty.channel.socket.nio.NioServerSocketChannel.doBind(NioServerSocketChannel.java:134)
	at io.netty.channel.AbstractChannel$AbstractUnsafe.bind(AbstractChannel.java:562)
	at io.netty.channel.DefaultChannelPipeline$HeadContext.bind(DefaultChannelPipeline.java:1334)
	at io.netty.channel.AbstractChannelHandlerContext.invokeBind(AbstractChannelHandlerContext.java:506)
	at io.netty.channel.AbstractChannelHandlerContext.bind(AbstractChannelHandlerContext.java:491)
	at io.netty.channel.DefaultChannelPipeline.bind(DefaultChannelPipeline.java:973)
	at io.netty.channel.AbstractChannel.bind(AbstractChannel.java:260)
	at io.netty.bootstrap.AbstractBootstrap$2.run(AbstractBootstrap.java:356)
	at io.netty.util.concurrent.AbstractEventExecutor.safeExecute(AbstractEventExecutor.java:164)
	at io.netty.util.concurrent.SingleThreadEventExecutor.runAllTasks(SingleThreadEventExecutor.java:469)
	at io.netty.channel.nio.NioEventLoop.run(NioEventLoop.java:503)
	at io.netty.util.concurrent.SingleThreadEventExecutor$4.run(SingleThreadEventExecutor.java:986)
	at io.netty.util.internal.ThreadExecutorMap$2.run(ThreadExecutorMap.java:74)
	at io.netty.util.concurrent.FastThreadLocalRunnable.run(FastThreadLocalRunnable.java:30)
	at java.lang.Thread.run(Thread.java:750)
)
2025-03-25 08:46:44,477 ERROR [main] org.apache.spark.deploy.yarn.ApplicationMaster: Uncaught exception: 
org.apache.spark.SparkException: Exception thrown in awaitResult: 
	at org.apache.spark.util.ThreadUtils$.awaitResult(ThreadUtils.scala:301)
	at org.apache.spark.deploy.yarn.ApplicationMaster.runDriver(ApplicationMaster.scala:511)
	at org.apache.spark.deploy.yarn.ApplicationMaster.run(ApplicationMaster.scala:275)
	at org.apache.spark.deploy.yarn.ApplicationMaster$$anon$3.run(ApplicationMaster.scala:926)
	at org.apache.spark.deploy.yarn.ApplicationMaster$$anon$3.run(ApplicationMaster.scala:925)
	at java.security.AccessController.doPrivileged(Native Method)
	at javax.security.auth.Subject.doAs(Subject.java:422)
	at org.apache.hadoop.security.UserGroupInformation.doAs(UserGroupInformation.java:1878)
	at org.apache.spark.deploy.yarn.ApplicationMaster$.main(ApplicationMaster.scala:925)
	at org.apache.spark.deploy.yarn.ApplicationMaster.main(ApplicationMaster.scala)
Caused by: java.net.BindException: Cannot assign requested address: Service 'sparkDriver' failed after 16 retries (on a random free port)! Consider explicitly setting the appropriate binding address for the service 'sparkDriver' (for example spark.driver.bindAddress for SparkDriver) to the correct binding address.
	at sun.nio.ch.Net.bind0(Native Method)
	at sun.nio.ch.Net.bind(Net.java:461)
	at sun.nio.ch.Net.bind(Net.java:453)
	at sun.nio.ch.ServerSocketChannelImpl.bind(ServerSocketChannelImpl.java:222)
	at io.netty.channel.socket.nio.NioServerSocketChannel.doBind(NioServerSocketChannel.java:134)
	at io.netty.channel.AbstractChannel$AbstractUnsafe.bind(AbstractChannel.java:562)
	at io.netty.channel.DefaultChannelPipeline$HeadContext.bind(DefaultChannelPipeline.java:1334)
	at io.netty.channel.AbstractChannelHandlerContext.invokeBind(AbstractChannelHandlerContext.java:506)
	at io.netty.channel.AbstractChannelHandlerContext.bind(AbstractChannelHandlerContext.java:491)
	at io.netty.channel.DefaultChannelPipeline.bind(DefaultChannelPipeline.java:973)
	at io.netty.channel.AbstractChannel.bind(AbstractChannel.java:260)
	at io.netty.bootstrap.AbstractBootstrap$2.run(AbstractBootstrap.java:356)
	at io.netty.util.concurrent.AbstractEventExecutor.safeExecute(AbstractEventExecutor.java:164)
	at io.netty.util.concurrent.SingleThreadEventExecutor.runAllTasks(SingleThreadEventExecutor.java:469)
	at io.netty.channel.nio.NioEventLoop.run(NioEventLoop.java:503)
	at io.netty.util.concurrent.SingleThreadEventExecutor$4.run(SingleThreadEventExecutor.java:986)
	at io.netty.util.internal.ThreadExecutorMap$2.run(ThreadExecutorMap.java:74)
	at io.netty.util.concurrent.FastThreadLocalRunnable.run(FastThreadLocalRunnable.java:30)
	at java.lang.Thread.run(Thread.java:750)
2025-03-25 08:46:44,480 INFO [shutdown-hook-0] org.apache.spark.deploy.yarn.ApplicationMaster: Deleting staging directory hdfs://master:9000/user/root/.sparkStaging/application_1742892346867_0001
2025-03-25 08:46:44,502 DEBUG [shutdown-hook-0] org.apache.hadoop.fs.FileSystem: Starting: Acquiring creator semaphore for hdfs://master:9000/user/root/.sparkStaging/application_1742892346867_0001
2025-03-25 08:46:44,502 DEBUG [shutdown-hook-0] org.apache.hadoop.fs.FileSystem: Acquiring creator semaphore for hdfs://master:9000/user/root/.sparkStaging/application_1742892346867_0001: duration 0:00.000s
2025-03-25 08:46:44,503 DEBUG [shutdown-hook-0] org.apache.hadoop.fs.FileSystem: Starting: Creating FS hdfs://master:9000/user/root/.sparkStaging/application_1742892346867_0001
2025-03-25 08:46:44,503 DEBUG [shutdown-hook-0] org.apache.hadoop.fs.FileSystem: Loading filesystems
2025-03-25 08:46:44,510 DEBUG [shutdown-hook-0] org.apache.hadoop.fs.FileSystem: file:// = class org.apache.hadoop.fs.LocalFileSystem from /data/tmp/nm-local-dir/usercache/root/filecache/10/__spark_libs__806315218952756326.zip/hadoop-client-api-3.3.2.jar
2025-03-25 08:46:44,513 DEBUG [shutdown-hook-0] org.apache.hadoop.fs.FileSystem: viewfs:// = class org.apache.hadoop.fs.viewfs.ViewFileSystem from /data/tmp/nm-local-dir/usercache/root/filecache/10/__spark_libs__806315218952756326.zip/hadoop-client-api-3.3.2.jar
2025-03-25 08:46:44,514 DEBUG [shutdown-hook-0] org.apache.hadoop.fs.FileSystem: har:// = class org.apache.hadoop.fs.HarFileSystem from /data/tmp/nm-local-dir/usercache/root/filecache/10/__spark_libs__806315218952756326.zip/hadoop-client-api-3.3.2.jar
2025-03-25 08:46:44,515 DEBUG [shutdown-hook-0] org.apache.hadoop.fs.FileSystem: http:// = class org.apache.hadoop.fs.http.HttpFileSystem from /data/tmp/nm-local-dir/usercache/root/filecache/10/__spark_libs__806315218952756326.zip/hadoop-client-api-3.3.2.jar
2025-03-25 08:46:44,516 DEBUG [shutdown-hook-0] org.apache.hadoop.fs.FileSystem: https:// = class org.apache.hadoop.fs.http.HttpsFileSystem from /data/tmp/nm-local-dir/usercache/root/filecache/10/__spark_libs__806315218952756326.zip/hadoop-client-api-3.3.2.jar
2025-03-25 08:46:44,523 DEBUG [shutdown-hook-0] org.apache.hadoop.fs.FileSystem: hdfs:// = class org.apache.hadoop.hdfs.DistributedFileSystem from /data/tmp/nm-local-dir/usercache/root/filecache/10/__spark_libs__806315218952756326.zip/hadoop-client-api-3.3.2.jar
2025-03-25 08:46:44,527 DEBUG [shutdown-hook-0] org.apache.hadoop.fs.FileSystem: webhdfs:// = class org.apache.hadoop.hdfs.web.WebHdfsFileSystem from /data/tmp/nm-local-dir/usercache/root/filecache/10/__spark_libs__806315218952756326.zip/hadoop-client-api-3.3.2.jar
2025-03-25 08:46:44,528 DEBUG [shutdown-hook-0] org.apache.hadoop.fs.FileSystem: swebhdfs:// = class org.apache.hadoop.hdfs.web.SWebHdfsFileSystem from /data/tmp/nm-local-dir/usercache/root/filecache/10/__spark_libs__806315218952756326.zip/hadoop-client-api-3.3.2.jar
2025-03-25 08:46:44,528 DEBUG [shutdown-hook-0] org.apache.hadoop.fs.FileSystem: nullscan:// = class org.apache.hadoop.hive.ql.io.NullScanFileSystem from /data/tmp/nm-local-dir/usercache/root/filecache/10/__spark_libs__806315218952756326.zip/hive-exec-2.3.9-core.jar
2025-03-25 08:46:44,529 DEBUG [shutdown-hook-0] org.apache.hadoop.fs.FileSystem: file:// = class org.apache.hadoop.hive.ql.io.ProxyLocalFileSystem from /data/tmp/nm-local-dir/usercache/root/filecache/10/__spark_libs__806315218952756326.zip/hive-exec-2.3.9-core.jar
2025-03-25 08:46:44,529 DEBUG [shutdown-hook-0] org.apache.hadoop.fs.FileSystem: Looking for FS supporting hdfs
2025-03-25 08:46:44,530 DEBUG [shutdown-hook-0] org.apache.hadoop.fs.FileSystem: looking for configuration option fs.hdfs.impl
2025-03-25 08:46:44,541 DEBUG [shutdown-hook-0] org.apache.hadoop.fs.FileSystem: Looking in service filesystems for implementation class
2025-03-25 08:46:44,541 DEBUG [shutdown-hook-0] org.apache.hadoop.fs.FileSystem: FS for hdfs is class org.apache.hadoop.hdfs.DistributedFileSystem
2025-03-25 08:46:44,560 DEBUG [shutdown-hook-0] org.apache.hadoop.hdfs.client.impl.DfsClientConf: dfs.client.use.legacy.blockreader.local = false
2025-03-25 08:46:44,560 DEBUG [shutdown-hook-0] org.apache.hadoop.hdfs.client.impl.DfsClientConf: dfs.client.read.shortcircuit = false
2025-03-25 08:46:44,560 DEBUG [shutdown-hook-0] org.apache.hadoop.hdfs.client.impl.DfsClientConf: dfs.client.domain.socket.data.traffic = false
2025-03-25 08:46:44,560 DEBUG [shutdown-hook-0] org.apache.hadoop.hdfs.client.impl.DfsClientConf: dfs.domain.socket.path = 
2025-03-25 08:46:44,565 DEBUG [shutdown-hook-0] org.apache.hadoop.hdfs.DFSClient: Sets dfs.client.block.write.replace-datanode-on-failure.min-replication to 0
2025-03-25 08:46:44,570 DEBUG [shutdown-hook-0] org.apache.hadoop.io.retry.RetryUtils: multipleLinearRandomRetry = null
2025-03-25 08:46:44,581 DEBUG [shutdown-hook-0] org.apache.hadoop.ipc.Server: rpcKind=RPC_PROTOCOL_BUFFER, rpcRequestWrapperClass=class org.apache.hadoop.ipc.ProtobufRpcEngine2$RpcProtobufRequest, rpcInvoker=org.apache.hadoop.ipc.ProtobufRpcEngine2$Server$ProtoBufRpcInvoker@54cbd5bc
2025-03-25 08:46:44,588 DEBUG [shutdown-hook-0] org.apache.hadoop.ipc.Client: getting client out of cache: Client-6b275ff53e224873ae75f3c35c096fcb
2025-03-25 08:46:44,855 DEBUG [shutdown-hook-0] org.apache.hadoop.util.PerformanceAdvisory: Both short-circuit local reads and UNIX domain socket are disabled.
2025-03-25 08:46:44,861 DEBUG [shutdown-hook-0] org.apache.hadoop.hdfs.protocol.datatransfer.sasl.DataTransferSaslUtil: DataTransferProtocol not using SaslPropertiesResolver, no QOP found in configuration for dfs.data.transfer.protection
2025-03-25 08:46:44,863 DEBUG [shutdown-hook-0] org.apache.hadoop.fs.FileSystem: Creating FS hdfs://master:9000/user/root/.sparkStaging/application_1742892346867_0001: duration 0:00.360s
2025-03-25 08:46:44,891 DEBUG [shutdown-hook-0] org.apache.hadoop.ipc.Client: The ping interval is 60000 ms.
2025-03-25 08:46:44,892 DEBUG [shutdown-hook-0] org.apache.hadoop.ipc.Client: Connecting to master/172.20.1.14:9000
2025-03-25 08:46:44,892 DEBUG [shutdown-hook-0] org.apache.hadoop.ipc.Client: Setup connection to master/172.20.1.14:9000
2025-03-25 08:46:44,897 DEBUG [shutdown-hook-0] org.apache.hadoop.security.UserGroupInformation: PrivilegedAction [as: root (auth:SIMPLE)][action: org.apache.hadoop.ipc.Client$Connection$2@74986898]
java.lang.Exception
	at org.apache.hadoop.security.UserGroupInformation.doAs(UserGroupInformation.java:1875)
	at org.apache.hadoop.ipc.Client$Connection.setupIOstreams(Client.java:839)
	at org.apache.hadoop.ipc.Client$Connection.access$3800(Client.java:414)
	at org.apache.hadoop.ipc.Client.getConnection(Client.java:1677)
	at org.apache.hadoop.ipc.Client.call(Client.java:1502)
	at org.apache.hadoop.ipc.Client.call(Client.java:1455)
	at org.apache.hadoop.ipc.ProtobufRpcEngine2$Invoker.invoke(ProtobufRpcEngine2.java:242)
	at org.apache.hadoop.ipc.ProtobufRpcEngine2$Invoker.invoke(ProtobufRpcEngine2.java:129)
	at com.sun.proxy.$Proxy29.delete(Unknown Source)
	at org.apache.hadoop.hdfs.protocolPB.ClientNamenodeProtocolTranslatorPB.delete(ClientNamenodeProtocolTranslatorPB.java:655)
	at sun.reflect.NativeMethodAccessorImpl.invoke0(Native Method)
	at sun.reflect.NativeMethodAccessorImpl.invoke(NativeMethodAccessorImpl.java:62)
	at sun.reflect.DelegatingMethodAccessorImpl.invoke(DelegatingMethodAccessorImpl.java:43)
	at java.lang.reflect.Method.invoke(Method.java:498)
	at org.apache.hadoop.io.retry.RetryInvocationHandler.invokeMethod(RetryInvocationHandler.java:422)
	at org.apache.hadoop.io.retry.RetryInvocationHandler$Call.invokeMethod(RetryInvocationHandler.java:165)
	at org.apache.hadoop.io.retry.RetryInvocationHandler$Call.invoke(RetryInvocationHandler.java:157)
	at org.apache.hadoop.io.retry.RetryInvocationHandler$Call.invokeOnce(RetryInvocationHandler.java:95)
	at org.apache.hadoop.io.retry.RetryInvocationHandler.invoke(RetryInvocationHandler.java:359)
	at com.sun.proxy.$Proxy30.delete(Unknown Source)
	at org.apache.hadoop.hdfs.DFSClient.delete(DFSClient.java:1662)
	at org.apache.hadoop.hdfs.DistributedFileSystem$19.doCall(DistributedFileSystem.java:992)
	at org.apache.hadoop.hdfs.DistributedFileSystem$19.doCall(DistributedFileSystem.java:989)
	at org.apache.hadoop.fs.FileSystemLinkResolver.resolve(FileSystemLinkResolver.java:81)
	at org.apache.hadoop.hdfs.DistributedFileSystem.delete(DistributedFileSystem.java:999)
	at org.apache.spark.deploy.yarn.ApplicationMaster.cleanupStagingDir(ApplicationMaster.scala:686)
	at org.apache.spark.deploy.yarn.ApplicationMaster.$anonfun$run$2(ApplicationMaster.scala:265)
	at org.apache.spark.util.SparkShutdownHook.run(ShutdownHookManager.scala:214)
	at org.apache.spark.util.SparkShutdownHookManager.$anonfun$runAll$2(ShutdownHookManager.scala:188)
	at scala.runtime.java8.JFunction0$mcV$sp.apply(JFunction0$mcV$sp.java:23)
	at org.apache.spark.util.Utils$.logUncaughtExceptions(Utils.scala:2066)
	at org.apache.spark.util.SparkShutdownHookManager.$anonfun$runAll$1(ShutdownHookManager.scala:188)
	at scala.runtime.java8.JFunction0$mcV$sp.apply(JFunction0$mcV$sp.java:23)
	at scala.util.Try$.apply(Try.scala:213)
	at org.apache.spark.util.SparkShutdownHookManager.runAll(ShutdownHookManager.scala:188)
	at org.apache.spark.util.SparkShutdownHookManager$$anon$2.run(ShutdownHookManager.scala:178)
	at java.util.concurrent.Executors$RunnableAdapter.call(Executors.java:511)
	at java.util.concurrent.FutureTask.run(FutureTask.java:266)
	at java.util.concurrent.ThreadPoolExecutor.runWorker(ThreadPoolExecutor.java:1149)
	at java.util.concurrent.ThreadPoolExecutor$Worker.run(ThreadPoolExecutor.java:624)
	at java.lang.Thread.run(Thread.java:750)
2025-03-25 08:46:44,960 DEBUG [shutdown-hook-0] org.apache.hadoop.security.SaslRpcClient: Sending sasl message state: NEGOTIATE

2025-03-25 08:46:44,964 DEBUG [shutdown-hook-0] org.apache.hadoop.security.SaslRpcClient: Get token info proto:interface org.apache.hadoop.hdfs.protocolPB.ClientNamenodeProtocolPB info:@org.apache.hadoop.security.token.TokenInfo(value=class org.apache.hadoop.hdfs.security.token.delegation.DelegationTokenSelector)
2025-03-25 08:46:44,964 DEBUG [shutdown-hook-0] org.apache.hadoop.security.SaslRpcClient: tokens aren't supported for this protocol or user doesn't have one
2025-03-25 08:46:44,964 DEBUG [shutdown-hook-0] org.apache.hadoop.security.SaslRpcClient: Use SIMPLE authentication for protocol ClientNamenodeProtocolPB
2025-03-25 08:46:44,966 DEBUG [shutdown-hook-0] org.apache.hadoop.security.SaslRpcClient: Sending sasl message state: INITIATE
auths {
  method: "SIMPLE"
  mechanism: ""
}

2025-03-25 08:46:44,971 DEBUG [IPC Client (240910691) connection to master/172.20.1.14:9000 from root] org.apache.hadoop.ipc.Client: IPC Client (240910691) connection to master/172.20.1.14:9000 from root: starting, having connections 1
2025-03-25 08:46:44,972 DEBUG [IPC Parameter Sending Thread #0] org.apache.hadoop.ipc.Client: IPC Client (240910691) connection to master/172.20.1.14:9000 from root sending #0 org.apache.hadoop.hdfs.protocol.ClientProtocol.delete
2025-03-25 08:46:44,998 DEBUG [IPC Client (240910691) connection to master/172.20.1.14:9000 from root] org.apache.hadoop.ipc.Client: IPC Client (240910691) connection to master/172.20.1.14:9000 from root got value #0
2025-03-25 08:46:44,998 DEBUG [shutdown-hook-0] org.apache.hadoop.ipc.ProtobufRpcEngine2: Call: delete took 130ms
2025-03-25 08:46:45,000 INFO [shutdown-hook-0] org.apache.spark.util.ShutdownHookManager: Shutdown hook called
2025-03-25 08:46:45,001 DEBUG [Thread-2] org.apache.hadoop.util.ShutdownHookManager: Completed shutdown in 0.523 seconds; Timeouts: 0
2025-03-25 08:46:45,015 DEBUG [Thread-2] org.apache.hadoop.util.ShutdownHookManager: ShutdownHookManager completed shutdown.
