program=ml.DeveloperApiExample
SPARKLORD_MODE=CONFIG_INJECTION
cpu_cores=2
cpu_util=200
memory=4g
config_file_name=spark-defaults.conf
config_key=spark.sql.queryExecutionListeners
config_value=org.example.logging.CustomExecutionLogger

2025-03-25 12:57:08,255 INFO [main] org.apache.hadoop.yarn.server.resourcemanager.ResourceManager: STARTUP_MSG: 
/************************************************************
STARTUP_MSG: Starting ResourceManager
STARTUP_MSG:   host = master/172.20.1.14
STARTUP_MSG:   args = []
STARTUP_MSG:   version = 3.3.4
STARTUP_MSG:   classpath = /hadoop/etc/hadoop:/hadoop/share/hadoop/common/lib/jetty-io-9.4.43.v20210629.jar:/hadoop/share/hadoop/common/lib/jersey-core-1.19.jar:/hadoop/share/hadoop/common/lib/kerb-admin-1.0.1.jar:/hadoop/share/hadoop/common/lib/avro-1.7.7.jar:/hadoop/share/hadoop/common/lib/jetty-servlet-9.4.43.v20210629.jar:/hadoop/share/hadoop/common/lib/jackson-jaxrs-1.9.13.jar:/hadoop/share/hadoop/common/lib/listenablefuture-9999.0-empty-to-avoid-conflict-with-guava.jar:/hadoop/share/hadoop/common/lib/kerby-config-1.0.1.jar:/hadoop/share/hadoop/common/lib/commons-logging-1.1.3.jar:/hadoop/share/hadoop/common/lib/jackson-core-asl-1.9.13.jar:/hadoop/share/hadoop/common/lib/curator-recipes-4.2.0.jar:/hadoop/share/hadoop/common/lib/jetty-util-9.4.43.v20210629.jar:/hadoop/share/hadoop/common/lib/animal-sniffer-annotations-1.17.jar:/hadoop/share/hadoop/common/lib/curator-framework-4.2.0.jar:/hadoop/share/hadoop/common/lib/zookeeper-3.5.6.jar:/hadoop/share/hadoop/common/lib/commons-daemon-1.0.13.jar:/hadoop/share/hadoop/common/lib/jsr305-3.0.2.jar:/hadoop/share/hadoop/common/lib/hadoop-shaded-protobuf_3_7-1.1.1.jar:/hadoop/share/hadoop/common/lib/curator-client-4.2.0.jar:/hadoop/share/hadoop/common/lib/kerb-client-1.0.1.jar:/hadoop/share/hadoop/common/lib/kerby-util-1.0.1.jar:/hadoop/share/hadoop/common/lib/j2objc-annotations-1.1.jar:/hadoop/share/hadoop/common/lib/jetty-util-ajax-9.4.43.v20210629.jar:/hadoop/share/hadoop/common/lib/jackson-core-2.12.7.jar:/hadoop/share/hadoop/common/lib/jackson-databind-2.12.7.jar:/hadoop/share/hadoop/common/lib/jetty-xml-9.4.43.v20210629.jar:/hadoop/share/hadoop/common/lib/kerb-common-1.0.1.jar:/hadoop/share/hadoop/common/lib/jackson-xc-1.9.13.jar:/hadoop/share/hadoop/common/lib/jaxb-impl-2.2.3-1.jar:/hadoop/share/hadoop/common/lib/metrics-core-3.2.4.jar:/hadoop/share/hadoop/common/lib/reload4j-1.2.22.jar:/hadoop/share/hadoop/common/lib/commons-text-1.4.jar:/hadoop/share/hadoop/common/lib/commons-cli-1.2.jar:/hadoop/share/hadoop/common/lib/commons-collections-3.2.2.jar:/hadoop/share/hadoop/common/lib/token-provider-1.0.1.jar:/hadoop/share/hadoop/common/lib/snappy-java-1.1.8.2.jar:/hadoop/share/hadoop/common/lib/commons-math3-3.1.1.jar:/hadoop/share/hadoop/common/lib/jackson-annotations-2.12.7.jar:/hadoop/share/hadoop/common/lib/jetty-security-9.4.43.v20210629.jar:/hadoop/share/hadoop/common/lib/commons-codec-1.15.jar:/hadoop/share/hadoop/common/lib/checker-qual-2.5.2.jar:/hadoop/share/hadoop/common/lib/httpclient-4.5.13.jar:/hadoop/share/hadoop/common/lib/woodstox-core-5.3.0.jar:/hadoop/share/hadoop/common/lib/netty-3.10.6.Final.jar:/hadoop/share/hadoop/common/lib/hadoop-annotations-3.3.4.jar:/hadoop/share/hadoop/common/lib/jsp-api-2.1.jar:/hadoop/share/hadoop/common/lib/jetty-server-9.4.43.v20210629.jar:/hadoop/share/hadoop/common/lib/slf4j-reload4j-1.7.36.jar:/hadoop/share/hadoop/common/lib/commons-beanutils-1.9.4.jar:/hadoop/share/hadoop/common/lib/accessors-smart-2.4.7.jar:/hadoop/share/hadoop/common/lib/jersey-server-1.19.jar:/hadoop/share/hadoop/common/lib/dnsjava-2.1.7.jar:/hadoop/share/hadoop/common/lib/httpcore-4.4.13.jar:/hadoop/share/hadoop/common/lib/jetty-webapp-9.4.43.v20210629.jar:/hadoop/share/hadoop/common/lib/kerb-simplekdc-1.0.1.jar:/hadoop/share/hadoop/common/lib/jaxb-api-2.2.11.jar:/hadoop/share/hadoop/common/lib/jsr311-api-1.1.1.jar:/hadoop/share/hadoop/common/lib/hadoop-shaded-guava-1.1.1.jar:/hadoop/share/hadoop/common/lib/failureaccess-1.0.jar:/hadoop/share/hadoop/common/lib/gson-2.8.9.jar:/hadoop/share/hadoop/common/lib/commons-lang3-3.12.0.jar:/hadoop/share/hadoop/common/lib/kerby-xdr-1.0.1.jar:/hadoop/share/hadoop/common/lib/guava-27.0-jre.jar:/hadoop/share/hadoop/common/lib/jcip-annotations-1.0-1.jar:/hadoop/share/hadoop/common/lib/commons-io-2.8.0.jar:/hadoop/share/hadoop/common/lib/javax.servlet-api-3.1.0.jar:/hadoop/share/hadoop/common/lib/slf4j-api-1.7.36.jar:/hadoop/share/hadoop/common/lib/re2j-1.1.jar:/hadoop/share/hadoop/common/lib/nimbus-jose-jwt-9.8.1.jar:/hadoop/share/hadoop/common/lib/jersey-servlet-1.19.jar:/hadoop/share/hadoop/common/lib/kerb-util-1.0.1.jar:/hadoop/share/hadoop/common/lib/jakarta.activation-api-1.2.1.jar:/hadoop/share/hadoop/common/lib/commons-net-3.6.jar:/hadoop/share/hadoop/common/lib/kerb-core-1.0.1.jar:/hadoop/share/hadoop/common/lib/jackson-mapper-asl-1.9.13.jar:/hadoop/share/hadoop/common/lib/hadoop-auth-3.3.4.jar:/hadoop/share/hadoop/common/lib/kerby-asn1-1.0.1.jar:/hadoop/share/hadoop/common/lib/protobuf-java-2.5.0.jar:/hadoop/share/hadoop/common/lib/jul-to-slf4j-1.7.36.jar:/hadoop/share/hadoop/common/lib/stax2-api-4.2.1.jar:/hadoop/share/hadoop/common/lib/commons-configuration2-2.1.1.jar:/hadoop/share/hadoop/common/lib/commons-compress-1.21.jar:/hadoop/share/hadoop/common/lib/json-smart-2.4.7.jar:/hadoop/share/hadoop/common/lib/kerby-pkix-1.0.1.jar:/hadoop/share/hadoop/common/lib/asm-5.0.4.jar:/hadoop/share/hadoop/common/lib/paranamer-2.3.jar:/hadoop/share/hadoop/common/lib/kerb-server-1.0.1.jar:/hadoop/share/hadoop/common/lib/kerb-crypto-1.0.1.jar:/hadoop/share/hadoop/common/lib/kerb-identity-1.0.1.jar:/hadoop/share/hadoop/common/lib/jetty-http-9.4.43.v20210629.jar:/hadoop/share/hadoop/common/lib/jersey-json-1.19.jar:/hadoop/share/hadoop/common/lib/zookeeper-jute-3.5.6.jar:/hadoop/share/hadoop/common/lib/jettison-1.1.jar:/hadoop/share/hadoop/common/lib/jsch-0.1.55.jar:/hadoop/share/hadoop/common/lib/audience-annotations-0.5.0.jar:/hadoop/share/hadoop/common/hadoop-common-3.3.4.jar:/hadoop/share/hadoop/common/hadoop-kms-3.3.4.jar:/hadoop/share/hadoop/common/hadoop-registry-3.3.4.jar:/hadoop/share/hadoop/common/hadoop-nfs-3.3.4.jar:/hadoop/share/hadoop/common/hadoop-common-3.3.4-tests.jar:/hadoop/share/hadoop/hdfs:/hadoop/share/hadoop/hdfs/lib/jetty-io-9.4.43.v20210629.jar:/hadoop/share/hadoop/hdfs/lib/jersey-core-1.19.jar:/hadoop/share/hadoop/hdfs/lib/kerb-admin-1.0.1.jar:/hadoop/share/hadoop/hdfs/lib/avro-1.7.7.jar:/hadoop/share/hadoop/hdfs/lib/jetty-servlet-9.4.43.v20210629.jar:/hadoop/share/hadoop/hdfs/lib/netty-codec-memcache-4.1.77.Final.jar:/hadoop/share/hadoop/hdfs/lib/jackson-jaxrs-1.9.13.jar:/hadoop/share/hadoop/hdfs/lib/listenablefuture-9999.0-empty-to-avoid-conflict-with-guava.jar:/hadoop/share/hadoop/hdfs/lib/kerby-config-1.0.1.jar:/hadoop/share/hadoop/hdfs/lib/commons-logging-1.1.3.jar:/hadoop/share/hadoop/hdfs/lib/jackson-core-asl-1.9.13.jar:/hadoop/share/hadoop/hdfs/lib/curator-recipes-4.2.0.jar:/hadoop/share/hadoop/hdfs/lib/jetty-util-9.4.43.v20210629.jar:/hadoop/share/hadoop/hdfs/lib/netty-codec-http2-4.1.77.Final.jar:/hadoop/share/hadoop/hdfs/lib/netty-codec-mqtt-4.1.77.Final.jar:/hadoop/share/hadoop/hdfs/lib/animal-sniffer-annotations-1.17.jar:/hadoop/share/hadoop/hdfs/lib/netty-codec-socks-4.1.77.Final.jar:/hadoop/share/hadoop/hdfs/lib/netty-buffer-4.1.77.Final.jar:/hadoop/share/hadoop/hdfs/lib/curator-framework-4.2.0.jar:/hadoop/share/hadoop/hdfs/lib/netty-transport-rxtx-4.1.77.Final.jar:/hadoop/share/hadoop/hdfs/lib/zookeeper-3.5.6.jar:/hadoop/share/hadoop/hdfs/lib/commons-daemon-1.0.13.jar:/hadoop/share/hadoop/hdfs/lib/netty-common-4.1.77.Final.jar:/hadoop/share/hadoop/hdfs/lib/jsr305-3.0.2.jar:/hadoop/share/hadoop/hdfs/lib/hadoop-shaded-protobuf_3_7-1.1.1.jar:/hadoop/share/hadoop/hdfs/lib/curator-client-4.2.0.jar:/hadoop/share/hadoop/hdfs/lib/netty-codec-dns-4.1.77.Final.jar:/hadoop/share/hadoop/hdfs/lib/netty-transport-classes-epoll-4.1.77.Final.jar:/hadoop/share/hadoop/hdfs/lib/kerb-client-1.0.1.jar:/hadoop/share/hadoop/hdfs/lib/netty-codec-xml-4.1.77.Final.jar:/hadoop/share/hadoop/hdfs/lib/netty-transport-native-epoll-4.1.77.Final-linux-x86_64.jar:/hadoop/share/hadoop/hdfs/lib/netty-transport-native-kqueue-4.1.77.Final-osx-aarch_64.jar:/hadoop/share/hadoop/hdfs/lib/kerby-util-1.0.1.jar:/hadoop/share/hadoop/hdfs/lib/j2objc-annotations-1.1.jar:/hadoop/share/hadoop/hdfs/lib/netty-transport-4.1.77.Final.jar:/hadoop/share/hadoop/hdfs/lib/jetty-util-ajax-9.4.43.v20210629.jar:/hadoop/share/hadoop/hdfs/lib/jackson-core-2.12.7.jar:/hadoop/share/hadoop/hdfs/lib/jackson-databind-2.12.7.jar:/hadoop/share/hadoop/hdfs/lib/jetty-xml-9.4.43.v20210629.jar:/hadoop/share/hadoop/hdfs/lib/kerb-common-1.0.1.jar:/hadoop/share/hadoop/hdfs/lib/jackson-xc-1.9.13.jar:/hadoop/share/hadoop/hdfs/lib/jaxb-impl-2.2.3-1.jar:/hadoop/share/hadoop/hdfs/lib/netty-codec-haproxy-4.1.77.Final.jar:/hadoop/share/hadoop/hdfs/lib/netty-codec-http-4.1.77.Final.jar:/hadoop/share/hadoop/hdfs/lib/reload4j-1.2.22.jar:/hadoop/share/hadoop/hdfs/lib/netty-codec-stomp-4.1.77.Final.jar:/hadoop/share/hadoop/hdfs/lib/netty-transport-native-unix-common-4.1.77.Final.jar:/hadoop/share/hadoop/hdfs/lib/commons-text-1.4.jar:/hadoop/share/hadoop/hdfs/lib/commons-cli-1.2.jar:/hadoop/share/hadoop/hdfs/lib/commons-collections-3.2.2.jar:/hadoop/share/hadoop/hdfs/lib/token-provider-1.0.1.jar:/hadoop/share/hadoop/hdfs/lib/snappy-java-1.1.8.2.jar:/hadoop/share/hadoop/hdfs/lib/netty-all-4.1.77.Final.jar:/hadoop/share/hadoop/hdfs/lib/commons-math3-3.1.1.jar:/hadoop/share/hadoop/hdfs/lib/jackson-annotations-2.12.7.jar:/hadoop/share/hadoop/hdfs/lib/jetty-security-9.4.43.v20210629.jar:/hadoop/share/hadoop/hdfs/lib/netty-resolver-dns-native-macos-4.1.77.Final-osx-aarch_64.jar:/hadoop/share/hadoop/hdfs/lib/netty-resolver-dns-4.1.77.Final.jar:/hadoop/share/hadoop/hdfs/lib/commons-codec-1.15.jar:/hadoop/share/hadoop/hdfs/lib/checker-qual-2.5.2.jar:/hadoop/share/hadoop/hdfs/lib/httpclient-4.5.13.jar:/hadoop/share/hadoop/hdfs/lib/woodstox-core-5.3.0.jar:/hadoop/share/hadoop/hdfs/lib/kotlin-stdlib-1.4.10.jar:/hadoop/share/hadoop/hdfs/lib/netty-3.10.6.Final.jar:/hadoop/share/hadoop/hdfs/lib/hadoop-annotations-3.3.4.jar:/hadoop/share/hadoop/hdfs/lib/netty-codec-redis-4.1.77.Final.jar:/hadoop/share/hadoop/hdfs/lib/jetty-server-9.4.43.v20210629.jar:/hadoop/share/hadoop/hdfs/lib/netty-transport-classes-kqueue-4.1.77.Final.jar:/hadoop/share/hadoop/hdfs/lib/commons-beanutils-1.9.4.jar:/hadoop/share/hadoop/hdfs/lib/json-simple-1.1.1.jar:/hadoop/share/hadoop/hdfs/lib/okio-2.8.0.jar:/hadoop/share/hadoop/hdfs/lib/accessors-smart-2.4.7.jar:/hadoop/share/hadoop/hdfs/lib/jersey-server-1.19.jar:/hadoop/share/hadoop/hdfs/lib/dnsjava-2.1.7.jar:/hadoop/share/hadoop/hdfs/lib/httpcore-4.4.13.jar:/hadoop/share/hadoop/hdfs/lib/jetty-webapp-9.4.43.v20210629.jar:/hadoop/share/hadoop/hdfs/lib/kerb-simplekdc-1.0.1.jar:/hadoop/share/hadoop/hdfs/lib/jaxb-api-2.2.11.jar:/hadoop/share/hadoop/hdfs/lib/jsr311-api-1.1.1.jar:/hadoop/share/hadoop/hdfs/lib/netty-resolver-dns-classes-macos-4.1.77.Final.jar:/hadoop/share/hadoop/hdfs/lib/okhttp-4.9.3.jar:/hadoop/share/hadoop/hdfs/lib/hadoop-shaded-guava-1.1.1.jar:/hadoop/share/hadoop/hdfs/lib/failureaccess-1.0.jar:/hadoop/share/hadoop/hdfs/lib/gson-2.8.9.jar:/hadoop/share/hadoop/hdfs/lib/commons-lang3-3.12.0.jar:/hadoop/share/hadoop/hdfs/lib/kerby-xdr-1.0.1.jar:/hadoop/share/hadoop/hdfs/lib/guava-27.0-jre.jar:/hadoop/share/hadoop/hdfs/lib/jcip-annotations-1.0-1.jar:/hadoop/share/hadoop/hdfs/lib/netty-codec-smtp-4.1.77.Final.jar:/hadoop/share/hadoop/hdfs/lib/commons-io-2.8.0.jar:/hadoop/share/hadoop/hdfs/lib/javax.servlet-api-3.1.0.jar:/hadoop/share/hadoop/hdfs/lib/netty-resolver-dns-native-macos-4.1.77.Final-osx-x86_64.jar:/hadoop/share/hadoop/hdfs/lib/netty-transport-sctp-4.1.77.Final.jar:/hadoop/share/hadoop/hdfs/lib/netty-handler-proxy-4.1.77.Final.jar:/hadoop/share/hadoop/hdfs/lib/netty-transport-native-kqueue-4.1.77.Final-osx-x86_64.jar:/hadoop/share/hadoop/hdfs/lib/re2j-1.1.jar:/hadoop/share/hadoop/hdfs/lib/nimbus-jose-jwt-9.8.1.jar:/hadoop/share/hadoop/hdfs/lib/jersey-servlet-1.19.jar:/hadoop/share/hadoop/hdfs/lib/kerb-util-1.0.1.jar:/hadoop/share/hadoop/hdfs/lib/jakarta.activation-api-1.2.1.jar:/hadoop/share/hadoop/hdfs/lib/commons-net-3.6.jar:/hadoop/share/hadoop/hdfs/lib/kerb-core-1.0.1.jar:/hadoop/share/hadoop/hdfs/lib/jackson-mapper-asl-1.9.13.jar:/hadoop/share/hadoop/hdfs/lib/hadoop-auth-3.3.4.jar:/hadoop/share/hadoop/hdfs/lib/netty-transport-native-epoll-4.1.77.Final-linux-aarch_64.jar:/hadoop/share/hadoop/hdfs/lib/kerby-asn1-1.0.1.jar:/hadoop/share/hadoop/hdfs/lib/netty-codec-4.1.77.Final.jar:/hadoop/share/hadoop/hdfs/lib/protobuf-java-2.5.0.jar:/hadoop/share/hadoop/hdfs/lib/stax2-api-4.2.1.jar:/hadoop/share/hadoop/hdfs/lib/commons-configuration2-2.1.1.jar:/hadoop/share/hadoop/hdfs/lib/commons-compress-1.21.jar:/hadoop/share/hadoop/hdfs/lib/kotlin-stdlib-common-1.4.10.jar:/hadoop/share/hadoop/hdfs/lib/netty-transport-udt-4.1.77.Final.jar:/hadoop/share/hadoop/hdfs/lib/json-smart-2.4.7.jar:/hadoop/share/hadoop/hdfs/lib/kerby-pkix-1.0.1.jar:/hadoop/share/hadoop/hdfs/lib/asm-5.0.4.jar:/hadoop/share/hadoop/hdfs/lib/netty-resolver-4.1.77.Final.jar:/hadoop/share/hadoop/hdfs/lib/paranamer-2.3.jar:/hadoop/share/hadoop/hdfs/lib/kerb-server-1.0.1.jar:/hadoop/share/hadoop/hdfs/lib/kerb-crypto-1.0.1.jar:/hadoop/share/hadoop/hdfs/lib/kerb-identity-1.0.1.jar:/hadoop/share/hadoop/hdfs/lib/netty-handler-4.1.77.Final.jar:/hadoop/share/hadoop/hdfs/lib/jetty-http-9.4.43.v20210629.jar:/hadoop/share/hadoop/hdfs/lib/jersey-json-1.19.jar:/hadoop/share/hadoop/hdfs/lib/zookeeper-jute-3.5.6.jar:/hadoop/share/hadoop/hdfs/lib/jettison-1.1.jar:/hadoop/share/hadoop/hdfs/lib/jsch-0.1.55.jar:/hadoop/share/hadoop/hdfs/lib/audience-annotations-0.5.0.jar:/hadoop/share/hadoop/hdfs/lib/leveldbjni-all-1.8.jar:/hadoop/share/hadoop/hdfs/hadoop-hdfs-rbf-3.3.4-tests.jar:/hadoop/share/hadoop/hdfs/hadoop-hdfs-client-3.3.4.jar:/hadoop/share/hadoop/hdfs/hadoop-hdfs-native-client-3.3.4-tests.jar:/hadoop/share/hadoop/hdfs/hadoop-hdfs-native-client-3.3.4.jar:/hadoop/share/hadoop/hdfs/hadoop-hdfs-httpfs-3.3.4.jar:/hadoop/share/hadoop/hdfs/hadoop-hdfs-nfs-3.3.4.jar:/hadoop/share/hadoop/hdfs/hadoop-hdfs-3.3.4.jar:/hadoop/share/hadoop/hdfs/hadoop-hdfs-client-3.3.4-tests.jar:/hadoop/share/hadoop/hdfs/hadoop-hdfs-rbf-3.3.4.jar:/hadoop/share/hadoop/hdfs/hadoop-hdfs-3.3.4-tests.jar:/hadoop/share/hadoop/mapreduce/hadoop-mapreduce-client-nativetask-3.3.4.jar:/hadoop/share/hadoop/mapreduce/hadoop-mapreduce-client-uploader-3.3.4.jar:/hadoop/share/hadoop/mapreduce/hadoop-mapreduce-examples-3.3.4.jar:/hadoop/share/hadoop/mapreduce/hadoop-mapreduce-client-hs-plugins-3.3.4.jar:/hadoop/share/hadoop/mapreduce/hadoop-mapreduce-client-common-3.3.4.jar:/hadoop/share/hadoop/mapreduce/hadoop-mapreduce-client-hs-3.3.4.jar:/hadoop/share/hadoop/mapreduce/hadoop-mapreduce-client-core-3.3.4.jar:/hadoop/share/hadoop/mapreduce/hadoop-mapreduce-client-app-3.3.4.jar:/hadoop/share/hadoop/mapreduce/hadoop-mapreduce-client-jobclient-3.3.4-tests.jar:/hadoop/share/hadoop/mapreduce/hadoop-mapreduce-client-jobclient-3.3.4.jar:/hadoop/share/hadoop/mapreduce/hadoop-mapreduce-client-shuffle-3.3.4.jar:/hadoop/share/hadoop/yarn:/hadoop/share/hadoop/yarn/lib/jline-3.9.0.jar:/hadoop/share/hadoop/yarn/lib/jetty-jndi-9.4.43.v20210629.jar:/hadoop/share/hadoop/yarn/lib/javax.websocket-client-api-1.0.jar:/hadoop/share/hadoop/yarn/lib/jakarta.xml.bind-api-2.3.2.jar:/hadoop/share/hadoop/yarn/lib/javax-websocket-server-impl-9.4.43.v20210629.jar:/hadoop/share/hadoop/yarn/lib/jetty-client-9.4.43.v20210629.jar:/hadoop/share/hadoop/yarn/lib/jna-5.2.0.jar:/hadoop/share/hadoop/yarn/lib/asm-commons-9.1.jar:/hadoop/share/hadoop/yarn/lib/jersey-guice-1.19.jar:/hadoop/share/hadoop/yarn/lib/websocket-servlet-9.4.43.v20210629.jar:/hadoop/share/hadoop/yarn/lib/swagger-annotations-1.5.4.jar:/hadoop/share/hadoop/yarn/lib/javax.websocket-api-1.0.jar:/hadoop/share/hadoop/yarn/lib/metrics-core-3.2.4.jar:/hadoop/share/hadoop/yarn/lib/jackson-module-jaxb-annotations-2.12.7.jar:/hadoop/share/hadoop/yarn/lib/jetty-annotations-9.4.43.v20210629.jar:/hadoop/share/hadoop/yarn/lib/aopalliance-1.0.jar:/hadoop/share/hadoop/yarn/lib/bcpkix-jdk15on-1.60.jar:/hadoop/share/hadoop/yarn/lib/jersey-client-1.19.jar:/hadoop/share/hadoop/yarn/lib/websocket-api-9.4.43.v20210629.jar:/hadoop/share/hadoop/yarn/lib/json-io-2.5.1.jar:/hadoop/share/hadoop/yarn/lib/HikariCP-java7-2.4.12.jar:/hadoop/share/hadoop/yarn/lib/java-util-1.9.0.jar:/hadoop/share/hadoop/yarn/lib/geronimo-jcache_1.0_spec-1.0-alpha-1.jar:/hadoop/share/hadoop/yarn/lib/guice-4.0.jar:/hadoop/share/hadoop/yarn/lib/javax.inject-1.jar:/hadoop/share/hadoop/yarn/lib/websocket-client-9.4.43.v20210629.jar:/hadoop/share/hadoop/yarn/lib/javax-websocket-client-impl-9.4.43.v20210629.jar:/hadoop/share/hadoop/yarn/lib/jetty-plus-9.4.43.v20210629.jar:/hadoop/share/hadoop/yarn/lib/snakeyaml-1.26.jar:/hadoop/share/hadoop/yarn/lib/guice-servlet-4.0.jar:/hadoop/share/hadoop/yarn/lib/bcprov-jdk15on-1.60.jar:/hadoop/share/hadoop/yarn/lib/objenesis-2.6.jar:/hadoop/share/hadoop/yarn/lib/jackson-jaxrs-base-2.12.7.jar:/hadoop/share/hadoop/yarn/lib/websocket-common-9.4.43.v20210629.jar:/hadoop/share/hadoop/yarn/lib/jackson-jaxrs-json-provider-2.12.7.jar:/hadoop/share/hadoop/yarn/lib/asm-analysis-9.1.jar:/hadoop/share/hadoop/yarn/lib/mssql-jdbc-6.2.1.jre7.jar:/hadoop/share/hadoop/yarn/lib/websocket-server-9.4.43.v20210629.jar:/hadoop/share/hadoop/yarn/lib/asm-tree-9.1.jar:/hadoop/share/hadoop/yarn/lib/ehcache-3.3.1.jar:/hadoop/share/hadoop/yarn/lib/fst-2.50.jar:/hadoop/share/hadoop/yarn/hadoop-yarn-server-tests-3.3.4.jar:/hadoop/share/hadoop/yarn/hadoop-yarn-applications-mawo-core-3.3.4.jar:/hadoop/share/hadoop/yarn/hadoop-yarn-server-common-3.3.4.jar:/hadoop/share/hadoop/yarn/hadoop-yarn-services-core-3.3.4.jar:/hadoop/share/hadoop/yarn/hadoop-yarn-applications-unmanaged-am-launcher-3.3.4.jar:/hadoop/share/hadoop/yarn/hadoop-yarn-server-sharedcachemanager-3.3.4.jar:/hadoop/share/hadoop/yarn/hadoop-yarn-server-applicationhistoryservice-3.3.4.jar:/hadoop/share/hadoop/yarn/hadoop-yarn-services-api-3.3.4.jar:/hadoop/share/hadoop/yarn/hadoop-yarn-server-resourcemanager-3.3.4.jar:/hadoop/share/hadoop/yarn/hadoop-yarn-api-3.3.4.jar:/hadoop/share/hadoop/yarn/hadoop-yarn-server-nodemanager-3.3.4.jar:/hadoop/share/hadoop/yarn/hadoop-yarn-server-timeline-pluginstorage-3.3.4.jar:/hadoop/share/hadoop/yarn/hadoop-yarn-client-3.3.4.jar:/hadoop/share/hadoop/yarn/hadoop-yarn-server-router-3.3.4.jar:/hadoop/share/hadoop/yarn/hadoop-yarn-applications-distributedshell-3.3.4.jar:/hadoop/share/hadoop/yarn/hadoop-yarn-server-web-proxy-3.3.4.jar:/hadoop/share/hadoop/yarn/hadoop-yarn-registry-3.3.4.jar:/hadoop/share/hadoop/yarn/hadoop-yarn-common-3.3.4.jar:/hadoop/share/hadoop/yarn/timelineservice/hadoop-yarn-server-timelineservice-hbase-client-3.3.4.jar:/hadoop/share/hadoop/yarn/timelineservice/hadoop-yarn-server-timelineservice-hbase-common-3.3.4.jar:/hadoop/share/hadoop/yarn/timelineservice/hadoop-yarn-server-timelineservice-hbase-coprocessor-3.3.4.jar:/hadoop/share/hadoop/yarn/timelineservice/hadoop-yarn-server-timelineservice-documentstore-3.3.4.jar:/hadoop/share/hadoop/yarn/timelineservice/hadoop-yarn-server-timelineservice-3.3.4.jar:/hadoop/share/hadoop/yarn/timelineservice/lib/rxjava-extras-0.8.0.17.jar:/hadoop/share/hadoop/yarn/timelineservice/lib/jcodings-1.0.13.jar:/hadoop/share/hadoop/yarn/timelineservice/lib/azure-cosmosdb-2.4.5.jar:/hadoop/share/hadoop/yarn/timelineservice/lib/commons-validator-1.6.jar:/hadoop/share/hadoop/yarn/timelineservice/lib/commons-digester-1.8.1.jar:/hadoop/share/hadoop/yarn/timelineservice/lib/commons-collections4-4.2.jar:/hadoop/share/hadoop/yarn/timelineservice/lib/rxjava-1.3.8.jar:/hadoop/share/hadoop/yarn/timelineservice/lib/azure-cosmosdb-commons-2.4.5.jar:/hadoop/share/hadoop/yarn/timelineservice/lib/azure-cosmosdb-gateway-2.4.5.jar:/hadoop/share/hadoop/yarn/timelineservice/lib/commons-csv-1.0.jar:/hadoop/share/hadoop/yarn/timelineservice/lib/hbase-client-1.4.8.jar:/hadoop/share/hadoop/yarn/timelineservice/lib/hbase-annotations-1.4.8.jar:/hadoop/share/hadoop/yarn/timelineservice/lib/metrics-core-2.2.0.jar:/hadoop/share/hadoop/yarn/timelineservice/lib/rxjava-string-1.1.1.jar:/hadoop/share/hadoop/yarn/timelineservice/lib/joni-2.1.2.jar:/hadoop/share/hadoop/yarn/timelineservice/lib/commons-lang-2.6.jar:/hadoop/share/hadoop/yarn/timelineservice/lib/azure-cosmosdb-direct-2.4.5.jar:/hadoop/share/hadoop/yarn/timelineservice/lib/rxnetty-0.4.20.jar:/hadoop/share/hadoop/yarn/timelineservice/lib/java-uuid-generator-3.1.4.jar:/hadoop/share/hadoop/yarn/timelineservice/lib/hbase-common-1.4.8.jar:/hadoop/share/hadoop/yarn/timelineservice/lib/htrace-core-3.1.0-incubating.jar:/hadoop/share/hadoop/yarn/timelineservice/lib/hbase-protocol-1.4.8.jar
STARTUP_MSG:   build = https://github.com/apache/hadoop.git -r a585a73c3e02ac62350c136643a5e7f6095a3dbb; compiled by 'stevel' on 2022-07-29T12:32Z
STARTUP_MSG:   java = 1.8.0_432
************************************************************/
2025-03-25 12:57:08,261 INFO [main] org.apache.hadoop.yarn.server.resourcemanager.ResourceManager: registered UNIX signal handlers for [TERM, HUP, INT]
2025-03-25 12:57:08,569 INFO [main] org.apache.hadoop.yarn.server.resourcemanager.RMNMInfo: Registered RMInfo MBean
2025-03-25 12:57:08,574 INFO [main] org.apache.hadoop.conf.Configuration: found resource core-site.xml at file:/hadoop/etc/hadoop/core-site.xml
2025-03-25 12:57:08,614 INFO [main] org.apache.hadoop.conf.Configuration: resource-types.xml not found
2025-03-25 12:57:08,614 INFO [main] org.apache.hadoop.yarn.util.resource.ResourceUtils: Unable to find 'resource-types.xml'.
2025-03-25 12:57:08,637 INFO [main] org.apache.hadoop.conf.Configuration: found resource yarn-site.xml at file:/hadoop/etc/hadoop/yarn-site.xml
2025-03-25 12:57:08,643 INFO [main] org.apache.hadoop.yarn.metrics.GenericEventTypeMetrics: Registering GenericEventTypeMetrics
2025-03-25 12:57:08,645 INFO [main] org.apache.hadoop.yarn.event.AsyncDispatcher: Registering class org.apache.hadoop.yarn.server.resourcemanager.RMFatalEventType for class org.apache.hadoop.yarn.server.resourcemanager.ResourceManager$RMFatalEventDispatcher
2025-03-25 12:57:08,674 INFO [main] org.apache.hadoop.yarn.server.resourcemanager.security.NMTokenSecretManagerInRM: NMTokenKeyRollingInterval: 86400000ms and NMTokenKeyActivationDelay: 900000ms
2025-03-25 12:57:08,677 INFO [main] org.apache.hadoop.yarn.server.resourcemanager.security.RMContainerTokenSecretManager: ContainerTokenKeyRollingInterval: 86400000ms and ContainerTokenKeyActivationDelay: 900000ms
2025-03-25 12:57:08,683 INFO [main] org.apache.hadoop.yarn.server.resourcemanager.security.AMRMTokenSecretManager: AMRMTokenKeyRollingInterval: 86400000ms and AMRMTokenKeyActivationDelay: 900000 ms
2025-03-25 12:57:08,704 INFO [main] org.apache.hadoop.yarn.event.AsyncDispatcher: Registering class org.apache.hadoop.yarn.server.resourcemanager.recovery.RMStateStoreEventType for class org.apache.hadoop.yarn.server.resourcemanager.recovery.RMStateStore$ForwardingEventHandler
2025-03-25 12:57:08,705 INFO [main] org.apache.hadoop.yarn.event.AsyncDispatcher: Registering class org.apache.hadoop.yarn.server.resourcemanager.NodesListManagerEventType for class org.apache.hadoop.yarn.server.resourcemanager.NodesListManager
2025-03-25 12:57:08,705 INFO [main] org.apache.hadoop.yarn.server.resourcemanager.ResourceManager: Using Scheduler: org.apache.hadoop.yarn.server.resourcemanager.scheduler.capacity.CapacityScheduler
2025-03-25 12:57:08,728 INFO [main] org.apache.hadoop.yarn.event.AsyncDispatcher: Registering class org.apache.hadoop.yarn.server.resourcemanager.scheduler.event.SchedulerEventType for class org.apache.hadoop.yarn.server.resourcemanager.ResourceManager$SchedulerEventDispatcher
2025-03-25 12:57:08,728 INFO [main] org.apache.hadoop.yarn.event.AsyncDispatcher: Registering class org.apache.hadoop.yarn.server.resourcemanager.rmapp.RMAppEventType for class org.apache.hadoop.yarn.server.resourcemanager.ResourceManager$ApplicationEventDispatcher
2025-03-25 12:57:08,729 INFO [main] org.apache.hadoop.yarn.event.AsyncDispatcher: Registering class org.apache.hadoop.yarn.server.resourcemanager.rmapp.attempt.RMAppAttemptEventType for class org.apache.hadoop.yarn.server.resourcemanager.ResourceManager$ApplicationAttemptEventDispatcher
2025-03-25 12:57:08,729 INFO [main] org.apache.hadoop.yarn.event.AsyncDispatcher: Registering class org.apache.hadoop.yarn.server.resourcemanager.rmnode.RMNodeEventType for class org.apache.hadoop.yarn.server.resourcemanager.ResourceManager$NodeEventDispatcher
2025-03-25 12:57:08,764 INFO [main] org.apache.hadoop.metrics2.impl.MetricsConfig: Loaded properties from hadoop-metrics2.properties
2025-03-25 12:57:08,776 INFO [main] org.apache.hadoop.metrics2.impl.MetricsSystemImpl: Scheduled Metric snapshot period at 10 second(s).
2025-03-25 12:57:08,776 INFO [main] org.apache.hadoop.metrics2.impl.MetricsSystemImpl: ResourceManager metrics system started
2025-03-25 12:57:08,798 INFO [main] org.apache.hadoop.yarn.security.YarnAuthorizationProvider: org.apache.hadoop.yarn.security.ConfiguredYarnAuthorizer is instantiated.
2025-03-25 12:57:08,800 INFO [main] org.apache.hadoop.yarn.event.AsyncDispatcher: Registering class org.apache.hadoop.yarn.server.resourcemanager.RMAppManagerEventType for class org.apache.hadoop.yarn.server.resourcemanager.RMAppManager
2025-03-25 12:57:08,803 INFO [main] org.apache.hadoop.yarn.event.AsyncDispatcher: Registering class org.apache.hadoop.yarn.server.resourcemanager.amlauncher.AMLauncherEventType for class org.apache.hadoop.yarn.server.resourcemanager.amlauncher.ApplicationMasterLauncher
2025-03-25 12:57:09,101 INFO [main] org.apache.hadoop.yarn.server.resourcemanager.RMNMInfo: Registered RMNMInfo MBean
2025-03-25 12:57:09,101 INFO [main] org.apache.hadoop.yarn.server.resourcemanager.rmapp.monitor.RMAppLifetimeMonitor: Application lifelime monitor interval set to 3000 ms.
2025-03-25 12:57:09,105 INFO [main] org.apache.hadoop.yarn.server.resourcemanager.scheduler.placement.MultiNodeSortingManager: Initializing NodeSortingService=MultiNodeSortingManager
2025-03-25 12:57:09,105 INFO [main] org.apache.hadoop.util.HostsFileReader: Refreshing hosts (include/exclude) list
2025-03-25 12:57:09,106 INFO [main] org.apache.hadoop.util.HostsFileReader: Adding a node "172.20.1.15" to the list of included hosts from /hadoop/etc/hadoop/workers
2025-03-25 12:57:09,106 INFO [main] org.apache.hadoop.util.HostsFileReader: Adding a node "172.20.1.16" to the list of included hosts from /hadoop/etc/hadoop/workers
2025-03-25 12:57:09,106 INFO [main] org.apache.hadoop.util.HostsFileReader: Adding a node "172.20.1.17" to the list of included hosts from /hadoop/etc/hadoop/workers
2025-03-25 12:57:09,112 INFO [main] org.apache.hadoop.conf.Configuration: found resource capacity-scheduler.xml at file:/hadoop/etc/hadoop/capacity-scheduler.xml
2025-03-25 12:57:09,117 INFO [main] org.apache.hadoop.yarn.server.resourcemanager.scheduler.AbstractYarnScheduler: Minimum allocation = <memory:1024, vCores:1>
2025-03-25 12:57:09,118 INFO [main] org.apache.hadoop.yarn.server.resourcemanager.scheduler.AbstractYarnScheduler: Maximum allocation = <memory:8192, vCores:4>
2025-03-25 12:57:09,154 INFO [main] org.apache.hadoop.yarn.server.resourcemanager.scheduler.capacity.ParentQueue: root, capacity=1.0, absoluteCapacity=1.0, maxCapacity=1.0, absoluteMaxCapacity=1.0, state=RUNNING, acls=ADMINISTER_QUEUE:*SUBMIT_APP:*, labels=*,
, reservationsContinueLooking=true, orderingPolicy=utilization, priority=0
2025-03-25 12:57:09,154 INFO [main] org.apache.hadoop.yarn.server.resourcemanager.scheduler.capacity.ParentQueue: Initialized parent-queue root name=root, fullname=root
2025-03-25 12:57:09,165 INFO [main] org.apache.hadoop.yarn.server.resourcemanager.scheduler.capacity.LeafQueue: Initializing root.default
capacity = 1.0 [= (float) configuredCapacity / 100 ]
absoluteCapacity = 1.0 [= parentAbsoluteCapacity * capacity ]
maxCapacity = 1.0 [= configuredMaxCapacity ]
absoluteMaxCapacity = 1.0 [= 1.0 maximumCapacity undefined, (parentAbsoluteMaxCapacity * maximumCapacity) / 100 otherwise ]
effectiveMinResource=<memory:0, vCores:0>
 , effectiveMaxResource=<memory:0, vCores:0>
userLimit = 100 [= configuredUserLimit ]
userLimitFactor = 1.0 [= configuredUserLimitFactor ]
maxApplications = 10000 [= configuredMaximumSystemApplicationsPerQueue or (int)(configuredMaximumSystemApplications * absoluteCapacity)]
maxApplicationsPerUser = 10000 [= (int)(maxApplications * (userLimit / 100.0f) * userLimitFactor) ]
maxParallelApps = 2147483647
usedCapacity = 0.0 [= usedResourcesMemory / (clusterResourceMemory * absoluteCapacity)]
absoluteUsedCapacity = 0.0 [= usedResourcesMemory / clusterResourceMemory]
maxAMResourcePerQueuePercent = 0.1 [= configuredMaximumAMResourcePercent ]
minimumAllocationFactor = 0.875 [= (float)(maximumAllocationMemory - minimumAllocationMemory) / maximumAllocationMemory ]
maximumAllocation = <memory:8192, vCores:4> [= configuredMaxAllocation ]
numContainers = 0 [= currentNumContainers ]
state = RUNNING [= configuredState ]
acls = ADMINISTER_QUEUE:*SUBMIT_APP:* [= configuredAcls ]
nodeLocalityDelay = 40
rackLocalityAdditionalDelay = -1
labels=*,
reservationsContinueLooking = true
preemptionDisabled = true
defaultAppPriorityPerQueue = 0
priority = 0
maxLifetime = -1 seconds
defaultLifetime = -1 seconds
2025-03-25 12:57:09,165 INFO [main] org.apache.hadoop.yarn.server.resourcemanager.scheduler.capacity.CapacitySchedulerQueueManager: Initialized queue: root.default
2025-03-25 12:57:09,165 INFO [main] org.apache.hadoop.yarn.server.resourcemanager.scheduler.capacity.CapacitySchedulerQueueManager: Initialized queue: root
2025-03-25 12:57:09,167 INFO [main] org.apache.hadoop.yarn.server.resourcemanager.scheduler.capacity.CapacitySchedulerQueueManager: Initialized root queue root: numChildQueue= 1, capacity=1.0, absoluteCapacity=1.0, usedResources=<memory:0, vCores:0>usedCapacity=0.0, numApps=0, numContainers=0
2025-03-25 12:57:09,168 INFO [main] org.apache.hadoop.yarn.server.resourcemanager.placement.UserGroupMappingPlacementRule: Initialized queue mappings, override: false
2025-03-25 12:57:09,168 INFO [main] org.apache.hadoop.yarn.server.resourcemanager.scheduler.capacity.WorkflowPriorityMappingsManager: Initialized workflow priority mappings, override: false
2025-03-25 12:57:09,169 INFO [main] org.apache.hadoop.yarn.server.resourcemanager.scheduler.placement.MultiNodeSortingManager: MultiNode scheduling is 'false', and configured policies are 
2025-03-25 12:57:09,169 INFO [main] org.apache.hadoop.yarn.server.resourcemanager.scheduler.capacity.CapacityScheduler: Initialized CapacityScheduler with calculator=class org.apache.hadoop.yarn.util.resource.DefaultResourceCalculator, minimumAllocation=<<memory:1024, vCores:1>>, maximumAllocation=<<memory:8192, vCores:4>>, asynchronousScheduling=false, asyncScheduleInterval=5ms,multiNodePlacementEnabled=false, assignMultipleEnabled=true, maxAssignPerHeartbeat=100, offswitchPerHeartbeatLimit=1
2025-03-25 12:57:09,178 INFO [main] org.apache.hadoop.conf.Configuration: dynamic-resources.xml not found
2025-03-25 12:57:09,179 INFO [main] org.apache.hadoop.yarn.server.resourcemanager.AMSProcessingChain: Initializing AMS Processing chain. Root Processor=[org.apache.hadoop.yarn.server.resourcemanager.DefaultAMSProcessor].
2025-03-25 12:57:09,180 INFO [main] org.apache.hadoop.yarn.server.resourcemanager.ApplicationMasterService: disabled placement handler will be used, all scheduling requests will be rejected.
2025-03-25 12:57:09,181 INFO [main] org.apache.hadoop.yarn.server.resourcemanager.AMSProcessingChain: Adding [org.apache.hadoop.yarn.server.resourcemanager.scheduler.constraint.processor.DisabledPlacementProcessor] tp top of AMS Processing chain. 
2025-03-25 12:57:09,185 INFO [main] org.apache.hadoop.yarn.server.resourcemanager.ResourceManager: TimelineServicePublisher is not configured
2025-03-25 12:57:09,209 INFO [main] org.eclipse.jetty.util.log: Logging initialized @1261ms to org.eclipse.jetty.util.log.Slf4jLog
2025-03-25 12:57:09,312 WARN [main] org.apache.hadoop.security.authentication.server.AuthenticationFilter: Unable to initialize FileSignerSecretProvider, falling back to use random secrets. Reason: Could not read signature secret file: /root/hadoop-http-auth-signature-secret
2025-03-25 12:57:09,317 INFO [main] org.apache.hadoop.http.HttpRequestLog: Http request log for http.requests.resourcemanager is not defined
2025-03-25 12:57:09,322 INFO [main] org.apache.hadoop.http.HttpServer2: Added global filter 'safety' (class=org.apache.hadoop.http.HttpServer2$QuotingInputFilter)
2025-03-25 12:57:09,325 INFO [main] org.apache.hadoop.http.HttpServer2: Added filter RMAuthenticationFilter (class=org.apache.hadoop.yarn.server.security.http.RMAuthenticationFilter) to context cluster
2025-03-25 12:57:09,325 INFO [main] org.apache.hadoop.http.HttpServer2: Added filter RMAuthenticationFilter (class=org.apache.hadoop.yarn.server.security.http.RMAuthenticationFilter) to context logs
2025-03-25 12:57:09,325 INFO [main] org.apache.hadoop.http.HttpServer2: Added filter RMAuthenticationFilter (class=org.apache.hadoop.yarn.server.security.http.RMAuthenticationFilter) to context static
2025-03-25 12:57:09,326 INFO [main] org.apache.hadoop.http.HttpServer2: Added filter static_user_filter (class=org.apache.hadoop.http.lib.StaticUserWebFilter$StaticUserFilter) to context cluster
2025-03-25 12:57:09,326 INFO [main] org.apache.hadoop.http.HttpServer2: Added filter static_user_filter (class=org.apache.hadoop.http.lib.StaticUserWebFilter$StaticUserFilter) to context logs
2025-03-25 12:57:09,326 INFO [main] org.apache.hadoop.http.HttpServer2: Added filter static_user_filter (class=org.apache.hadoop.http.lib.StaticUserWebFilter$StaticUserFilter) to context static
2025-03-25 12:57:09,619 INFO [main] org.apache.hadoop.yarn.webapp.WebApps: Registered webapp guice modules
2025-03-25 12:57:09,627 INFO [main] org.apache.hadoop.http.HttpServer2: Jetty bound to port 8088
2025-03-25 12:57:09,628 INFO [main] org.eclipse.jetty.server.Server: jetty-9.4.43.v20210629; built: 2021-06-30T11:07:22.254Z; git: 526006ecfa3af7f1a27ef3a288e2bef7ea9dd7e8; jvm 1.8.0_432-8u432-ga~us1-0ubuntu2~24.04-ga
2025-03-25 12:57:09,646 INFO [main] org.eclipse.jetty.server.session: DefaultSessionIdManager workerName=node0
2025-03-25 12:57:09,646 INFO [main] org.eclipse.jetty.server.session: No SessionScavenger set, using defaults
2025-03-25 12:57:09,648 INFO [main] org.eclipse.jetty.server.session: node0 Scavenging every 600000ms
2025-03-25 12:57:09,659 WARN [main] org.apache.hadoop.security.authentication.server.AuthenticationFilter: Unable to initialize FileSignerSecretProvider, falling back to use random secrets. Reason: Could not read signature secret file: /root/hadoop-http-auth-signature-secret
2025-03-25 12:57:09,664 INFO [main] org.apache.hadoop.security.token.delegation.AbstractDelegationTokenSecretManager: Updating the current master key for generating delegation tokens
2025-03-25 12:57:09,665 INFO [Thread[Thread-20,5,main]] org.apache.hadoop.security.token.delegation.AbstractDelegationTokenSecretManager: Starting expired delegation token remover thread, tokenRemoverScanInterval=60 min(s)
2025-03-25 12:57:09,665 INFO [Thread[Thread-20,5,main]] org.apache.hadoop.security.token.delegation.AbstractDelegationTokenSecretManager: Updating the current master key for generating delegation tokens
2025-03-25 12:57:09,677 INFO [main] org.eclipse.jetty.server.handler.ContextHandler: Started o.e.j.s.ServletContextHandler@305a0c5f{logs,/logs,file:///hadoop/logs/,AVAILABLE}
2025-03-25 12:57:09,677 INFO [main] org.eclipse.jetty.server.handler.ContextHandler: Started o.e.j.s.ServletContextHandler@232a7d73{static,/static,jar:file:/hadoop/share/hadoop/yarn/hadoop-yarn-common-3.3.4.jar!/webapps/static,AVAILABLE}
2025-03-25 12:57:10,507 INFO [main] org.eclipse.jetty.server.handler.ContextHandler: Started o.e.j.w.WebAppContext@7add323c{cluster,/,file:///tmp/jetty-master-8088-hadoop-yarn-common-3_3_4_jar-_-any-5445429283292713036/webapp/,AVAILABLE}{jar:file:/hadoop/share/hadoop/yarn/hadoop-yarn-common-3.3.4.jar!/webapps/cluster}
2025-03-25 12:57:10,511 INFO [main] org.eclipse.jetty.server.AbstractConnector: Started ServerConnector@5b068087{HTTP/1.1, (http/1.1)}{master:8088}
2025-03-25 12:57:10,511 INFO [main] org.eclipse.jetty.server.Server: Started @2563ms
2025-03-25 12:57:10,511 INFO [main] org.apache.hadoop.yarn.webapp.WebApps: Web app cluster started at 8088
2025-03-25 12:57:10,654 INFO [main] org.apache.hadoop.ipc.CallQueueManager: Using callQueue: class java.util.concurrent.LinkedBlockingQueue, queueCapacity: 100, scheduler: class org.apache.hadoop.ipc.DefaultRpcScheduler, ipcBackoff: false.
2025-03-25 12:57:10,660 INFO [Socket Reader #1 for port 8033] org.apache.hadoop.ipc.Server: Starting Socket Reader #1 for port 8033
2025-03-25 12:57:10,742 INFO [Listener at master/8033] org.apache.hadoop.yarn.factories.impl.pb.RpcServerFactoryPBImpl: Adding protocol org.apache.hadoop.yarn.server.api.ResourceManagerAdministrationProtocolPB to the server
2025-03-25 12:57:10,742 INFO [IPC Server Responder] org.apache.hadoop.ipc.Server: IPC Server Responder: starting
2025-03-25 12:57:10,743 INFO [IPC Server listener on 8033] org.apache.hadoop.ipc.Server: IPC Server listener on 8033: starting
2025-03-25 12:57:10,743 INFO [Listener at master/8033] org.apache.hadoop.yarn.server.resourcemanager.ResourceManager: Transitioning to active state
2025-03-25 12:57:10,752 INFO [Listener at master/8033] org.apache.hadoop.yarn.server.resourcemanager.recovery.RMStateStore: Updating AMRMToken
2025-03-25 12:57:10,752 INFO [Listener at master/8033] org.apache.hadoop.yarn.server.resourcemanager.security.RMContainerTokenSecretManager: Rolling master-key for container-tokens
2025-03-25 12:57:10,753 INFO [Listener at master/8033] org.apache.hadoop.yarn.server.resourcemanager.security.NMTokenSecretManagerInRM: Rolling master-key for nm-tokens
2025-03-25 12:57:10,753 INFO [Listener at master/8033] org.apache.hadoop.security.token.delegation.AbstractDelegationTokenSecretManager: Updating the current master key for generating delegation tokens
2025-03-25 12:57:10,753 INFO [Listener at master/8033] org.apache.hadoop.yarn.server.resourcemanager.security.RMDelegationTokenSecretManager: storing master key with keyID 1
2025-03-25 12:57:10,753 INFO [Listener at master/8033] org.apache.hadoop.yarn.server.resourcemanager.recovery.RMStateStore: Storing RMDTMasterKey.
2025-03-25 12:57:10,753 INFO [Thread[Thread-28,5,main]] org.apache.hadoop.security.token.delegation.AbstractDelegationTokenSecretManager: Starting expired delegation token remover thread, tokenRemoverScanInterval=60 min(s)
2025-03-25 12:57:10,754 INFO [Thread[Thread-28,5,main]] org.apache.hadoop.security.token.delegation.AbstractDelegationTokenSecretManager: Updating the current master key for generating delegation tokens
2025-03-25 12:57:10,754 INFO [Thread[Thread-28,5,main]] org.apache.hadoop.yarn.server.resourcemanager.security.RMDelegationTokenSecretManager: storing master key with keyID 2
2025-03-25 12:57:10,754 INFO [Thread[Thread-28,5,main]] org.apache.hadoop.yarn.server.resourcemanager.recovery.RMStateStore: Storing RMDTMasterKey.
2025-03-25 12:57:10,755 INFO [Listener at master/8033] org.apache.hadoop.yarn.event.AsyncDispatcher: Registering class org.apache.hadoop.yarn.nodelabels.event.NodeLabelsStoreEventType for class org.apache.hadoop.yarn.nodelabels.CommonNodeLabelsManager$ForwardingEventHandler
2025-03-25 12:57:10,826 INFO [Listener at master/8033] org.apache.hadoop.yarn.nodelabels.store.AbstractFSNodeStore: Created store directory :file:/tmp/hadoop-yarn-root/node-attribute
2025-03-25 12:57:10,842 INFO [Listener at master/8033] org.apache.hadoop.yarn.nodelabels.store.AbstractFSNodeStore: Finished write mirror at:file:/tmp/hadoop-yarn-root/node-attribute/nodeattribute.mirror
2025-03-25 12:57:10,842 INFO [Listener at master/8033] org.apache.hadoop.yarn.nodelabels.store.AbstractFSNodeStore: Finished create editlog file at:file:/tmp/hadoop-yarn-root/node-attribute/nodeattribute.editlog
2025-03-25 12:57:10,854 INFO [Listener at master/8033] org.apache.hadoop.yarn.event.AsyncDispatcher: Registering class org.apache.hadoop.yarn.server.resourcemanager.nodelabels.NodeAttributesStoreEventType for class org.apache.hadoop.yarn.server.resourcemanager.nodelabels.NodeAttributesManagerImpl$ForwardingEventHandler
2025-03-25 12:57:10,854 INFO [Listener at master/8033] org.apache.hadoop.yarn.server.resourcemanager.scheduler.placement.MultiNodeSortingManager: Starting NodeSortingService=MultiNodeSortingManager
2025-03-25 12:57:10,860 INFO [Listener at master/8033] org.apache.hadoop.ipc.CallQueueManager: Using callQueue: class java.util.concurrent.LinkedBlockingQueue, queueCapacity: 5000, scheduler: class org.apache.hadoop.ipc.DefaultRpcScheduler, ipcBackoff: false.
2025-03-25 12:57:10,861 INFO [Socket Reader #1 for port 8031] org.apache.hadoop.ipc.Server: Starting Socket Reader #1 for port 8031
2025-03-25 12:57:10,863 INFO [Listener at master/8031] org.apache.hadoop.yarn.factories.impl.pb.RpcServerFactoryPBImpl: Adding protocol org.apache.hadoop.yarn.server.api.ResourceTrackerPB to the server
2025-03-25 12:57:10,863 INFO [IPC Server Responder] org.apache.hadoop.ipc.Server: IPC Server Responder: starting
2025-03-25 12:57:10,863 INFO [IPC Server listener on 8031] org.apache.hadoop.ipc.Server: IPC Server listener on 8031: starting
2025-03-25 12:57:10,870 INFO [org.apache.hadoop.util.JvmPauseMonitor$Monitor@221a2068] org.apache.hadoop.util.JvmPauseMonitor: Starting JVM pause monitor
2025-03-25 12:57:10,875 INFO [Listener at master/8031] org.apache.hadoop.ipc.CallQueueManager: Using callQueue: class java.util.concurrent.LinkedBlockingQueue, queueCapacity: 5000, scheduler: class org.apache.hadoop.ipc.DefaultRpcScheduler, ipcBackoff: false.
2025-03-25 12:57:10,878 INFO [Socket Reader #1 for port 8030] org.apache.hadoop.ipc.Server: Starting Socket Reader #1 for port 8030
2025-03-25 12:57:10,881 INFO [Listener at master/8030] org.apache.hadoop.yarn.factories.impl.pb.RpcServerFactoryPBImpl: Adding protocol org.apache.hadoop.yarn.api.ApplicationMasterProtocolPB to the server
2025-03-25 12:57:10,881 INFO [IPC Server Responder] org.apache.hadoop.ipc.Server: IPC Server Responder: starting
2025-03-25 12:57:10,882 INFO [IPC Server listener on 8030] org.apache.hadoop.ipc.Server: IPC Server listener on 8030: starting
2025-03-25 12:57:10,940 INFO [Listener at master/8030] org.apache.hadoop.ipc.CallQueueManager: Using callQueue: class java.util.concurrent.LinkedBlockingQueue, queueCapacity: 5000, scheduler: class org.apache.hadoop.ipc.DefaultRpcScheduler, ipcBackoff: false.
2025-03-25 12:57:10,940 INFO [Socket Reader #1 for port 8032] org.apache.hadoop.ipc.Server: Starting Socket Reader #1 for port 8032
2025-03-25 12:57:10,942 INFO [Listener at master/8032] org.apache.hadoop.yarn.factories.impl.pb.RpcServerFactoryPBImpl: Adding protocol org.apache.hadoop.yarn.api.ApplicationClientProtocolPB to the server
2025-03-25 12:57:10,946 INFO [IPC Server Responder] org.apache.hadoop.ipc.Server: IPC Server Responder: starting
2025-03-25 12:57:10,946 INFO [IPC Server listener on 8032] org.apache.hadoop.ipc.Server: IPC Server listener on 8032: starting
2025-03-25 12:57:11,175 INFO [Listener at master/8032] org.apache.hadoop.yarn.server.webproxy.ProxyCA: Created Certificate for OU=YARN-e132cec5-ce84-411e-84e6-0c2237e3f774
2025-03-25 12:57:11,234 INFO [Listener at master/8032] org.apache.hadoop.yarn.server.resourcemanager.recovery.RMStateStore: Storing CA Certificate and Private Key
2025-03-25 12:57:11,234 INFO [Listener at master/8032] org.apache.hadoop.yarn.server.resourcemanager.ResourceManager: Transitioned to active state
2025-03-25 12:57:13,127 INFO [RM Event dispatcher] org.apache.hadoop.yarn.server.resourcemanager.rmnode.RMNodeImpl: slave0:37587 Node Transitioned from NEW to RUNNING
2025-03-25 12:57:13,151 INFO [IPC Server handler 0 on default port 8031] org.apache.hadoop.yarn.server.resourcemanager.ResourceTrackerService: NodeManager from node slave0(cmPort: 37587 httpPort: 8042) registered with capability: <memory:8192, vCores:8>, assigned nodeId slave0:37587
2025-03-25 12:57:13,169 INFO [SchedulerEventDispatcher:Event Processor] org.apache.hadoop.yarn.server.resourcemanager.scheduler.capacity.CapacityScheduler: Added node slave0:37587 clusterResource: <memory:8192, vCores:8>
2025-03-25 12:57:13,484 INFO [IPC Server handler 2 on default port 8031] org.apache.hadoop.yarn.server.resourcemanager.ResourceTrackerService: NodeManager from node slave1(cmPort: 35201 httpPort: 8042) registered with capability: <memory:8192, vCores:8>, assigned nodeId slave1:35201
2025-03-25 12:57:13,484 INFO [RM Event dispatcher] org.apache.hadoop.yarn.server.resourcemanager.rmnode.RMNodeImpl: slave1:35201 Node Transitioned from NEW to RUNNING
2025-03-25 12:57:13,491 INFO [SchedulerEventDispatcher:Event Processor] org.apache.hadoop.yarn.server.resourcemanager.scheduler.capacity.CapacityScheduler: Added node slave1:35201 clusterResource: <memory:16384, vCores:16>
2025-03-25 12:57:13,592 INFO [IPC Server handler 4 on default port 8031] org.apache.hadoop.yarn.server.resourcemanager.ResourceTrackerService: NodeManager from node slave2(cmPort: 34949 httpPort: 8042) registered with capability: <memory:8192, vCores:8>, assigned nodeId slave2:34949
2025-03-25 12:57:13,593 INFO [RM Event dispatcher] org.apache.hadoop.yarn.server.resourcemanager.rmnode.RMNodeImpl: slave2:34949 Node Transitioned from NEW to RUNNING
2025-03-25 12:57:13,595 INFO [SchedulerEventDispatcher:Event Processor] org.apache.hadoop.yarn.server.resourcemanager.scheduler.capacity.CapacityScheduler: Added node slave2:34949 clusterResource: <memory:24576, vCores:24>
2025-03-25 12:58:09,271 INFO [IPC Server handler 0 on default port 8032] org.apache.hadoop.yarn.server.resourcemanager.ClientRMService: Allocated new applicationId: 1
2025-03-25 12:58:12,501 INFO [IPC Server handler 5 on default port 8032] org.apache.hadoop.yarn.server.resourcemanager.scheduler.capacity.CapacityScheduler: Application 'application_1742907430743_0001' is submitted without priority hence considering default queue/cluster priority: 0
2025-03-25 12:58:12,502 INFO [IPC Server handler 5 on default port 8032] org.apache.hadoop.yarn.server.resourcemanager.scheduler.capacity.CapacityScheduler: Priority '0' is acceptable in queue : default for application: application_1742907430743_0001
2025-03-25 12:58:12,518 WARN [IPC Server handler 5 on default port 8032] org.apache.hadoop.yarn.server.resourcemanager.rmapp.RMAppImpl: The specific max attempts: 0 for application: 1 is invalid, because it is less than or equal to zero. Use the rm max attempts instead.
2025-03-25 12:58:12,519 INFO [IPC Server handler 5 on default port 8032] org.apache.hadoop.yarn.server.resourcemanager.ClientRMService: Application with id 1 submitted by user root
2025-03-25 12:58:12,520 INFO [RM Event dispatcher] org.apache.hadoop.yarn.server.resourcemanager.rmapp.RMAppImpl: Storing application with id application_1742907430743_0001
2025-03-25 12:58:12,525 INFO [RM StateStore dispatcher] org.apache.hadoop.yarn.server.resourcemanager.recovery.RMStateStore: Storing info for app: application_1742907430743_0001
2025-03-25 12:58:12,525 INFO [RM Event dispatcher] org.apache.hadoop.yarn.server.resourcemanager.rmapp.RMAppImpl: application_1742907430743_0001 State change from NEW to NEW_SAVING on event = START
2025-03-25 12:58:12,526 INFO [RM Event dispatcher] org.apache.hadoop.yarn.server.resourcemanager.rmapp.RMAppImpl: application_1742907430743_0001 State change from NEW_SAVING to SUBMITTED on event = APP_NEW_SAVED
2025-03-25 12:58:12,527 INFO [SchedulerEventDispatcher:Event Processor] org.apache.hadoop.yarn.server.resourcemanager.scheduler.capacity.ParentQueue: Application added - appId: application_1742907430743_0001 user: root leaf-queue of parent: root #applications: 1
2025-03-25 12:58:12,527 INFO [SchedulerEventDispatcher:Event Processor] org.apache.hadoop.yarn.server.resourcemanager.scheduler.capacity.CapacityScheduler: Accepted application application_1742907430743_0001 from user: root, in queue: default
2025-03-25 12:58:12,537 INFO [RM Event dispatcher] org.apache.hadoop.yarn.server.resourcemanager.rmapp.RMAppImpl: application_1742907430743_0001 State change from SUBMITTED to ACCEPTED on event = APP_ACCEPTED
2025-03-25 12:58:12,548 INFO [RM Event dispatcher] org.apache.hadoop.yarn.server.resourcemanager.ApplicationMasterService: Registering app attempt : appattempt_1742907430743_0001_000001
2025-03-25 12:58:12,549 INFO [RM Event dispatcher] org.apache.hadoop.yarn.server.resourcemanager.rmapp.attempt.RMAppAttemptImpl: appattempt_1742907430743_0001_000001 State change from NEW to SUBMITTED on event = START
2025-03-25 12:58:12,602 WARN [SchedulerEventDispatcher:Event Processor] org.apache.hadoop.yarn.server.resourcemanager.scheduler.capacity.LeafQueue: maximum-am-resource-percent is insufficient to start a single application in queue, it is likely set too low. skipping enforcement to allow at least one application to start
2025-03-25 12:58:12,602 WARN [SchedulerEventDispatcher:Event Processor] org.apache.hadoop.yarn.server.resourcemanager.scheduler.capacity.LeafQueue: maximum-am-resource-percent is insufficient to start a single application in queue for user, it is likely set too low. skipping enforcement to allow at least one application to start
2025-03-25 12:58:12,603 INFO [SchedulerEventDispatcher:Event Processor] org.apache.hadoop.yarn.server.resourcemanager.scheduler.capacity.LeafQueue: Application application_1742907430743_0001 from user: root activated in queue: root.default
2025-03-25 12:58:12,603 INFO [SchedulerEventDispatcher:Event Processor] org.apache.hadoop.yarn.server.resourcemanager.scheduler.capacity.LeafQueue: Application added - appId: application_1742907430743_0001 user: root, leaf-queue: root.default #user-pending-applications: 0 #user-active-applications: 1 #queue-pending-applications: 0 #queue-active-applications: 1 #queue-nonrunnable-applications: 0
2025-03-25 12:58:12,603 INFO [SchedulerEventDispatcher:Event Processor] org.apache.hadoop.yarn.server.resourcemanager.scheduler.capacity.CapacityScheduler: Added Application Attempt appattempt_1742907430743_0001_000001 to scheduler from user root in queue root.default
2025-03-25 12:58:12,608 INFO [RM Event dispatcher] org.apache.hadoop.yarn.server.resourcemanager.rmapp.attempt.RMAppAttemptImpl: appattempt_1742907430743_0001_000001 State change from SUBMITTED to SCHEDULED on event = ATTEMPT_ADDED
2025-03-25 12:58:12,716 INFO [SchedulerEventDispatcher:Event Processor] org.apache.hadoop.yarn.server.resourcemanager.scheduler.capacity.allocator.AbstractContainerAllocator: assignedContainer application attempt=appattempt_1742907430743_0001_000001 container=null queue=default clusterResource=<memory:24576, vCores:24> type=OFF_SWITCH requestedPartition=
2025-03-25 12:58:12,718 INFO [SchedulerEventDispatcher:Event Processor] org.apache.hadoop.yarn.server.resourcemanager.rmcontainer.RMContainerImpl: container_1742907430743_0001_01_000001 Container Transitioned from NEW to ALLOCATED
2025-03-25 12:58:12,718 INFO [SchedulerEventDispatcher:Event Processor] org.apache.hadoop.yarn.server.resourcemanager.scheduler.common.fica.FiCaSchedulerNode: Assigned container container_1742907430743_0001_01_000001 of capacity <memory:5120, vCores:1> on host slave1:35201, which has 1 containers, <memory:5120, vCores:1> used and <memory:3072, vCores:7> available after allocation
2025-03-25 12:58:12,718 INFO [SchedulerEventDispatcher:Event Processor] org.apache.hadoop.yarn.server.resourcemanager.scheduler.capacity.ParentQueue: assignedContainer queue=root usedCapacity=0.20833333 absoluteUsedCapacity=0.20833333 used=<memory:5120, vCores:1> cluster=<memory:24576, vCores:24>
2025-03-25 12:58:12,718 INFO [SchedulerEventDispatcher:Event Processor] org.apache.hadoop.yarn.server.resourcemanager.scheduler.capacity.CapacityScheduler: Allocation proposal accepted
2025-03-25 12:58:12,728 INFO [RM Event dispatcher] org.apache.hadoop.yarn.server.resourcemanager.rmcontainer.RMContainerImpl: container_1742907430743_0001_01_000001 Container Transitioned from ALLOCATED to ACQUIRED
2025-03-25 12:58:12,728 INFO [RM Event dispatcher] org.apache.hadoop.yarn.server.resourcemanager.security.NMTokenSecretManagerInRM: Clear node set for appattempt_1742907430743_0001_000001
2025-03-25 12:58:12,728 INFO [RM Event dispatcher] org.apache.hadoop.yarn.server.resourcemanager.rmapp.attempt.RMAppAttemptImpl: Storing attempt: AppId: application_1742907430743_0001 AttemptId: appattempt_1742907430743_0001_000001 MasterContainer: Container: [ContainerId: container_1742907430743_0001_01_000001, AllocationRequestId: -1, Version: 0, NodeId: slave1:35201, NodeHttpAddress: slave1:8042, Resource: <memory:5120, vCores:1>, Priority: 0, Token: Token { kind: ContainerToken, service: 172.20.1.16:35201 }, ExecutionType: GUARANTEED, ]
2025-03-25 12:58:12,734 INFO [RM Event dispatcher] org.apache.hadoop.yarn.server.resourcemanager.rmapp.attempt.RMAppAttemptImpl: appattempt_1742907430743_0001_000001 State change from SCHEDULED to ALLOCATED_SAVING on event = CONTAINER_ALLOCATED
2025-03-25 12:58:12,735 INFO [RM Event dispatcher] org.apache.hadoop.yarn.server.resourcemanager.rmapp.attempt.RMAppAttemptImpl: appattempt_1742907430743_0001_000001 State change from ALLOCATED_SAVING to ALLOCATED on event = ATTEMPT_NEW_SAVED
2025-03-25 12:58:12,751 INFO [ApplicationMasterLauncher #0] org.apache.hadoop.yarn.server.resourcemanager.amlauncher.AMLauncher: Launching masterappattempt_1742907430743_0001_000001
2025-03-25 12:58:12,788 INFO [ApplicationMasterLauncher #0] org.apache.hadoop.yarn.server.resourcemanager.amlauncher.AMLauncher: Setting up container Container: [ContainerId: container_1742907430743_0001_01_000001, AllocationRequestId: -1, Version: 0, NodeId: slave1:35201, NodeHttpAddress: slave1:8042, Resource: <memory:5120, vCores:1>, Priority: 0, Token: Token { kind: ContainerToken, service: 172.20.1.16:35201 }, ExecutionType: GUARANTEED, ] for AM appattempt_1742907430743_0001_000001
2025-03-25 12:58:12,788 INFO [ApplicationMasterLauncher #0] org.apache.hadoop.yarn.server.resourcemanager.security.AMRMTokenSecretManager: Create AMRMToken for ApplicationAttempt: appattempt_1742907430743_0001_000001
2025-03-25 12:58:12,790 INFO [ApplicationMasterLauncher #0] org.apache.hadoop.yarn.server.resourcemanager.security.AMRMTokenSecretManager: Creating password for appattempt_1742907430743_0001_000001
2025-03-25 12:58:12,986 INFO [ApplicationMasterLauncher #0] org.apache.hadoop.yarn.server.resourcemanager.amlauncher.AMLauncher: Done launching container Container: [ContainerId: container_1742907430743_0001_01_000001, AllocationRequestId: -1, Version: 0, NodeId: slave1:35201, NodeHttpAddress: slave1:8042, Resource: <memory:5120, vCores:1>, Priority: 0, Token: Token { kind: ContainerToken, service: 172.20.1.16:35201 }, ExecutionType: GUARANTEED, ] for AM appattempt_1742907430743_0001_000001
2025-03-25 12:58:12,987 INFO [RM Event dispatcher] org.apache.hadoop.yarn.server.resourcemanager.rmapp.attempt.RMAppAttemptImpl: appattempt_1742907430743_0001_000001 State change from ALLOCATED to LAUNCHED on event = LAUNCHED
2025-03-25 12:58:12,987 INFO [RM Event dispatcher] org.apache.hadoop.yarn.server.resourcemanager.rmapp.RMAppImpl: update the launch time for applicationId: application_1742907430743_0001, attemptId: appattempt_1742907430743_0001_000001launchTime: 1742907492987
2025-03-25 12:58:12,987 INFO [RM StateStore dispatcher] org.apache.hadoop.yarn.server.resourcemanager.recovery.RMStateStore: Updating info for app: application_1742907430743_0001
2025-03-25 12:58:13,703 INFO [SchedulerEventDispatcher:Event Processor] org.apache.hadoop.yarn.server.resourcemanager.rmcontainer.RMContainerImpl: container_1742907430743_0001_01_000001 Container Transitioned from ACQUIRED to RUNNING
2025-03-25 12:58:18,343 INFO [Socket Reader #1 for port 8030] SecurityLogger.org.apache.hadoop.ipc.Server: Auth successful for appattempt_1742907430743_0001_000001 (auth:SIMPLE) from 172.20.1.16:53864
2025-03-25 12:58:18,360 INFO [IPC Server handler 16 on default port 8030] org.apache.hadoop.yarn.server.resourcemanager.DefaultAMSProcessor: AM registration appattempt_1742907430743_0001_000001
2025-03-25 12:58:18,361 INFO [RM Event dispatcher] org.apache.hadoop.yarn.server.resourcemanager.rmapp.attempt.RMAppAttemptImpl: appattempt_1742907430743_0001_000001 State change from LAUNCHED to RUNNING on event = REGISTERED
2025-03-25 12:58:18,361 INFO [RM Event dispatcher] org.apache.hadoop.yarn.server.resourcemanager.rmapp.RMAppImpl: application_1742907430743_0001 State change from ACCEPTED to RUNNING on event = ATTEMPT_REGISTERED
2025-03-25 12:58:19,358 INFO [SchedulerEventDispatcher:Event Processor] org.apache.hadoop.yarn.server.resourcemanager.scheduler.capacity.allocator.AbstractContainerAllocator: assignedContainer application attempt=appattempt_1742907430743_0001_000001 container=null queue=default clusterResource=<memory:24576, vCores:24> type=OFF_SWITCH requestedPartition=
2025-03-25 12:58:19,359 INFO [SchedulerEventDispatcher:Event Processor] org.apache.hadoop.yarn.server.resourcemanager.rmcontainer.RMContainerImpl: container_1742907430743_0001_01_000002 Container Transitioned from NEW to ALLOCATED
2025-03-25 12:58:19,359 INFO [SchedulerEventDispatcher:Event Processor] org.apache.hadoop.yarn.server.resourcemanager.scheduler.common.fica.FiCaSchedulerNode: Assigned container container_1742907430743_0001_01_000002 of capacity <memory:3072, vCores:1> on host slave0:37587, which has 1 containers, <memory:3072, vCores:1> used and <memory:5120, vCores:7> available after allocation
2025-03-25 12:58:19,360 INFO [SchedulerEventDispatcher:Event Processor] org.apache.hadoop.yarn.server.resourcemanager.scheduler.capacity.ParentQueue: assignedContainer queue=root usedCapacity=0.33333334 absoluteUsedCapacity=0.33333334 used=<memory:8192, vCores:2> cluster=<memory:24576, vCores:24>
2025-03-25 12:58:19,360 INFO [SchedulerEventDispatcher:Event Processor] org.apache.hadoop.yarn.server.resourcemanager.scheduler.capacity.CapacityScheduler: Allocation proposal accepted
2025-03-25 12:58:19,443 INFO [IPC Server handler 29 on default port 8030] org.apache.hadoop.yarn.server.resourcemanager.rmcontainer.RMContainerImpl: container_1742907430743_0001_01_000002 Container Transitioned from ALLOCATED to ACQUIRED
2025-03-25 12:58:19,716 INFO [SchedulerEventDispatcher:Event Processor] org.apache.hadoop.yarn.server.resourcemanager.scheduler.capacity.allocator.AbstractContainerAllocator: assignedContainer application attempt=appattempt_1742907430743_0001_000001 container=null queue=default clusterResource=<memory:24576, vCores:24> type=OFF_SWITCH requestedPartition=
2025-03-25 12:58:19,716 INFO [SchedulerEventDispatcher:Event Processor] org.apache.hadoop.yarn.server.resourcemanager.rmcontainer.RMContainerImpl: container_1742907430743_0001_01_000003 Container Transitioned from NEW to ALLOCATED
2025-03-25 12:58:19,716 INFO [SchedulerEventDispatcher:Event Processor] org.apache.hadoop.yarn.server.resourcemanager.scheduler.common.fica.FiCaSchedulerNode: Assigned container container_1742907430743_0001_01_000003 of capacity <memory:3072, vCores:1> on host slave1:35201, which has 2 containers, <memory:8192, vCores:2> used and <memory:0, vCores:6> available after allocation
2025-03-25 12:58:19,716 INFO [SchedulerEventDispatcher:Event Processor] org.apache.hadoop.yarn.server.resourcemanager.scheduler.capacity.ParentQueue: assignedContainer queue=root usedCapacity=0.45833334 absoluteUsedCapacity=0.45833334 used=<memory:11264, vCores:3> cluster=<memory:24576, vCores:24>
2025-03-25 12:58:19,716 INFO [SchedulerEventDispatcher:Event Processor] org.apache.hadoop.yarn.server.resourcemanager.scheduler.capacity.CapacityScheduler: Allocation proposal accepted
2025-03-25 12:58:19,801 INFO [SchedulerEventDispatcher:Event Processor] org.apache.hadoop.yarn.server.resourcemanager.scheduler.capacity.allocator.AbstractContainerAllocator: assignedContainer application attempt=appattempt_1742907430743_0001_000001 container=null queue=default clusterResource=<memory:24576, vCores:24> type=OFF_SWITCH requestedPartition=
2025-03-25 12:58:19,801 INFO [SchedulerEventDispatcher:Event Processor] org.apache.hadoop.yarn.server.resourcemanager.rmcontainer.RMContainerImpl: container_1742907430743_0001_01_000004 Container Transitioned from NEW to ALLOCATED
2025-03-25 12:58:19,801 INFO [SchedulerEventDispatcher:Event Processor] org.apache.hadoop.yarn.server.resourcemanager.scheduler.common.fica.FiCaSchedulerNode: Assigned container container_1742907430743_0001_01_000004 of capacity <memory:3072, vCores:1> on host slave2:34949, which has 1 containers, <memory:3072, vCores:1> used and <memory:5120, vCores:7> available after allocation
2025-03-25 12:58:19,801 INFO [SchedulerEventDispatcher:Event Processor] org.apache.hadoop.yarn.server.resourcemanager.scheduler.capacity.ParentQueue: assignedContainer queue=root usedCapacity=0.5833333 absoluteUsedCapacity=0.5833333 used=<memory:14336, vCores:4> cluster=<memory:24576, vCores:24>
2025-03-25 12:58:19,801 INFO [SchedulerEventDispatcher:Event Processor] org.apache.hadoop.yarn.server.resourcemanager.scheduler.capacity.CapacityScheduler: Allocation proposal accepted
2025-03-25 12:58:20,263 INFO [IPC Server handler 29 on default port 8030] org.apache.hadoop.yarn.server.resourcemanager.rmcontainer.RMContainerImpl: container_1742907430743_0001_01_000003 Container Transitioned from ALLOCATED to ACQUIRED
2025-03-25 12:58:20,263 INFO [IPC Server handler 29 on default port 8030] org.apache.hadoop.yarn.server.resourcemanager.rmcontainer.RMContainerImpl: container_1742907430743_0001_01_000004 Container Transitioned from ALLOCATED to ACQUIRED
2025-03-25 12:58:20,368 INFO [SchedulerEventDispatcher:Event Processor] org.apache.hadoop.yarn.server.resourcemanager.rmcontainer.RMContainerImpl: container_1742907430743_0001_01_000002 Container Transitioned from ACQUIRED to RUNNING
2025-03-25 12:58:20,368 INFO [SchedulerEventDispatcher:Event Processor] org.apache.hadoop.yarn.server.resourcemanager.scheduler.capacity.allocator.AbstractContainerAllocator: assignedContainer application attempt=appattempt_1742907430743_0001_000001 container=null queue=default clusterResource=<memory:24576, vCores:24> type=OFF_SWITCH requestedPartition=
2025-03-25 12:58:20,369 INFO [SchedulerEventDispatcher:Event Processor] org.apache.hadoop.yarn.server.resourcemanager.rmcontainer.RMContainerImpl: container_1742907430743_0001_01_000005 Container Transitioned from NEW to ALLOCATED
2025-03-25 12:58:20,369 INFO [SchedulerEventDispatcher:Event Processor] org.apache.hadoop.yarn.server.resourcemanager.scheduler.common.fica.FiCaSchedulerNode: Assigned container container_1742907430743_0001_01_000005 of capacity <memory:3072, vCores:1> on host slave0:37587, which has 2 containers, <memory:6144, vCores:2> used and <memory:2048, vCores:6> available after allocation
2025-03-25 12:58:20,369 INFO [SchedulerEventDispatcher:Event Processor] org.apache.hadoop.yarn.server.resourcemanager.scheduler.capacity.ParentQueue: assignedContainer queue=root usedCapacity=0.7083333 absoluteUsedCapacity=0.7083333 used=<memory:17408, vCores:5> cluster=<memory:24576, vCores:24>
2025-03-25 12:58:20,369 INFO [SchedulerEventDispatcher:Event Processor] org.apache.hadoop.yarn.server.resourcemanager.scheduler.capacity.CapacityScheduler: Allocation proposal accepted
2025-03-25 12:58:20,717 INFO [SchedulerEventDispatcher:Event Processor] org.apache.hadoop.yarn.server.resourcemanager.rmcontainer.RMContainerImpl: container_1742907430743_0001_01_000003 Container Transitioned from ACQUIRED to RUNNING
2025-03-25 12:58:20,812 INFO [SchedulerEventDispatcher:Event Processor] org.apache.hadoop.yarn.server.resourcemanager.rmcontainer.RMContainerImpl: container_1742907430743_0001_01_000004 Container Transitioned from ACQUIRED to RUNNING
2025-03-25 12:58:20,813 INFO [SchedulerEventDispatcher:Event Processor] org.apache.hadoop.yarn.server.resourcemanager.scheduler.capacity.allocator.AbstractContainerAllocator: assignedContainer application attempt=appattempt_1742907430743_0001_000001 container=null queue=default clusterResource=<memory:24576, vCores:24> type=OFF_SWITCH requestedPartition=
2025-03-25 12:58:20,813 INFO [SchedulerEventDispatcher:Event Processor] org.apache.hadoop.yarn.server.resourcemanager.rmcontainer.RMContainerImpl: container_1742907430743_0001_01_000006 Container Transitioned from NEW to ALLOCATED
2025-03-25 12:58:20,813 INFO [SchedulerEventDispatcher:Event Processor] org.apache.hadoop.yarn.server.resourcemanager.scheduler.common.fica.FiCaSchedulerNode: Assigned container container_1742907430743_0001_01_000006 of capacity <memory:3072, vCores:1> on host slave2:34949, which has 2 containers, <memory:6144, vCores:2> used and <memory:2048, vCores:6> available after allocation
2025-03-25 12:58:20,813 INFO [SchedulerEventDispatcher:Event Processor] org.apache.hadoop.yarn.server.resourcemanager.scheduler.capacity.ParentQueue: assignedContainer queue=root usedCapacity=0.8333333 absoluteUsedCapacity=0.8333333 used=<memory:20480, vCores:6> cluster=<memory:24576, vCores:24>
2025-03-25 12:58:20,813 INFO [SchedulerEventDispatcher:Event Processor] org.apache.hadoop.yarn.server.resourcemanager.scheduler.capacity.CapacityScheduler: Allocation proposal accepted
2025-03-25 12:58:23,271 INFO [IPC Server handler 3 on default port 8030] org.apache.hadoop.yarn.server.resourcemanager.scheduler.AppSchedulingInfo: checking for deactivate of application :application_1742907430743_0001
2025-03-25 12:58:23,272 INFO [IPC Server handler 3 on default port 8030] org.apache.hadoop.yarn.server.resourcemanager.rmcontainer.RMContainerImpl: container_1742907430743_0001_01_000005 Container Transitioned from ALLOCATED to ACQUIRED
2025-03-25 12:58:23,272 INFO [IPC Server handler 3 on default port 8030] org.apache.hadoop.yarn.server.resourcemanager.rmcontainer.RMContainerImpl: container_1742907430743_0001_01_000006 Container Transitioned from ALLOCATED to ACQUIRED
2025-03-25 12:58:26,281 INFO [IPC Server handler 18 on default port 8030] org.apache.hadoop.yarn.server.resourcemanager.rmcontainer.RMContainerImpl: container_1742907430743_0001_01_000005 Container Transitioned from ACQUIRED to RELEASED
2025-03-25 12:58:26,282 INFO [IPC Server handler 18 on default port 8030] org.apache.hadoop.yarn.server.resourcemanager.rmcontainer.RMContainerImpl: container_1742907430743_0001_01_000006 Container Transitioned from ACQUIRED to RELEASED
2025-03-25 12:58:27,397 INFO [SchedulerEventDispatcher:Event Processor] org.apache.hadoop.yarn.server.resourcemanager.rmcontainer.RMContainerImpl: container_1742907430743_0001_01_000002 Container Transitioned from RUNNING to COMPLETED
2025-03-25 12:58:27,412 INFO [SchedulerEventDispatcher:Event Processor] org.apache.hadoop.yarn.server.resourcemanager.rmcontainer.RMContainerImpl: container_1742907430743_0001_01_000004 Container Transitioned from RUNNING to COMPLETED
2025-03-25 12:58:27,452 INFO [SchedulerEventDispatcher:Event Processor] org.apache.hadoop.yarn.server.resourcemanager.rmcontainer.RMContainerImpl: container_1742907430743_0001_01_000003 Container Transitioned from RUNNING to COMPLETED
2025-03-25 12:58:27,524 INFO [SchedulerEventDispatcher:Event Processor] org.apache.hadoop.yarn.server.resourcemanager.rmcontainer.RMContainerImpl: container_1742907430743_0001_01_000001 Container Transitioned from RUNNING to COMPLETED
2025-03-25 12:58:27,527 INFO [RM Event dispatcher] org.apache.hadoop.yarn.server.resourcemanager.rmapp.attempt.RMAppAttemptImpl: Updating application attempt appattempt_1742907430743_0001_000001 with final state: FAILED, and exit status: 15
2025-03-25 12:58:27,527 INFO [RM Event dispatcher] org.apache.hadoop.yarn.server.resourcemanager.rmapp.attempt.RMAppAttemptImpl: appattempt_1742907430743_0001_000001 State change from RUNNING to FINAL_SAVING on event = CONTAINER_FINISHED
2025-03-25 12:58:27,528 INFO [RM Event dispatcher] org.apache.hadoop.yarn.server.resourcemanager.ApplicationMasterService: Unregistering app attempt : appattempt_1742907430743_0001_000001
2025-03-25 12:58:27,528 INFO [RM Event dispatcher] org.apache.hadoop.yarn.server.resourcemanager.security.AMRMTokenSecretManager: Application finished, removing password for appattempt_1742907430743_0001_000001
2025-03-25 12:58:27,528 INFO [RM Event dispatcher] org.apache.hadoop.yarn.server.resourcemanager.rmapp.attempt.RMAppAttemptImpl: appattempt_1742907430743_0001_000001 State change from FINAL_SAVING to FAILED on event = ATTEMPT_UPDATE_SAVED
2025-03-25 12:58:27,528 INFO [RM Event dispatcher] org.apache.hadoop.yarn.server.resourcemanager.rmapp.RMAppImpl: The number of failed attempts is 1. The max attempts is 2
2025-03-25 12:58:27,529 INFO [RM Event dispatcher] org.apache.hadoop.yarn.server.resourcemanager.rmapp.RMAppImpl: application_1742907430743_0001 State change from RUNNING to ACCEPTED on event = ATTEMPT_FAILED
2025-03-25 12:58:27,529 INFO [SchedulerEventDispatcher:Event Processor] org.apache.hadoop.yarn.server.resourcemanager.scheduler.capacity.CapacityScheduler: Application Attempt appattempt_1742907430743_0001_000001 is done. finalState=FAILED
2025-03-25 12:58:27,529 INFO [SchedulerEventDispatcher:Event Processor] org.apache.hadoop.yarn.server.resourcemanager.scheduler.AppSchedulingInfo: Application application_1742907430743_0001 requests cleared
2025-03-25 12:58:27,529 INFO [SchedulerEventDispatcher:Event Processor] org.apache.hadoop.yarn.server.resourcemanager.scheduler.capacity.LeafQueue: Application removed - appId: application_1742907430743_0001 user: root queue: root.default #user-pending-applications: 0 #user-active-applications: 0 #queue-pending-applications: 0 #queue-active-applications: 0
2025-03-25 12:58:27,530 INFO [RM Event dispatcher] org.apache.hadoop.yarn.server.resourcemanager.ApplicationMasterService: Registering app attempt : appattempt_1742907430743_0001_000002
2025-03-25 12:58:27,530 INFO [RM Event dispatcher] org.apache.hadoop.yarn.server.resourcemanager.rmapp.attempt.RMAppAttemptImpl: appattempt_1742907430743_0001_000002 State change from NEW to SUBMITTED on event = START
2025-03-25 12:58:27,531 WARN [SchedulerEventDispatcher:Event Processor] org.apache.hadoop.yarn.server.resourcemanager.scheduler.capacity.LeafQueue: maximum-am-resource-percent is insufficient to start a single application in queue, it is likely set too low. skipping enforcement to allow at least one application to start
2025-03-25 12:58:27,531 WARN [SchedulerEventDispatcher:Event Processor] org.apache.hadoop.yarn.server.resourcemanager.scheduler.capacity.LeafQueue: maximum-am-resource-percent is insufficient to start a single application in queue for user, it is likely set too low. skipping enforcement to allow at least one application to start
2025-03-25 12:58:27,531 INFO [SchedulerEventDispatcher:Event Processor] org.apache.hadoop.yarn.server.resourcemanager.scheduler.capacity.LeafQueue: Application application_1742907430743_0001 from user: root activated in queue: root.default
2025-03-25 12:58:27,531 INFO [SchedulerEventDispatcher:Event Processor] org.apache.hadoop.yarn.server.resourcemanager.scheduler.capacity.LeafQueue: Application added - appId: application_1742907430743_0001 user: root, leaf-queue: root.default #user-pending-applications: 0 #user-active-applications: 1 #queue-pending-applications: 0 #queue-active-applications: 1 #queue-nonrunnable-applications: 0
2025-03-25 12:58:27,531 INFO [SchedulerEventDispatcher:Event Processor] org.apache.hadoop.yarn.server.resourcemanager.scheduler.capacity.CapacityScheduler: Added Application Attempt appattempt_1742907430743_0001_000002 to scheduler from user root in queue root.default
2025-03-25 12:58:27,531 INFO [ApplicationMasterLauncher #1] org.apache.hadoop.yarn.server.resourcemanager.amlauncher.AMLauncher: Cleaning master appattempt_1742907430743_0001_000001
2025-03-25 12:58:27,531 INFO [RM Event dispatcher] org.apache.hadoop.yarn.server.resourcemanager.rmapp.attempt.RMAppAttemptImpl: appattempt_1742907430743_0001_000002 State change from SUBMITTED to SCHEDULED on event = ATTEMPT_ADDED
2025-03-25 12:58:28,404 INFO [SchedulerEventDispatcher:Event Processor] org.apache.hadoop.yarn.server.resourcemanager.scheduler.capacity.allocator.AbstractContainerAllocator: assignedContainer application attempt=appattempt_1742907430743_0001_000002 container=null queue=default clusterResource=<memory:24576, vCores:24> type=OFF_SWITCH requestedPartition=
2025-03-25 12:58:28,405 INFO [SchedulerEventDispatcher:Event Processor] org.apache.hadoop.yarn.server.resourcemanager.rmcontainer.RMContainerImpl: container_1742907430743_0001_02_000001 Container Transitioned from NEW to ALLOCATED
2025-03-25 12:58:28,405 INFO [SchedulerEventDispatcher:Event Processor] org.apache.hadoop.yarn.server.resourcemanager.scheduler.common.fica.FiCaSchedulerNode: Assigned container container_1742907430743_0001_02_000001 of capacity <memory:5120, vCores:1> on host slave0:37587, which has 1 containers, <memory:5120, vCores:1> used and <memory:3072, vCores:7> available after allocation
2025-03-25 12:58:28,406 INFO [SchedulerEventDispatcher:Event Processor] org.apache.hadoop.yarn.server.resourcemanager.scheduler.capacity.ParentQueue: assignedContainer queue=root usedCapacity=0.20833333 absoluteUsedCapacity=0.20833333 used=<memory:5120, vCores:1> cluster=<memory:24576, vCores:24>
2025-03-25 12:58:28,406 INFO [SchedulerEventDispatcher:Event Processor] org.apache.hadoop.yarn.server.resourcemanager.scheduler.capacity.CapacityScheduler: Allocation proposal accepted
2025-03-25 12:58:28,407 INFO [RM Event dispatcher] org.apache.hadoop.yarn.server.resourcemanager.rmcontainer.RMContainerImpl: container_1742907430743_0001_02_000001 Container Transitioned from ALLOCATED to ACQUIRED
2025-03-25 12:58:28,408 INFO [RM Event dispatcher] org.apache.hadoop.yarn.server.resourcemanager.security.NMTokenSecretManagerInRM: Clear node set for appattempt_1742907430743_0001_000002
2025-03-25 12:58:28,408 INFO [RM Event dispatcher] org.apache.hadoop.yarn.server.resourcemanager.rmapp.attempt.RMAppAttemptImpl: Storing attempt: AppId: application_1742907430743_0001 AttemptId: appattempt_1742907430743_0001_000002 MasterContainer: Container: [ContainerId: container_1742907430743_0001_02_000001, AllocationRequestId: -1, Version: 0, NodeId: slave0:37587, NodeHttpAddress: slave0:8042, Resource: <memory:5120, vCores:1>, Priority: 0, Token: Token { kind: ContainerToken, service: 172.20.1.15:37587 }, ExecutionType: GUARANTEED, ]
2025-03-25 12:58:28,408 INFO [RM Event dispatcher] org.apache.hadoop.yarn.server.resourcemanager.rmapp.attempt.RMAppAttemptImpl: appattempt_1742907430743_0001_000002 State change from SCHEDULED to ALLOCATED_SAVING on event = CONTAINER_ALLOCATED
2025-03-25 12:58:28,409 INFO [RM Event dispatcher] org.apache.hadoop.yarn.server.resourcemanager.rmapp.attempt.RMAppAttemptImpl: appattempt_1742907430743_0001_000002 State change from ALLOCATED_SAVING to ALLOCATED on event = ATTEMPT_NEW_SAVED
2025-03-25 12:58:28,411 INFO [ApplicationMasterLauncher #2] org.apache.hadoop.yarn.server.resourcemanager.amlauncher.AMLauncher: Launching masterappattempt_1742907430743_0001_000002
2025-03-25 12:58:28,414 INFO [ApplicationMasterLauncher #2] org.apache.hadoop.yarn.server.resourcemanager.amlauncher.AMLauncher: Setting up container Container: [ContainerId: container_1742907430743_0001_02_000001, AllocationRequestId: -1, Version: 0, NodeId: slave0:37587, NodeHttpAddress: slave0:8042, Resource: <memory:5120, vCores:1>, Priority: 0, Token: Token { kind: ContainerToken, service: 172.20.1.15:37587 }, ExecutionType: GUARANTEED, ] for AM appattempt_1742907430743_0001_000002
2025-03-25 12:58:28,415 INFO [ApplicationMasterLauncher #2] org.apache.hadoop.yarn.server.resourcemanager.security.AMRMTokenSecretManager: Create AMRMToken for ApplicationAttempt: appattempt_1742907430743_0001_000002
2025-03-25 12:58:28,415 INFO [ApplicationMasterLauncher #2] org.apache.hadoop.yarn.server.resourcemanager.security.AMRMTokenSecretManager: Creating password for appattempt_1742907430743_0001_000002
2025-03-25 12:58:28,427 INFO [ApplicationMasterLauncher #2] org.apache.hadoop.yarn.server.resourcemanager.amlauncher.AMLauncher: Done launching container Container: [ContainerId: container_1742907430743_0001_02_000001, AllocationRequestId: -1, Version: 0, NodeId: slave0:37587, NodeHttpAddress: slave0:8042, Resource: <memory:5120, vCores:1>, Priority: 0, Token: Token { kind: ContainerToken, service: 172.20.1.15:37587 }, ExecutionType: GUARANTEED, ] for AM appattempt_1742907430743_0001_000002
2025-03-25 12:58:28,427 INFO [RM Event dispatcher] org.apache.hadoop.yarn.server.resourcemanager.rmapp.attempt.RMAppAttemptImpl: appattempt_1742907430743_0001_000002 State change from ALLOCATED to LAUNCHED on event = LAUNCHED
2025-03-25 12:58:29,405 INFO [SchedulerEventDispatcher:Event Processor] org.apache.hadoop.yarn.server.resourcemanager.rmcontainer.RMContainerImpl: container_1742907430743_0001_02_000001 Container Transitioned from ACQUIRED to RUNNING
2025-03-25 12:58:30,950 INFO [Socket Reader #1 for port 8030] SecurityLogger.org.apache.hadoop.ipc.Server: Auth successful for appattempt_1742907430743_0001_000002 (auth:SIMPLE) from 172.20.1.15:54044
2025-03-25 12:58:30,955 INFO [IPC Server handler 16 on default port 8030] org.apache.hadoop.yarn.server.resourcemanager.DefaultAMSProcessor: AM registration appattempt_1742907430743_0001_000002
2025-03-25 12:58:30,955 INFO [RM Event dispatcher] org.apache.hadoop.yarn.server.resourcemanager.rmapp.attempt.RMAppAttemptImpl: appattempt_1742907430743_0001_000002 State change from LAUNCHED to RUNNING on event = REGISTERED
2025-03-25 12:58:30,955 INFO [RM Event dispatcher] org.apache.hadoop.yarn.server.resourcemanager.rmapp.RMAppImpl: application_1742907430743_0001 State change from ACCEPTED to RUNNING on event = ATTEMPT_REGISTERED
2025-03-25 12:58:31,412 INFO [SchedulerEventDispatcher:Event Processor] org.apache.hadoop.yarn.server.resourcemanager.scheduler.capacity.allocator.AbstractContainerAllocator: assignedContainer application attempt=appattempt_1742907430743_0001_000002 container=null queue=default clusterResource=<memory:24576, vCores:24> type=OFF_SWITCH requestedPartition=
2025-03-25 12:58:31,413 INFO [SchedulerEventDispatcher:Event Processor] org.apache.hadoop.yarn.server.resourcemanager.rmcontainer.RMContainerImpl: container_1742907430743_0001_02_000002 Container Transitioned from NEW to ALLOCATED
2025-03-25 12:58:31,413 INFO [SchedulerEventDispatcher:Event Processor] org.apache.hadoop.yarn.server.resourcemanager.scheduler.common.fica.FiCaSchedulerNode: Assigned container container_1742907430743_0001_02_000002 of capacity <memory:3072, vCores:1> on host slave0:37587, which has 2 containers, <memory:8192, vCores:2> used and <memory:0, vCores:6> available after allocation
2025-03-25 12:58:31,413 INFO [SchedulerEventDispatcher:Event Processor] org.apache.hadoop.yarn.server.resourcemanager.scheduler.capacity.ParentQueue: assignedContainer queue=root usedCapacity=0.33333334 absoluteUsedCapacity=0.33333334 used=<memory:8192, vCores:2> cluster=<memory:24576, vCores:24>
2025-03-25 12:58:31,413 INFO [SchedulerEventDispatcher:Event Processor] org.apache.hadoop.yarn.server.resourcemanager.scheduler.capacity.CapacityScheduler: Allocation proposal accepted
2025-03-25 12:58:31,422 INFO [SchedulerEventDispatcher:Event Processor] org.apache.hadoop.yarn.server.resourcemanager.scheduler.capacity.allocator.AbstractContainerAllocator: assignedContainer application attempt=appattempt_1742907430743_0001_000002 container=null queue=default clusterResource=<memory:24576, vCores:24> type=OFF_SWITCH requestedPartition=
2025-03-25 12:58:31,423 INFO [SchedulerEventDispatcher:Event Processor] org.apache.hadoop.yarn.server.resourcemanager.rmcontainer.RMContainerImpl: container_1742907430743_0001_02_000003 Container Transitioned from NEW to ALLOCATED
2025-03-25 12:58:31,424 INFO [SchedulerEventDispatcher:Event Processor] org.apache.hadoop.yarn.server.resourcemanager.scheduler.common.fica.FiCaSchedulerNode: Assigned container container_1742907430743_0001_02_000003 of capacity <memory:3072, vCores:1> on host slave2:34949, which has 1 containers, <memory:3072, vCores:1> used and <memory:5120, vCores:7> available after allocation
2025-03-25 12:58:31,424 INFO [SchedulerEventDispatcher:Event Processor] org.apache.hadoop.yarn.server.resourcemanager.scheduler.capacity.ParentQueue: assignedContainer queue=root usedCapacity=0.45833334 absoluteUsedCapacity=0.45833334 used=<memory:11264, vCores:3> cluster=<memory:24576, vCores:24>
2025-03-25 12:58:31,424 INFO [SchedulerEventDispatcher:Event Processor] org.apache.hadoop.yarn.server.resourcemanager.scheduler.capacity.CapacityScheduler: Allocation proposal accepted
2025-03-25 12:58:31,503 INFO [IPC Server handler 7 on default port 8030] org.apache.hadoop.yarn.server.resourcemanager.rmcontainer.RMContainerImpl: container_1742907430743_0001_02_000002 Container Transitioned from ALLOCATED to ACQUIRED
2025-03-25 12:58:31,506 INFO [IPC Server handler 7 on default port 8030] org.apache.hadoop.yarn.server.resourcemanager.rmcontainer.RMContainerImpl: container_1742907430743_0001_02_000003 Container Transitioned from ALLOCATED to ACQUIRED
2025-03-25 12:58:31,530 INFO [SchedulerEventDispatcher:Event Processor] org.apache.hadoop.yarn.server.resourcemanager.scheduler.capacity.allocator.AbstractContainerAllocator: assignedContainer application attempt=appattempt_1742907430743_0001_000002 container=null queue=default clusterResource=<memory:24576, vCores:24> type=OFF_SWITCH requestedPartition=
2025-03-25 12:58:31,530 INFO [SchedulerEventDispatcher:Event Processor] org.apache.hadoop.yarn.server.resourcemanager.rmcontainer.RMContainerImpl: container_1742907430743_0001_02_000004 Container Transitioned from NEW to ALLOCATED
2025-03-25 12:58:31,530 INFO [SchedulerEventDispatcher:Event Processor] org.apache.hadoop.yarn.server.resourcemanager.scheduler.common.fica.FiCaSchedulerNode: Assigned container container_1742907430743_0001_02_000004 of capacity <memory:3072, vCores:1> on host slave1:35201, which has 1 containers, <memory:3072, vCores:1> used and <memory:5120, vCores:7> available after allocation
2025-03-25 12:58:31,530 INFO [SchedulerEventDispatcher:Event Processor] org.apache.hadoop.yarn.server.resourcemanager.scheduler.capacity.ParentQueue: assignedContainer queue=root usedCapacity=0.5833333 absoluteUsedCapacity=0.5833333 used=<memory:14336, vCores:4> cluster=<memory:24576, vCores:24>
2025-03-25 12:58:31,530 INFO [SchedulerEventDispatcher:Event Processor] org.apache.hadoop.yarn.server.resourcemanager.scheduler.capacity.CapacityScheduler: Allocation proposal accepted
2025-03-25 12:58:31,934 INFO [IPC Server handler 16 on default port 8030] org.apache.hadoop.yarn.server.resourcemanager.rmcontainer.RMContainerImpl: container_1742907430743_0001_02_000004 Container Transitioned from ALLOCATED to ACQUIRED
2025-03-25 12:58:32,412 INFO [SchedulerEventDispatcher:Event Processor] org.apache.hadoop.yarn.server.resourcemanager.rmcontainer.RMContainerImpl: container_1742907430743_0001_02_000002 Container Transitioned from ACQUIRED to RUNNING
2025-03-25 12:58:32,424 INFO [SchedulerEventDispatcher:Event Processor] org.apache.hadoop.yarn.server.resourcemanager.rmcontainer.RMContainerImpl: container_1742907430743_0001_02_000003 Container Transitioned from ACQUIRED to RUNNING
2025-03-25 12:58:32,425 INFO [SchedulerEventDispatcher:Event Processor] org.apache.hadoop.yarn.server.resourcemanager.scheduler.capacity.allocator.AbstractContainerAllocator: assignedContainer application attempt=appattempt_1742907430743_0001_000002 container=null queue=default clusterResource=<memory:24576, vCores:24> type=OFF_SWITCH requestedPartition=
2025-03-25 12:58:32,425 INFO [SchedulerEventDispatcher:Event Processor] org.apache.hadoop.yarn.server.resourcemanager.rmcontainer.RMContainerImpl: container_1742907430743_0001_02_000005 Container Transitioned from NEW to ALLOCATED
2025-03-25 12:58:32,425 INFO [SchedulerEventDispatcher:Event Processor] org.apache.hadoop.yarn.server.resourcemanager.scheduler.common.fica.FiCaSchedulerNode: Assigned container container_1742907430743_0001_02_000005 of capacity <memory:3072, vCores:1> on host slave2:34949, which has 2 containers, <memory:6144, vCores:2> used and <memory:2048, vCores:6> available after allocation
2025-03-25 12:58:32,425 INFO [SchedulerEventDispatcher:Event Processor] org.apache.hadoop.yarn.server.resourcemanager.scheduler.capacity.ParentQueue: assignedContainer queue=root usedCapacity=0.7083333 absoluteUsedCapacity=0.7083333 used=<memory:17408, vCores:5> cluster=<memory:24576, vCores:24>
2025-03-25 12:58:32,425 INFO [SchedulerEventDispatcher:Event Processor] org.apache.hadoop.yarn.server.resourcemanager.scheduler.capacity.CapacityScheduler: Allocation proposal accepted
2025-03-25 12:58:32,532 INFO [SchedulerEventDispatcher:Event Processor] org.apache.hadoop.yarn.server.resourcemanager.rmcontainer.RMContainerImpl: container_1742907430743_0001_02_000004 Container Transitioned from ACQUIRED to RUNNING
2025-03-25 12:58:34,939 INFO [IPC Server handler 29 on default port 8030] org.apache.hadoop.yarn.server.resourcemanager.scheduler.AppSchedulingInfo: checking for deactivate of application :application_1742907430743_0001
2025-03-25 12:58:34,940 INFO [IPC Server handler 29 on default port 8030] org.apache.hadoop.yarn.server.resourcemanager.rmcontainer.RMContainerImpl: container_1742907430743_0001_02_000005 Container Transitioned from ALLOCATED to ACQUIRED
2025-03-25 12:58:35,865 INFO [RM Event dispatcher] org.apache.hadoop.yarn.server.resourcemanager.rmapp.attempt.RMAppAttemptImpl: Updating application attempt appattempt_1742907430743_0001_000002 with final state: FINISHING, and exit status: -1000
2025-03-25 12:58:35,865 INFO [RM Event dispatcher] org.apache.hadoop.yarn.server.resourcemanager.rmapp.attempt.RMAppAttemptImpl: appattempt_1742907430743_0001_000002 State change from RUNNING to FINAL_SAVING on event = UNREGISTERED
2025-03-25 12:58:35,865 INFO [RM Event dispatcher] org.apache.hadoop.yarn.server.resourcemanager.rmapp.RMAppImpl: Updating application application_1742907430743_0001 with final state: FINISHING
2025-03-25 12:58:35,866 INFO [RM StateStore dispatcher] org.apache.hadoop.yarn.server.resourcemanager.recovery.RMStateStore: Updating info for app: application_1742907430743_0001
2025-03-25 12:58:35,866 INFO [RM Event dispatcher] org.apache.hadoop.yarn.server.resourcemanager.rmapp.RMAppImpl: application_1742907430743_0001 State change from RUNNING to FINAL_SAVING on event = ATTEMPT_UNREGISTERED
2025-03-25 12:58:35,866 INFO [RM Event dispatcher] org.apache.hadoop.yarn.server.resourcemanager.rmapp.attempt.RMAppAttemptImpl: appattempt_1742907430743_0001_000002 State change from FINAL_SAVING to FINISHING on event = ATTEMPT_UPDATE_SAVED
2025-03-25 12:58:35,866 INFO [RM Event dispatcher] org.apache.hadoop.yarn.server.resourcemanager.rmapp.RMAppImpl: application_1742907430743_0001 State change from FINAL_SAVING to FINISHING on event = APP_UPDATE_SAVED
2025-03-25 12:58:35,880 INFO [SchedulerEventDispatcher:Event Processor] org.apache.hadoop.yarn.server.resourcemanager.rmcontainer.RMContainerImpl: container_1742907430743_0001_02_000004 Container Transitioned from RUNNING to COMPLETED
2025-03-25 12:58:35,886 INFO [SchedulerEventDispatcher:Event Processor] org.apache.hadoop.yarn.server.resourcemanager.rmcontainer.RMContainerImpl: container_1742907430743_0001_02_000003 Container Transitioned from RUNNING to COMPLETED
2025-03-25 12:58:35,898 INFO [SchedulerEventDispatcher:Event Processor] org.apache.hadoop.yarn.server.resourcemanager.rmcontainer.RMContainerImpl: container_1742907430743_0001_02_000002 Container Transitioned from RUNNING to COMPLETED
2025-03-25 12:58:35,968 INFO [IPC Server handler 3 on default port 8030] org.apache.hadoop.yarn.server.resourcemanager.ApplicationMasterService: application_1742907430743_0001 unregistered successfully. 
2025-03-25 12:58:36,048 INFO [SchedulerEventDispatcher:Event Processor] org.apache.hadoop.yarn.server.resourcemanager.rmcontainer.RMContainerImpl: container_1742907430743_0001_02_000001 Container Transitioned from RUNNING to COMPLETED
2025-03-25 12:58:36,048 INFO [RM Event dispatcher] org.apache.hadoop.yarn.server.resourcemanager.ApplicationMasterService: Unregistering app attempt : appattempt_1742907430743_0001_000002
2025-03-25 12:58:36,048 INFO [RM Event dispatcher] org.apache.hadoop.yarn.server.resourcemanager.security.AMRMTokenSecretManager: Application finished, removing password for appattempt_1742907430743_0001_000002
2025-03-25 12:58:36,049 INFO [RM Event dispatcher] org.apache.hadoop.yarn.server.resourcemanager.rmapp.attempt.RMAppAttemptImpl: appattempt_1742907430743_0001_000002 State change from FINISHING to FINISHED on event = CONTAINER_FINISHED
2025-03-25 12:58:36,050 INFO [RM Event dispatcher] org.apache.hadoop.yarn.server.resourcemanager.rmapp.RMAppImpl: application_1742907430743_0001 State change from FINISHING to FINISHED on event = ATTEMPT_FINISHED
2025-03-25 12:58:36,050 INFO [SchedulerEventDispatcher:Event Processor] org.apache.hadoop.yarn.server.resourcemanager.scheduler.capacity.CapacityScheduler: Application Attempt appattempt_1742907430743_0001_000002 is done. finalState=FINISHED
2025-03-25 12:58:36,051 INFO [SchedulerEventDispatcher:Event Processor] org.apache.hadoop.yarn.server.resourcemanager.rmcontainer.RMContainerImpl: container_1742907430743_0001_02_000005 Container Transitioned from ACQUIRED to KILLED
2025-03-25 12:58:36,051 INFO [SchedulerEventDispatcher:Event Processor] org.apache.hadoop.yarn.server.resourcemanager.scheduler.AppSchedulingInfo: Application application_1742907430743_0001 requests cleared
2025-03-25 12:58:36,051 INFO [SchedulerEventDispatcher:Event Processor] org.apache.hadoop.yarn.server.resourcemanager.scheduler.capacity.LeafQueue: Application removed - appId: application_1742907430743_0001 user: root queue: root.default #user-pending-applications: 0 #user-active-applications: 0 #queue-pending-applications: 0 #queue-active-applications: 0
2025-03-25 12:58:36,051 INFO [SchedulerEventDispatcher:Event Processor] org.apache.hadoop.yarn.server.resourcemanager.scheduler.capacity.ParentQueue: Application removed - appId: application_1742907430743_0001 user: root leaf-queue of parent: root #applications: 0
2025-03-25 12:58:36,051 INFO [ApplicationMasterLauncher #3] org.apache.hadoop.yarn.server.resourcemanager.amlauncher.AMLauncher: Cleaning master appattempt_1742907430743_0001_000002
2025-03-25 12:58:36,053 INFO [RM Event dispatcher] org.apache.hadoop.yarn.server.resourcemanager.RMAppManager$ApplicationSummary: appId=application_1742907430743_0001,name=org.apache.spark.examples.ml.DeveloperApiExample,user=root,queue=default,state=FINISHED,trackingUrl=http://master:8088/proxy/application_1742907430743_0001/,appMasterHost=slave0,submitTime=1742907492439,startTime=1742907492518,launchTime=1742907492987,finishTime=1742907515865,finalStatus=FAILED,memorySeconds=273751,vcoreSeconds=68,preemptedMemorySeconds=0,preemptedVcoreSeconds=0,preemptedAMContainers=0,preemptedNonAMContainers=0,preemptedResources=<memory:0\, vCores:0>,applicationType=SPARK,resourceSeconds=273751 MB-seconds\, 68 vcore-seconds,preemptedResourceSeconds=0 MB-seconds\, 0 vcore-seconds,applicationTags=,applicationNodeLabel=,diagnostics=User class threw exception: java.lang.IllegalArgumentException: Error while instantiating 'org.apache.spark.sql.internal.SessionStateBuilder':\n	at org.apache.spark.sql.SparkSession$.org$apache$spark$sql$SparkSession$$instantiateSessionState(SparkSession.scala:1178)\n	at org.apache.spark.sql.SparkSession.$anonfun$sessionState$2(SparkSession.scala:162)\n	at scala.Option.getOrElse(Option.scala:189)\n	at org.apache.spark.sql.SparkSession.sessionState$lzycompute(SparkSession.scala:160)\n	at org.apache.spark.sql.SparkSession.sessionState(SparkSession.scala:157)\n	at org.apache.spark.sql.Dataset$.$anonfun$ofRows$1(Dataset.scala:90)\n	at org.apache.spark.sql.SparkSession.withActive(SparkSession.scala:779)\n	at org.apache.spark.sql.Dataset$.ofRows(Dataset.scala:89)\n	at org.apache.spark.sql.SparkSession.$anonfun$createDataFrame$2(SparkSession.scala:322)\n	at org.apache.spark.sql.SparkSession.withActive(SparkSession.scala:779)\n	at org.apache.spark.sql.SparkSession.createDataFrame(SparkSession.scala:319)\n	at org.apache.spark.examples.ml.DeveloperApiExample$.main(DeveloperApiExample.scala:46)\n	at org.apache.spark.examples.ml.DeveloperApiExample.main(DeveloperApiExample.scala)\n	at sun.reflect.NativeMethodAccessorImpl.invoke0(Native Method)\n	at sun.reflect.NativeMethodAccessorImpl.invoke(NativeMethodAccessorImpl.java:62)\n	at sun.reflect.DelegatingMethodAccessorImpl.invoke(DelegatingMethodAccessorImpl.java:43)\n	at java.lang.reflect.Method.invoke(Method.java:498)\n	at org.apache.spark.deploy.yarn.ApplicationMaster$$anon$2.run(ApplicationMaster.scala:739)\nCaused by: java.lang.ClassNotFoundException: org.example.logging.CustomExecutionLogger\n	at java.net.URLClassLoader.findClass(URLClassLoader.java:387)\n	at java.lang.ClassLoader.loadClass(ClassLoader.java:418)\n	at java.lang.ClassLoader.loadClass(ClassLoader.java:351)\n	at java.lang.Class.forName0(Native Method)\n	at java.lang.Class.forName(Class.java:348)\n	at org.apache.spark.util.Utils$.classForName(Utils.scala:218)\n	at org.apache.spark.util.Utils$.$anonfun$loadExtensions$1(Utils.scala:2921)\n	at scala.collection.TraversableLike.$anonfun$flatMap$1(TraversableLike.scala:293)\n	at scala.collection.mutable.ResizableArray.foreach(ResizableArray.scala:62)\n	at scala.collection.mutable.ResizableArray.foreach$(ResizableArray.scala:55)\n	at scala.collection.mutable.ArrayBuffer.foreach(ArrayBuffer.scala:49)\n	at scala.collection.TraversableLike.flatMap(TraversableLike.scala:293)\n	at scala.collection.TraversableLike.flatMap$(TraversableLike.scala:290)\n	at scala.collection.AbstractTraversable.flatMap(Traversable.scala:108)\n	at org.apache.spark.util.Utils$.loadExtensions(Utils.scala:2919)\n	at org.apache.spark.sql.util.ExecutionListenerManager.$anonfun$new$2(QueryExecutionListener.scala:90)\n	at scala.runtime.java8.JFunction0$mcV$sp.apply(JFunction0$mcV$sp.java:23)\n	at org.apache.spark.sql.internal.SQLConf$.withExistingConf(SQLConf.scala:158)\n	at org.apache.spark.sql.util.ExecutionListenerManager.$anonfun$new$1(QueryExecutionListener.scala:90)\n	at org.apache.spark.sql.util.ExecutionListenerManager.$anonfun$new$1$adapted(QueryExecutionListener.scala:88)\n	at scala.Option.foreach(Option.scala:407)\n	at org.apache.spark.sql.util.ExecutionListenerManager.<init>(QueryExecutionListener.scala:88)\n	at org.apache.spark.sql.internal.BaseSessionStateBuilder.$anonfun$listenerManager$2(BaseSessionStateBuilder.scala:339)\n	at scala.Option.getOrElse(Option.scala:189)\n	at org.apache.spark.sql.internal.BaseSessionStateBuilder.listenerManager(BaseSessionStateBuilder.scala:339)\n	at org.apache.spark.sql.internal.BaseSessionStateBuilder.build(BaseSessionStateBuilder.scala:367)\n	at org.apache.spark.sql.SparkSession$.org$apache$spark$sql$SparkSession$$instantiateSessionState(SparkSession.scala:1175)\n	... 17 more\n,totalAllocatedContainers=11
